2024-01-25 00:06:59,683 [ERROR] LogOutputStream:75 - [STDERR_REDIRECT] Exception in thread "AWT-EventQueue-0" org.eclipse.swt.SWTException: Device is disposed
2024-01-25 00:06:59,708 [ERROR] LogOutputStream:75 - [STDERR_REDIRECT] 	at org.eclipse.swt.SWT.error(SWT.java:4918)
2024-01-25 00:06:59,709 [ERROR] LogOutputStream:75 - [STDERR_REDIRECT] 	at org.eclipse.swt.SWT.error(SWT.java:4833)
2024-01-25 00:06:59,711 [ERROR] LogOutputStream:75 - [STDERR_REDIRECT] 	at org.eclipse.swt.SWT.error(SWT.java:4804)
2024-01-25 00:06:59,712 [ERROR] LogOutputStream:75 - [STDERR_REDIRECT] 	at org.eclipse.swt.widgets.Display.error(Display.java:1272)
2024-01-25 00:06:59,713 [ERROR] LogOutputStream:75 - [STDERR_REDIRECT] 	at org.eclipse.swt.widgets.Display.asyncExec(Display.java:789)
2024-01-25 00:06:59,715 [ERROR] LogOutputStream:75 - [STDERR_REDIRECT] 	at com.st.stm32cube.common.mx.oss.core.awtswtbridge.AwtEnvironment$2.run(AwtEnvironment.java:168)
2024-01-25 00:06:59,716 [ERROR] LogOutputStream:75 - [STDERR_REDIRECT] 	at java.desktop/java.awt.event.InvocationEvent.dispatch(InvocationEvent.java:313)
2024-01-25 00:06:59,718 [ERROR] LogOutputStream:75 - [STDERR_REDIRECT] 	at java.desktop/java.awt.EventQueue.dispatchEventImpl(EventQueue.java:770)
2024-01-25 00:06:59,719 [ERROR] LogOutputStream:75 - [STDERR_REDIRECT] 	at java.desktop/java.awt.EventQueue$4.run(EventQueue.java:721)
2024-01-25 00:06:59,720 [ERROR] LogOutputStream:75 - [STDERR_REDIRECT] 	at java.desktop/java.awt.EventQueue$4.run(EventQueue.java:715)
2024-01-25 00:06:59,722 [ERROR] LogOutputStream:75 - [STDERR_REDIRECT] 	at java.base/java.security.AccessController.doPrivileged(Native Method)
2024-01-25 00:06:59,724 [ERROR] LogOutputStream:75 - [STDERR_REDIRECT] 	at java.base/java.security.ProtectionDomain$JavaSecurityAccessImpl.doIntersectionPrivilege(ProtectionDomain.java:85)
2024-01-25 00:06:59,725 [ERROR] LogOutputStream:75 - [STDERR_REDIRECT] 	at java.desktop/java.awt.EventQueue.dispatchEvent(EventQueue.java:740)
2024-01-25 00:06:59,727 [ERROR] LogOutputStream:75 - [STDERR_REDIRECT] 	at java.desktop/java.awt.EventDispatchThread.pumpOneEventForFilters(EventDispatchThread.java:203)
2024-01-25 00:06:59,729 [ERROR] LogOutputStream:75 - [STDERR_REDIRECT] 	at java.desktop/java.awt.EventDispatchThread.pumpEventsForFilter(EventDispatchThread.java:124)
2024-01-25 00:06:59,730 [ERROR] LogOutputStream:75 - [STDERR_REDIRECT] 	at java.desktop/java.awt.EventDispatchThread.pumpEventsForHierarchy(EventDispatchThread.java:113)
2024-01-25 00:06:59,732 [ERROR] LogOutputStream:75 - [STDERR_REDIRECT] 	at java.desktop/java.awt.EventDispatchThread.pumpEvents(EventDispatchThread.java:109)
2024-01-25 00:06:59,734 [ERROR] LogOutputStream:75 - [STDERR_REDIRECT] 	at java.desktop/java.awt.EventDispatchThread.pumpEvents(EventDispatchThread.java:101)
2024-01-25 00:06:59,735 [ERROR] LogOutputStream:75 - [STDERR_REDIRECT] 	at java.desktop/java.awt.EventDispatchThread.run(EventDispatchThread.java:90)
2024-01-25 00:06:59,867 [ERROR] LogOutputStream:75 - [STDERR_REDIRECT] 
2024-01-25 19:13:42,755 [INFO] Activator:176 - 


2024-01-25 19:13:42,757 [INFO] Activator:177 - !SESSION log4j initialized
2024-01-25 19:13:49,532 [INFO] LogOutputStream:77 - [STDOUT_REDIRECT] 
2024-01-25 19:14:18,063 [ERROR] LogOutputStream:75 - [STDERR_REDIRECT] SLF4J: Failed to load class "org.slf4j.impl.StaticLoggerBinder".
2024-01-25 19:14:18,064 [ERROR] LogOutputStream:75 - [STDERR_REDIRECT] SLF4J: Defaulting to no-operation (NOP) logger implementation
2024-01-25 19:14:18,066 [ERROR] LogOutputStream:75 - [STDERR_REDIRECT] SLF4J: See http://www.slf4j.org/codes.html#StaticLoggerBinder for further details.
2024-01-25 19:32:40,278 [INFO] ApplicationProperties:184 - Using Application install path: D:\STM32CubeIDE_1.12.0\STM32CubeIDE\plugins\com.st.stm32cube.common.mx_6.8.1.202304191431
2024-01-25 19:32:40,305 [INFO] DbMcusXml:78 - Set database path to: D:\STM32CubeIDE_1.12.0\STM32CubeIDE\plugins\com.st.stm32cube.common.mx_6.8.1.202304191431\\db\/mcu/
2024-01-25 19:32:40,306 [INFO] ApiDb:274 - Set plugin database path to: D:\STM32CubeIDE_1.12.0\STM32CubeIDE\plugins\com.st.stm32cube.common.mx_6.8.1.202304191431\\db\/plugins/boardmanager/
2024-01-25 19:32:40,308 [WARN] ApiDb:259 - Overriding images path with different value:  => D:\STM32CubeIDE_1.12.0\STM32CubeIDE\plugins\com.st.stm32cube.common.mx_6.8.1.202304191431\\db\/plugins/mcufinder/images/
2024-01-25 19:32:40,324 [INFO] ApiDb:250 - Set database path to: C:\Users\marci\.stmcufinder\plugins\mcufinder//mcu/
2024-01-25 19:32:40,326 [INFO] DbMcusAds:125 - Set database path to: C:\Users\marci\.stmcufinder\plugins\mcufinder//mcu/
2024-01-25 19:32:40,333 [INFO] CrossReferenceDbSqlite:203 - Set database path to: C:\Users\marci\.stmcufinder\plugins\mcufinder//mcu/cs/
2024-01-25 19:32:40,483 [INFO] RulesReader:64 - Compatibility file has been processed (293 Rules)
2024-01-25 19:32:40,593 [INFO] DbMcusXml:78 - Set database path to: D:\STM32CubeIDE_1.12.0\STM32CubeIDE\plugins\com.st.stm32cube.common.mx_6.8.1.202304191431\\db\/mcu/
2024-01-25 19:32:40,593 [INFO] ApiDb:274 - Set plugin database path to: D:\STM32CubeIDE_1.12.0\STM32CubeIDE\plugins\com.st.stm32cube.common.mx_6.8.1.202304191431\\db\/plugins/boardmanager/
2024-01-25 19:32:40,594 [INFO] ApiDb:261 - Set plugin images path to: D:\STM32CubeIDE_1.12.0\STM32CubeIDE\plugins\com.st.stm32cube.common.mx_6.8.1.202304191431\\db\/plugins/mcufinder/images/
2024-01-25 19:32:40,594 [WARN] DbFile:41 - Overriding database path with different value: C:\Users\marci\.stmcufinder\plugins\mcufinder/ => C:\Users\marci\.stmcufinder\plugins\mcufinder
2024-01-25 19:32:40,594 [INFO] ApiDb:250 - Set database path to: C:\Users\marci\.stmcufinder\plugins\mcufinder//mcu/
2024-01-25 19:32:40,594 [WARN] DbFile:41 - Overriding database path with different value: C:\Users\marci\.stmcufinder\plugins\mcufinder/ => C:\Users\marci\.stmcufinder\plugins\mcufinder
2024-01-25 19:32:40,594 [INFO] DbMcusAds:125 - Set database path to: C:\Users\marci\.stmcufinder\plugins\mcufinder//mcu/
2024-01-25 19:32:40,594 [WARN] DbFile:41 - Overriding database path with different value: C:\Users\marci\.stmcufinder\plugins\mcufinder/ => C:\Users\marci\.stmcufinder\plugins\mcufinder
2024-01-25 19:32:40,595 [WARN] DbFile:41 - Overriding database path with different value: C:\Users\marci\.stmcufinder\plugins\mcufinder/ => C:\Users\marci\.stmcufinder\plugins\mcufinder
2024-01-25 19:32:40,595 [INFO] CrossReferenceDbSqlite:203 - Set database path to: C:\Users\marci\.stmcufinder\plugins\mcufinder//mcu/cs/
2024-01-25 19:32:40,690 [INFO] MainPanel:253 - HeapMemory: 552599552
2024-01-25 19:32:40,821 [INFO] DbMcusXml:78 - Set database path to: D:\STM32CubeIDE_1.12.0\STM32CubeIDE\plugins\com.st.stm32cube.common.mx_6.8.1.202304191431\\db\/mcu/
2024-01-25 19:32:40,821 [INFO] ApiDb:274 - Set plugin database path to: D:\STM32CubeIDE_1.12.0\STM32CubeIDE\plugins\com.st.stm32cube.common.mx_6.8.1.202304191431\\db\/plugins/boardmanager/
2024-01-25 19:32:40,822 [INFO] ApiDb:261 - Set plugin images path to: D:\STM32CubeIDE_1.12.0\STM32CubeIDE\plugins\com.st.stm32cube.common.mx_6.8.1.202304191431\\db\/plugins/mcufinder/images/
2024-01-25 19:32:40,822 [WARN] DbFile:41 - Overriding database path with different value: C:\Users\marci\.stmcufinder\plugins\mcufinder/ => C:\Users\marci\.stmcufinder\plugins\mcufinder
2024-01-25 19:32:40,822 [INFO] ApiDb:250 - Set database path to: C:\Users\marci\.stmcufinder\plugins\mcufinder//mcu/
2024-01-25 19:32:40,822 [WARN] DbFile:41 - Overriding database path with different value: C:\Users\marci\.stmcufinder\plugins\mcufinder/ => C:\Users\marci\.stmcufinder\plugins\mcufinder
2024-01-25 19:32:40,823 [INFO] DbMcusAds:125 - Set database path to: C:\Users\marci\.stmcufinder\plugins\mcufinder//mcu/
2024-01-25 19:32:40,823 [WARN] DbFile:41 - Overriding database path with different value: C:\Users\marci\.stmcufinder\plugins\mcufinder/ => C:\Users\marci\.stmcufinder\plugins\mcufinder
2024-01-25 19:32:40,823 [WARN] DbFile:41 - Overriding database path with different value: C:\Users\marci\.stmcufinder\plugins\mcufinder/ => C:\Users\marci\.stmcufinder\plugins\mcufinder
2024-01-25 19:32:40,823 [INFO] CrossReferenceDbSqlite:203 - Set database path to: C:\Users\marci\.stmcufinder\plugins\mcufinder//mcu/cs/
2024-01-25 19:32:40,850 [INFO] ApplicationProperties:184 - Using Application install path: D:\STM32CubeIDE_1.12.0\STM32CubeIDE\plugins\com.st.stm32cube.common.mx_6.8.1.202304191431
2024-01-25 19:32:40,852 [INFO] PluginManage:196 - Search for loadable plugins [exclusion list=, ]
2024-01-25 19:32:40,854 [INFO] PluginManage:310 - Check plugin analytics
2024-01-25 19:32:45,583 [INFO] AnalyticsPlugin:253 - Accepted Software Licenses: 
2024-01-25 19:32:45,584 [INFO] AnalyticsPlugin:255 - Accepted CMSIS Pack Licenses: 
2024-01-25 19:32:45,584 [INFO] AnalyticsPlugin:257 - Accepted Firmware Licenses: 
2024-01-25 19:32:45,593 [INFO] PluginManage:359 - Loaded plugin analytics (category:tool,tabindex:-1)
2024-01-25 19:32:45,594 [INFO] PluginManage:310 - Check plugin cadmodel
2024-01-25 19:32:45,613 [INFO] CADModel:105 - Init CAD model plugin
2024-01-25 19:32:45,613 [INFO] PluginManage:359 - Loaded plugin cadmodel (category:power,tabindex:5)
2024-01-25 19:32:45,614 [INFO] PluginManage:310 - Check plugin clock
2024-01-25 19:32:45,636 [INFO] PluginManage:359 - Loaded plugin clock (category:base,tabindex:2)
2024-01-25 19:32:45,637 [INFO] PluginManage:310 - Check plugin ddr
2024-01-25 19:32:45,639 [INFO] PluginManage:359 - Loaded plugin ddr (category:tool,tabindex:6)
2024-01-25 19:32:45,640 [INFO] PluginManage:310 - Check plugin filemanager
2024-01-25 19:32:45,815 [INFO] PluginManage:359 - Loaded plugin filemanager (category:base,tabindex:10)
2024-01-25 19:32:45,815 [INFO] PluginManage:310 - Check plugin ipmanager
2024-01-25 19:32:45,825 [INFO] PluginManage:359 - Loaded plugin ipmanager (category:base,tabindex:5)
2024-01-25 19:32:45,825 [INFO] PluginManage:310 - Check plugin lpbam
2024-01-25 19:32:45,845 [INFO] PluginManage:359 - Loaded plugin lpbam (category:base,tabindex:0)
2024-01-25 19:32:45,845 [INFO] PluginManage:310 - Check plugin pinoutandconfiguration
2024-01-25 19:32:45,865 [INFO] PluginManage:359 - Loaded plugin pinoutandconfiguration (category:base,tabindex:1)
2024-01-25 19:32:45,866 [INFO] PluginManage:310 - Check plugin pinoutconfig
2024-01-25 19:32:45,973 [WARN] SupportedApi:132 - Cannot load RTOS API schema: s4s-elt-must-match.1: The content of 'definitions' must match (annotation?, (simpleType | complexType)?, (unique | key | keyref)*)). A problem was found starting at: attribute.
2024-01-25 19:32:46,134 [INFO] PluginManage:359 - Loaded plugin pinoutconfig (category:base,tabindex:0)
2024-01-25 19:32:46,134 [INFO] PluginManage:310 - Check plugin power
2024-01-25 19:32:46,159 [INFO] PluginManage:359 - Loaded plugin power (category:power,tabindex:4)
2024-01-25 19:32:46,159 [INFO] PluginManage:310 - Check plugin projectmanager
2024-01-25 19:32:46,179 [INFO] PluginManage:359 - Loaded plugin projectmanager (category:projectmanager,tabindex:3)
2024-01-25 19:32:46,179 [INFO] PluginManage:310 - Check plugin thirdparty
2024-01-25 19:32:46,489 [INFO] PluginManage:359 - Loaded plugin thirdparty (category:base,tabindex:-1)
2024-01-25 19:32:46,490 [INFO] PluginManage:310 - Check plugin tools
2024-01-25 19:32:46,489 [WARN] IntegrityCheckThread:84 - waiting for thirdparty lock release [integrity check]
2024-01-25 19:32:46,490 [INFO] IntegrityCheckThread:86 - entering critical section [integrity check]
2024-01-25 19:32:46,493 [INFO] ThirdPartyUpdaterWithRetryManager:70 - Updater plugin not ready yet. [1/15]
2024-01-25 19:32:46,526 [INFO] PluginManage:359 - Loaded plugin tools (category:base,tabindex:7)
2024-01-25 19:32:46,527 [INFO] PluginManage:310 - Check plugin tutovideos
2024-01-25 19:32:46,803 [INFO] PluginManage:359 - Loaded plugin tutovideos (category:base,tabindex:-1)
2024-01-25 19:32:46,803 [INFO] PluginManage:310 - Check plugin updater
2024-01-25 19:32:46,824 [INFO] PluginManage:359 - Loaded plugin updater (category:base,tabindex:12)
2024-01-25 19:32:46,824 [INFO] PluginManage:283 - PluginManage : Loaded plugins [15]
2024-01-25 19:32:47,176 [INFO] PinOutPanel:1499 - setPackage(No Configuration,No Configuration)
2024-01-25 19:32:47,263 [INFO] CADModel:165 - CPN selected for project level
2024-01-25 19:32:47,263 [INFO] CADModel:114 - Register for checkConnection events
2024-01-25 19:32:47,299 [INFO] IPUIPlugin:80 - create IPUIPlugin
2024-01-25 19:32:47,299 [INFO] PluginManager:220 - loadIPPluginJar : add adc
2024-01-25 19:32:47,341 [INFO] IPUIPlugin:80 - create IPUIPlugin
2024-01-25 19:32:47,341 [INFO] PluginManager:220 - loadIPPluginJar : add aes
2024-01-25 19:32:47,391 [INFO] IPUIPlugin:80 - create IPUIPlugin
2024-01-25 19:32:47,391 [INFO] PluginManager:220 - loadIPPluginJar : add can
2024-01-25 19:32:47,419 [INFO] IPUIPlugin:80 - create IPUIPlugin
2024-01-25 19:32:47,419 [INFO] PluginManager:220 - loadIPPluginJar : add comp
2024-01-25 19:32:47,460 [INFO] IPUIPlugin:80 - create IPUIPlugin
2024-01-25 19:32:47,460 [INFO] PluginManager:220 - loadIPPluginJar : add cryp
2024-01-25 19:32:47,496 [INFO] IPUIPlugin:80 - create IPUIPlugin
2024-01-25 19:32:47,496 [INFO] PluginManager:220 - loadIPPluginJar : add dfsdm
2024-01-25 19:32:47,513 [INFO] IPUIPlugin:80 - create IPUIPlugin
2024-01-25 19:32:47,514 [INFO] PluginManager:220 - loadIPPluginJar : add dma
2024-01-25 19:32:47,568 [INFO] IPUIPlugin:80 - create IPUIPlugin
2024-01-25 19:32:47,569 [INFO] PluginManager:220 - loadIPPluginJar : add dma3
2024-01-25 19:32:47,594 [INFO] IPUIPlugin:80 - create IPUIPlugin
2024-01-25 19:32:47,595 [INFO] PluginManager:220 - loadIPPluginJar : add fatfs
2024-01-25 19:32:47,650 [INFO] IPUIPlugin:80 - create IPUIPlugin
2024-01-25 19:32:47,651 [INFO] PluginManager:220 - loadIPPluginJar : add fmc
2024-01-25 19:32:47,668 [INFO] IPUIPlugin:80 - create IPUIPlugin
2024-01-25 19:32:47,668 [INFO] PluginManager:220 - loadIPPluginJar : add freertos
2024-01-25 19:32:47,694 [INFO] IPUIPlugin:80 - create IPUIPlugin
2024-01-25 19:32:47,694 [INFO] PluginManager:220 - loadIPPluginJar : add genericplugin
2024-01-25 19:32:47,808 [INFO] IPUIPlugin:80 - create IPUIPlugin
2024-01-25 19:32:47,808 [INFO] PluginManager:220 - loadIPPluginJar : add gfxmmu
2024-01-25 19:32:47,973 [INFO] IPUIPlugin:80 - create IPUIPlugin
2024-01-25 19:32:47,974 [INFO] PluginManager:220 - loadIPPluginJar : add gic
2024-01-25 19:32:48,000 [INFO] IPUIPlugin:80 - create IPUIPlugin
2024-01-25 19:32:48,001 [INFO] PluginManager:220 - loadIPPluginJar : add gpio
2024-01-25 19:32:48,109 [INFO] IPUIPlugin:80 - create IPUIPlugin
2024-01-25 19:32:48,109 [INFO] PluginManager:220 - loadIPPluginJar : add gtzc
2024-01-25 19:32:48,148 [INFO] IPUIPlugin:80 - create IPUIPlugin
2024-01-25 19:32:48,148 [INFO] PluginManager:220 - loadIPPluginJar : add hash
2024-01-25 19:32:48,211 [INFO] IPUIPlugin:80 - create IPUIPlugin
2024-01-25 19:32:48,211 [INFO] PluginManager:220 - loadIPPluginJar : add i2c
2024-01-25 19:32:48,258 [INFO] IPUIPlugin:80 - create IPUIPlugin
2024-01-25 19:32:48,258 [INFO] PluginManager:220 - loadIPPluginJar : add i2s
2024-01-25 19:32:48,307 [INFO] IPUIPlugin:80 - create IPUIPlugin
2024-01-25 19:32:48,308 [INFO] PluginManager:220 - loadIPPluginJar : add i3c
2024-01-25 19:32:48,430 [INFO] IPUIPlugin:80 - create IPUIPlugin
2024-01-25 19:32:48,430 [INFO] PluginManager:220 - loadIPPluginJar : add ipddr
2024-01-25 19:32:48,542 [INFO] IPUIPlugin:80 - create IPUIPlugin
2024-01-25 19:32:48,542 [INFO] PluginManager:220 - loadIPPluginJar : add linkedlist
2024-01-25 19:32:48,584 [INFO] IPUIPlugin:80 - create IPUIPlugin
2024-01-25 19:32:48,584 [INFO] PluginManager:220 - loadIPPluginJar : add lorawan
2024-01-25 19:32:48,629 [INFO] IPUIPlugin:80 - create IPUIPlugin
2024-01-25 19:32:48,629 [INFO] PluginManager:220 - loadIPPluginJar : add ltdc
2024-01-25 19:32:48,646 [INFO] IPUIPlugin:80 - create IPUIPlugin
2024-01-25 19:32:48,646 [INFO] PluginManager:220 - loadIPPluginJar : add mdma
2024-01-25 19:32:48,660 [INFO] IPUIPlugin:80 - create IPUIPlugin
2024-01-25 19:32:48,660 [INFO] PluginManager:220 - loadIPPluginJar : add nvic
2024-01-25 19:32:48,707 [INFO] IPUIPlugin:80 - create IPUIPlugin
2024-01-25 19:32:48,708 [INFO] PluginManager:220 - loadIPPluginJar : add opamp
2024-01-25 19:32:48,781 [INFO] IPUIPlugin:80 - create IPUIPlugin
2024-01-25 19:32:48,781 [INFO] PluginManager:220 - loadIPPluginJar : add openamp
2024-01-25 19:32:48,833 [INFO] IPUIPlugin:80 - create IPUIPlugin
2024-01-25 19:32:48,833 [INFO] PluginManager:220 - loadIPPluginJar : add pdm2pcm
2024-01-25 19:32:48,851 [INFO] IPUIPlugin:80 - create IPUIPlugin
2024-01-25 19:32:48,854 [INFO] PluginManager:220 - loadIPPluginJar : add plateformsettings
2024-01-25 19:32:48,880 [INFO] IPUIPlugin:80 - create IPUIPlugin
2024-01-25 19:32:48,880 [INFO] PluginManager:220 - loadIPPluginJar : add quadspi
2024-01-25 19:32:48,895 [INFO] IPUIPlugin:80 - create IPUIPlugin
2024-01-25 19:32:48,895 [INFO] PluginManager:220 - loadIPPluginJar : add resmgrutility
2024-01-25 19:32:48,951 [INFO] IPUIPlugin:80 - create IPUIPlugin
2024-01-25 19:32:48,951 [INFO] PluginManager:220 - loadIPPluginJar : add sai
2024-01-25 19:32:48,995 [INFO] IPUIPlugin:80 - create IPUIPlugin
2024-01-25 19:32:48,995 [INFO] PluginManager:220 - loadIPPluginJar : add spi
2024-01-25 19:32:49,062 [INFO] IPUIPlugin:80 - create IPUIPlugin
2024-01-25 19:32:49,062 [INFO] PluginManager:220 - loadIPPluginJar : add stm32_wpan
2024-01-25 19:32:49,089 [INFO] IPUIPlugin:80 - create IPUIPlugin
2024-01-25 19:32:49,090 [INFO] PluginManager:220 - loadIPPluginJar : add tim
2024-01-25 19:32:49,155 [INFO] IPUIPlugin:80 - create IPUIPlugin
2024-01-25 19:32:49,156 [INFO] PluginManager:220 - loadIPPluginJar : add touchsensing
2024-01-25 19:32:49,183 [INFO] IPUIPlugin:80 - create IPUIPlugin
2024-01-25 19:32:49,183 [INFO] PluginManager:220 - loadIPPluginJar : add tracer_emb
2024-01-25 19:32:49,210 [INFO] IPUIPlugin:80 - create IPUIPlugin
2024-01-25 19:32:49,210 [INFO] PluginManager:220 - loadIPPluginJar : add ts
2024-01-25 19:32:49,236 [INFO] IPUIPlugin:80 - create IPUIPlugin
2024-01-25 19:32:49,237 [INFO] PluginManager:220 - loadIPPluginJar : add tsc
2024-01-25 19:32:49,262 [INFO] IPUIPlugin:80 - create IPUIPlugin
2024-01-25 19:32:49,262 [INFO] PluginManager:220 - loadIPPluginJar : add ucpd
2024-01-25 19:32:49,313 [INFO] IPUIPlugin:80 - create IPUIPlugin
2024-01-25 19:32:49,314 [INFO] PluginManager:220 - loadIPPluginJar : add usart
2024-01-25 19:32:49,364 [INFO] IPUIPlugin:80 - create IPUIPlugin
2024-01-25 19:32:49,364 [INFO] PluginManager:220 - loadIPPluginJar : add usbx
2024-01-25 19:32:49,501 [INFO] ThirdPartyUpdaterWithRetryManager:70 - Updater plugin not ready yet. [2/15]
2024-01-25 19:32:49,508 [INFO] CADModel:165 - CPN selected for project level
2024-01-25 19:32:49,508 [INFO] CADModel:114 - Register for checkConnection events
2024-01-25 19:32:49,509 [FATAL] Updater:308 - Updater called before beeing initialized
2024-01-25 19:32:49,509 [ERROR] CADModel:125 - Updater not yet initialized, retry later 
2024-01-25 19:32:49,684 [INFO] CADModel:165 - CPN selected for project level
2024-01-25 19:32:49,684 [INFO] CADModel:114 - Register for checkConnection events
2024-01-25 19:32:49,684 [FATAL] Updater:308 - Updater called before beeing initialized
2024-01-25 19:32:49,684 [ERROR] CADModel:125 - Updater not yet initialized, retry later 
2024-01-25 19:32:49,689 [FATAL] Updater:308 - Updater called before beeing initialized
2024-01-25 19:32:49,834 [FATAL] Updater:308 - Updater called before beeing initialized
2024-01-25 19:32:49,849 [INFO] DbMcusAds:53 - JSON generation date=Wed Nov 29 11:52:27 CET 2023 (1701255147200)
2024-01-25 19:32:49,849 [FATAL] Updater:308 - Updater called before beeing initialized
2024-01-25 19:32:49,939 [WARN] DetailPanel:346 - Failed to get advertising image, set to default
2024-01-25 19:32:50,088 [FATAL] Updater:308 - Updater called before beeing initialized
2024-01-25 19:32:50,091 [FATAL] Updater:308 - Updater called before beeing initialized
2024-01-25 19:32:50,091 [FATAL] Updater:308 - Updater called before beeing initialized
2024-01-25 19:32:50,091 [WARN] DetailPanel:346 - Failed to get advertising image, set to default
2024-01-25 19:32:50,092 [FATAL] Updater:308 - Updater called before beeing initialized
2024-01-25 19:32:50,170 [ERROR] Updater:1120 - MainUpdater not yet initialized. External WinMGr cannot be set.
2024-01-25 19:32:50,183 [INFO] Updater:1056 - Updater Version found : 6.8.1
2024-01-25 19:32:50,208 [INFO] ApplicationProperties:184 - Using Application install path: D:\STM32CubeIDE_1.12.0\STM32CubeIDE\plugins\com.st.stm32cube.common.mx_6.8.1.202304191431
2024-01-25 19:32:51,348 [INFO] MainUpdater:2854 - connection check result : 10
2024-01-25 19:32:51,349 [INFO] MainUpdater:283 - Updater Check For Update Now.
2024-01-25 19:32:51,349 [INFO] MicroXplorer:498 - Change Database Version : DB.6.0.81
2024-01-25 19:32:51,566 [INFO] CheckServerUpdateThread:120 - End of CheckServer Thread
2024-01-25 19:32:51,584 [INFO] MainUpdater:2854 - connection check result : 10
2024-01-25 19:32:51,592 [INFO] MainUpdater:2854 - connection check result : 10
2024-01-25 19:32:51,829 [INFO] MicroXplorer:468 - Change Database Path : 
2024-01-25 19:32:51,830 [INFO] MicroXplorer:498 - Change Database Version : DB.6.0.81
2024-01-25 19:32:51,831 [WARN] ThirdParty:871 - waiting for thirdparty lock release [close project]
2024-01-25 19:32:52,745 [WARN] PackLoader:240 - Cannot read IP mode file for STMicroelectronics.X-CUBE-SMBUS.2.1.0
2024-01-25 19:32:52,764 [WARN] PackLoader:240 - Cannot read IP mode file for STMicroelectronics.X-CUBE-TOUCHGFX.4.23.0
2024-01-25 19:32:52,815 [WARN] PackLoader:240 - Cannot read IP mode file for STMicroelectronics.X-CUBE-AZRTOS-F7.1.1.0
2024-01-25 19:32:52,835 [WARN] PackLoader:240 - Cannot read IP mode file for STMicroelectronics.FP-SNS-MOTENV1.4.3.2
2024-01-25 19:32:52,853 [ERROR] RealEvaluatedCondition:428 - Found unsupported composite condition: GROUP='STM32_MetaDataManager' CLASS='Data Exchange'
2024-01-25 19:32:52,853 [ERROR] RealEvaluatedCondition:428 - Found unsupported composite condition: CLASS='Data Exchange' GROUP='STM32_MetaDataManager'
2024-01-25 19:32:52,855 [WARN] PackLoader:240 - Cannot read IP mode file for STMicroelectronics.FP-SNS-MOTENV1.4.3.1
2024-01-25 19:32:52,872 [WARN] PackLoader:240 - Cannot read IP mode file for STMicroelectronics.FP-SNS-FLIGHT1.5.0.1
2024-01-25 19:32:52,890 [WARN] PackLoader:240 - Cannot read IP mode file for STMicroelectronics.X-CUBE-BLE1.6.2.4
2024-01-25 19:32:52,905 [WARN] PackLoader:240 - Cannot read IP mode file for STMicroelectronics.FP-SNS-FLIGHT1.5.0.2
2024-01-25 19:32:52,924 [WARN] PackLoader:240 - Cannot read IP mode file for STMicroelectronics.X-CUBE-DISPLAY.3.0.0
2024-01-25 19:32:52,944 [WARN] PackLoader:240 - Cannot read IP mode file for STMicroelectronics.X-CUBE-BLE1.7.0.0
2024-01-25 19:32:52,957 [WARN] PackLoader:240 - Cannot read IP mode file for STMicroelectronics.X-CUBE-TOUCHGFX.4.22.0
2024-01-25 19:32:52,970 [WARN] PackLoader:240 - Cannot read IP mode file for STMicroelectronics.X-CUBE-TOUCHGFX.4.22.1
2024-01-25 19:32:52,983 [WARN] PackLoader:240 - Cannot read IP mode file for STMicroelectronics.FP-SNS-SMARTAG2.1.2.0
2024-01-25 19:32:53,003 [INFO] LogOutputStream:77 - [STDOUT_REDIRECT] 1 : Invalid condition id : UX_CORESTACK_Condition cause : null
2024-01-25 19:32:53,004 [INFO] LogOutputStream:77 - [STDOUT_REDIRECT] 1 : Invalid condition id : UX_CORESTACK_Condition cause : null
2024-01-25 19:32:53,005 [INFO] LogOutputStream:77 - [STDOUT_REDIRECT] 1 : Invalid condition id : UX_CORESTACK_Condition cause : null
2024-01-25 19:32:53,006 [INFO] LogOutputStream:77 - [STDOUT_REDIRECT] 1 : Invalid condition id : UX_CORESTACK_Condition cause : null
2024-01-25 19:32:53,007 [INFO] LogOutputStream:77 - [STDOUT_REDIRECT] 1 : Invalid condition id : UX_CORESTACK_Condition cause : null
2024-01-25 19:32:53,011 [WARN] PackLoader:240 - Cannot read IP mode file for STMicroelectronics.X-CUBE-AZRTOS-WL.2.0.0
2024-01-25 19:32:53,029 [WARN] PackLoader:240 - Cannot read IP mode file for WES.I-CUBE-Cesium.1.3.0
2024-01-25 19:32:53,044 [WARN] PackLoader:240 - Cannot read IP mode file for STMicroelectronics.X-CUBE-BLE2.3.3.0
2024-01-25 19:32:53,058 [WARN] PackLoader:240 - Cannot read IP mode file for STMicroelectronics.X-CUBE-TOUCHGFX.4.21.4
2024-01-25 19:32:53,080 [WARN] PackLoader:240 - Cannot read IP mode file for STMicroelectronics.X-CUBE-ALGOBUILD.1.3.0
2024-01-25 19:32:53,133 [WARN] PackLoader:240 - Cannot read IP mode file for STMicroelectronics.X-CUBE-AZRTOS-G0.1.1.0
2024-01-25 19:32:53,155 [WARN] PackLoader:240 - Cannot read IP mode file for STMicroelectronics.X-CUBE-NFC4.3.0.0
2024-01-25 19:32:53,177 [WARN] PackLoader:240 - Cannot read IP mode file for STMicroelectronics.X-CUBE-BLEMGR.3.0.0
2024-01-25 19:32:53,196 [WARN] PackLoader:240 - Cannot read IP mode file for STMicroelectronics.FP-ATR-SIGFOX1.3.2.0
2024-01-25 19:32:53,216 [WARN] PackLoader:240 - Cannot read IP mode file for STMicroelectronics.X-CUBE-EEPRMA1.5.1.0
2024-01-25 19:32:53,279 [WARN] PackLoader:240 - Cannot read IP mode file for SEGGER.I-CUBE-embOS.1.3.1
2024-01-25 19:32:53,352 [WARN] PackLoader:240 - Cannot read IP mode file for STMicroelectronics.X-CUBE-GNSS1.6.0.0
2024-01-25 19:32:53,387 [WARN] PackLoader:240 - Cannot read IP mode file for STMicroelectronics.X-CUBE-AZRTOS-F4.1.1.0
2024-01-25 19:32:53,436 [WARN] PackLoader:240 - Cannot read IP mode file for wolfSSL.I-CUBE-wolfSSL.5.6.0
2024-01-25 19:32:53,469 [WARN] PackLoader:240 - Cannot read IP mode file for STMicroelectronics.X-CUBE-AZRTOS-L5.2.0.0
2024-01-25 19:32:53,533 [WARN] PackLoader:240 - Cannot read IP mode file for STMicroelectronics.X-CUBE-MEMS1.9.6.0
2024-01-25 19:32:53,729 [WARN] PackLoader:240 - Cannot read IP mode file for STMicroelectronics.X-CUBE-EEPRMA1.4.2.0
2024-01-25 19:32:53,746 [WARN] PackLoader:240 - Cannot read IP mode file for ITTIA_DB.I-CUBE-ITTIADB.8.8.0
2024-01-25 19:32:53,762 [WARN] PackLoader:240 - Cannot read IP mode file for emotas.I-CUBE-CANOPEN.1.1.3
2024-01-25 19:32:53,779 [WARN] PackLoader:240 - Cannot read IP mode file for STMicroelectronics.X-CUBE-BLEMGR.2.0.0
2024-01-25 19:32:53,808 [WARN] ConditionMgr:438 - getConditionDescription Invalid condition id : UX DEVICE CLASS RTOS Condition cause : null
2024-01-25 19:32:53,809 [WARN] ConditionMgr:438 - getConditionDescription Invalid condition id : UX DEVICE CLASS RTOS Condition cause : null
2024-01-25 19:32:53,812 [WARN] PackLoader:240 - Cannot read IP mode file for STMicroelectronics.X-CUBE-AZRTOS-H7.3.1.0
2024-01-25 19:32:53,813 [WARN] ConditionMgr:1039 - genDependencies : Invalid condition id : UX DEVICE CLASS RTOS Condition cause : null
2024-01-25 19:32:53,813 [WARN] ConditionMgr:1039 - genDependencies : Invalid condition id : UX DEVICE CLASS RTOS Condition cause : null
2024-01-25 19:32:53,813 [WARN] ConditionMgr:1039 - genDependencies : Invalid condition id : UX DEVICE CLASS RTOS Condition cause : null
2024-01-25 19:32:53,814 [WARN] ConditionMgr:1039 - genDependencies : Invalid condition id : UX DEVICE CLASS RTOS Condition cause : null
2024-01-25 19:32:53,814 [WARN] ConditionMgr:1039 - genDependencies : Invalid condition id : UX DEVICE CLASS RTOS Condition cause : null
2024-01-25 19:32:53,836 [WARN] PackLoader:240 - Cannot read IP mode file for STMicroelectronics.X-CUBE-NFC7.1.0.1
2024-01-25 19:32:53,853 [WARN] PackLoader:240 - Cannot read IP mode file for STMicroelectronics.X-CUBE-NFC7.1.0.0
2024-01-25 19:32:53,875 [WARN] PackLoader:240 - Cannot read IP mode file for STMicroelectronics.X-CUBE-NFC6.3.0.0
2024-01-25 19:32:53,894 [WARN] PackLoader:240 - Cannot read IP mode file for STMicroelectronics.X-CUBE-EEPRMA1.4.1.0
2024-01-25 19:32:53,913 [WARN] PackLoader:240 - Cannot read IP mode file for STMicroelectronics.X-CUBE-AI.8.1.0
2024-01-25 19:32:53,948 [WARN] ConditionMgr:438 - getConditionDescription Invalid condition id : LAN8742 Phy interface Condition cause : null
2024-01-25 19:32:53,949 [WARN] PackLoader:240 - Cannot read IP mode file for STMicroelectronics.X-CUBE-AZRTOS-L4.2.0.0
2024-01-25 19:32:53,951 [WARN] ConditionMgr:1039 - genDependencies : Invalid condition id : LAN8742 Phy interface Condition cause : null
2024-01-25 19:32:53,951 [WARN] ConditionMgr:1039 - genDependencies : Invalid condition id : LAN8742 Phy interface Condition cause : null
2024-01-25 19:32:53,952 [WARN] ConditionMgr:1039 - genDependencies : Invalid condition id : LAN8742 Phy interface Condition cause : null
2024-01-25 19:32:53,975 [WARN] PackLoader:240 - Cannot read IP mode file for STMicroelectronics.X-CUBE-SFXS2LP1.4.0.0
2024-01-25 19:32:53,991 [WARN] PackLoader:240 - Cannot read IP mode file for STMicroelectronics.X-CUBE-ISPU.1.1.0
2024-01-25 19:32:54,019 [WARN] ConditionMgr:438 - getConditionDescription Invalid condition id : UX DEVICE CLASS RTOS Condition cause : null
2024-01-25 19:32:54,019 [WARN] ConditionMgr:438 - getConditionDescription Invalid condition id : UX DEVICE CLASS RTOS Condition cause : null
2024-01-25 19:32:54,029 [WARN] PackLoader:240 - Cannot read IP mode file for STMicroelectronics.X-CUBE-AZRTOS-WB.2.0.0
2024-01-25 19:32:54,029 [WARN] ConditionMgr:1039 - genDependencies : Invalid condition id : UX DEVICE CLASS RTOS Condition cause : null
2024-01-25 19:32:54,030 [WARN] ConditionMgr:1039 - genDependencies : Invalid condition id : UX DEVICE CLASS RTOS Condition cause : null
2024-01-25 19:32:54,030 [WARN] ConditionMgr:1039 - genDependencies : Invalid condition id : UX DEVICE CLASS RTOS Condition cause : null
2024-01-25 19:32:54,030 [WARN] ConditionMgr:1039 - genDependencies : Invalid condition id : UX DEVICE CLASS RTOS Condition cause : null
2024-01-25 19:32:54,030 [WARN] ConditionMgr:1039 - genDependencies : Invalid condition id : UX DEVICE CLASS RTOS Condition cause : null
2024-01-25 19:32:54,047 [WARN] PackLoader:240 - Cannot read IP mode file for STMicroelectronics.X-CUBE-FREERTOS.1.0.1
2024-01-25 19:32:54,075 [WARN] PackLoader:240 - Cannot read IP mode file for STMicroelectronics.X-CUBE-AZRTOS-L5.1.1.0
2024-01-25 19:32:54,089 [WARN] PackLoader:240 - Cannot read IP mode file for STMicroelectronics.X-CUBE-AI.8.0.1
2024-01-25 19:32:54,112 [WARN] PackLoader:240 - Cannot read IP mode file for STMicroelectronics.X-CUBE-SUBG2.5.0.0
2024-01-25 19:32:54,139 [WARN] PackLoader:240 - Cannot read IP mode file for STMicroelectronics.X-CUBE-TOF1.3.3.1
2024-01-25 19:32:54,191 [WARN] PackLoader:240 - Cannot read IP mode file for STMicroelectronics.X-CUBE-AZRTOS-G4.2.0.0
2024-01-25 19:32:54,214 [WARN] PackLoader:240 - Cannot read IP mode file for STMicroelectronics.X-CUBE-TOF1.3.3.0
2024-01-25 19:32:54,248 [WARN] PackLoader:240 - Cannot read IP mode file for Infineon.AIROC-Wi-Fi-Bluetooth-STM32.1.5.1
2024-01-25 19:32:54,266 [WARN] PackLoader:240 - Cannot read IP mode file for STMicroelectronics.FP-SNS-MOTENVWB1.1.3.0
2024-01-25 19:32:54,288 [WARN] PackLoader:240 - Cannot read IP mode file for STMicroelectronics.FP-SNS-MOTENVWB1.1.3.1
2024-01-25 19:32:54,302 [WARN] PackLoader:240 - Cannot read IP mode file for STMicroelectronics.X-CUBE-ISPU.2.0.0
2024-01-25 19:32:54,352 [WARN] PackLoader:240 - Cannot read IP mode file for STMicroelectronics.X-CUBE-MEMS1.10.0.0
2024-01-25 19:32:54,494 [WARN] PackLoader:240 - Cannot read IP mode file for STMicroelectronics.X-CUBE-FREERTOS.1.1.0
2024-01-25 19:32:54,510 [WARN] PackLoader:240 - Cannot read IP mode file for portGmbH.I-Cube-SoM-uGOAL.1.1.0
2024-01-25 19:32:54,523 [WARN] PackLoader:240 - Cannot read IP mode file for STMicroelectronics.X-CUBE-ALS.1.0.1
2024-01-25 19:32:54,545 [WARN] PackLoader:240 - Cannot read IP mode file for STMicroelectronics.X-CUBE-AZRTOS-WB.1.1.0
2024-01-25 19:32:54,559 [WARN] PackLoader:240 - Cannot read IP mode file for STMicroelectronics.FP-ATR-ASTRA1.2.0.0
2024-01-25 19:32:54,578 [WARN] PackLoader:240 - Cannot read IP mode file for STMicroelectronics.X-CUBE-TOF1.3.4.0
2024-01-25 19:32:54,623 [WARN] PackLoader:240 - Cannot read IP mode file for STMicroelectronics.X-CUBE-AZRTOS-H7.3.2.0
2024-01-25 19:32:54,627 [INFO] ThirdParty:978 - Integrity check success = true
2024-01-25 19:32:54,627 [INFO] IntegrityCheckThread:100 - exiting critical section [integrity check]
2024-01-25 19:32:54,627 [INFO] IntegrityCheckThread:103 - End integrity checks thread
2024-01-25 19:32:54,627 [INFO] ThirdParty:873 - entering critical section [close project]
2024-01-25 19:32:54,629 [INFO] ThirdParty:883 - exiting critical section [close project]
2024-01-25 19:32:54,634 [INFO] PinOutPanel:1499 - setPackage(No Configuration,No Configuration)
2024-01-25 19:32:54,642 [INFO] UtilMem:75 - Begin LoadConfig() Used Memory: 519123272 Bytes (552599552)
2024-01-25 19:32:54,643 [INFO] MicroXplorer:468 - Change Database Path : 
2024-01-25 19:32:54,644 [INFO] MicroXplorer:498 - Change Database Version : DB.6.0.81
2024-01-25 19:32:54,644 [INFO] OpenFileManager:308 - Change cursor
2024-01-25 19:32:54,701 [INFO] Mcu:1937 - Initializing MCU STM32L152RETx STM32L152RETx STM32L152RET6
2024-01-25 19:32:56,758 [INFO] Context:659 - Trying to add GPIOservice into a context  which must be forbidden
2024-01-25 19:32:57,531 [INFO] RtosManager:555 - Registered RTOS mode: class=CMSIS, group=RTOS, mode=CMSIS_V1, owner=FREERTOS
2024-01-25 19:32:57,532 [INFO] RtosManager:555 - Registered RTOS mode: class=CMSIS, group=RTOS2, mode=CMSIS_V2, owner=FREERTOS
2024-01-25 19:32:57,532 [INFO] RtosManager:555 - Registered RTOS mode: class=RTOS, group=Core, mode=CMSIS_V1, owner=FREERTOS
2024-01-25 19:32:57,532 [INFO] RtosManager:555 - Registered RTOS mode: class=RTOS, group=Core, mode=CMSIS_V2, owner=FREERTOS
2024-01-25 19:32:57,533 [WARN] ModelIntegratedComponent:184 - Missing modes for component STMicroelectronics:FreeRTOS:0.0.1:STMicroelectronics:RTOS:FreeRTOS:Core:::10.2.0:
2024-01-25 19:32:57,552 [WARN] ModelIntegratedComponent:63 - No mode defined for component null
2024-01-25 19:32:57,552 [WARN] ModelIntegratedComponent:63 - No mode defined for component null
2024-01-25 19:32:57,552 [WARN] ModelIntegratedComponent:63 - No mode defined for component null
2024-01-25 19:32:57,552 [WARN] ModelIntegratedComponent:63 - No mode defined for component null
2024-01-25 19:32:57,552 [WARN] ModelIntegratedComponent:63 - No mode defined for component null
2024-01-25 19:32:57,552 [WARN] ModelIntegratedComponent:63 - No mode defined for component null
2024-01-25 19:32:57,552 [WARN] ModelIntegratedComponent:63 - No mode defined for component null
2024-01-25 19:32:57,552 [WARN] ModelIntegratedComponent:63 - No mode defined for component null
2024-01-25 19:32:57,552 [WARN] ModelIntegratedComponent:63 - No mode defined for component null
2024-01-25 19:32:57,553 [WARN] ModelIntegratedComponent:63 - No mode defined for component null
2024-01-25 19:32:57,553 [WARN] ModelIntegratedComponent:63 - No mode defined for component null
2024-01-25 19:32:57,553 [WARN] ModelIntegratedComponent:63 - No mode defined for component null
2024-01-25 19:32:57,553 [WARN] ModelIntegratedComponent:63 - No mode defined for component null
2024-01-25 19:32:57,553 [WARN] ModelIntegratedComponent:63 - No mode defined for component null
2024-01-25 19:32:57,553 [WARN] ModelIntegratedComponent:63 - No mode defined for component null
2024-01-25 19:32:57,553 [WARN] ModelIntegratedComponent:63 - No mode defined for component null
2024-01-25 19:32:57,553 [WARN] ModelIntegratedComponent:63 - No mode defined for component null
2024-01-25 19:32:57,553 [WARN] ModelIntegratedComponent:63 - No mode defined for component null
2024-01-25 19:32:57,553 [WARN] ModelIntegratedComponent:63 - No mode defined for component null
2024-01-25 19:32:57,553 [WARN] ModelIntegratedComponent:63 - No mode defined for component null
2024-01-25 19:32:57,553 [WARN] ModelIntegratedComponent:63 - No mode defined for component null
2024-01-25 19:32:57,553 [WARN] ModelIntegratedComponent:63 - No mode defined for component null
2024-01-25 19:32:57,553 [WARN] ModelIntegratedComponent:63 - No mode defined for component null
2024-01-25 19:32:57,553 [WARN] ModelIntegratedComponent:63 - No mode defined for component null
2024-01-25 19:32:57,553 [WARN] ModelIntegratedComponent:63 - No mode defined for component null
2024-01-25 19:32:57,553 [WARN] ModelIntegratedComponent:63 - No mode defined for component null
2024-01-25 19:32:57,553 [WARN] ModelIntegratedComponent:63 - No mode defined for component null
2024-01-25 19:32:57,553 [WARN] ModelIntegratedComponent:63 - No mode defined for component null
2024-01-25 19:32:57,554 [WARN] ModelIntegratedComponent:63 - No mode defined for component null
2024-01-25 19:32:57,554 [WARN] ModelIntegratedComponent:63 - No mode defined for component null
2024-01-25 19:32:57,554 [WARN] ModelIntegratedComponent:63 - No mode defined for component null
2024-01-25 19:32:57,554 [WARN] ModelIntegratedComponent:63 - No mode defined for component null
2024-01-25 19:32:57,554 [WARN] ModelIntegratedComponent:63 - No mode defined for component null
2024-01-25 19:32:57,647 [INFO] ThirdPartyModel:298 - Start build external matchings
2024-01-25 19:32:58,261 [INFO] ThirdPartyModel:316 - End build external matchings
2024-01-25 19:32:58,296 [INFO] ImportTextPane:194 - (OptionalMessage_ERROR) IP (RCC) : Invalid parameter (FamilyName)
2024-01-25 19:32:58,300 [INFO] ImportTextPane:194 - (OptionalMessage_ERROR) IP (RCC) : Parameter (RTCHSEDivFreq_Value) has invalid value (4000000)
2024-01-25 19:32:58,300 [INFO] ImportTextPane:194 - (OptionalMessage_ERROR) IP (RCC) : Invalid parameter (TIMFreq_Value)
2024-01-25 19:32:58,300 [INFO] ImportTextPane:194 - (OptionalMessage_ERROR) IP (RCC) : Invalid parameter (USBOutput)
2024-01-25 19:32:58,604 [INFO] UtilMem:75 - End LoadConfig() Used Memory: 553180944 Bytes (628097024)
2024-01-25 19:32:58,749 [INFO] ApiDb:581 - Connected to CubeFinder SQLite database (C:\Users\marci\.stmcufinder\plugins\mcufinder\mcu\cube-finder-db.db)
2024-01-25 19:32:58,850 [INFO] ApiDb:668 - CubeFinder database Data Model version=2.1
2024-01-25 19:32:58,850 [INFO] ApiDb:669 - CubeFinder database Configuration version=3.0.39
2024-01-25 19:32:58,851 [INFO] ApiDb:670 - CubeFinder database generation date=2024-01-11 (1704964531)
2024-01-25 19:32:58,851 [INFO] ApiDb:671 - CubeFinder database FW Pack versions=[FP-ATR-ASTRA1_V2.0.0, FP-SNS-FLIGHT1_V5.0.1, FP-SNS-FLIGHT1_V5.0.2, FP-SNS-MOTENV1_V4.3.1, FP-SNS-MOTENV1_V4.3.2, FP-SNS-MOTENVWB1_V1.3.1, FP-SNS-SMARTAG2_V1.2.0, STM32Cube_FW_C0_V1.1.0, STM32Cube_FW_F4_V1.28.0, STM32Cube_FW_F7_V1.17.0, STM32Cube_FW_G0_V1.6.2, STM32Cube_FW_G4_V1.5.2, STM32Cube_FW_H5_V0.5.1, STM32Cube_FW_H5_V1.1.1, STM32Cube_FW_H5_V1.2.0RC2, STM32Cube_FW_H7_V1.11.0, STM32Cube_FW_L0_V1.12.2, STM32Cube_FW_L5_V1.5.0, STM32Cube_FW_U5_V1.3.0RC4, STM32Cube_FW_U5_V1.4.0, STM32Cube_FW_WBA_V1.0.0RC1, STM32Cube_FW_WBA_V1.1.0RC1, STM32Cube_FW_WBA_V1.2.0, STM32Cube_FW_WBA_V1.2.0RC2, STM32Cube_FW_WB_V1.15.0RC1, STM32Cube_FW_WB_V1.16.0, STM32Cube_FW_WB_V1.16.0RC2, STM32Cube_FW_WB_V1.18.0, STM32Cube_FW_WL_V1.3.0, X-CUBE-ALGOBUILD_V1.3.0, X-CUBE-ALS_V1.0.1, X-CUBE-AZRTOS-F4_V1.1.0, X-CUBE-AZRTOS-F7_V1.1.0, X-CUBE-AZRTOS-G0_V1.1.0, X-CUBE-AZRTOS-G4_V2.0.0, X-CUBE-AZRTOS-H7_V3.2.0, X-CUBE-AZRTOS-L4_V1.0.0, X-CUBE-AZRTOS-L4_V2.0.0, X-CUBE-AZRTOS-L5_V1.1.0, X-CUBE-AZRTOS-WB_V2.0.0, X-CUBE-AZRTOS-WL_V2.0.0, X-CUBE-BLE1_V7.0.0, X-CUBE-BLE2_V3.3.0, X-CUBE-BLEMGR_V3.0.0, X-CUBE-EEPRMA1_V4.1.0, X-CUBE-EEPRMA1_V4.2.0, X-CUBE-FREERTOS_V1.1.0, X-CUBE-GNSS1_V6.0.0, X-CUBE-MEMS1_V10.0.0, X-CUBE-MEMS1_V9.1.0, X-CUBE-MEMS1_V9.4.0, X-CUBE-MEMS1_V9.6.0, X-CUBE-NFC4_V3.0.0, X-CUBE-NFC7_V1.0.1, X-CUBE-SFXS2LP1_V4.0.0, X-CUBE-SUBG2_V5.0.0, X-CUBE-TOF1_V3.4.0]
2024-01-25 19:33:01,733 [INFO] ApiDb:240 - Found 297 in-development CPN: [B-G473E-ZEST1S, B-WB1M-WPAN1, B-WL5M-SUBG1, NUCLEO-C031C6, NUCLEO-H503RB, NUCLEO-H563ZI, NUCLEO-U545RE-Q, NUCLEO-U5A5ZJ-Q, NUCLEO-WBA52CG, STEVAL-PROTEUS1, STEVAL-STWINBX1, STM320518-EVAL, STM32C0116-DK, STM32C011D6Y3TR, STM32C011D6Y6TR, STM32C011F4P3, STM32C011F4P6, STM32C011F4U3, STM32C011F4U6TR, STM32C011F6P3, STM32C011F6P6, STM32C011F6U3, STM32C011F6U6TR, STM32C011J4M3, STM32C011J4M6, STM32C011J6M3, STM32C011J6M6, STM32C0316-DK, STM32C031C4T3, STM32C031C4T6, STM32C031C4U3, STM32C031C4U6, STM32C031C6T3, STM32C031C6T6, STM32C031C6U3, STM32C031C6U6, STM32C031F4P3, STM32C031F4P6, STM32C031F6P3, STM32C031F6P6, STM32C031G4U3, STM32C031G4U6, STM32C031G6U3, STM32C031G6U6, STM32C031K4T3, STM32C031K4T6, STM32C031K4U3, STM32C031K4U6, STM32C031K6T3, STM32C031K6T6, STM32C031K6U3, STM32C031K6U6, STM32G071K8TXN, STM32G071K8UXN, STM32G081GBU6N, STM32G081KBT6N, STM32G081KBUXN, STM32G0B1CCT6N, STM32G0B1KCT6, STM32G0B1NEY6TR, STM32G0B1RCT6N, STM32G0C1CCT6, STM32G0C1CCT6N, STM32G0C1CCU6N, STM32G0C1CET6N, STM32G0C1CEU6N, STM32G0C1KCT6, STM32G0C1NEY6TR, STM32G0C1RCI6N, STM32G0C1RCT6N, STM32G0C1REI6N, STM32G0C1RET6N, STM32G0C1VCI6, STM32G0C1VEI6, STM32G471CCT6, STM32G471CCU6, STM32G471CET3, STM32G471CET6, STM32G471CEU3, STM32G471CEU6, STM32G471MCT6, STM32G471MET3, STM32G471MET6, STM32G471MEY6TR, STM32G471QCT6, STM32G471QET3, STM32G471RCT6, STM32G471RET3, STM32G471RET6, STM32G471VCH6, STM32G471VCI6, STM32G471VCT6, STM32G471VEH3, STM32G471VEH6, STM32G471VEI3, STM32G471VEI6, STM32G471VET3, STM32G471VET6, STM32G474CCT6, STM32H503CBT6, STM32H503CBU6, STM32H503EBY6TR, STM32H503KBU6, STM32H503RBT6, STM32H562AGI6, STM32H562AII6, STM32H562IGK6, STM32H562IGT6, STM32H562IIK6, STM32H562IIT6, STM32H562RGT6, STM32H562RGV6, STM32H562RIT6, STM32H562RIV6, STM32H562VGT6, STM32H562VIT6, STM32H562ZGT6, STM32H562ZIT6, STM32H563AGI6, STM32H563AII3Q, STM32H563AII6, STM32H563IGK6, STM32H563IGT6, STM32H563IIK3Q, STM32H563IIK6, STM32H563IIT3Q, STM32H563IIT6, STM32H563MIY3QTR, STM32H563RGT6, STM32H563RGV6, STM32H563RIT6, STM32H563RIV6, STM32H563VGT6, STM32H563VIT3Q, STM32H563VIT6, STM32H563ZGT6, STM32H563ZIT3Q, STM32H563ZIT6, STM32H573AII3Q, STM32H573AII6, STM32H573I-DK, STM32H573IIK3Q, STM32H573IIK6, STM32H573IIT3Q, STM32H573IIT6, STM32H573MIY3QTR, STM32H573RIT6, STM32H573RIV6, STM32H573VIT3Q, STM32H573VIT6, STM32H573ZIT3Q, STM32H573ZIT6, STM32L4R5QGI6STR, STM32MP131AAE3, STM32MP131AAF3, STM32MP131AAG3, STM32MP131CAE3, STM32MP131CAF3, STM32MP131CAG3, STM32MP131DAE7, STM32MP131DAF7, STM32MP131DAG7, STM32MP131FAE7, STM32MP131FAF7, STM32MP131FAG7, STM32MP133AAE3, STM32MP133AAF3, STM32MP133AAG3, STM32MP133CAE3, STM32MP133CAF3, STM32MP133CAG3, STM32MP133DAE7, STM32MP133DAF7, STM32MP133DAG7, STM32MP133FAE7, STM32MP133FAF7, STM32MP133FAG7, STM32MP135AAE3, STM32MP135AAF3, STM32MP135AAG3, STM32MP135CAE3, STM32MP135CAF3, STM32MP135CAG3, STM32MP135DAE7, STM32MP135DAF7, STM32MP135DAG7, STM32MP135F-DK, STM32MP135FAE7, STM32MP135FAF7, STM32MP135FAF7T, STM32MP135FAF7U, STM32MP135FAG7, STM32U535CBT6, STM32U535CBT6Q, STM32U535CBU6, STM32U535CBU6Q, STM32U535CCT6, STM32U535CCT6Q, STM32U535CCU6, STM32U535CCU6Q, STM32U535CET6, STM32U535CET6Q, STM32U535CEU6, STM32U535CEU6Q, STM32U535JEY6QTR, STM32U535NCY6QTR, STM32U535NEY6QTR, STM32U535RBI6, STM32U535RBI6Q, STM32U535RBT6, STM32U535RBT6Q, STM32U535RCI6, STM32U535RCI6Q, STM32U535RCT6, STM32U535RCT6Q, STM32U535REI6, STM32U535REI6Q, STM32U535RET6, STM32U535RET6Q, STM32U535VCI6, STM32U535VCI6Q, STM32U535VCT6, STM32U535VCT6Q, STM32U535VEI6, STM32U535VEI6Q, STM32U535VET6, STM32U535VET6Q, STM32U545CET6, STM32U545CET6Q, STM32U545CEU6, STM32U545CEU6Q, STM32U545JEY6QTR, STM32U545NEY6QTR, STM32U545REI6, STM32U545REI6Q, STM32U545RET6, STM32U545RET6Q, STM32U545VEI6, STM32U545VEI6Q, STM32U545VET6, STM32U545VET6Q, STM32U595AIH6, STM32U595AIH6Q, STM32U595AJH6, STM32U595AJH6Q, STM32U595QII6, STM32U595QII6Q, STM32U595QJI6, STM32U595QJI6Q, STM32U595RIT6, STM32U595RIT6Q, STM32U595RJT6, STM32U595RJT6Q, STM32U595VIT6, STM32U595VIT6Q, STM32U595VJT6, STM32U595VJT6Q, STM32U595ZIT6, STM32U595ZIT6Q, STM32U595ZIY6QTR, STM32U595ZJT6, STM32U595ZJT6Q, STM32U595ZJY6QTR, STM32U599BJY6QTR, STM32U599NIH6Q, STM32U599NJH6Q, STM32U599VIT6Q, STM32U599VJT6, STM32U599VJT6Q, STM32U599ZIT6Q, STM32U599ZIY6QTR, STM32U599ZJT6Q, STM32U599ZJY6QTR, STM32U5A5AJH6, STM32U5A5AJH6Q, STM32U5A5QJI6, STM32U5A5QJI6Q, STM32U5A5RJT6, STM32U5A5RJT6Q, STM32U5A5VJT6, STM32U5A5VJT6Q, STM32U5A5ZJT6, STM32U5A5ZJT6Q, STM32U5A5ZJY6QTR, STM32U5A9BJY6QTR, STM32U5A9J-DK, STM32U5A9NJH6Q, STM32U5A9VJT6Q, STM32U5A9ZJT6Q, STM32U5A9ZJY6QTR, STM32WB1MMCH6, STM32WBA52CEU6, STM32WBA52CEU6T, STM32WBA52CGU6, STM32WBA52CGU6T, STM32WL5MOCH6, STM32WL5MOCH6TR]
2024-01-25 19:33:01,737 [INFO] DbMcus:216 - Found 3861 MCUs, 3861 are supported
2024-01-25 19:33:01,741 [INFO] ApiDb:423 - Load user favorites file C:\Users\marci/.stm32cubeide/favorites.mcus.txt: 0 item(s)
2024-01-25 19:33:01,741 [INFO] ApiDb:427 - User favorites MCUs=[]
2024-01-25 19:33:01,741 [INFO] DbMcus:222 - Set 0 / 0 favorites MCUs
2024-01-25 19:33:02,212 [WARN] ThirdParty:833 - waiting for thirdparty lock release [change project]
2024-01-25 19:33:02,212 [INFO] ThirdParty:835 - entering critical section [change project]
2024-01-25 19:33:02,213 [INFO] ThirdParty:1030 - CMSIS Pack Vendor :STMicroelectronics X-CUBE-ISPU 1.1.0
2024-01-25 19:33:02,213 [INFO] ThirdParty:1030 - CMSIS Pack Vendor :STMicroelectronics X-CUBE-GNSS1 6.0.0
2024-01-25 19:33:02,213 [INFO] ThirdParty:1030 - CMSIS Pack Vendor :STMicroelectronics USB_HOST 2.0.0
2024-01-25 19:33:02,213 [INFO] ThirdParty:1030 - CMSIS Pack Vendor :STMicroelectronics X-CUBE-AZRTOS-F4 1.1.0
2024-01-25 19:33:02,213 [INFO] ThirdParty:1030 - CMSIS Pack Vendor :STMicroelectronics LIBJPEG 8.0.0
2024-01-25 19:33:02,213 [INFO] ThirdParty:1030 - CMSIS Pack Vendor :STMicroelectronics X-CUBE-SMBUS 2.1.0
2024-01-25 19:33:02,213 [INFO] ThirdParty:1030 - CMSIS Pack Vendor :wolfSSL I-CUBE-wolfSSL 5.6.0
2024-01-25 19:33:02,213 [INFO] ThirdParty:1030 - CMSIS Pack Vendor :STMicroelectronics USB_DEVICE 3.0.0
2024-01-25 19:33:02,213 [INFO] ThirdParty:1030 - CMSIS Pack Vendor :STMicroelectronics X-CUBE-AZRTOS-WB 2.0.0
2024-01-25 19:33:02,213 [INFO] ThirdParty:1030 - CMSIS Pack Vendor :STMicroelectronics X-CUBE-FREERTOS 1.0.1
2024-01-25 19:33:02,213 [INFO] ThirdParty:1030 - CMSIS Pack Vendor :STMicroelectronics X-CUBE-TOUCHGFX 4.23.0
2024-01-25 19:33:02,213 [INFO] ThirdParty:1030 - CMSIS Pack Vendor :STMicroelectronics X-CUBE-AZRTOS-F7 1.1.0
2024-01-25 19:33:02,213 [INFO] ThirdParty:1030 - CMSIS Pack Vendor :STMicroelectronics X-CUBE-TOUCHGFX 4.21.4
2024-01-25 19:33:02,213 [INFO] ThirdParty:1030 - CMSIS Pack Vendor :STMicroelectronics X-CUBE-AZRTOS-L5 2.0.0
2024-01-25 19:33:02,213 [INFO] ThirdParty:1030 - CMSIS Pack Vendor :STMicroelectronics USB_DEVICE 2.0.0
2024-01-25 19:33:02,214 [INFO] ThirdParty:1030 - CMSIS Pack Vendor :STMicroelectronics X-CUBE-MEMS1 9.6.0
2024-01-25 19:33:02,214 [INFO] ThirdParty:1030 - CMSIS Pack Vendor :STMicroelectronics X-CUBE-EEPRMA1 4.2.0
2024-01-25 19:33:02,214 [INFO] ThirdParty:1030 - CMSIS Pack Vendor :ITTIA_DB I-CUBE-ITTIADB 8.8.0
2024-01-25 19:33:02,214 [INFO] ThirdParty:1030 - CMSIS Pack Vendor :STMicroelectronics FP-SNS-MOTENV1 4.3.2
2024-01-25 19:33:02,214 [INFO] ThirdParty:1030 - CMSIS Pack Vendor :STMicroelectronics FP-SNS-MOTENV1 4.3.1
2024-01-25 19:33:02,214 [INFO] ThirdParty:1030 - CMSIS Pack Vendor :STMicroelectronics FP-SNS-FLIGHT1 5.0.1
2024-01-25 19:33:02,214 [INFO] ThirdParty:1030 - CMSIS Pack Vendor :STMicroelectronics X-CUBE-ALGOBUILD 1.3.0
2024-01-25 19:33:02,214 [INFO] ThirdParty:1030 - CMSIS Pack Vendor :STMicroelectronics X-CUBE-BLE1 6.2.4
2024-01-25 19:33:02,214 [INFO] ThirdParty:1030 - CMSIS Pack Vendor :STMicroelectronics X-CUBE-AZRTOS-L5 1.1.0
2024-01-25 19:33:02,214 [INFO] ThirdParty:1030 - CMSIS Pack Vendor :STMicroelectronics FreeRTOS 0.0.1
2024-01-25 19:33:02,214 [INFO] ThirdParty:1030 - CMSIS Pack Vendor :STMicroelectronics X-CUBE-AZRTOS-G0 1.1.0
2024-01-25 19:33:02,214 [INFO] ThirdParty:1030 - CMSIS Pack Vendor :emotas I-CUBE-CANOPEN 1.1.3
2024-01-25 19:33:02,214 [INFO] ThirdParty:1030 - CMSIS Pack Vendor :STMicroelectronics X-CUBE-BLEMGR 2.0.0
2024-01-25 19:33:02,214 [INFO] ThirdParty:1030 - CMSIS Pack Vendor :STMicroelectronics X-CUBE-AI 8.0.1
2024-01-25 19:33:02,214 [INFO] ThirdParty:1030 - CMSIS Pack Vendor :STMicroelectronics X-CUBE-NFC4 3.0.0
2024-01-25 19:33:02,214 [INFO] ThirdParty:1030 - CMSIS Pack Vendor :STMicroelectronics X-CUBE-SUBG2 5.0.0
2024-01-25 19:33:02,216 [INFO] ThirdParty:1030 - CMSIS Pack Vendor :STMicroelectronics STM32_WPAN 1.0.0
2024-01-25 19:33:02,216 [INFO] ThirdParty:1030 - CMSIS Pack Vendor :STMicroelectronics lwIP 2.0.3
2024-01-25 19:33:02,216 [INFO] ThirdParty:1030 - CMSIS Pack Vendor :STMicroelectronics FP-SNS-FLIGHT1 5.0.2
2024-01-25 19:33:02,216 [INFO] ThirdParty:1030 - CMSIS Pack Vendor :STMicroelectronics USB_HOST 1.0.0
2024-01-25 19:33:02,216 [INFO] ThirdParty:1030 - CMSIS Pack Vendor :STMicroelectronics X-CUBE-TOF1 3.3.1
2024-01-25 19:33:02,216 [INFO] ThirdParty:1030 - CMSIS Pack Vendor :STMicroelectronics X-CUBE-AZRTOS-G4 2.0.0
2024-01-25 19:33:02,216 [INFO] ThirdParty:1030 - CMSIS Pack Vendor :STMicroelectronics PDM2PCM 3.1.0
2024-01-25 19:33:02,216 [INFO] ThirdParty:1030 - CMSIS Pack Vendor :STMicroelectronics X-CUBE-AZRTOS-H7 3.1.0
2024-01-25 19:33:02,216 [INFO] ThirdParty:1030 - CMSIS Pack Vendor :STMicroelectronics X-CUBE-TOF1 3.3.0
2024-01-25 19:33:02,216 [INFO] ThirdParty:1030 - CMSIS Pack Vendor :Infineon AIROC-Wi-Fi-Bluetooth-STM32 1.5.1
2024-01-25 19:33:02,216 [INFO] ThirdParty:1030 - CMSIS Pack Vendor :STMicroelectronics X-CUBE-BLEMGR 3.0.0
2024-01-25 19:33:02,216 [INFO] ThirdParty:1030 - CMSIS Pack Vendor :STMicroelectronics PDM2PCM 3.3.0
2024-01-25 19:33:02,217 [INFO] ThirdParty:1030 - CMSIS Pack Vendor :STMicroelectronics X-CUBE-DISPLAY 3.0.0
2024-01-25 19:33:02,217 [INFO] ThirdParty:1030 - CMSIS Pack Vendor :STMicroelectronics FP-SNS-MOTENVWB1 1.3.0
2024-01-25 19:33:02,217 [INFO] ThirdParty:1030 - CMSIS Pack Vendor :STMicroelectronics FP-SNS-MOTENVWB1 1.3.1
2024-01-25 19:33:02,217 [INFO] ThirdParty:1030 - CMSIS Pack Vendor :STMicroelectronics X-CUBE-BLE1 7.0.0
2024-01-25 19:33:02,217 [INFO] ThirdParty:1030 - CMSIS Pack Vendor :STMicroelectronics FP-ATR-SIGFOX1 3.2.0
2024-01-25 19:33:02,217 [INFO] ThirdParty:1030 - CMSIS Pack Vendor :STMicroelectronics X-CUBE-ISPU 2.0.0
2024-01-25 19:33:02,217 [INFO] ThirdParty:1030 - CMSIS Pack Vendor :STMicroelectronics X-CUBE-EEPRMA1 5.1.0
2024-01-25 19:33:02,217 [INFO] ThirdParty:1030 - CMSIS Pack Vendor :STMicroelectronics HAL Drivers 0.0.0
2024-01-25 19:33:02,217 [INFO] ThirdParty:1030 - CMSIS Pack Vendor :STMicroelectronics MBEDTLS 2.16.2
2024-01-25 19:33:02,217 [INFO] ThirdParty:1030 - CMSIS Pack Vendor :STMicroelectronics X-CUBE-MEMS1 10.0.0
2024-01-25 19:33:02,217 [INFO] ThirdParty:1030 - CMSIS Pack Vendor :STMicroelectronics X-CUBE-FREERTOS 1.1.0
2024-01-25 19:33:02,217 [INFO] ThirdParty:1030 - CMSIS Pack Vendor :STMicroelectronics X-CUBE-TOUCHGFX 4.22.0
2024-01-25 19:33:02,217 [INFO] ThirdParty:1030 - CMSIS Pack Vendor :STMicroelectronics X-CUBE-NFC7 1.0.1
2024-01-25 19:33:02,217 [INFO] ThirdParty:1030 - CMSIS Pack Vendor :STMicroelectronics MBEDTLS 2.14.1
2024-01-25 19:33:02,217 [INFO] ThirdParty:1030 - CMSIS Pack Vendor :STMicroelectronics X-CUBE-NFC7 1.0.0
2024-01-25 19:33:02,217 [INFO] ThirdParty:1030 - CMSIS Pack Vendor :STMicroelectronics X-CUBE-TOUCHGFX 4.22.1
2024-01-25 19:33:02,217 [INFO] ThirdParty:1030 - CMSIS Pack Vendor :STMicroelectronics X-CUBE-NFC6 3.0.0
2024-01-25 19:33:02,217 [INFO] ThirdParty:1030 - CMSIS Pack Vendor :STMicroelectronics X-CUBE-EEPRMA1 4.1.0
2024-01-25 19:33:02,217 [INFO] ThirdParty:1030 - CMSIS Pack Vendor :portGmbH I-Cube-SoM-uGOAL 1.1.0
2024-01-25 19:33:02,218 [INFO] ThirdParty:1030 - CMSIS Pack Vendor :STMicroelectronics X-CUBE-ALS 1.0.1
2024-01-25 19:33:02,218 [INFO] ThirdParty:1030 - CMSIS Pack Vendor :STMicroelectronics ThreadX 1.0.0
2024-01-25 19:33:02,218 [INFO] ThirdParty:1030 - CMSIS Pack Vendor :STMicroelectronics FP-SNS-SMARTAG2 1.2.0
2024-01-25 19:33:02,218 [INFO] ThirdParty:1030 - CMSIS Pack Vendor :STMicroelectronics X-CUBE-AZRTOS-WB 1.1.0
2024-01-25 19:33:02,218 [INFO] ThirdParty:1030 - CMSIS Pack Vendor :STMicroelectronics X-CUBE-AZRTOS-WL 2.0.0
2024-01-25 19:33:02,218 [INFO] ThirdParty:1030 - CMSIS Pack Vendor :SEGGER I-CUBE-embOS 1.3.1
2024-01-25 19:33:02,218 [INFO] ThirdParty:1030 - CMSIS Pack Vendor :STMicroelectronics USB_DEVICE 1.0.0
2024-01-25 19:33:02,218 [INFO] ThirdParty:1030 - CMSIS Pack Vendor :STMicroelectronics X-CUBE-AI 8.1.0
2024-01-25 19:33:02,218 [INFO] ThirdParty:1030 - CMSIS Pack Vendor :STMicroelectronics X-CUBE-AZRTOS-L4 2.0.0
2024-01-25 19:33:02,218 [INFO] ThirdParty:1030 - CMSIS Pack Vendor :STMicroelectronics ThreadX 0.0.2
2024-01-25 19:33:02,218 [INFO] ThirdParty:1030 - CMSIS Pack Vendor :WES I-CUBE-Cesium 1.3.0
2024-01-25 19:33:02,218 [INFO] ThirdParty:1030 - CMSIS Pack Vendor :STMicroelectronics FP-ATR-ASTRA1 2.0.0
2024-01-25 19:33:02,218 [INFO] ThirdParty:1030 - CMSIS Pack Vendor :STMicroelectronics lwIP 2.1.2
2024-01-25 19:33:02,218 [INFO] ThirdParty:1030 - CMSIS Pack Vendor :STMicroelectronics X-CUBE-SFXS2LP1 4.0.0
2024-01-25 19:33:02,218 [INFO] ThirdParty:1030 - CMSIS Pack Vendor :STMicroelectronics X-CUBE-BLE2 3.3.0
2024-01-25 19:33:02,218 [INFO] ThirdParty:1030 - CMSIS Pack Vendor :STMicroelectronics X-CUBE-TOF1 3.4.0
2024-01-25 19:33:02,218 [INFO] ThirdParty:1030 - CMSIS Pack Vendor :STMicroelectronics X-CUBE-AZRTOS-H7 3.2.0
2024-01-25 19:33:02,219 [INFO] ThirdParty:1030 - CMSIS Pack Vendor :STMicroelectronics PDM2PCM 3.2.0
2024-01-25 19:33:02,219 [INFO] ThirdParty:841 - exiting critical section [change project]
2024-01-25 19:33:02,729 [INFO] PinOutPanel:1499 - setPackage(No Configuration,No Configuration)
2024-01-25 19:33:02,731 [INFO] PinOutPanel:1499 - setPackage(STM32L152RETx,LQFP64)
2024-01-25 19:33:03,397 [INFO] UtilMem:75 - Before build in PCC Used Memory: 560472992 Bytes (628097024)
2024-01-25 19:33:04,446 [INFO] UtilMem:75 - After build in PCC Used Memory: 564604384 Bytes (628097024)
2024-01-25 19:33:04,484 [INFO] IPUIPlugin:80 - create IPUIPlugin
2024-01-25 19:33:04,484 [INFO] IPUIPlugin:80 - create IPUIPlugin
2024-01-25 19:33:04,484 [INFO] IPUIPlugin:80 - create IPUIPlugin
2024-01-25 19:33:04,484 [INFO] IPUIPlugin:80 - create IPUIPlugin
2024-01-25 19:33:04,484 [INFO] IPUIPlugin:80 - create IPUIPlugin
2024-01-25 19:33:04,484 [INFO] IPUIPlugin:80 - create IPUIPlugin
2024-01-25 19:33:04,484 [INFO] IPUIPlugin:80 - create IPUIPlugin
2024-01-25 19:33:04,485 [INFO] IPUIPlugin:80 - create IPUIPlugin
2024-01-25 19:33:04,485 [INFO] IPUIPlugin:80 - create IPUIPlugin
2024-01-25 19:33:04,485 [INFO] IPUIPlugin:80 - create IPUIPlugin
2024-01-25 19:33:04,485 [INFO] IPUIPlugin:80 - create IPUIPlugin
2024-01-25 19:33:04,485 [INFO] IPUIPlugin:80 - create IPUIPlugin
2024-01-25 19:33:04,485 [INFO] IPUIPlugin:80 - create IPUIPlugin
2024-01-25 19:33:04,486 [INFO] IPUIPlugin:80 - create IPUIPlugin
2024-01-25 19:33:04,486 [INFO] IPUIPlugin:80 - create IPUIPlugin
2024-01-25 19:33:04,486 [INFO] IPUIPlugin:80 - create IPUIPlugin
2024-01-25 19:33:04,486 [INFO] IPUIPlugin:80 - create IPUIPlugin
2024-01-25 19:33:04,486 [INFO] IPUIPlugin:80 - create IPUIPlugin
2024-01-25 19:33:04,486 [INFO] IPUIPlugin:80 - create IPUIPlugin
2024-01-25 19:33:04,487 [INFO] IPUIPlugin:80 - create IPUIPlugin
2024-01-25 19:33:04,487 [INFO] IPUIPlugin:80 - create IPUIPlugin
2024-01-25 19:33:04,487 [INFO] IPUIPlugin:80 - create IPUIPlugin
2024-01-25 19:33:04,487 [INFO] IPUIPlugin:80 - create IPUIPlugin
2024-01-25 19:33:04,487 [INFO] IPUIPlugin:80 - create IPUIPlugin
2024-01-25 19:33:04,487 [INFO] IPUIPlugin:80 - create IPUIPlugin
2024-01-25 19:33:04,488 [INFO] IPUIPlugin:80 - create IPUIPlugin
2024-01-25 19:33:04,488 [INFO] IPUIPlugin:80 - create IPUIPlugin
2024-01-25 19:33:04,488 [INFO] IPUIPlugin:80 - create IPUIPlugin
2024-01-25 19:33:04,488 [INFO] IPUIPlugin:80 - create IPUIPlugin
2024-01-25 19:33:04,488 [INFO] IPUIPlugin:80 - create IPUIPlugin
2024-01-25 19:33:04,489 [INFO] IPUIPlugin:80 - create IPUIPlugin
2024-01-25 19:33:04,489 [INFO] IPUIPlugin:80 - create IPUIPlugin
2024-01-25 19:33:04,489 [INFO] IPUIPlugin:80 - create IPUIPlugin
2024-01-25 19:33:04,489 [INFO] IPUIPlugin:80 - create IPUIPlugin
2024-01-25 19:33:04,489 [INFO] IPUIPlugin:80 - create IPUIPlugin
2024-01-25 19:33:04,490 [INFO] IPUIPlugin:80 - create IPUIPlugin
2024-01-25 19:33:04,490 [INFO] IPUIPlugin:80 - create IPUIPlugin
2024-01-25 19:33:04,490 [INFO] IPUIPlugin:80 - create IPUIPlugin
2024-01-25 19:33:04,491 [INFO] IPUIPlugin:80 - create IPUIPlugin
2024-01-25 19:33:04,491 [INFO] IPUIPlugin:80 - create IPUIPlugin
2024-01-25 19:33:04,491 [INFO] IPUIPlugin:80 - create IPUIPlugin
2024-01-25 19:33:04,491 [INFO] IPUIPlugin:80 - create IPUIPlugin
2024-01-25 19:33:04,492 [INFO] IPUIPlugin:80 - create IPUIPlugin
2024-01-25 19:33:04,775 [INFO] CADModel:165 - CPN selected for project levelSTM32L152RET6
2024-01-25 19:33:04,775 [INFO] CADModel:114 - Register for checkConnection events
2024-01-25 19:33:04,832 [INFO] OpenFileManager:328 - Restore cursor
2024-01-25 20:28:33,001 [INFO] MainUpdater:2854 - connection check result : 10
2024-01-25 20:28:33,002 [INFO] MainUpdater:2854 - connection check result : 10
2024-01-25 20:28:33,033 [INFO] MicroXplorer:468 - Change Database Path : 
2024-01-25 20:28:33,033 [INFO] MicroXplorer:498 - Change Database Version : DB.6.0.81
2024-01-25 20:28:33,098 [WARN] ThirdParty:871 - waiting for thirdparty lock release [close project]
2024-01-25 20:28:33,098 [INFO] ThirdParty:873 - entering critical section [close project]
2024-01-25 20:28:33,098 [INFO] ThirdParty:883 - exiting critical section [close project]
2024-01-25 20:28:33,100 [INFO] PinOutPanel:1499 - setPackage(No Configuration,No Configuration)
2024-01-25 20:28:33,107 [INFO] UtilMem:75 - Begin LoadConfig() Used Memory: 555815776 Bytes (628097024)
2024-01-25 20:28:33,108 [INFO] MicroXplorer:468 - Change Database Path : 
2024-01-25 20:28:33,108 [INFO] MicroXplorer:498 - Change Database Version : DB.6.0.81
2024-01-25 20:28:33,108 [INFO] OpenFileManager:308 - Change cursor
2024-01-25 20:28:33,135 [INFO] Mcu:1937 - Initializing MCU STM32L152RETx STM32L152RETx STM32L152RET6
2024-01-25 20:28:34,725 [INFO] Context:659 - Trying to add GPIOservice into a context  which must be forbidden
2024-01-25 20:28:35,164 [INFO] RtosManager:555 - Registered RTOS mode: class=CMSIS, group=RTOS, mode=CMSIS_V1, owner=FREERTOS
2024-01-25 20:28:35,164 [INFO] RtosManager:555 - Registered RTOS mode: class=CMSIS, group=RTOS2, mode=CMSIS_V2, owner=FREERTOS
2024-01-25 20:28:35,164 [INFO] RtosManager:555 - Registered RTOS mode: class=RTOS, group=Core, mode=CMSIS_V1, owner=FREERTOS
2024-01-25 20:28:35,164 [INFO] RtosManager:555 - Registered RTOS mode: class=RTOS, group=Core, mode=CMSIS_V2, owner=FREERTOS
2024-01-25 20:28:35,164 [WARN] ModelIntegratedComponent:184 - Missing modes for component STMicroelectronics:FreeRTOS:0.0.1:STMicroelectronics:RTOS:FreeRTOS:Core:::10.2.0:
2024-01-25 20:28:35,179 [WARN] ModelIntegratedComponent:63 - No mode defined for component null
2024-01-25 20:28:35,179 [WARN] ModelIntegratedComponent:63 - No mode defined for component null
2024-01-25 20:28:35,179 [WARN] ModelIntegratedComponent:63 - No mode defined for component null
2024-01-25 20:28:35,179 [WARN] ModelIntegratedComponent:63 - No mode defined for component null
2024-01-25 20:28:35,179 [WARN] ModelIntegratedComponent:63 - No mode defined for component null
2024-01-25 20:28:35,179 [WARN] ModelIntegratedComponent:63 - No mode defined for component null
2024-01-25 20:28:35,179 [WARN] ModelIntegratedComponent:63 - No mode defined for component null
2024-01-25 20:28:35,180 [WARN] ModelIntegratedComponent:63 - No mode defined for component null
2024-01-25 20:28:35,180 [WARN] ModelIntegratedComponent:63 - No mode defined for component null
2024-01-25 20:28:35,180 [WARN] ModelIntegratedComponent:63 - No mode defined for component null
2024-01-25 20:28:35,180 [WARN] ModelIntegratedComponent:63 - No mode defined for component null
2024-01-25 20:28:35,180 [WARN] ModelIntegratedComponent:63 - No mode defined for component null
2024-01-25 20:28:35,180 [WARN] ModelIntegratedComponent:63 - No mode defined for component null
2024-01-25 20:28:35,180 [WARN] ModelIntegratedComponent:63 - No mode defined for component null
2024-01-25 20:28:35,180 [WARN] ModelIntegratedComponent:63 - No mode defined for component null
2024-01-25 20:28:35,180 [WARN] ModelIntegratedComponent:63 - No mode defined for component null
2024-01-25 20:28:35,180 [WARN] ModelIntegratedComponent:63 - No mode defined for component null
2024-01-25 20:28:35,180 [WARN] ModelIntegratedComponent:63 - No mode defined for component null
2024-01-25 20:28:35,180 [WARN] ModelIntegratedComponent:63 - No mode defined for component null
2024-01-25 20:28:35,180 [WARN] ModelIntegratedComponent:63 - No mode defined for component null
2024-01-25 20:28:35,180 [WARN] ModelIntegratedComponent:63 - No mode defined for component null
2024-01-25 20:28:35,181 [WARN] ModelIntegratedComponent:63 - No mode defined for component null
2024-01-25 20:28:35,181 [WARN] ModelIntegratedComponent:63 - No mode defined for component null
2024-01-25 20:28:35,181 [WARN] ModelIntegratedComponent:63 - No mode defined for component null
2024-01-25 20:28:35,181 [WARN] ModelIntegratedComponent:63 - No mode defined for component null
2024-01-25 20:28:35,181 [WARN] ModelIntegratedComponent:63 - No mode defined for component null
2024-01-25 20:28:35,181 [WARN] ModelIntegratedComponent:63 - No mode defined for component null
2024-01-25 20:28:35,181 [WARN] ModelIntegratedComponent:63 - No mode defined for component null
2024-01-25 20:28:35,181 [WARN] ModelIntegratedComponent:63 - No mode defined for component null
2024-01-25 20:28:35,181 [WARN] ModelIntegratedComponent:63 - No mode defined for component null
2024-01-25 20:28:35,181 [WARN] ModelIntegratedComponent:63 - No mode defined for component null
2024-01-25 20:28:35,181 [WARN] ModelIntegratedComponent:63 - No mode defined for component null
2024-01-25 20:28:35,181 [WARN] ModelIntegratedComponent:63 - No mode defined for component null
2024-01-25 20:28:35,263 [INFO] ThirdPartyModel:298 - Start build external matchings
2024-01-25 20:28:35,925 [INFO] ThirdPartyModel:316 - End build external matchings
2024-01-25 20:28:35,938 [INFO] ImportTextPane:194 - (OptionalMessage_ERROR) IP (RCC) : Invalid parameter (FamilyName)
2024-01-25 20:28:35,939 [INFO] ImportTextPane:194 - (OptionalMessage_ERROR) IP (RCC) : Parameter (RTCHSEDivFreq_Value) has invalid value (4000000)
2024-01-25 20:28:35,939 [INFO] ImportTextPane:194 - (OptionalMessage_ERROR) IP (RCC) : Invalid parameter (TIMFreq_Value)
2024-01-25 20:28:35,939 [INFO] ImportTextPane:194 - (OptionalMessage_ERROR) IP (RCC) : Invalid parameter (USBOutput)
2024-01-25 20:28:36,197 [INFO] UtilMem:75 - End LoadConfig() Used Memory: 578876424 Bytes (689963008)
2024-01-25 20:28:36,234 [WARN] ThirdParty:833 - waiting for thirdparty lock release [change project]
2024-01-25 20:28:36,234 [INFO] ThirdParty:835 - entering critical section [change project]
2024-01-25 20:28:36,235 [INFO] ThirdParty:1030 - CMSIS Pack Vendor :STMicroelectronics X-CUBE-ISPU 1.1.0
2024-01-25 20:28:36,235 [INFO] ThirdParty:1030 - CMSIS Pack Vendor :STMicroelectronics X-CUBE-GNSS1 6.0.0
2024-01-25 20:28:36,235 [INFO] ThirdParty:1030 - CMSIS Pack Vendor :STMicroelectronics USB_HOST 2.0.0
2024-01-25 20:28:36,235 [INFO] ThirdParty:1030 - CMSIS Pack Vendor :STMicroelectronics X-CUBE-AZRTOS-F4 1.1.0
2024-01-25 20:28:36,235 [INFO] ThirdParty:1030 - CMSIS Pack Vendor :STMicroelectronics LIBJPEG 8.0.0
2024-01-25 20:28:36,235 [INFO] ThirdParty:1030 - CMSIS Pack Vendor :STMicroelectronics X-CUBE-SMBUS 2.1.0
2024-01-25 20:28:36,235 [INFO] ThirdParty:1030 - CMSIS Pack Vendor :wolfSSL I-CUBE-wolfSSL 5.6.0
2024-01-25 20:28:36,235 [INFO] ThirdParty:1030 - CMSIS Pack Vendor :STMicroelectronics USB_DEVICE 3.0.0
2024-01-25 20:28:36,235 [INFO] ThirdParty:1030 - CMSIS Pack Vendor :STMicroelectronics X-CUBE-AZRTOS-WB 2.0.0
2024-01-25 20:28:36,235 [INFO] ThirdParty:1030 - CMSIS Pack Vendor :STMicroelectronics X-CUBE-FREERTOS 1.0.1
2024-01-25 20:28:36,235 [INFO] ThirdParty:1030 - CMSIS Pack Vendor :STMicroelectronics X-CUBE-TOUCHGFX 4.23.0
2024-01-25 20:28:36,235 [INFO] ThirdParty:1030 - CMSIS Pack Vendor :STMicroelectronics X-CUBE-AZRTOS-F7 1.1.0
2024-01-25 20:28:36,235 [INFO] ThirdParty:1030 - CMSIS Pack Vendor :STMicroelectronics X-CUBE-TOUCHGFX 4.21.4
2024-01-25 20:28:36,235 [INFO] ThirdParty:1030 - CMSIS Pack Vendor :STMicroelectronics X-CUBE-AZRTOS-L5 2.0.0
2024-01-25 20:28:36,235 [INFO] ThirdParty:1030 - CMSIS Pack Vendor :STMicroelectronics USB_DEVICE 2.0.0
2024-01-25 20:28:36,236 [INFO] ThirdParty:1030 - CMSIS Pack Vendor :STMicroelectronics X-CUBE-MEMS1 9.6.0
2024-01-25 20:28:36,236 [INFO] ThirdParty:1030 - CMSIS Pack Vendor :STMicroelectronics X-CUBE-EEPRMA1 4.2.0
2024-01-25 20:28:36,236 [INFO] ThirdParty:1030 - CMSIS Pack Vendor :ITTIA_DB I-CUBE-ITTIADB 8.8.0
2024-01-25 20:28:36,236 [INFO] ThirdParty:1030 - CMSIS Pack Vendor :STMicroelectronics FP-SNS-MOTENV1 4.3.2
2024-01-25 20:28:36,236 [INFO] ThirdParty:1030 - CMSIS Pack Vendor :STMicroelectronics FP-SNS-MOTENV1 4.3.1
2024-01-25 20:28:36,236 [INFO] ThirdParty:1030 - CMSIS Pack Vendor :STMicroelectronics FP-SNS-FLIGHT1 5.0.1
2024-01-25 20:28:36,236 [INFO] ThirdParty:1030 - CMSIS Pack Vendor :STMicroelectronics X-CUBE-ALGOBUILD 1.3.0
2024-01-25 20:28:36,236 [INFO] ThirdParty:1030 - CMSIS Pack Vendor :STMicroelectronics X-CUBE-BLE1 6.2.4
2024-01-25 20:28:36,236 [INFO] ThirdParty:1030 - CMSIS Pack Vendor :STMicroelectronics X-CUBE-AZRTOS-L5 1.1.0
2024-01-25 20:28:36,236 [INFO] ThirdParty:1030 - CMSIS Pack Vendor :STMicroelectronics FreeRTOS 0.0.1
2024-01-25 20:28:36,236 [INFO] ThirdParty:1030 - CMSIS Pack Vendor :STMicroelectronics X-CUBE-AZRTOS-G0 1.1.0
2024-01-25 20:28:36,236 [INFO] ThirdParty:1030 - CMSIS Pack Vendor :emotas I-CUBE-CANOPEN 1.1.3
2024-01-25 20:28:36,236 [INFO] ThirdParty:1030 - CMSIS Pack Vendor :STMicroelectronics X-CUBE-BLEMGR 2.0.0
2024-01-25 20:28:36,236 [INFO] ThirdParty:1030 - CMSIS Pack Vendor :STMicroelectronics X-CUBE-AI 8.0.1
2024-01-25 20:28:36,237 [INFO] ThirdParty:1030 - CMSIS Pack Vendor :STMicroelectronics X-CUBE-NFC4 3.0.0
2024-01-25 20:28:36,237 [INFO] ThirdParty:1030 - CMSIS Pack Vendor :STMicroelectronics X-CUBE-SUBG2 5.0.0
2024-01-25 20:28:36,237 [INFO] ThirdParty:1030 - CMSIS Pack Vendor :STMicroelectronics STM32_WPAN 1.0.0
2024-01-25 20:28:36,237 [INFO] ThirdParty:1030 - CMSIS Pack Vendor :STMicroelectronics lwIP 2.0.3
2024-01-25 20:28:36,237 [INFO] ThirdParty:1030 - CMSIS Pack Vendor :STMicroelectronics FP-SNS-FLIGHT1 5.0.2
2024-01-25 20:28:36,237 [INFO] ThirdParty:1030 - CMSIS Pack Vendor :STMicroelectronics USB_HOST 1.0.0
2024-01-25 20:28:36,237 [INFO] ThirdParty:1030 - CMSIS Pack Vendor :STMicroelectronics X-CUBE-TOF1 3.3.1
2024-01-25 20:28:36,237 [INFO] ThirdParty:1030 - CMSIS Pack Vendor :STMicroelectronics X-CUBE-AZRTOS-G4 2.0.0
2024-01-25 20:28:36,237 [INFO] ThirdParty:1030 - CMSIS Pack Vendor :STMicroelectronics PDM2PCM 3.1.0
2024-01-25 20:28:36,237 [INFO] ThirdParty:1030 - CMSIS Pack Vendor :STMicroelectronics X-CUBE-AZRTOS-H7 3.1.0
2024-01-25 20:28:36,237 [INFO] ThirdParty:1030 - CMSIS Pack Vendor :STMicroelectronics X-CUBE-TOF1 3.3.0
2024-01-25 20:28:36,237 [INFO] ThirdParty:1030 - CMSIS Pack Vendor :Infineon AIROC-Wi-Fi-Bluetooth-STM32 1.5.1
2024-01-25 20:28:36,237 [INFO] ThirdParty:1030 - CMSIS Pack Vendor :STMicroelectronics X-CUBE-BLEMGR 3.0.0
2024-01-25 20:28:36,237 [INFO] ThirdParty:1030 - CMSIS Pack Vendor :STMicroelectronics PDM2PCM 3.3.0
2024-01-25 20:28:36,237 [INFO] ThirdParty:1030 - CMSIS Pack Vendor :STMicroelectronics X-CUBE-DISPLAY 3.0.0
2024-01-25 20:28:36,237 [INFO] ThirdParty:1030 - CMSIS Pack Vendor :STMicroelectronics FP-SNS-MOTENVWB1 1.3.0
2024-01-25 20:28:36,237 [INFO] ThirdParty:1030 - CMSIS Pack Vendor :STMicroelectronics FP-SNS-MOTENVWB1 1.3.1
2024-01-25 20:28:36,237 [INFO] ThirdParty:1030 - CMSIS Pack Vendor :STMicroelectronics X-CUBE-BLE1 7.0.0
2024-01-25 20:28:36,237 [INFO] ThirdParty:1030 - CMSIS Pack Vendor :STMicroelectronics FP-ATR-SIGFOX1 3.2.0
2024-01-25 20:28:36,237 [INFO] ThirdParty:1030 - CMSIS Pack Vendor :STMicroelectronics X-CUBE-ISPU 2.0.0
2024-01-25 20:28:36,237 [INFO] ThirdParty:1030 - CMSIS Pack Vendor :STMicroelectronics X-CUBE-EEPRMA1 5.1.0
2024-01-25 20:28:36,237 [INFO] ThirdParty:1030 - CMSIS Pack Vendor :STMicroelectronics HAL Drivers 0.0.0
2024-01-25 20:28:36,237 [INFO] ThirdParty:1030 - CMSIS Pack Vendor :STMicroelectronics MBEDTLS 2.16.2
2024-01-25 20:28:36,237 [INFO] ThirdParty:1030 - CMSIS Pack Vendor :STMicroelectronics X-CUBE-MEMS1 10.0.0
2024-01-25 20:28:36,237 [INFO] ThirdParty:1030 - CMSIS Pack Vendor :STMicroelectronics X-CUBE-FREERTOS 1.1.0
2024-01-25 20:28:36,238 [INFO] ThirdParty:1030 - CMSIS Pack Vendor :STMicroelectronics X-CUBE-TOUCHGFX 4.22.0
2024-01-25 20:28:36,238 [INFO] ThirdParty:1030 - CMSIS Pack Vendor :STMicroelectronics X-CUBE-NFC7 1.0.1
2024-01-25 20:28:36,238 [INFO] ThirdParty:1030 - CMSIS Pack Vendor :STMicroelectronics MBEDTLS 2.14.1
2024-01-25 20:28:36,238 [INFO] ThirdParty:1030 - CMSIS Pack Vendor :STMicroelectronics X-CUBE-NFC7 1.0.0
2024-01-25 20:28:36,238 [INFO] ThirdParty:1030 - CMSIS Pack Vendor :STMicroelectronics X-CUBE-TOUCHGFX 4.22.1
2024-01-25 20:28:36,238 [INFO] ThirdParty:1030 - CMSIS Pack Vendor :STMicroelectronics X-CUBE-NFC6 3.0.0
2024-01-25 20:28:36,238 [INFO] ThirdParty:1030 - CMSIS Pack Vendor :STMicroelectronics X-CUBE-EEPRMA1 4.1.0
2024-01-25 20:28:36,238 [INFO] ThirdParty:1030 - CMSIS Pack Vendor :portGmbH I-Cube-SoM-uGOAL 1.1.0
2024-01-25 20:28:36,238 [INFO] ThirdParty:1030 - CMSIS Pack Vendor :STMicroelectronics X-CUBE-ALS 1.0.1
2024-01-25 20:28:36,238 [INFO] ThirdParty:1030 - CMSIS Pack Vendor :STMicroelectronics ThreadX 1.0.0
2024-01-25 20:28:36,238 [INFO] ThirdParty:1030 - CMSIS Pack Vendor :STMicroelectronics FP-SNS-SMARTAG2 1.2.0
2024-01-25 20:28:36,238 [INFO] ThirdParty:1030 - CMSIS Pack Vendor :STMicroelectronics X-CUBE-AZRTOS-WB 1.1.0
2024-01-25 20:28:36,238 [INFO] ThirdParty:1030 - CMSIS Pack Vendor :STMicroelectronics X-CUBE-AZRTOS-WL 2.0.0
2024-01-25 20:28:36,238 [INFO] ThirdParty:1030 - CMSIS Pack Vendor :SEGGER I-CUBE-embOS 1.3.1
2024-01-25 20:28:36,239 [INFO] ThirdParty:1030 - CMSIS Pack Vendor :STMicroelectronics USB_DEVICE 1.0.0
2024-01-25 20:28:36,239 [INFO] ThirdParty:1030 - CMSIS Pack Vendor :STMicroelectronics X-CUBE-AI 8.1.0
2024-01-25 20:28:36,239 [INFO] ThirdParty:1030 - CMSIS Pack Vendor :STMicroelectronics X-CUBE-AZRTOS-L4 2.0.0
2024-01-25 20:28:36,239 [INFO] ThirdParty:1030 - CMSIS Pack Vendor :STMicroelectronics ThreadX 0.0.2
2024-01-25 20:28:36,239 [INFO] ThirdParty:1030 - CMSIS Pack Vendor :WES I-CUBE-Cesium 1.3.0
2024-01-25 20:28:36,239 [INFO] ThirdParty:1030 - CMSIS Pack Vendor :STMicroelectronics FP-ATR-ASTRA1 2.0.0
2024-01-25 20:28:36,239 [INFO] ThirdParty:1030 - CMSIS Pack Vendor :STMicroelectronics lwIP 2.1.2
2024-01-25 20:28:36,239 [INFO] ThirdParty:1030 - CMSIS Pack Vendor :STMicroelectronics X-CUBE-SFXS2LP1 4.0.0
2024-01-25 20:28:36,239 [INFO] ThirdParty:1030 - CMSIS Pack Vendor :STMicroelectronics X-CUBE-BLE2 3.3.0
2024-01-25 20:28:36,239 [INFO] ThirdParty:1030 - CMSIS Pack Vendor :STMicroelectronics X-CUBE-TOF1 3.4.0
2024-01-25 20:28:36,239 [INFO] ThirdParty:1030 - CMSIS Pack Vendor :STMicroelectronics X-CUBE-AZRTOS-H7 3.2.0
2024-01-25 20:28:36,239 [INFO] ThirdParty:1030 - CMSIS Pack Vendor :STMicroelectronics PDM2PCM 3.2.0
2024-01-25 20:28:36,239 [INFO] ThirdParty:841 - exiting critical section [change project]
2024-01-25 20:28:36,557 [INFO] PinOutPanel:1499 - setPackage(No Configuration,No Configuration)
2024-01-25 20:28:36,558 [INFO] PinOutPanel:1499 - setPackage(STM32L152RETx,LQFP64)
2024-01-25 20:28:36,852 [INFO] UtilMem:75 - Before build in PCC Used Memory: 553056800 Bytes (689963008)
2024-01-25 20:28:37,174 [INFO] UtilMem:75 - After build in PCC Used Memory: 601813536 Bytes (689963008)
2024-01-25 20:28:37,212 [INFO] IPUIPlugin:80 - create IPUIPlugin
2024-01-25 20:28:37,212 [INFO] IPUIPlugin:80 - create IPUIPlugin
2024-01-25 20:28:37,212 [INFO] IPUIPlugin:80 - create IPUIPlugin
2024-01-25 20:28:37,212 [INFO] IPUIPlugin:80 - create IPUIPlugin
2024-01-25 20:28:37,212 [INFO] IPUIPlugin:80 - create IPUIPlugin
2024-01-25 20:28:37,213 [INFO] IPUIPlugin:80 - create IPUIPlugin
2024-01-25 20:28:37,213 [INFO] IPUIPlugin:80 - create IPUIPlugin
2024-01-25 20:28:37,213 [INFO] IPUIPlugin:80 - create IPUIPlugin
2024-01-25 20:28:37,213 [INFO] IPUIPlugin:80 - create IPUIPlugin
2024-01-25 20:28:37,213 [INFO] IPUIPlugin:80 - create IPUIPlugin
2024-01-25 20:28:37,213 [INFO] IPUIPlugin:80 - create IPUIPlugin
2024-01-25 20:28:37,213 [INFO] IPUIPlugin:80 - create IPUIPlugin
2024-01-25 20:28:37,213 [INFO] IPUIPlugin:80 - create IPUIPlugin
2024-01-25 20:28:37,214 [INFO] IPUIPlugin:80 - create IPUIPlugin
2024-01-25 20:28:37,214 [INFO] IPUIPlugin:80 - create IPUIPlugin
2024-01-25 20:28:37,214 [INFO] IPUIPlugin:80 - create IPUIPlugin
2024-01-25 20:28:37,214 [INFO] IPUIPlugin:80 - create IPUIPlugin
2024-01-25 20:28:37,214 [INFO] IPUIPlugin:80 - create IPUIPlugin
2024-01-25 20:28:37,215 [INFO] IPUIPlugin:80 - create IPUIPlugin
2024-01-25 20:28:37,215 [INFO] IPUIPlugin:80 - create IPUIPlugin
2024-01-25 20:28:37,215 [INFO] IPUIPlugin:80 - create IPUIPlugin
2024-01-25 20:28:37,215 [INFO] IPUIPlugin:80 - create IPUIPlugin
2024-01-25 20:28:37,216 [INFO] IPUIPlugin:80 - create IPUIPlugin
2024-01-25 20:28:37,216 [INFO] IPUIPlugin:80 - create IPUIPlugin
2024-01-25 20:28:37,216 [INFO] IPUIPlugin:80 - create IPUIPlugin
2024-01-25 20:28:37,217 [INFO] IPUIPlugin:80 - create IPUIPlugin
2024-01-25 20:28:37,217 [INFO] IPUIPlugin:80 - create IPUIPlugin
2024-01-25 20:28:37,217 [INFO] IPUIPlugin:80 - create IPUIPlugin
2024-01-25 20:28:37,217 [INFO] IPUIPlugin:80 - create IPUIPlugin
2024-01-25 20:28:37,218 [INFO] IPUIPlugin:80 - create IPUIPlugin
2024-01-25 20:28:37,218 [INFO] IPUIPlugin:80 - create IPUIPlugin
2024-01-25 20:28:37,218 [INFO] IPUIPlugin:80 - create IPUIPlugin
2024-01-25 20:28:37,219 [INFO] IPUIPlugin:80 - create IPUIPlugin
2024-01-25 20:28:37,219 [INFO] IPUIPlugin:80 - create IPUIPlugin
2024-01-25 20:28:37,219 [INFO] IPUIPlugin:80 - create IPUIPlugin
2024-01-25 20:28:37,220 [INFO] IPUIPlugin:80 - create IPUIPlugin
2024-01-25 20:28:37,220 [INFO] IPUIPlugin:80 - create IPUIPlugin
2024-01-25 20:28:37,220 [INFO] IPUIPlugin:80 - create IPUIPlugin
2024-01-25 20:28:37,221 [INFO] IPUIPlugin:80 - create IPUIPlugin
2024-01-25 20:28:37,221 [INFO] IPUIPlugin:80 - create IPUIPlugin
2024-01-25 20:28:37,222 [INFO] IPUIPlugin:80 - create IPUIPlugin
2024-01-25 20:28:37,222 [INFO] IPUIPlugin:80 - create IPUIPlugin
2024-01-25 20:28:37,222 [INFO] IPUIPlugin:80 - create IPUIPlugin
2024-01-25 20:28:37,301 [INFO] CADModel:165 - CPN selected for project levelSTM32L152RET6
2024-01-25 20:28:37,301 [INFO] CADModel:114 - Register for checkConnection events
2024-01-25 20:28:37,365 [INFO] OpenFileManager:328 - Restore cursor
2024-01-25 21:03:38,999 [INFO] MainUpdater:2854 - connection check result : 10
2024-01-25 21:03:39,000 [INFO] MainUpdater:2854 - connection check result : 10
2024-01-25 21:03:39,017 [INFO] MicroXplorer:468 - Change Database Path : 
2024-01-25 21:03:39,018 [INFO] MicroXplorer:498 - Change Database Version : DB.6.0.81
2024-01-25 21:03:39,038 [WARN] ThirdParty:871 - waiting for thirdparty lock release [close project]
2024-01-25 21:03:39,039 [INFO] ThirdParty:873 - entering critical section [close project]
2024-01-25 21:03:39,039 [INFO] ThirdParty:883 - exiting critical section [close project]
2024-01-25 21:03:39,048 [INFO] PinOutPanel:1499 - setPackage(No Configuration,No Configuration)
2024-01-25 21:03:39,050 [INFO] UtilMem:75 - Begin LoadConfig() Used Memory: 560049960 Bytes (689963008)
2024-01-25 21:03:39,051 [INFO] MicroXplorer:468 - Change Database Path : 
2024-01-25 21:03:39,051 [INFO] MicroXplorer:498 - Change Database Version : DB.6.0.81
2024-01-25 21:03:39,051 [INFO] OpenFileManager:308 - Change cursor
2024-01-25 21:03:39,064 [INFO] Mcu:1937 - Initializing MCU STM32L152RETx STM32L152RETx STM32L152RET6
2024-01-25 21:03:40,486 [INFO] Context:659 - Trying to add GPIOservice into a context  which must be forbidden
2024-01-25 21:03:40,771 [INFO] RtosManager:555 - Registered RTOS mode: class=CMSIS, group=RTOS, mode=CMSIS_V1, owner=FREERTOS
2024-01-25 21:03:40,772 [INFO] RtosManager:555 - Registered RTOS mode: class=CMSIS, group=RTOS2, mode=CMSIS_V2, owner=FREERTOS
2024-01-25 21:03:40,772 [INFO] RtosManager:555 - Registered RTOS mode: class=RTOS, group=Core, mode=CMSIS_V1, owner=FREERTOS
2024-01-25 21:03:40,772 [INFO] RtosManager:555 - Registered RTOS mode: class=RTOS, group=Core, mode=CMSIS_V2, owner=FREERTOS
2024-01-25 21:03:40,772 [WARN] ModelIntegratedComponent:184 - Missing modes for component STMicroelectronics:FreeRTOS:0.0.1:STMicroelectronics:RTOS:FreeRTOS:Core:::10.2.0:
2024-01-25 21:03:40,785 [WARN] ModelIntegratedComponent:63 - No mode defined for component null
2024-01-25 21:03:40,786 [WARN] ModelIntegratedComponent:63 - No mode defined for component null
2024-01-25 21:03:40,786 [WARN] ModelIntegratedComponent:63 - No mode defined for component null
2024-01-25 21:03:40,786 [WARN] ModelIntegratedComponent:63 - No mode defined for component null
2024-01-25 21:03:40,786 [WARN] ModelIntegratedComponent:63 - No mode defined for component null
2024-01-25 21:03:40,786 [WARN] ModelIntegratedComponent:63 - No mode defined for component null
2024-01-25 21:03:40,786 [WARN] ModelIntegratedComponent:63 - No mode defined for component null
2024-01-25 21:03:40,786 [WARN] ModelIntegratedComponent:63 - No mode defined for component null
2024-01-25 21:03:40,786 [WARN] ModelIntegratedComponent:63 - No mode defined for component null
2024-01-25 21:03:40,786 [WARN] ModelIntegratedComponent:63 - No mode defined for component null
2024-01-25 21:03:40,786 [WARN] ModelIntegratedComponent:63 - No mode defined for component null
2024-01-25 21:03:40,786 [WARN] ModelIntegratedComponent:63 - No mode defined for component null
2024-01-25 21:03:40,786 [WARN] ModelIntegratedComponent:63 - No mode defined for component null
2024-01-25 21:03:40,786 [WARN] ModelIntegratedComponent:63 - No mode defined for component null
2024-01-25 21:03:40,786 [WARN] ModelIntegratedComponent:63 - No mode defined for component null
2024-01-25 21:03:40,786 [WARN] ModelIntegratedComponent:63 - No mode defined for component null
2024-01-25 21:03:40,786 [WARN] ModelIntegratedComponent:63 - No mode defined for component null
2024-01-25 21:03:40,786 [WARN] ModelIntegratedComponent:63 - No mode defined for component null
2024-01-25 21:03:40,786 [WARN] ModelIntegratedComponent:63 - No mode defined for component null
2024-01-25 21:03:40,786 [WARN] ModelIntegratedComponent:63 - No mode defined for component null
2024-01-25 21:03:40,786 [WARN] ModelIntegratedComponent:63 - No mode defined for component null
2024-01-25 21:03:40,787 [WARN] ModelIntegratedComponent:63 - No mode defined for component null
2024-01-25 21:03:40,787 [WARN] ModelIntegratedComponent:63 - No mode defined for component null
2024-01-25 21:03:40,787 [WARN] ModelIntegratedComponent:63 - No mode defined for component null
2024-01-25 21:03:40,787 [WARN] ModelIntegratedComponent:63 - No mode defined for component null
2024-01-25 21:03:40,787 [WARN] ModelIntegratedComponent:63 - No mode defined for component null
2024-01-25 21:03:40,787 [WARN] ModelIntegratedComponent:63 - No mode defined for component null
2024-01-25 21:03:40,787 [WARN] ModelIntegratedComponent:63 - No mode defined for component null
2024-01-25 21:03:40,787 [WARN] ModelIntegratedComponent:63 - No mode defined for component null
2024-01-25 21:03:40,787 [WARN] ModelIntegratedComponent:63 - No mode defined for component null
2024-01-25 21:03:40,787 [WARN] ModelIntegratedComponent:63 - No mode defined for component null
2024-01-25 21:03:40,787 [WARN] ModelIntegratedComponent:63 - No mode defined for component null
2024-01-25 21:03:40,787 [WARN] ModelIntegratedComponent:63 - No mode defined for component null
2024-01-25 21:03:40,860 [INFO] ThirdPartyModel:298 - Start build external matchings
2024-01-25 21:03:41,483 [INFO] ThirdPartyModel:316 - End build external matchings
2024-01-25 21:03:41,498 [INFO] ImportTextPane:194 - (OptionalMessage_ERROR) IP (RCC) : Invalid parameter (FamilyName)
2024-01-25 21:03:41,499 [INFO] ImportTextPane:194 - (OptionalMessage_ERROR) IP (RCC) : Parameter (RTCHSEDivFreq_Value) has invalid value (4000000)
2024-01-25 21:03:41,499 [INFO] ImportTextPane:194 - (OptionalMessage_ERROR) IP (RCC) : Invalid parameter (TIMFreq_Value)
2024-01-25 21:03:41,499 [INFO] ImportTextPane:194 - (OptionalMessage_ERROR) IP (RCC) : Invalid parameter (USBOutput)
2024-01-25 21:03:41,745 [INFO] UtilMem:75 - End LoadConfig() Used Memory: 599571336 Bytes (689963008)
2024-01-25 21:03:41,775 [WARN] ThirdParty:833 - waiting for thirdparty lock release [change project]
2024-01-25 21:03:41,775 [INFO] ThirdParty:835 - entering critical section [change project]
2024-01-25 21:03:41,775 [INFO] ThirdParty:1030 - CMSIS Pack Vendor :STMicroelectronics X-CUBE-ISPU 1.1.0
2024-01-25 21:03:41,775 [INFO] ThirdParty:1030 - CMSIS Pack Vendor :STMicroelectronics X-CUBE-GNSS1 6.0.0
2024-01-25 21:03:41,775 [INFO] ThirdParty:1030 - CMSIS Pack Vendor :STMicroelectronics USB_HOST 2.0.0
2024-01-25 21:03:41,775 [INFO] ThirdParty:1030 - CMSIS Pack Vendor :STMicroelectronics X-CUBE-AZRTOS-F4 1.1.0
2024-01-25 21:03:41,775 [INFO] ThirdParty:1030 - CMSIS Pack Vendor :STMicroelectronics LIBJPEG 8.0.0
2024-01-25 21:03:41,775 [INFO] ThirdParty:1030 - CMSIS Pack Vendor :STMicroelectronics X-CUBE-SMBUS 2.1.0
2024-01-25 21:03:41,775 [INFO] ThirdParty:1030 - CMSIS Pack Vendor :wolfSSL I-CUBE-wolfSSL 5.6.0
2024-01-25 21:03:41,775 [INFO] ThirdParty:1030 - CMSIS Pack Vendor :STMicroelectronics USB_DEVICE 3.0.0
2024-01-25 21:03:41,775 [INFO] ThirdParty:1030 - CMSIS Pack Vendor :STMicroelectronics X-CUBE-AZRTOS-WB 2.0.0
2024-01-25 21:03:41,775 [INFO] ThirdParty:1030 - CMSIS Pack Vendor :STMicroelectronics X-CUBE-FREERTOS 1.0.1
2024-01-25 21:03:41,775 [INFO] ThirdParty:1030 - CMSIS Pack Vendor :STMicroelectronics X-CUBE-TOUCHGFX 4.23.0
2024-01-25 21:03:41,775 [INFO] ThirdParty:1030 - CMSIS Pack Vendor :STMicroelectronics X-CUBE-AZRTOS-F7 1.1.0
2024-01-25 21:03:41,775 [INFO] ThirdParty:1030 - CMSIS Pack Vendor :STMicroelectronics X-CUBE-TOUCHGFX 4.21.4
2024-01-25 21:03:41,775 [INFO] ThirdParty:1030 - CMSIS Pack Vendor :STMicroelectronics X-CUBE-AZRTOS-L5 2.0.0
2024-01-25 21:03:41,775 [INFO] ThirdParty:1030 - CMSIS Pack Vendor :STMicroelectronics USB_DEVICE 2.0.0
2024-01-25 21:03:41,776 [INFO] ThirdParty:1030 - CMSIS Pack Vendor :STMicroelectronics X-CUBE-MEMS1 9.6.0
2024-01-25 21:03:41,776 [INFO] ThirdParty:1030 - CMSIS Pack Vendor :STMicroelectronics X-CUBE-EEPRMA1 4.2.0
2024-01-25 21:03:41,776 [INFO] ThirdParty:1030 - CMSIS Pack Vendor :ITTIA_DB I-CUBE-ITTIADB 8.8.0
2024-01-25 21:03:41,776 [INFO] ThirdParty:1030 - CMSIS Pack Vendor :STMicroelectronics FP-SNS-MOTENV1 4.3.2
2024-01-25 21:03:41,776 [INFO] ThirdParty:1030 - CMSIS Pack Vendor :STMicroelectronics FP-SNS-MOTENV1 4.3.1
2024-01-25 21:03:41,776 [INFO] ThirdParty:1030 - CMSIS Pack Vendor :STMicroelectronics FP-SNS-FLIGHT1 5.0.1
2024-01-25 21:03:41,776 [INFO] ThirdParty:1030 - CMSIS Pack Vendor :STMicroelectronics X-CUBE-ALGOBUILD 1.3.0
2024-01-25 21:03:41,776 [INFO] ThirdParty:1030 - CMSIS Pack Vendor :STMicroelectronics X-CUBE-BLE1 6.2.4
2024-01-25 21:03:41,776 [INFO] ThirdParty:1030 - CMSIS Pack Vendor :STMicroelectronics X-CUBE-AZRTOS-L5 1.1.0
2024-01-25 21:03:41,776 [INFO] ThirdParty:1030 - CMSIS Pack Vendor :STMicroelectronics FreeRTOS 0.0.1
2024-01-25 21:03:41,776 [INFO] ThirdParty:1030 - CMSIS Pack Vendor :STMicroelectronics X-CUBE-AZRTOS-G0 1.1.0
2024-01-25 21:03:41,776 [INFO] ThirdParty:1030 - CMSIS Pack Vendor :emotas I-CUBE-CANOPEN 1.1.3
2024-01-25 21:03:41,776 [INFO] ThirdParty:1030 - CMSIS Pack Vendor :STMicroelectronics X-CUBE-BLEMGR 2.0.0
2024-01-25 21:03:41,776 [INFO] ThirdParty:1030 - CMSIS Pack Vendor :STMicroelectronics X-CUBE-AI 8.0.1
2024-01-25 21:03:41,776 [INFO] ThirdParty:1030 - CMSIS Pack Vendor :STMicroelectronics X-CUBE-NFC4 3.0.0
2024-01-25 21:03:41,776 [INFO] ThirdParty:1030 - CMSIS Pack Vendor :STMicroelectronics X-CUBE-SUBG2 5.0.0
2024-01-25 21:03:41,776 [INFO] ThirdParty:1030 - CMSIS Pack Vendor :STMicroelectronics STM32_WPAN 1.0.0
2024-01-25 21:03:41,776 [INFO] ThirdParty:1030 - CMSIS Pack Vendor :STMicroelectronics lwIP 2.0.3
2024-01-25 21:03:41,776 [INFO] ThirdParty:1030 - CMSIS Pack Vendor :STMicroelectronics FP-SNS-FLIGHT1 5.0.2
2024-01-25 21:03:41,776 [INFO] ThirdParty:1030 - CMSIS Pack Vendor :STMicroelectronics USB_HOST 1.0.0
2024-01-25 21:03:41,777 [INFO] ThirdParty:1030 - CMSIS Pack Vendor :STMicroelectronics X-CUBE-TOF1 3.3.1
2024-01-25 21:03:41,777 [INFO] ThirdParty:1030 - CMSIS Pack Vendor :STMicroelectronics X-CUBE-AZRTOS-G4 2.0.0
2024-01-25 21:03:41,777 [INFO] ThirdParty:1030 - CMSIS Pack Vendor :STMicroelectronics PDM2PCM 3.1.0
2024-01-25 21:03:41,777 [INFO] ThirdParty:1030 - CMSIS Pack Vendor :STMicroelectronics X-CUBE-AZRTOS-H7 3.1.0
2024-01-25 21:03:41,777 [INFO] ThirdParty:1030 - CMSIS Pack Vendor :STMicroelectronics X-CUBE-TOF1 3.3.0
2024-01-25 21:03:41,777 [INFO] ThirdParty:1030 - CMSIS Pack Vendor :Infineon AIROC-Wi-Fi-Bluetooth-STM32 1.5.1
2024-01-25 21:03:41,777 [INFO] ThirdParty:1030 - CMSIS Pack Vendor :STMicroelectronics X-CUBE-BLEMGR 3.0.0
2024-01-25 21:03:41,777 [INFO] ThirdParty:1030 - CMSIS Pack Vendor :STMicroelectronics PDM2PCM 3.3.0
2024-01-25 21:03:41,777 [INFO] ThirdParty:1030 - CMSIS Pack Vendor :STMicroelectronics X-CUBE-DISPLAY 3.0.0
2024-01-25 21:03:41,777 [INFO] ThirdParty:1030 - CMSIS Pack Vendor :STMicroelectronics FP-SNS-MOTENVWB1 1.3.0
2024-01-25 21:03:41,777 [INFO] ThirdParty:1030 - CMSIS Pack Vendor :STMicroelectronics FP-SNS-MOTENVWB1 1.3.1
2024-01-25 21:03:41,777 [INFO] ThirdParty:1030 - CMSIS Pack Vendor :STMicroelectronics X-CUBE-BLE1 7.0.0
2024-01-25 21:03:41,777 [INFO] ThirdParty:1030 - CMSIS Pack Vendor :STMicroelectronics FP-ATR-SIGFOX1 3.2.0
2024-01-25 21:03:41,777 [INFO] ThirdParty:1030 - CMSIS Pack Vendor :STMicroelectronics X-CUBE-ISPU 2.0.0
2024-01-25 21:03:41,778 [INFO] ThirdParty:1030 - CMSIS Pack Vendor :STMicroelectronics X-CUBE-EEPRMA1 5.1.0
2024-01-25 21:03:41,778 [INFO] ThirdParty:1030 - CMSIS Pack Vendor :STMicroelectronics HAL Drivers 0.0.0
2024-01-25 21:03:41,778 [INFO] ThirdParty:1030 - CMSIS Pack Vendor :STMicroelectronics MBEDTLS 2.16.2
2024-01-25 21:03:41,778 [INFO] ThirdParty:1030 - CMSIS Pack Vendor :STMicroelectronics X-CUBE-MEMS1 10.0.0
2024-01-25 21:03:41,778 [INFO] ThirdParty:1030 - CMSIS Pack Vendor :STMicroelectronics X-CUBE-FREERTOS 1.1.0
2024-01-25 21:03:41,778 [INFO] ThirdParty:1030 - CMSIS Pack Vendor :STMicroelectronics X-CUBE-TOUCHGFX 4.22.0
2024-01-25 21:03:41,778 [INFO] ThirdParty:1030 - CMSIS Pack Vendor :STMicroelectronics X-CUBE-NFC7 1.0.1
2024-01-25 21:03:41,778 [INFO] ThirdParty:1030 - CMSIS Pack Vendor :STMicroelectronics MBEDTLS 2.14.1
2024-01-25 21:03:41,778 [INFO] ThirdParty:1030 - CMSIS Pack Vendor :STMicroelectronics X-CUBE-NFC7 1.0.0
2024-01-25 21:03:41,778 [INFO] ThirdParty:1030 - CMSIS Pack Vendor :STMicroelectronics X-CUBE-TOUCHGFX 4.22.1
2024-01-25 21:03:41,778 [INFO] ThirdParty:1030 - CMSIS Pack Vendor :STMicroelectronics X-CUBE-NFC6 3.0.0
2024-01-25 21:03:41,778 [INFO] ThirdParty:1030 - CMSIS Pack Vendor :STMicroelectronics X-CUBE-EEPRMA1 4.1.0
2024-01-25 21:03:41,778 [INFO] ThirdParty:1030 - CMSIS Pack Vendor :portGmbH I-Cube-SoM-uGOAL 1.1.0
2024-01-25 21:03:41,778 [INFO] ThirdParty:1030 - CMSIS Pack Vendor :STMicroelectronics X-CUBE-ALS 1.0.1
2024-01-25 21:03:41,778 [INFO] ThirdParty:1030 - CMSIS Pack Vendor :STMicroelectronics ThreadX 1.0.0
2024-01-25 21:03:41,779 [INFO] ThirdParty:1030 - CMSIS Pack Vendor :STMicroelectronics FP-SNS-SMARTAG2 1.2.0
2024-01-25 21:03:41,779 [INFO] ThirdParty:1030 - CMSIS Pack Vendor :STMicroelectronics X-CUBE-AZRTOS-WB 1.1.0
2024-01-25 21:03:41,779 [INFO] ThirdParty:1030 - CMSIS Pack Vendor :STMicroelectronics X-CUBE-AZRTOS-WL 2.0.0
2024-01-25 21:03:41,779 [INFO] ThirdParty:1030 - CMSIS Pack Vendor :SEGGER I-CUBE-embOS 1.3.1
2024-01-25 21:03:41,779 [INFO] ThirdParty:1030 - CMSIS Pack Vendor :STMicroelectronics USB_DEVICE 1.0.0
2024-01-25 21:03:41,779 [INFO] ThirdParty:1030 - CMSIS Pack Vendor :STMicroelectronics X-CUBE-AI 8.1.0
2024-01-25 21:03:41,779 [INFO] ThirdParty:1030 - CMSIS Pack Vendor :STMicroelectronics X-CUBE-AZRTOS-L4 2.0.0
2024-01-25 21:03:41,779 [INFO] ThirdParty:1030 - CMSIS Pack Vendor :STMicroelectronics ThreadX 0.0.2
2024-01-25 21:03:41,779 [INFO] ThirdParty:1030 - CMSIS Pack Vendor :WES I-CUBE-Cesium 1.3.0
2024-01-25 21:03:41,779 [INFO] ThirdParty:1030 - CMSIS Pack Vendor :STMicroelectronics FP-ATR-ASTRA1 2.0.0
2024-01-25 21:03:41,779 [INFO] ThirdParty:1030 - CMSIS Pack Vendor :STMicroelectronics lwIP 2.1.2
2024-01-25 21:03:41,779 [INFO] ThirdParty:1030 - CMSIS Pack Vendor :STMicroelectronics X-CUBE-SFXS2LP1 4.0.0
2024-01-25 21:03:41,779 [INFO] ThirdParty:1030 - CMSIS Pack Vendor :STMicroelectronics X-CUBE-BLE2 3.3.0
2024-01-25 21:03:41,779 [INFO] ThirdParty:1030 - CMSIS Pack Vendor :STMicroelectronics X-CUBE-TOF1 3.4.0
2024-01-25 21:03:41,779 [INFO] ThirdParty:1030 - CMSIS Pack Vendor :STMicroelectronics X-CUBE-AZRTOS-H7 3.2.0
2024-01-25 21:03:41,779 [INFO] ThirdParty:1030 - CMSIS Pack Vendor :STMicroelectronics PDM2PCM 3.2.0
2024-01-25 21:03:41,780 [INFO] ThirdParty:841 - exiting critical section [change project]
2024-01-25 21:03:42,038 [INFO] PinOutPanel:1499 - setPackage(No Configuration,No Configuration)
2024-01-25 21:03:42,039 [INFO] PinOutPanel:1499 - setPackage(STM32L152RETx,LQFP64)
2024-01-25 21:03:42,278 [INFO] UtilMem:75 - Before build in PCC Used Memory: 575487512 Bytes (689963008)
2024-01-25 21:03:42,473 [INFO] UtilMem:75 - After build in PCC Used Memory: 588131320 Bytes (689963008)
2024-01-25 21:03:42,491 [INFO] IPUIPlugin:80 - create IPUIPlugin
2024-01-25 21:03:42,491 [INFO] IPUIPlugin:80 - create IPUIPlugin
2024-01-25 21:03:42,492 [INFO] IPUIPlugin:80 - create IPUIPlugin
2024-01-25 21:03:42,492 [INFO] IPUIPlugin:80 - create IPUIPlugin
2024-01-25 21:03:42,492 [INFO] IPUIPlugin:80 - create IPUIPlugin
2024-01-25 21:03:42,492 [INFO] IPUIPlugin:80 - create IPUIPlugin
2024-01-25 21:03:42,492 [INFO] IPUIPlugin:80 - create IPUIPlugin
2024-01-25 21:03:42,492 [INFO] IPUIPlugin:80 - create IPUIPlugin
2024-01-25 21:03:42,492 [INFO] IPUIPlugin:80 - create IPUIPlugin
2024-01-25 21:03:42,492 [INFO] IPUIPlugin:80 - create IPUIPlugin
2024-01-25 21:03:42,492 [INFO] IPUIPlugin:80 - create IPUIPlugin
2024-01-25 21:03:42,492 [INFO] IPUIPlugin:80 - create IPUIPlugin
2024-01-25 21:03:42,493 [INFO] IPUIPlugin:80 - create IPUIPlugin
2024-01-25 21:03:42,493 [INFO] IPUIPlugin:80 - create IPUIPlugin
2024-01-25 21:03:42,493 [INFO] IPUIPlugin:80 - create IPUIPlugin
2024-01-25 21:03:42,493 [INFO] IPUIPlugin:80 - create IPUIPlugin
2024-01-25 21:03:42,493 [INFO] IPUIPlugin:80 - create IPUIPlugin
2024-01-25 21:03:42,493 [INFO] IPUIPlugin:80 - create IPUIPlugin
2024-01-25 21:03:42,493 [INFO] IPUIPlugin:80 - create IPUIPlugin
2024-01-25 21:03:42,494 [INFO] IPUIPlugin:80 - create IPUIPlugin
2024-01-25 21:03:42,494 [INFO] IPUIPlugin:80 - create IPUIPlugin
2024-01-25 21:03:42,494 [INFO] IPUIPlugin:80 - create IPUIPlugin
2024-01-25 21:03:42,494 [INFO] IPUIPlugin:80 - create IPUIPlugin
2024-01-25 21:03:42,494 [INFO] IPUIPlugin:80 - create IPUIPlugin
2024-01-25 21:03:42,495 [INFO] IPUIPlugin:80 - create IPUIPlugin
2024-01-25 21:03:42,495 [INFO] IPUIPlugin:80 - create IPUIPlugin
2024-01-25 21:03:42,495 [INFO] IPUIPlugin:80 - create IPUIPlugin
2024-01-25 21:03:42,495 [INFO] IPUIPlugin:80 - create IPUIPlugin
2024-01-25 21:03:42,495 [INFO] IPUIPlugin:80 - create IPUIPlugin
2024-01-25 21:03:42,496 [INFO] IPUIPlugin:80 - create IPUIPlugin
2024-01-25 21:03:42,496 [INFO] IPUIPlugin:80 - create IPUIPlugin
2024-01-25 21:03:42,496 [INFO] IPUIPlugin:80 - create IPUIPlugin
2024-01-25 21:03:42,496 [INFO] IPUIPlugin:80 - create IPUIPlugin
2024-01-25 21:03:42,496 [INFO] IPUIPlugin:80 - create IPUIPlugin
2024-01-25 21:03:42,497 [INFO] IPUIPlugin:80 - create IPUIPlugin
2024-01-25 21:03:42,497 [INFO] IPUIPlugin:80 - create IPUIPlugin
2024-01-25 21:03:42,497 [INFO] IPUIPlugin:80 - create IPUIPlugin
2024-01-25 21:03:42,497 [INFO] IPUIPlugin:80 - create IPUIPlugin
2024-01-25 21:03:42,497 [INFO] IPUIPlugin:80 - create IPUIPlugin
2024-01-25 21:03:42,498 [INFO] IPUIPlugin:80 - create IPUIPlugin
2024-01-25 21:03:42,505 [INFO] IPUIPlugin:80 - create IPUIPlugin
2024-01-25 21:03:42,506 [INFO] IPUIPlugin:80 - create IPUIPlugin
2024-01-25 21:03:42,506 [INFO] IPUIPlugin:80 - create IPUIPlugin
2024-01-25 21:03:42,565 [INFO] CADModel:165 - CPN selected for project levelSTM32L152RET6
2024-01-25 21:03:42,566 [INFO] CADModel:114 - Register for checkConnection events
2024-01-25 21:03:42,621 [INFO] OpenFileManager:328 - Restore cursor
