2023-07-20 15:13:37,082 [INFO] Activator:176 - 


2023-07-20 15:13:37,088 [INFO] Activator:177 - !SESSION log4j initialized
2023-07-20 15:13:42,986 [INFO] LogOutputStream:77 - [STDOUT_REDIRECT] 
2023-07-20 15:14:09,667 [ERROR] LogOutputStream:75 - [STDERR_REDIRECT] SLF4J: Failed to load class "org.slf4j.impl.StaticLoggerBinder".
2023-07-20 15:14:09,668 [ERROR] LogOutputStream:75 - [STDERR_REDIRECT] SLF4J: Defaulting to no-operation (NOP) logger implementation
2023-07-20 15:14:09,670 [ERROR] LogOutputStream:75 - [STDERR_REDIRECT] SLF4J: See http://www.slf4j.org/codes.html#StaticLoggerBinder for further details.
2023-07-20 15:14:58,132 [INFO] ApplicationProperties:184 - Using Application install path: D:\STM32CubeIDE_1.12.0\STM32CubeIDE\plugins\com.st.stm32cube.common.mx_6.8.1.202304191431
2023-07-20 15:14:58,159 [INFO] DbMcusXml:78 - Set database path to: D:\STM32CubeIDE_1.12.0\STM32CubeIDE\plugins\com.st.stm32cube.common.mx_6.8.1.202304191431\\db\/mcu/
2023-07-20 15:14:58,159 [INFO] ApiDb:274 - Set plugin database path to: D:\STM32CubeIDE_1.12.0\STM32CubeIDE\plugins\com.st.stm32cube.common.mx_6.8.1.202304191431\\db\/plugins/boardmanager/
2023-07-20 15:14:58,161 [WARN] ApiDb:259 - Overriding images path with different value:  => D:\STM32CubeIDE_1.12.0\STM32CubeIDE\plugins\com.st.stm32cube.common.mx_6.8.1.202304191431\\db\/plugins/mcufinder/images/
2023-07-20 15:14:58,180 [INFO] ApiDb:250 - Set database path to: C:\Users\marci\.stmcufinder\plugins\mcufinder//mcu/
2023-07-20 15:14:58,182 [INFO] DbMcusAds:125 - Set database path to: C:\Users\marci\.stmcufinder\plugins\mcufinder//mcu/
2023-07-20 15:14:58,297 [INFO] CrossReferenceDbSqlite:203 - Set database path to: C:\Users\marci\.stmcufinder\plugins\mcufinder//mcu/cs/
2023-07-20 15:14:58,449 [INFO] RulesReader:64 - Compatibility file has been processed (293 Rules)
2023-07-20 15:14:58,556 [INFO] DbMcusXml:78 - Set database path to: D:\STM32CubeIDE_1.12.0\STM32CubeIDE\plugins\com.st.stm32cube.common.mx_6.8.1.202304191431\\db\/mcu/
2023-07-20 15:14:58,556 [INFO] ApiDb:274 - Set plugin database path to: D:\STM32CubeIDE_1.12.0\STM32CubeIDE\plugins\com.st.stm32cube.common.mx_6.8.1.202304191431\\db\/plugins/boardmanager/
2023-07-20 15:14:58,557 [INFO] ApiDb:261 - Set plugin images path to: D:\STM32CubeIDE_1.12.0\STM32CubeIDE\plugins\com.st.stm32cube.common.mx_6.8.1.202304191431\\db\/plugins/mcufinder/images/
2023-07-20 15:14:58,557 [WARN] DbFile:41 - Overriding database path with different value: C:\Users\marci\.stmcufinder\plugins\mcufinder/ => C:\Users\marci\.stmcufinder\plugins\mcufinder
2023-07-20 15:14:58,557 [INFO] ApiDb:250 - Set database path to: C:\Users\marci\.stmcufinder\plugins\mcufinder//mcu/
2023-07-20 15:14:58,557 [WARN] DbFile:41 - Overriding database path with different value: C:\Users\marci\.stmcufinder\plugins\mcufinder/ => C:\Users\marci\.stmcufinder\plugins\mcufinder
2023-07-20 15:14:58,557 [INFO] DbMcusAds:125 - Set database path to: C:\Users\marci\.stmcufinder\plugins\mcufinder//mcu/
2023-07-20 15:14:58,557 [WARN] DbFile:41 - Overriding database path with different value: C:\Users\marci\.stmcufinder\plugins\mcufinder/ => C:\Users\marci\.stmcufinder\plugins\mcufinder
2023-07-20 15:14:58,558 [WARN] DbFile:41 - Overriding database path with different value: C:\Users\marci\.stmcufinder\plugins\mcufinder/ => C:\Users\marci\.stmcufinder\plugins\mcufinder
2023-07-20 15:14:58,558 [INFO] CrossReferenceDbSqlite:203 - Set database path to: C:\Users\marci\.stmcufinder\plugins\mcufinder//mcu/cs/
2023-07-20 15:14:58,666 [INFO] MainPanel:253 - HeapMemory: 278921216
2023-07-20 15:14:58,788 [INFO] DbMcusXml:78 - Set database path to: D:\STM32CubeIDE_1.12.0\STM32CubeIDE\plugins\com.st.stm32cube.common.mx_6.8.1.202304191431\\db\/mcu/
2023-07-20 15:14:58,788 [INFO] ApiDb:274 - Set plugin database path to: D:\STM32CubeIDE_1.12.0\STM32CubeIDE\plugins\com.st.stm32cube.common.mx_6.8.1.202304191431\\db\/plugins/boardmanager/
2023-07-20 15:14:58,789 [INFO] ApiDb:261 - Set plugin images path to: D:\STM32CubeIDE_1.12.0\STM32CubeIDE\plugins\com.st.stm32cube.common.mx_6.8.1.202304191431\\db\/plugins/mcufinder/images/
2023-07-20 15:14:58,789 [WARN] DbFile:41 - Overriding database path with different value: C:\Users\marci\.stmcufinder\plugins\mcufinder/ => C:\Users\marci\.stmcufinder\plugins\mcufinder
2023-07-20 15:14:58,789 [INFO] ApiDb:250 - Set database path to: C:\Users\marci\.stmcufinder\plugins\mcufinder//mcu/
2023-07-20 15:14:58,790 [WARN] DbFile:41 - Overriding database path with different value: C:\Users\marci\.stmcufinder\plugins\mcufinder/ => C:\Users\marci\.stmcufinder\plugins\mcufinder
2023-07-20 15:14:58,790 [INFO] DbMcusAds:125 - Set database path to: C:\Users\marci\.stmcufinder\plugins\mcufinder//mcu/
2023-07-20 15:14:58,790 [WARN] DbFile:41 - Overriding database path with different value: C:\Users\marci\.stmcufinder\plugins\mcufinder/ => C:\Users\marci\.stmcufinder\plugins\mcufinder
2023-07-20 15:14:58,790 [WARN] DbFile:41 - Overriding database path with different value: C:\Users\marci\.stmcufinder\plugins\mcufinder/ => C:\Users\marci\.stmcufinder\plugins\mcufinder
2023-07-20 15:14:58,790 [INFO] CrossReferenceDbSqlite:203 - Set database path to: C:\Users\marci\.stmcufinder\plugins\mcufinder//mcu/cs/
2023-07-20 15:14:58,811 [INFO] ApplicationProperties:184 - Using Application install path: D:\STM32CubeIDE_1.12.0\STM32CubeIDE\plugins\com.st.stm32cube.common.mx_6.8.1.202304191431
2023-07-20 15:14:58,813 [INFO] PluginManage:196 - Search for loadable plugins [exclusion list=, ]
2023-07-20 15:14:58,815 [INFO] PluginManage:310 - Check plugin analytics
2023-07-20 15:14:59,069 [INFO] AnalyticsPlugin:253 - Accepted Software Licenses: 
2023-07-20 15:14:59,070 [INFO] AnalyticsPlugin:255 - Accepted CMSIS Pack Licenses: 
2023-07-20 15:14:59,071 [INFO] AnalyticsPlugin:257 - Accepted Firmware Licenses: 
2023-07-20 15:14:59,079 [INFO] PluginManage:359 - Loaded plugin analytics (category:tool,tabindex:-1)
2023-07-20 15:14:59,080 [INFO] PluginManage:310 - Check plugin cadmodel
2023-07-20 15:14:59,097 [INFO] CADModel:105 - Init CAD model plugin
2023-07-20 15:14:59,097 [INFO] PluginManage:359 - Loaded plugin cadmodel (category:power,tabindex:5)
2023-07-20 15:14:59,098 [INFO] PluginManage:310 - Check plugin clock
2023-07-20 15:14:59,124 [INFO] PluginManage:359 - Loaded plugin clock (category:base,tabindex:2)
2023-07-20 15:14:59,124 [INFO] PluginManage:310 - Check plugin ddr
2023-07-20 15:14:59,128 [INFO] PluginManage:359 - Loaded plugin ddr (category:tool,tabindex:6)
2023-07-20 15:14:59,129 [INFO] PluginManage:310 - Check plugin filemanager
2023-07-20 15:14:59,304 [INFO] PluginManage:359 - Loaded plugin filemanager (category:base,tabindex:10)
2023-07-20 15:14:59,304 [INFO] PluginManage:310 - Check plugin ipmanager
2023-07-20 15:14:59,314 [INFO] PluginManage:359 - Loaded plugin ipmanager (category:base,tabindex:5)
2023-07-20 15:14:59,314 [INFO] PluginManage:310 - Check plugin lpbam
2023-07-20 15:14:59,335 [INFO] PluginManage:359 - Loaded plugin lpbam (category:base,tabindex:0)
2023-07-20 15:14:59,335 [INFO] PluginManage:310 - Check plugin pinoutandconfiguration
2023-07-20 15:14:59,355 [INFO] PluginManage:359 - Loaded plugin pinoutandconfiguration (category:base,tabindex:1)
2023-07-20 15:14:59,355 [INFO] PluginManage:310 - Check plugin pinoutconfig
2023-07-20 15:14:59,462 [WARN] SupportedApi:132 - Cannot load RTOS API schema: s4s-elt-must-match.1: The content of 'definitions' must match (annotation?, (simpleType | complexType)?, (unique | key | keyref)*)). A problem was found starting at: attribute.
2023-07-20 15:14:59,646 [INFO] PluginManage:359 - Loaded plugin pinoutconfig (category:base,tabindex:0)
2023-07-20 15:14:59,647 [INFO] PluginManage:310 - Check plugin power
2023-07-20 15:14:59,670 [INFO] PluginManage:359 - Loaded plugin power (category:power,tabindex:4)
2023-07-20 15:14:59,670 [INFO] PluginManage:310 - Check plugin projectmanager
2023-07-20 15:14:59,688 [INFO] PluginManage:359 - Loaded plugin projectmanager (category:projectmanager,tabindex:3)
2023-07-20 15:14:59,689 [INFO] PluginManage:310 - Check plugin thirdparty
2023-07-20 15:15:00,007 [INFO] PluginManage:359 - Loaded plugin thirdparty (category:base,tabindex:-1)
2023-07-20 15:15:00,007 [WARN] IntegrityCheckThread:84 - waiting for thirdparty lock release [integrity check]
2023-07-20 15:15:00,007 [INFO] PluginManage:310 - Check plugin tools
2023-07-20 15:15:00,007 [INFO] IntegrityCheckThread:86 - entering critical section [integrity check]
2023-07-20 15:15:00,011 [INFO] ThirdPartyUpdaterWithRetryManager:70 - Updater plugin not ready yet. [1/15]
2023-07-20 15:15:00,048 [INFO] PluginManage:359 - Loaded plugin tools (category:base,tabindex:7)
2023-07-20 15:15:00,048 [INFO] PluginManage:310 - Check plugin tutovideos
2023-07-20 15:15:00,311 [INFO] PluginManage:359 - Loaded plugin tutovideos (category:base,tabindex:-1)
2023-07-20 15:15:00,311 [INFO] PluginManage:310 - Check plugin updater
2023-07-20 15:15:00,333 [INFO] PluginManage:359 - Loaded plugin updater (category:base,tabindex:12)
2023-07-20 15:15:00,333 [INFO] PluginManage:283 - PluginManage : Loaded plugins [15]
2023-07-20 15:15:00,702 [INFO] PinOutPanel:1499 - setPackage(No Configuration,No Configuration)
2023-07-20 15:15:00,805 [INFO] CADModel:165 - CPN selected for project level
2023-07-20 15:15:00,805 [INFO] CADModel:114 - Register for checkConnection events
2023-07-20 15:15:00,848 [INFO] IPUIPlugin:80 - create IPUIPlugin
2023-07-20 15:15:00,848 [INFO] PluginManager:220 - loadIPPluginJar : add adc
2023-07-20 15:15:00,891 [INFO] IPUIPlugin:80 - create IPUIPlugin
2023-07-20 15:15:00,891 [INFO] PluginManager:220 - loadIPPluginJar : add aes
2023-07-20 15:15:00,938 [INFO] IPUIPlugin:80 - create IPUIPlugin
2023-07-20 15:15:00,939 [INFO] PluginManager:220 - loadIPPluginJar : add can
2023-07-20 15:15:00,964 [INFO] IPUIPlugin:80 - create IPUIPlugin
2023-07-20 15:15:00,964 [INFO] PluginManager:220 - loadIPPluginJar : add comp
2023-07-20 15:15:01,004 [INFO] IPUIPlugin:80 - create IPUIPlugin
2023-07-20 15:15:01,004 [INFO] PluginManager:220 - loadIPPluginJar : add cryp
2023-07-20 15:15:01,041 [INFO] IPUIPlugin:80 - create IPUIPlugin
2023-07-20 15:15:01,041 [INFO] PluginManager:220 - loadIPPluginJar : add dfsdm
2023-07-20 15:15:01,059 [INFO] IPUIPlugin:80 - create IPUIPlugin
2023-07-20 15:15:01,060 [INFO] PluginManager:220 - loadIPPluginJar : add dma
2023-07-20 15:15:01,110 [INFO] IPUIPlugin:80 - create IPUIPlugin
2023-07-20 15:15:01,110 [INFO] PluginManager:220 - loadIPPluginJar : add dma3
2023-07-20 15:15:01,136 [INFO] IPUIPlugin:80 - create IPUIPlugin
2023-07-20 15:15:01,136 [INFO] PluginManager:220 - loadIPPluginJar : add fatfs
2023-07-20 15:15:01,192 [INFO] IPUIPlugin:80 - create IPUIPlugin
2023-07-20 15:15:01,192 [INFO] PluginManager:220 - loadIPPluginJar : add fmc
2023-07-20 15:15:01,210 [INFO] IPUIPlugin:80 - create IPUIPlugin
2023-07-20 15:15:01,210 [INFO] PluginManager:220 - loadIPPluginJar : add freertos
2023-07-20 15:15:01,235 [INFO] IPUIPlugin:80 - create IPUIPlugin
2023-07-20 15:15:01,235 [INFO] PluginManager:220 - loadIPPluginJar : add genericplugin
2023-07-20 15:15:01,349 [INFO] IPUIPlugin:80 - create IPUIPlugin
2023-07-20 15:15:01,350 [INFO] PluginManager:220 - loadIPPluginJar : add gfxmmu
2023-07-20 15:15:01,512 [INFO] IPUIPlugin:80 - create IPUIPlugin
2023-07-20 15:15:01,512 [INFO] PluginManager:220 - loadIPPluginJar : add gic
2023-07-20 15:15:01,528 [INFO] IPUIPlugin:80 - create IPUIPlugin
2023-07-20 15:15:01,528 [INFO] PluginManager:220 - loadIPPluginJar : add gpio
2023-07-20 15:15:01,648 [INFO] IPUIPlugin:80 - create IPUIPlugin
2023-07-20 15:15:01,648 [INFO] PluginManager:220 - loadIPPluginJar : add gtzc
2023-07-20 15:15:01,690 [INFO] IPUIPlugin:80 - create IPUIPlugin
2023-07-20 15:15:01,690 [INFO] PluginManager:220 - loadIPPluginJar : add hash
2023-07-20 15:15:01,758 [INFO] IPUIPlugin:80 - create IPUIPlugin
2023-07-20 15:15:01,758 [INFO] PluginManager:220 - loadIPPluginJar : add i2c
2023-07-20 15:15:01,806 [INFO] IPUIPlugin:80 - create IPUIPlugin
2023-07-20 15:15:01,807 [INFO] PluginManager:220 - loadIPPluginJar : add i2s
2023-07-20 15:15:01,856 [INFO] IPUIPlugin:80 - create IPUIPlugin
2023-07-20 15:15:01,856 [INFO] PluginManager:220 - loadIPPluginJar : add i3c
2023-07-20 15:15:01,984 [INFO] IPUIPlugin:80 - create IPUIPlugin
2023-07-20 15:15:01,984 [INFO] PluginManager:220 - loadIPPluginJar : add ipddr
2023-07-20 15:15:02,107 [INFO] IPUIPlugin:80 - create IPUIPlugin
2023-07-20 15:15:02,108 [INFO] PluginManager:220 - loadIPPluginJar : add linkedlist
2023-07-20 15:15:02,163 [INFO] IPUIPlugin:80 - create IPUIPlugin
2023-07-20 15:15:02,163 [INFO] PluginManager:220 - loadIPPluginJar : add lorawan
2023-07-20 15:15:02,212 [INFO] IPUIPlugin:80 - create IPUIPlugin
2023-07-20 15:15:02,212 [INFO] PluginManager:220 - loadIPPluginJar : add ltdc
2023-07-20 15:15:02,233 [INFO] IPUIPlugin:80 - create IPUIPlugin
2023-07-20 15:15:02,234 [INFO] PluginManager:220 - loadIPPluginJar : add mdma
2023-07-20 15:15:02,251 [INFO] IPUIPlugin:80 - create IPUIPlugin
2023-07-20 15:15:02,251 [INFO] PluginManager:220 - loadIPPluginJar : add nvic
2023-07-20 15:15:02,296 [INFO] IPUIPlugin:80 - create IPUIPlugin
2023-07-20 15:15:02,296 [INFO] PluginManager:220 - loadIPPluginJar : add opamp
2023-07-20 15:15:02,365 [INFO] IPUIPlugin:80 - create IPUIPlugin
2023-07-20 15:15:02,365 [INFO] PluginManager:220 - loadIPPluginJar : add openamp
2023-07-20 15:15:02,418 [INFO] IPUIPlugin:80 - create IPUIPlugin
2023-07-20 15:15:02,418 [INFO] PluginManager:220 - loadIPPluginJar : add pdm2pcm
2023-07-20 15:15:02,454 [INFO] IPUIPlugin:80 - create IPUIPlugin
2023-07-20 15:15:02,458 [INFO] PluginManager:220 - loadIPPluginJar : add plateformsettings
2023-07-20 15:15:02,489 [INFO] IPUIPlugin:80 - create IPUIPlugin
2023-07-20 15:15:02,489 [INFO] PluginManager:220 - loadIPPluginJar : add quadspi
2023-07-20 15:15:02,505 [INFO] IPUIPlugin:80 - create IPUIPlugin
2023-07-20 15:15:02,505 [INFO] PluginManager:220 - loadIPPluginJar : add resmgrutility
2023-07-20 15:15:02,564 [INFO] IPUIPlugin:80 - create IPUIPlugin
2023-07-20 15:15:02,564 [INFO] PluginManager:220 - loadIPPluginJar : add sai
2023-07-20 15:15:02,608 [INFO] IPUIPlugin:80 - create IPUIPlugin
2023-07-20 15:15:02,608 [INFO] PluginManager:220 - loadIPPluginJar : add spi
2023-07-20 15:15:02,673 [INFO] IPUIPlugin:80 - create IPUIPlugin
2023-07-20 15:15:02,673 [INFO] PluginManager:220 - loadIPPluginJar : add stm32_wpan
2023-07-20 15:15:02,699 [INFO] IPUIPlugin:80 - create IPUIPlugin
2023-07-20 15:15:02,700 [INFO] PluginManager:220 - loadIPPluginJar : add tim
2023-07-20 15:15:02,767 [INFO] IPUIPlugin:80 - create IPUIPlugin
2023-07-20 15:15:02,767 [INFO] PluginManager:220 - loadIPPluginJar : add touchsensing
2023-07-20 15:15:02,794 [INFO] IPUIPlugin:80 - create IPUIPlugin
2023-07-20 15:15:02,794 [INFO] PluginManager:220 - loadIPPluginJar : add tracer_emb
2023-07-20 15:15:02,821 [INFO] IPUIPlugin:80 - create IPUIPlugin
2023-07-20 15:15:02,821 [INFO] PluginManager:220 - loadIPPluginJar : add ts
2023-07-20 15:15:02,847 [INFO] IPUIPlugin:80 - create IPUIPlugin
2023-07-20 15:15:02,847 [INFO] PluginManager:220 - loadIPPluginJar : add tsc
2023-07-20 15:15:02,876 [INFO] IPUIPlugin:80 - create IPUIPlugin
2023-07-20 15:15:02,876 [INFO] PluginManager:220 - loadIPPluginJar : add ucpd
2023-07-20 15:15:02,928 [INFO] IPUIPlugin:80 - create IPUIPlugin
2023-07-20 15:15:02,928 [INFO] PluginManager:220 - loadIPPluginJar : add usart
2023-07-20 15:15:02,981 [INFO] IPUIPlugin:80 - create IPUIPlugin
2023-07-20 15:15:02,981 [INFO] PluginManager:220 - loadIPPluginJar : add usbx
2023-07-20 15:15:03,013 [INFO] ThirdPartyUpdaterWithRetryManager:70 - Updater plugin not ready yet. [2/15]
2023-07-20 15:15:03,132 [INFO] CADModel:165 - CPN selected for project level
2023-07-20 15:15:03,132 [INFO] CADModel:114 - Register for checkConnection events
2023-07-20 15:15:03,133 [FATAL] Updater:308 - Updater called before beeing initialized
2023-07-20 15:15:03,133 [ERROR] CADModel:125 - Updater not yet initialized, retry later 
2023-07-20 15:15:03,316 [INFO] CADModel:165 - CPN selected for project level
2023-07-20 15:15:03,316 [INFO] CADModel:114 - Register for checkConnection events
2023-07-20 15:15:03,316 [FATAL] Updater:308 - Updater called before beeing initialized
2023-07-20 15:15:03,316 [ERROR] CADModel:125 - Updater not yet initialized, retry later 
2023-07-20 15:15:03,321 [FATAL] Updater:308 - Updater called before beeing initialized
2023-07-20 15:15:03,521 [FATAL] Updater:308 - Updater called before beeing initialized
2023-07-20 15:15:03,537 [INFO] DbMcusAds:53 - JSON generation date=Tue Mar 07 09:50:55 CET 2023 (1678179055335)
2023-07-20 15:15:03,537 [FATAL] Updater:308 - Updater called before beeing initialized
2023-07-20 15:15:03,619 [WARN] DetailPanel:346 - Failed to get advertising image, set to default
2023-07-20 15:15:03,757 [FATAL] Updater:308 - Updater called before beeing initialized
2023-07-20 15:15:03,760 [FATAL] Updater:308 - Updater called before beeing initialized
2023-07-20 15:15:03,760 [FATAL] Updater:308 - Updater called before beeing initialized
2023-07-20 15:15:03,760 [WARN] DetailPanel:346 - Failed to get advertising image, set to default
2023-07-20 15:15:03,761 [FATAL] Updater:308 - Updater called before beeing initialized
2023-07-20 15:15:03,839 [ERROR] Updater:1120 - MainUpdater not yet initialized. External WinMGr cannot be set.
2023-07-20 15:15:03,851 [INFO] Updater:1056 - Updater Version found : 6.8.1
2023-07-20 15:15:03,873 [INFO] ApplicationProperties:184 - Using Application install path: D:\STM32CubeIDE_1.12.0\STM32CubeIDE\plugins\com.st.stm32cube.common.mx_6.8.1.202304191431
2023-07-20 15:15:03,934 [INFO] MainUpdater:519 - Copy updater definitions from MX database
2023-07-20 15:15:04,733 [INFO] MainUpdater:2854 - connection check result : 10
2023-07-20 15:15:04,733 [INFO] MainUpdater:3548 - Updater definition file requires update
2023-07-20 15:15:04,735 [INFO] MainUpdater:283 - Updater Check For Update Now.
2023-07-20 15:15:04,736 [INFO] MicroXplorer:498 - Change Database Version : DB.6.0.81
2023-07-20 15:15:05,004 [INFO] ServerAccessManage:473 - Download File updaters.zip
2023-07-20 15:15:05,434 [INFO] FileExtend:240 - Unzip File : updaters.zip
2023-07-20 15:15:05,434 [INFO] FileExtend:255 - Standard Zip Deflate
2023-07-20 15:15:06,021 [WARN] MainUpdater:1187 - Updater busy. Cannot search thirdparties
2023-07-20 15:15:06,022 [INFO] ThirdPartyUpdaterWithRetryManager:96 - Updater plugin is busy. [1/15]
2023-07-20 15:15:06,546 [INFO] ServerAccessManage:473 - Download File PacksControlFlags.xml
2023-07-20 15:15:06,765 [INFO] ServerAccessManage:473 - Download File cubemx.pidx
2023-07-20 15:15:07,201 [INFO] ServerAccessManage:473 - Download File STMicroelectronics.FP-SNS-FLIGHT1.pdsc
2023-07-20 15:15:08,520 [INFO] ServerAccessManage:473 - Download File STMicroelectronics.FP-SNS-MOTENV1.pdsc
2023-07-20 15:15:09,036 [WARN] MainUpdater:1187 - Updater busy. Cannot search thirdparties
2023-07-20 15:15:09,036 [INFO] ThirdPartyUpdaterWithRetryManager:96 - Updater plugin is busy. [2/15]
2023-07-20 15:15:10,002 [INFO] ServerAccessManage:473 - Download File STMicroelectronics.X-CUBE-NFC7.pdsc
2023-07-20 15:15:10,848 [INFO] ServerAccessManage:473 - Download File STMicroelectronics.X-CUBE-TOF1.pdsc
2023-07-20 15:15:12,044 [WARN] MainUpdater:1187 - Updater busy. Cannot search thirdparties
2023-07-20 15:15:12,044 [INFO] ThirdPartyUpdaterWithRetryManager:96 - Updater plugin is busy. [3/15]
2023-07-20 15:15:15,045 [WARN] MainUpdater:1187 - Updater busy. Cannot search thirdparties
2023-07-20 15:15:15,045 [INFO] ThirdPartyUpdaterWithRetryManager:96 - Updater plugin is busy. [4/15]
2023-07-20 15:15:18,046 [WARN] MainUpdater:1187 - Updater busy. Cannot search thirdparties
2023-07-20 15:15:18,046 [INFO] ThirdPartyUpdaterWithRetryManager:96 - Updater plugin is busy. [5/15]
2023-07-20 15:15:20,496 [ERROR] ServerAccessManage:1089 - Problem, file not found on Server
2023-07-20 15:15:20,764 [INFO] ServerAccessManage:473 - Download File STMicroelectronics.X-CUBE-TOUCHGFX.pdsc
2023-07-20 15:15:21,048 [WARN] MainUpdater:1187 - Updater busy. Cannot search thirdparties
2023-07-20 15:15:21,048 [INFO] ThirdPartyUpdaterWithRetryManager:96 - Updater plugin is busy. [6/15]
2023-07-20 15:15:24,062 [WARN] MainUpdater:1187 - Updater busy. Cannot search thirdparties
2023-07-20 15:15:24,062 [INFO] ThirdPartyUpdaterWithRetryManager:96 - Updater plugin is busy. [7/15]
2023-07-20 15:15:25,258 [INFO] MainUpdater:2854 - connection check result : 10
2023-07-20 15:15:27,070 [WARN] MainUpdater:1187 - Updater busy. Cannot search thirdparties
2023-07-20 15:15:27,070 [INFO] ThirdPartyUpdaterWithRetryManager:96 - Updater plugin is busy. [8/15]
2023-07-20 15:15:29,228 [ERROR] ServerAccessManage:1096 - Problem, Http access forbiden
2023-07-20 15:15:29,229 [ERROR] ServerAccessManage:651 - Problem, Http access forbiden : RoweBots.I-CUBE-UNISONRTOS.pdsc.
2023-07-20 15:15:29,418 [WARN] PackLoader:240 - Cannot read IP mode file for STMicroelectronics.FP-SNS-FLIGHT1.5.0.2
2023-07-20 15:15:29,427 [WARN] PackLoader:240 - Cannot read IP mode file for STMicroelectronics.FP-SNS-MOTENV1.4.3.2
2023-07-20 15:15:29,445 [WARN] PackLoader:240 - Cannot read IP mode file for STMicroelectronics.X-CUBE-NFC7.1.0.1
2023-07-20 15:15:29,464 [WARN] PackLoader:240 - Cannot read IP mode file for STMicroelectronics.X-CUBE-TOF1.3.3.1
2023-07-20 15:15:29,483 [WARN] PackLoader:240 - Cannot read IP mode file for STMicroelectronics.X-CUBE-TOUCHGFX.4.22.0
2023-07-20 15:15:29,484 [INFO] PopulateThirdPartyThread:66 - Ending populate Thread
2023-07-20 15:15:29,489 [INFO] ThirdParty:1030 - CMSIS Pack Vendor :STMicroelectronics FP-SNS-MOTENV1 4.3.2
2023-07-20 15:15:29,489 [INFO] ThirdParty:1030 - CMSIS Pack Vendor :STMicroelectronics X-CUBE-NFC7 1.0.1
2023-07-20 15:15:29,489 [INFO] ThirdParty:1030 - CMSIS Pack Vendor :STMicroelectronics X-CUBE-TOUCHGFX 4.22.0
2023-07-20 15:15:29,489 [INFO] ThirdParty:1030 - CMSIS Pack Vendor :STMicroelectronics FP-SNS-FLIGHT1 5.0.2
2023-07-20 15:15:29,489 [INFO] ThirdParty:1030 - CMSIS Pack Vendor :STMicroelectronics X-CUBE-TOF1 3.3.1
2023-07-20 15:15:29,490 [INFO] LoadServerUpdatesThread:373 - End of LoadServerUpdate Thread
2023-07-20 15:15:29,551 [INFO] CheckServerUpdateThread:120 - End of CheckServer Thread
2023-07-20 15:15:29,623 [INFO] MainUpdater:2854 - connection check result : 10
2023-07-20 15:15:29,913 [INFO] MicroXplorer:468 - Change Database Path : 
2023-07-20 15:15:29,914 [INFO] MicroXplorer:498 - Change Database Version : DB.6.0.81
2023-07-20 15:15:29,914 [WARN] ThirdParty:871 - waiting for thirdparty lock release [close project]
2023-07-20 15:15:30,295 [WARN] PackLoader:240 - Cannot read IP mode file for STMicroelectronics.X-CUBE-SMBUS.2.1.0
2023-07-20 15:15:30,341 [WARN] PackLoader:240 - Cannot read IP mode file for STMicroelectronics.X-CUBE-AZRTOS-F7.1.1.0
2023-07-20 15:15:30,353 [WARN] PackLoader:240 - Cannot read IP mode file for STMicroelectronics.FP-SNS-MOTENV1.4.3.2
2023-07-20 15:15:30,372 [ERROR] RealEvaluatedCondition:428 - Found unsupported composite condition: GROUP='STM32_MetaDataManager' CLASS='Data Exchange'
2023-07-20 15:15:30,372 [ERROR] RealEvaluatedCondition:428 - Found unsupported composite condition: GROUP='STM32_MetaDataManager' CLASS='Data Exchange'
2023-07-20 15:15:30,374 [WARN] PackLoader:240 - Cannot read IP mode file for STMicroelectronics.FP-SNS-MOTENV1.4.3.1
2023-07-20 15:15:30,384 [WARN] PackLoader:240 - Cannot read IP mode file for STMicroelectronics.FP-SNS-FLIGHT1.5.0.1
2023-07-20 15:15:30,406 [WARN] PackLoader:240 - Cannot read IP mode file for STMicroelectronics.X-CUBE-BLE1.6.2.4
2023-07-20 15:15:30,412 [WARN] PackLoader:240 - Cannot read IP mode file for STMicroelectronics.FP-SNS-FLIGHT1.5.0.2
2023-07-20 15:15:30,431 [WARN] PackLoader:240 - Cannot read IP mode file for STMicroelectronics.X-CUBE-DISPLAY.3.0.0
2023-07-20 15:15:30,441 [WARN] PackLoader:240 - Cannot read IP mode file for STMicroelectronics.X-CUBE-TOUCHGFX.4.22.0
2023-07-20 15:15:30,468 [INFO] LogOutputStream:77 - [STDOUT_REDIRECT] 1 : Invalid condition id : UX_CORESTACK_Condition cause : null
2023-07-20 15:15:30,469 [INFO] LogOutputStream:77 - [STDOUT_REDIRECT] 1 : Invalid condition id : UX_CORESTACK_Condition cause : null
2023-07-20 15:15:30,472 [INFO] LogOutputStream:77 - [STDOUT_REDIRECT] 1 : Invalid condition id : UX_CORESTACK_Condition cause : null
2023-07-20 15:15:30,473 [INFO] LogOutputStream:77 - [STDOUT_REDIRECT] 1 : Invalid condition id : UX_CORESTACK_Condition cause : null
2023-07-20 15:15:30,475 [INFO] LogOutputStream:77 - [STDOUT_REDIRECT] 1 : Invalid condition id : UX_CORESTACK_Condition cause : null
2023-07-20 15:15:30,479 [WARN] PackLoader:240 - Cannot read IP mode file for STMicroelectronics.X-CUBE-AZRTOS-WL.2.0.0
2023-07-20 15:15:30,499 [WARN] PackLoader:240 - Cannot read IP mode file for WES.I-CUBE-Cesium.1.3.0
2023-07-20 15:15:30,519 [WARN] PackLoader:240 - Cannot read IP mode file for STMicroelectronics.X-CUBE-BLE2.3.3.0
2023-07-20 15:15:30,533 [WARN] PackLoader:240 - Cannot read IP mode file for STMicroelectronics.X-CUBE-TOUCHGFX.4.21.4
2023-07-20 15:15:30,551 [WARN] PackLoader:240 - Cannot read IP mode file for STMicroelectronics.X-CUBE-ALGOBUILD.1.3.0
2023-07-20 15:15:30,584 [WARN] PackLoader:240 - Cannot read IP mode file for STMicroelectronics.X-CUBE-AZRTOS-G0.1.1.0
2023-07-20 15:15:30,603 [WARN] PackLoader:240 - Cannot read IP mode file for STMicroelectronics.X-CUBE-NFC4.3.0.0
2023-07-20 15:15:30,611 [WARN] PackLoader:240 - Cannot read IP mode file for STMicroelectronics.FP-ATR-SIGFOX1.3.2.0
2023-07-20 15:15:30,656 [WARN] PackLoader:240 - Cannot read IP mode file for SEGGER.I-CUBE-embOS.1.3.1
2023-07-20 15:15:30,753 [WARN] PackLoader:240 - Cannot read IP mode file for STMicroelectronics.X-CUBE-GNSS1.6.0.0
2023-07-20 15:15:30,816 [WARN] PackLoader:240 - Cannot read IP mode file for STMicroelectronics.X-CUBE-AZRTOS-F4.1.1.0
2023-07-20 15:15:30,838 [WARN] PackLoader:240 - Cannot read IP mode file for wolfSSL.I-CUBE-wolfSSL.5.6.0
2023-07-20 15:15:30,903 [WARN] PackLoader:240 - Cannot read IP mode file for STMicroelectronics.X-CUBE-MEMS1.9.6.0
2023-07-20 15:15:31,067 [WARN] PackLoader:240 - Cannot read IP mode file for emotas.I-CUBE-CANOPEN.1.1.3
2023-07-20 15:15:31,085 [WARN] PackLoader:240 - Cannot read IP mode file for STMicroelectronics.X-CUBE-BLEMGR.2.0.0
2023-07-20 15:15:31,117 [WARN] ConditionMgr:438 - getConditionDescription Invalid condition id : UX DEVICE CLASS RTOS Condition cause : null
2023-07-20 15:15:31,128 [WARN] ConditionMgr:438 - getConditionDescription Invalid condition id : UX DEVICE CLASS RTOS Condition cause : null
2023-07-20 15:15:31,131 [WARN] PackLoader:240 - Cannot read IP mode file for STMicroelectronics.X-CUBE-AZRTOS-H7.3.1.0
2023-07-20 15:15:31,133 [WARN] ConditionMgr:1039 - genDependencies : Invalid condition id : UX DEVICE CLASS RTOS Condition cause : null
2023-07-20 15:15:31,133 [WARN] ConditionMgr:1039 - genDependencies : Invalid condition id : UX DEVICE CLASS RTOS Condition cause : null
2023-07-20 15:15:31,133 [WARN] ConditionMgr:1039 - genDependencies : Invalid condition id : UX DEVICE CLASS RTOS Condition cause : null
2023-07-20 15:15:31,134 [WARN] ConditionMgr:1039 - genDependencies : Invalid condition id : UX DEVICE CLASS RTOS Condition cause : null
2023-07-20 15:15:31,134 [WARN] ConditionMgr:1039 - genDependencies : Invalid condition id : UX DEVICE CLASS RTOS Condition cause : null
2023-07-20 15:15:31,140 [WARN] PackLoader:240 - Cannot read IP mode file for STMicroelectronics.X-CUBE-NFC7.1.0.1
2023-07-20 15:15:31,153 [WARN] PackLoader:240 - Cannot read IP mode file for STMicroelectronics.X-CUBE-NFC7.1.0.0
2023-07-20 15:15:31,169 [WARN] PackLoader:240 - Cannot read IP mode file for STMicroelectronics.X-CUBE-EEPRMA1.4.1.0
2023-07-20 15:15:31,202 [WARN] ConditionMgr:438 - getConditionDescription Invalid condition id : LAN8742 Phy interface Condition cause : null
2023-07-20 15:15:31,203 [WARN] PackLoader:240 - Cannot read IP mode file for STMicroelectronics.X-CUBE-AZRTOS-L4.2.0.0
2023-07-20 15:15:31,204 [WARN] ConditionMgr:1039 - genDependencies : Invalid condition id : LAN8742 Phy interface Condition cause : null
2023-07-20 15:15:31,204 [WARN] ConditionMgr:1039 - genDependencies : Invalid condition id : LAN8742 Phy interface Condition cause : null
2023-07-20 15:15:31,205 [WARN] ConditionMgr:1039 - genDependencies : Invalid condition id : LAN8742 Phy interface Condition cause : null
2023-07-20 15:15:31,222 [WARN] PackLoader:240 - Cannot read IP mode file for STMicroelectronics.X-CUBE-SFXS2LP1.4.0.0
2023-07-20 15:15:31,241 [WARN] PackLoader:240 - Cannot read IP mode file for STMicroelectronics.X-CUBE-ISPU.1.1.0
2023-07-20 15:15:31,257 [WARN] PackLoader:240 - Cannot read IP mode file for STMicroelectronics.X-CUBE-FREERTOS.1.0.1
2023-07-20 15:15:31,285 [WARN] PackLoader:240 - Cannot read IP mode file for STMicroelectronics.X-CUBE-AZRTOS-L5.1.1.0
2023-07-20 15:15:31,301 [WARN] PackLoader:240 - Cannot read IP mode file for STMicroelectronics.X-CUBE-AI.8.0.1
2023-07-20 15:15:31,321 [WARN] PackLoader:240 - Cannot read IP mode file for STMicroelectronics.X-CUBE-SUBG2.5.0.0
2023-07-20 15:15:31,336 [WARN] PackLoader:240 - Cannot read IP mode file for STMicroelectronics.X-CUBE-TOF1.3.3.1
2023-07-20 15:15:31,371 [WARN] PackLoader:240 - Cannot read IP mode file for STMicroelectronics.X-CUBE-AZRTOS-G4.2.0.0
2023-07-20 15:15:31,392 [WARN] PackLoader:240 - Cannot read IP mode file for STMicroelectronics.X-CUBE-TOF1.3.3.0
2023-07-20 15:15:31,415 [WARN] PackLoader:240 - Cannot read IP mode file for portGmbH.I-Cube-SoM-uGOAL.1.1.0
2023-07-20 15:15:31,428 [WARN] PackLoader:240 - Cannot read IP mode file for STMicroelectronics.X-CUBE-ALS.1.0.1
2023-07-20 15:15:31,455 [WARN] PackLoader:240 - Cannot read IP mode file for STMicroelectronics.X-CUBE-AZRTOS-WB.1.1.0
2023-07-20 15:15:31,462 [WARN] PackLoader:240 - Cannot read IP mode file for STMicroelectronics.FP-ATR-ASTRA1.2.0.0
2023-07-20 15:15:31,463 [INFO] ThirdParty:978 - Integrity check success = true
2023-07-20 15:15:31,463 [INFO] IntegrityCheckThread:100 - exiting critical section [integrity check]
2023-07-20 15:15:31,463 [INFO] IntegrityCheckThread:103 - End integrity checks thread
2023-07-20 15:15:31,464 [INFO] ThirdParty:873 - entering critical section [close project]
2023-07-20 15:15:31,465 [INFO] ThirdParty:883 - exiting critical section [close project]
2023-07-20 15:15:31,468 [INFO] PinOutPanel:1499 - setPackage(No Configuration,No Configuration)
2023-07-20 15:15:31,474 [INFO] UtilMem:75 - Begin LoadConfig() Used Memory: 275449320 Bytes (458227712)
2023-07-20 15:17:27,306 [INFO] MicroXplorer:468 - Change Database Path : 
2023-07-20 15:17:27,306 [INFO] MicroXplorer:498 - Change Database Version : DB.6.0.81
2023-07-20 15:17:27,306 [INFO] OpenFileManager:308 - Change cursor
2023-07-20 15:17:27,350 [INFO] Mcu:1937 - Initializing MCU STM32F103C(4-6)Tx STM32F103C6Tx STM32F103C6T6A
2023-07-20 15:17:28,425 [INFO] Context:659 - Trying to add GPIOservice into a context  which must be forbidden
2023-07-20 15:17:28,942 [INFO] RtosManager:555 - Registered RTOS mode: class=CMSIS, group=RTOS, mode=CMSIS_V1, owner=FREERTOS
2023-07-20 15:17:28,942 [INFO] RtosManager:555 - Registered RTOS mode: class=CMSIS, group=RTOS2, mode=CMSIS_V2, owner=FREERTOS
2023-07-20 15:17:28,942 [INFO] RtosManager:555 - Registered RTOS mode: class=RTOS, group=Core, mode=CMSIS_V1, owner=FREERTOS
2023-07-20 15:17:28,942 [INFO] RtosManager:555 - Registered RTOS mode: class=RTOS, group=Core, mode=CMSIS_V2, owner=FREERTOS
2023-07-20 15:17:28,942 [WARN] ModelIntegratedComponent:184 - Missing modes for component STMicroelectronics:FreeRTOS:0.0.1:STMicroelectronics:RTOS:FreeRTOS:Core:::10.2.0:
2023-07-20 15:17:28,962 [WARN] ModelIntegratedComponent:63 - No mode defined for component null
2023-07-20 15:17:28,962 [WARN] ModelIntegratedComponent:63 - No mode defined for component null
2023-07-20 15:17:28,963 [WARN] ModelIntegratedComponent:63 - No mode defined for component null
2023-07-20 15:17:28,963 [WARN] ModelIntegratedComponent:63 - No mode defined for component null
2023-07-20 15:17:28,963 [WARN] ModelIntegratedComponent:63 - No mode defined for component null
2023-07-20 15:17:28,963 [WARN] ModelIntegratedComponent:63 - No mode defined for component null
2023-07-20 15:17:28,963 [WARN] ModelIntegratedComponent:63 - No mode defined for component null
2023-07-20 15:17:28,963 [WARN] ModelIntegratedComponent:63 - No mode defined for component null
2023-07-20 15:17:28,963 [WARN] ModelIntegratedComponent:63 - No mode defined for component null
2023-07-20 15:17:28,963 [WARN] ModelIntegratedComponent:63 - No mode defined for component null
2023-07-20 15:17:28,963 [WARN] ModelIntegratedComponent:63 - No mode defined for component null
2023-07-20 15:17:28,963 [WARN] ModelIntegratedComponent:63 - No mode defined for component null
2023-07-20 15:17:28,963 [WARN] ModelIntegratedComponent:63 - No mode defined for component null
2023-07-20 15:17:28,963 [WARN] ModelIntegratedComponent:63 - No mode defined for component null
2023-07-20 15:17:28,963 [WARN] ModelIntegratedComponent:63 - No mode defined for component null
2023-07-20 15:17:28,963 [WARN] ModelIntegratedComponent:63 - No mode defined for component null
2023-07-20 15:17:28,964 [WARN] ModelIntegratedComponent:63 - No mode defined for component null
2023-07-20 15:17:28,964 [WARN] ModelIntegratedComponent:63 - No mode defined for component null
2023-07-20 15:17:28,964 [WARN] ModelIntegratedComponent:63 - No mode defined for component null
2023-07-20 15:17:28,964 [WARN] ModelIntegratedComponent:63 - No mode defined for component null
2023-07-20 15:17:28,964 [WARN] ModelIntegratedComponent:63 - No mode defined for component null
2023-07-20 15:17:28,964 [WARN] ModelIntegratedComponent:63 - No mode defined for component null
2023-07-20 15:17:28,964 [WARN] ModelIntegratedComponent:63 - No mode defined for component null
2023-07-20 15:17:28,964 [WARN] ModelIntegratedComponent:63 - No mode defined for component null
2023-07-20 15:17:28,964 [WARN] ModelIntegratedComponent:63 - No mode defined for component null
2023-07-20 15:17:28,964 [WARN] ModelIntegratedComponent:63 - No mode defined for component null
2023-07-20 15:17:28,964 [WARN] ModelIntegratedComponent:63 - No mode defined for component null
2023-07-20 15:17:28,964 [WARN] ModelIntegratedComponent:63 - No mode defined for component null
2023-07-20 15:17:28,964 [WARN] ModelIntegratedComponent:63 - No mode defined for component null
2023-07-20 15:17:28,964 [WARN] ModelIntegratedComponent:63 - No mode defined for component null
2023-07-20 15:17:28,964 [WARN] ModelIntegratedComponent:63 - No mode defined for component null
2023-07-20 15:17:28,964 [WARN] ModelIntegratedComponent:63 - No mode defined for component null
2023-07-20 15:17:28,964 [WARN] ModelIntegratedComponent:63 - No mode defined for component null
2023-07-20 15:17:28,988 [INFO] ThirdPartyModel:298 - Start build external matchings
2023-07-20 15:17:29,232 [INFO] ThirdPartyModel:316 - End build external matchings
2023-07-20 15:17:29,257 [INFO] ImportTextPane:194 - (OptionalMessage_ERROR) IP (RCC) : Invalid parameter (FamilyName)
2023-07-20 15:17:29,444 [INFO] UtilMem:75 - End LoadConfig() Used Memory: 429114432 Bytes (488636416)
2023-07-20 15:17:29,577 [INFO] ApiDb:581 - Connected to CubeFinder SQLite database (C:\Users\marci\.stmcufinder\plugins\mcufinder\mcu\cube-finder-db.db)
2023-07-20 15:17:29,675 [INFO] ApiDb:668 - CubeFinder database Data Model version=2.1
2023-07-20 15:17:29,676 [INFO] ApiDb:669 - CubeFinder database Configuration version=3.0.35
2023-07-20 15:17:29,676 [INFO] ApiDb:670 - CubeFinder database generation date=2023-05-12 (1683877179)
2023-07-20 15:17:29,676 [INFO] ApiDb:671 - CubeFinder database FW Pack versions=[FP-ATR-ASTRA1_V2.0.0, FP-SNS-FLIGHT1_V5.0.0, FP-SNS-MOTENV1_V4.3.0, STM32Cube_FW_C0_V1.0.1, STM32Cube_FW_F0_V1.11.4, STM32Cube_FW_F3_V1.11.4, STM32Cube_FW_F4_V1.27.1, STM32Cube_FW_F7_V1.17.0, STM32Cube_FW_G0_V1.6.1, STM32Cube_FW_G4_V1.5.1, STM32Cube_FW_H5_V0.5.1, STM32Cube_FW_H5_V1.0.0, STM32Cube_FW_H7_V1.11.0, STM32Cube_FW_L0_V1.12.2, STM32Cube_FW_L5_V1.5.0, STM32Cube_FW_U5_V1.2.0, STM32Cube_FW_WBA_V1.0.0, STM32Cube_FW_WBA_V1.0.0RC1, STM32Cube_FW_WBA_V1.0.0RC3, STM32Cube_FW_WB_V1.15.0RC1, STM32Cube_FW_WB_V1.16.0, STM32Cube_FW_WB_V1.16.0RC2, STM32Cube_FW_WL_V1.3.0, X-CUBE-ALGOBUILD_V1.3.0, X-CUBE-ALS_V1.0.1, X-CUBE-AZRTOS-F4_V1.1.0, X-CUBE-AZRTOS-F7_V1.1.0, X-CUBE-AZRTOS-G0_V1.1.0, X-CUBE-AZRTOS-G4_V2.0.0, X-CUBE-AZRTOS-H7_V3.1.0, X-CUBE-AZRTOS-L4_V1.0.0, X-CUBE-AZRTOS-L5_V1.1.0, X-CUBE-AZRTOS-WB_V1.1.0, X-CUBE-AZRTOS-WL_V1.0.0, X-CUBE-BLE1_V6.2.4, X-CUBE-BLE2_V3.3.0, X-CUBE-BLEMGR_V2.0.0, X-CUBE-EEPRMA1_V4.1.0, X-CUBE-FREERTOS_V1.0.1, X-CUBE-GNSS1_V6.0.0, X-CUBE-MEMS1_V9.1.0, X-CUBE-MEMS1_V9.4.0, X-CUBE-MEMS1_V9.6.0, X-CUBE-NFC4_V3.0.0, X-CUBE-NFC7_V1.0.0, X-CUBE-SFXS2LP1_V4.0.0, X-CUBE-SUBG2_V5.0.0]
2023-07-20 15:17:32,520 [INFO] ApiDb:240 - Found 297 in-development CPN: [B-G473E-ZEST1S, B-WB1M-WPAN1, B-WL5M-SUBG1, NUCLEO-C031C6, NUCLEO-H503RB, NUCLEO-H563ZI, NUCLEO-U545RE-Q, NUCLEO-U5A5ZJ-Q, NUCLEO-WBA52CG, STEVAL-PROTEUS1, STEVAL-STWINBX1, STM320518-EVAL, STM32C0116-DK, STM32C011D6Y3TR, STM32C011D6Y6TR, STM32C011F4P3, STM32C011F4P6, STM32C011F4U3, STM32C011F4U6TR, STM32C011F6P3, STM32C011F6P6, STM32C011F6U3, STM32C011F6U6TR, STM32C011J4M3, STM32C011J4M6, STM32C011J6M3, STM32C011J6M6, STM32C0316-DK, STM32C031C4T3, STM32C031C4T6, STM32C031C4U3, STM32C031C4U6, STM32C031C6T3, STM32C031C6T6, STM32C031C6U3, STM32C031C6U6, STM32C031F4P3, STM32C031F4P6, STM32C031F6P3, STM32C031F6P6, STM32C031G4U3, STM32C031G4U6, STM32C031G6U3, STM32C031G6U6, STM32C031K4T3, STM32C031K4T6, STM32C031K4U3, STM32C031K4U6, STM32C031K6T3, STM32C031K6T6, STM32C031K6U3, STM32C031K6U6, STM32G071K8TXN, STM32G071K8UXN, STM32G081GBU6N, STM32G081KBT6N, STM32G081KBUXN, STM32G0B1CCT6N, STM32G0B1KCT6, STM32G0B1NEY6TR, STM32G0B1RCT6N, STM32G0C1CCT6, STM32G0C1CCT6N, STM32G0C1CCU6N, STM32G0C1CET6N, STM32G0C1CEU6N, STM32G0C1KCT6, STM32G0C1NEY6TR, STM32G0C1RCI6N, STM32G0C1RCT6N, STM32G0C1REI6N, STM32G0C1RET6N, STM32G0C1VCI6, STM32G0C1VEI6, STM32G471CCT6, STM32G471CCU6, STM32G471CET3, STM32G471CET6, STM32G471CEU3, STM32G471CEU6, STM32G471MCT6, STM32G471MET3, STM32G471MET6, STM32G471MEY6TR, STM32G471QCT6, STM32G471QET3, STM32G471RCT6, STM32G471RET3, STM32G471RET6, STM32G471VCH6, STM32G471VCI6, STM32G471VCT6, STM32G471VEH3, STM32G471VEH6, STM32G471VEI3, STM32G471VEI6, STM32G471VET3, STM32G471VET6, STM32G474CCT6, STM32H503CBT6, STM32H503CBU6, STM32H503EBY6TR, STM32H503KBU6, STM32H503RBT6, STM32H562AGI6, STM32H562AII6, STM32H562IGK6, STM32H562IGT6, STM32H562IIK6, STM32H562IIT6, STM32H562RGT6, STM32H562RGV6, STM32H562RIT6, STM32H562RIV6, STM32H562VGT6, STM32H562VIT6, STM32H562ZGT6, STM32H562ZIT6, STM32H563AGI6, STM32H563AII3Q, STM32H563AII6, STM32H563IGK6, STM32H563IGT6, STM32H563IIK3Q, STM32H563IIK6, STM32H563IIT3Q, STM32H563IIT6, STM32H563MIY3QTR, STM32H563RGT6, STM32H563RGV6, STM32H563RIT6, STM32H563RIV6, STM32H563VGT6, STM32H563VIT3Q, STM32H563VIT6, STM32H563ZGT6, STM32H563ZIT3Q, STM32H563ZIT6, STM32H573AII3Q, STM32H573AII6, STM32H573I-DK, STM32H573IIK3Q, STM32H573IIK6, STM32H573IIT3Q, STM32H573IIT6, STM32H573MIY3QTR, STM32H573RIT6, STM32H573RIV6, STM32H573VIT3Q, STM32H573VIT6, STM32H573ZIT3Q, STM32H573ZIT6, STM32L4R5QGI6STR, STM32MP131AAE3, STM32MP131AAF3, STM32MP131AAG3, STM32MP131CAE3, STM32MP131CAF3, STM32MP131CAG3, STM32MP131DAE7, STM32MP131DAF7, STM32MP131DAG7, STM32MP131FAE7, STM32MP131FAF7, STM32MP131FAG7, STM32MP133AAE3, STM32MP133AAF3, STM32MP133AAG3, STM32MP133CAE3, STM32MP133CAF3, STM32MP133CAG3, STM32MP133DAE7, STM32MP133DAF7, STM32MP133DAG7, STM32MP133FAE7, STM32MP133FAF7, STM32MP133FAG7, STM32MP135AAE3, STM32MP135AAF3, STM32MP135AAG3, STM32MP135CAE3, STM32MP135CAF3, STM32MP135CAG3, STM32MP135DAE7, STM32MP135DAF7, STM32MP135DAG7, STM32MP135F-DK, STM32MP135FAE7, STM32MP135FAF7, STM32MP135FAF7T, STM32MP135FAF7U, STM32MP135FAG7, STM32U535CBT6, STM32U535CBT6Q, STM32U535CBU6, STM32U535CBU6Q, STM32U535CCT6, STM32U535CCT6Q, STM32U535CCU6, STM32U535CCU6Q, STM32U535CET6, STM32U535CET6Q, STM32U535CEU6, STM32U535CEU6Q, STM32U535JEY6QTR, STM32U535NCY6QTR, STM32U535NEY6QTR, STM32U535RBI6, STM32U535RBI6Q, STM32U535RBT6, STM32U535RBT6Q, STM32U535RCI6, STM32U535RCI6Q, STM32U535RCT6, STM32U535RCT6Q, STM32U535REI6, STM32U535REI6Q, STM32U535RET6, STM32U535RET6Q, STM32U535VCI6, STM32U535VCI6Q, STM32U535VCT6, STM32U535VCT6Q, STM32U535VEI6, STM32U535VEI6Q, STM32U535VET6, STM32U535VET6Q, STM32U545CET6, STM32U545CET6Q, STM32U545CEU6, STM32U545CEU6Q, STM32U545JEY6QTR, STM32U545NEY6QTR, STM32U545REI6, STM32U545REI6Q, STM32U545RET6, STM32U545RET6Q, STM32U545VEI6, STM32U545VEI6Q, STM32U545VET6, STM32U545VET6Q, STM32U595AIH6, STM32U595AIH6Q, STM32U595AJH6, STM32U595AJH6Q, STM32U595QII6, STM32U595QII6Q, STM32U595QJI6, STM32U595QJI6Q, STM32U595RIT6, STM32U595RIT6Q, STM32U595RJT6, STM32U595RJT6Q, STM32U595VIT6, STM32U595VIT6Q, STM32U595VJT6, STM32U595VJT6Q, STM32U595ZIT6, STM32U595ZIT6Q, STM32U595ZIY6QTR, STM32U595ZJT6, STM32U595ZJT6Q, STM32U595ZJY6QTR, STM32U599BJY6QTR, STM32U599NIH6Q, STM32U599NJH6Q, STM32U599VIT6Q, STM32U599VJT6, STM32U599VJT6Q, STM32U599ZIT6Q, STM32U599ZIY6QTR, STM32U599ZJT6Q, STM32U599ZJY6QTR, STM32U5A5AJH6, STM32U5A5AJH6Q, STM32U5A5QJI6, STM32U5A5QJI6Q, STM32U5A5RJT6, STM32U5A5RJT6Q, STM32U5A5VJT6, STM32U5A5VJT6Q, STM32U5A5ZJT6, STM32U5A5ZJT6Q, STM32U5A5ZJY6QTR, STM32U5A9BJY6QTR, STM32U5A9J-DK, STM32U5A9NJH6Q, STM32U5A9VJT6Q, STM32U5A9ZJT6Q, STM32U5A9ZJY6QTR, STM32WB1MMCH6, STM32WBA52CEU6, STM32WBA52CEU6T, STM32WBA52CGU6, STM32WBA52CGU6T, STM32WL5MOCH6, STM32WL5MOCH6TR]
2023-07-20 15:17:32,524 [INFO] DbMcus:216 - Found 3775 MCUs, 3775 are supported
2023-07-20 15:17:32,527 [INFO] ApiDb:423 - Load user favorites file C:\Users\marci/.stm32cubeide/favorites.mcus.txt: 0 item(s)
2023-07-20 15:17:32,528 [INFO] ApiDb:427 - User favorites MCUs=[]
2023-07-20 15:17:32,528 [INFO] DbMcus:222 - Set 0 / 0 favorites MCUs
2023-07-20 15:17:33,008 [WARN] ThirdParty:833 - waiting for thirdparty lock release [change project]
2023-07-20 15:17:33,008 [INFO] ThirdParty:835 - entering critical section [change project]
2023-07-20 15:17:33,008 [INFO] ThirdParty:1030 - CMSIS Pack Vendor :STMicroelectronics X-CUBE-ISPU 1.1.0
2023-07-20 15:17:33,008 [INFO] ThirdParty:1030 - CMSIS Pack Vendor :STMicroelectronics X-CUBE-GNSS1 6.0.0
2023-07-20 15:17:33,008 [INFO] ThirdParty:1030 - CMSIS Pack Vendor :STMicroelectronics USB_HOST 2.0.0
2023-07-20 15:17:33,008 [INFO] ThirdParty:1030 - CMSIS Pack Vendor :STMicroelectronics X-CUBE-AZRTOS-F4 1.1.0
2023-07-20 15:17:33,008 [INFO] ThirdParty:1030 - CMSIS Pack Vendor :STMicroelectronics LIBJPEG 8.0.0
2023-07-20 15:17:33,008 [INFO] ThirdParty:1030 - CMSIS Pack Vendor :STMicroelectronics X-CUBE-SMBUS 2.1.0
2023-07-20 15:17:33,009 [INFO] ThirdParty:1030 - CMSIS Pack Vendor :wolfSSL I-CUBE-wolfSSL 5.6.0
2023-07-20 15:17:33,009 [INFO] ThirdParty:1030 - CMSIS Pack Vendor :STMicroelectronics USB_DEVICE 3.0.0
2023-07-20 15:17:33,009 [INFO] ThirdParty:1030 - CMSIS Pack Vendor :STMicroelectronics X-CUBE-FREERTOS 1.0.1
2023-07-20 15:17:33,009 [INFO] ThirdParty:1030 - CMSIS Pack Vendor :STMicroelectronics X-CUBE-AZRTOS-F7 1.1.0
2023-07-20 15:17:33,009 [INFO] ThirdParty:1030 - CMSIS Pack Vendor :STMicroelectronics X-CUBE-TOUCHGFX 4.21.4
2023-07-20 15:17:33,009 [INFO] ThirdParty:1030 - CMSIS Pack Vendor :STMicroelectronics USB_DEVICE 2.0.0
2023-07-20 15:17:33,009 [INFO] ThirdParty:1030 - CMSIS Pack Vendor :STMicroelectronics X-CUBE-MEMS1 9.6.0
2023-07-20 15:17:33,010 [INFO] ThirdParty:1030 - CMSIS Pack Vendor :STMicroelectronics FP-SNS-MOTENV1 4.3.2
2023-07-20 15:17:33,010 [INFO] ThirdParty:1030 - CMSIS Pack Vendor :STMicroelectronics FP-SNS-MOTENV1 4.3.1
2023-07-20 15:17:33,010 [INFO] ThirdParty:1030 - CMSIS Pack Vendor :STMicroelectronics FP-SNS-FLIGHT1 5.0.1
2023-07-20 15:17:33,010 [INFO] ThirdParty:1030 - CMSIS Pack Vendor :STMicroelectronics X-CUBE-ALGOBUILD 1.3.0
2023-07-20 15:17:33,010 [INFO] ThirdParty:1030 - CMSIS Pack Vendor :STMicroelectronics X-CUBE-BLE1 6.2.4
2023-07-20 15:17:33,010 [INFO] ThirdParty:1030 - CMSIS Pack Vendor :STMicroelectronics X-CUBE-AZRTOS-L5 1.1.0
2023-07-20 15:17:33,010 [INFO] ThirdParty:1030 - CMSIS Pack Vendor :STMicroelectronics FreeRTOS 0.0.1
2023-07-20 15:17:33,010 [INFO] ThirdParty:1030 - CMSIS Pack Vendor :STMicroelectronics X-CUBE-AZRTOS-G0 1.1.0
2023-07-20 15:17:33,010 [INFO] ThirdParty:1030 - CMSIS Pack Vendor :emotas I-CUBE-CANOPEN 1.1.3
2023-07-20 15:17:33,010 [INFO] ThirdParty:1030 - CMSIS Pack Vendor :STMicroelectronics X-CUBE-BLEMGR 2.0.0
2023-07-20 15:17:33,010 [INFO] ThirdParty:1030 - CMSIS Pack Vendor :STMicroelectronics X-CUBE-AI 8.0.1
2023-07-20 15:17:33,010 [INFO] ThirdParty:1030 - CMSIS Pack Vendor :STMicroelectronics X-CUBE-NFC4 3.0.0
2023-07-20 15:17:33,010 [INFO] ThirdParty:1030 - CMSIS Pack Vendor :STMicroelectronics X-CUBE-SUBG2 5.0.0
2023-07-20 15:17:33,011 [INFO] ThirdParty:1030 - CMSIS Pack Vendor :STMicroelectronics STM32_WPAN 1.0.0
2023-07-20 15:17:33,011 [INFO] ThirdParty:1030 - CMSIS Pack Vendor :STMicroelectronics lwIP 2.0.3
2023-07-20 15:17:33,011 [INFO] ThirdParty:1030 - CMSIS Pack Vendor :STMicroelectronics FP-SNS-FLIGHT1 5.0.2
2023-07-20 15:17:33,011 [INFO] ThirdParty:1030 - CMSIS Pack Vendor :STMicroelectronics USB_HOST 1.0.0
2023-07-20 15:17:33,011 [INFO] ThirdParty:1030 - CMSIS Pack Vendor :STMicroelectronics X-CUBE-TOF1 3.3.1
2023-07-20 15:17:33,011 [INFO] ThirdParty:1030 - CMSIS Pack Vendor :STMicroelectronics X-CUBE-AZRTOS-G4 2.0.0
2023-07-20 15:17:33,011 [INFO] ThirdParty:1030 - CMSIS Pack Vendor :STMicroelectronics PDM2PCM 3.1.0
2023-07-20 15:17:33,011 [INFO] ThirdParty:1030 - CMSIS Pack Vendor :STMicroelectronics X-CUBE-AZRTOS-H7 3.1.0
2023-07-20 15:17:33,011 [INFO] ThirdParty:1030 - CMSIS Pack Vendor :STMicroelectronics X-CUBE-TOF1 3.3.0
2023-07-20 15:17:33,011 [INFO] ThirdParty:1030 - CMSIS Pack Vendor :STMicroelectronics PDM2PCM 3.3.0
2023-07-20 15:17:33,011 [INFO] ThirdParty:1030 - CMSIS Pack Vendor :STMicroelectronics X-CUBE-DISPLAY 3.0.0
2023-07-20 15:17:33,011 [INFO] ThirdParty:1030 - CMSIS Pack Vendor :STMicroelectronics FP-ATR-SIGFOX1 3.2.0
2023-07-20 15:17:33,011 [INFO] ThirdParty:1030 - CMSIS Pack Vendor :STMicroelectronics HAL Drivers 0.0.0
2023-07-20 15:17:33,011 [INFO] ThirdParty:1030 - CMSIS Pack Vendor :STMicroelectronics MBEDTLS 2.16.2
2023-07-20 15:17:33,011 [INFO] ThirdParty:1030 - CMSIS Pack Vendor :STMicroelectronics X-CUBE-TOUCHGFX 4.22.0
2023-07-20 15:17:33,011 [INFO] ThirdParty:1030 - CMSIS Pack Vendor :STMicroelectronics X-CUBE-NFC7 1.0.1
2023-07-20 15:17:33,011 [INFO] ThirdParty:1030 - CMSIS Pack Vendor :STMicroelectronics MBEDTLS 2.14.1
2023-07-20 15:17:33,011 [INFO] ThirdParty:1030 - CMSIS Pack Vendor :STMicroelectronics X-CUBE-NFC7 1.0.0
2023-07-20 15:17:33,012 [INFO] ThirdParty:1030 - CMSIS Pack Vendor :STMicroelectronics X-CUBE-EEPRMA1 4.1.0
2023-07-20 15:17:33,012 [INFO] ThirdParty:1030 - CMSIS Pack Vendor :portGmbH I-Cube-SoM-uGOAL 1.1.0
2023-07-20 15:17:33,012 [INFO] ThirdParty:1030 - CMSIS Pack Vendor :STMicroelectronics X-CUBE-ALS 1.0.1
2023-07-20 15:17:33,012 [INFO] ThirdParty:1030 - CMSIS Pack Vendor :STMicroelectronics ThreadX 1.0.0
2023-07-20 15:17:33,012 [INFO] ThirdParty:1030 - CMSIS Pack Vendor :STMicroelectronics X-CUBE-AZRTOS-WB 1.1.0
2023-07-20 15:17:33,012 [INFO] ThirdParty:1030 - CMSIS Pack Vendor :STMicroelectronics X-CUBE-AZRTOS-WL 2.0.0
2023-07-20 15:17:33,012 [INFO] ThirdParty:1030 - CMSIS Pack Vendor :SEGGER I-CUBE-embOS 1.3.1
2023-07-20 15:17:33,012 [INFO] ThirdParty:1030 - CMSIS Pack Vendor :STMicroelectronics USB_DEVICE 1.0.0
2023-07-20 15:17:33,014 [INFO] ThirdParty:1030 - CMSIS Pack Vendor :STMicroelectronics X-CUBE-AZRTOS-L4 2.0.0
2023-07-20 15:17:33,014 [INFO] ThirdParty:1030 - CMSIS Pack Vendor :STMicroelectronics ThreadX 0.0.2
2023-07-20 15:17:33,014 [INFO] ThirdParty:1030 - CMSIS Pack Vendor :WES I-CUBE-Cesium 1.3.0
2023-07-20 15:17:33,014 [INFO] ThirdParty:1030 - CMSIS Pack Vendor :STMicroelectronics FP-ATR-ASTRA1 2.0.0
2023-07-20 15:17:33,014 [INFO] ThirdParty:1030 - CMSIS Pack Vendor :STMicroelectronics lwIP 2.1.2
2023-07-20 15:17:33,014 [INFO] ThirdParty:1030 - CMSIS Pack Vendor :STMicroelectronics X-CUBE-SFXS2LP1 4.0.0
2023-07-20 15:17:33,014 [INFO] ThirdParty:1030 - CMSIS Pack Vendor :STMicroelectronics X-CUBE-BLE2 3.3.0
2023-07-20 15:17:33,014 [INFO] ThirdParty:1030 - CMSIS Pack Vendor :STMicroelectronics PDM2PCM 3.2.0
2023-07-20 15:17:33,015 [INFO] ThirdParty:841 - exiting critical section [change project]
2023-07-20 15:17:33,385 [INFO] PinOutPanel:1499 - setPackage(No Configuration,No Configuration)
2023-07-20 15:17:33,387 [INFO] PinOutPanel:1499 - setPackage(STM32F103C6Tx,LQFP48)
2023-07-20 15:17:34,119 [INFO] UtilMem:75 - Before build in PCC Used Memory: 440279744 Bytes (503316480)
2023-07-20 15:17:35,304 [INFO] UtilMem:75 - After build in PCC Used Memory: 456376592 Bytes (503316480)
2023-07-20 15:17:35,373 [INFO] IPUIPlugin:80 - create IPUIPlugin
2023-07-20 15:17:35,373 [INFO] IPUIPlugin:80 - create IPUIPlugin
2023-07-20 15:17:35,373 [INFO] IPUIPlugin:80 - create IPUIPlugin
2023-07-20 15:17:35,373 [INFO] IPUIPlugin:80 - create IPUIPlugin
2023-07-20 15:17:35,373 [INFO] IPUIPlugin:80 - create IPUIPlugin
2023-07-20 15:17:35,373 [INFO] IPUIPlugin:80 - create IPUIPlugin
2023-07-20 15:17:35,374 [INFO] IPUIPlugin:80 - create IPUIPlugin
2023-07-20 15:17:35,374 [INFO] IPUIPlugin:80 - create IPUIPlugin
2023-07-20 15:17:35,374 [INFO] IPUIPlugin:80 - create IPUIPlugin
2023-07-20 15:17:35,374 [INFO] IPUIPlugin:80 - create IPUIPlugin
2023-07-20 15:17:35,374 [INFO] IPUIPlugin:80 - create IPUIPlugin
2023-07-20 15:17:35,375 [INFO] IPUIPlugin:80 - create IPUIPlugin
2023-07-20 15:17:35,375 [INFO] IPUIPlugin:80 - create IPUIPlugin
2023-07-20 15:17:35,375 [INFO] IPUIPlugin:80 - create IPUIPlugin
2023-07-20 15:17:35,375 [INFO] IPUIPlugin:80 - create IPUIPlugin
2023-07-20 15:17:35,376 [INFO] IPUIPlugin:80 - create IPUIPlugin
2023-07-20 15:17:35,376 [INFO] IPUIPlugin:80 - create IPUIPlugin
2023-07-20 15:17:35,376 [INFO] IPUIPlugin:80 - create IPUIPlugin
2023-07-20 15:17:35,377 [INFO] IPUIPlugin:80 - create IPUIPlugin
2023-07-20 15:17:35,377 [INFO] IPUIPlugin:80 - create IPUIPlugin
2023-07-20 15:17:35,377 [INFO] IPUIPlugin:80 - create IPUIPlugin
2023-07-20 15:17:35,378 [INFO] IPUIPlugin:80 - create IPUIPlugin
2023-07-20 15:17:35,378 [INFO] IPUIPlugin:80 - create IPUIPlugin
2023-07-20 15:17:35,663 [INFO] CADModel:165 - CPN selected for project levelSTM32F103C6T6A
2023-07-20 15:17:35,663 [INFO] CADModel:114 - Register for checkConnection events
2023-07-20 15:17:35,720 [INFO] OpenFileManager:328 - Restore cursor
2023-07-20 15:18:11,713 [INFO] Gpio:273 - dependency for GPIO [RCC]
2023-07-20 15:18:21,995 [INFO] Gpio:273 - dependency for GPIO [RCC]
2023-07-20 15:19:13,805 [INFO] ADCParametersView:116 -                Rank 1 : false
2023-07-20 15:19:13,829 [INFO] ADCParametersView:116 -                Rank 1 : false
2023-07-20 15:19:13,829 [INFO] ADCParametersView:116 -                Rank 1 : false
2023-07-20 15:19:13,830 [INFO] ADCParametersView:116 -                Rank 1 : false
2023-07-20 15:19:13,830 [INFO] ADCParametersView:116 -                Rank 1 : false
2023-07-20 15:19:13,831 [INFO] ADCParametersView:116 -                Rank 1 : false
2023-07-20 15:19:13,831 [INFO] ADCParametersView:116 -                Rank 1 : false
2023-07-20 15:19:13,832 [INFO] ADCParametersView:116 -                Rank 1 : false
2023-07-20 15:19:13,832 [INFO] ADCParametersView:116 -                Rank 1 : false
2023-07-20 15:19:13,832 [INFO] ADCParametersView:116 -                Rank 1 : false
2023-07-20 15:19:13,833 [INFO] ADCParametersView:116 -                Rank 1 : false
2023-07-20 15:19:13,841 [INFO] ADCParametersView:116 -                Rank 1 : false
2023-07-20 15:19:13,910 [INFO] NvicIntPanel:101 - NVIC parent = com.st.microxplorer.plugins.ip.nvic.MultiNvicIntPanel[,0,0,0x0,invalid,layout=javax.swing.BoxLayout,alignmentX=0.0,alignmentY=0.0,border=,flags=9,maximumSize=,minimumSize=,preferredSize=]
2023-07-20 15:19:13,989 [INFO] NvicIntPanel:101 - NVIC parent = com.st.microxplorer.plugins.ip.nvic.MultiNvicIntPanel[,0,0,0x0,invalid,layout=javax.swing.BoxLayout,alignmentX=0.0,alignmentY=0.0,border=,flags=9,maximumSize=,minimumSize=,preferredSize=]
2023-07-20 15:19:14,083 [INFO] NvicIntPanel:101 - NVIC parent = com.st.microxplorer.plugins.ip.nvic.MultiNvicIntPanel[,0,0,0x0,invalid,layout=javax.swing.BoxLayout,alignmentX=0.0,alignmentY=0.0,border=,flags=9,maximumSize=,minimumSize=,preferredSize=]
2023-07-20 15:19:14,143 [INFO] ADCParametersView:116 -                Rank 1 : false
2023-07-20 15:19:14,144 [INFO] ADCParametersView:116 -                Rank 1 : false
2023-07-20 15:19:14,144 [INFO] ADCParametersView:116 -                Rank 1 : false
2023-07-20 15:19:14,145 [INFO] ADCParametersView:116 -                Rank 1 : false
2023-07-20 15:19:14,145 [INFO] ADCParametersView:116 -                Rank 1 : false
2023-07-20 15:19:14,145 [INFO] ADCParametersView:116 -                Rank 1 : false
2023-07-20 15:19:14,146 [INFO] ADCParametersView:116 -                Rank 1 : false
2023-07-20 15:19:14,146 [INFO] ADCParametersView:116 -                Rank 1 : false
2023-07-20 15:19:14,146 [INFO] ADCParametersView:116 -                Rank 1 : false
2023-07-20 15:19:14,146 [INFO] ADCParametersView:116 -                Rank 1 : false
2023-07-20 15:19:14,155 [INFO] ADCParametersView:116 -                Rank 1 : false
2023-07-20 15:19:14,179 [INFO] ADCParametersView:116 -                Rank 1 : false
2023-07-20 15:19:14,179 [INFO] ADCParametersView:116 -                Rank 1 : false
2023-07-20 15:19:14,180 [INFO] ADCParametersView:116 -                Rank 1 : false
2023-07-20 15:19:14,180 [INFO] ADCParametersView:116 -                Rank 1 : false
2023-07-20 15:19:14,181 [INFO] ADCParametersView:116 -                Rank 1 : false
2023-07-20 15:19:14,181 [INFO] ADCParametersView:116 -                Rank 1 : false
2023-07-20 15:19:14,181 [INFO] ADCParametersView:116 -                Rank 1 : false
2023-07-20 15:19:14,181 [INFO] ADCParametersView:116 -                Rank 1 : false
2023-07-20 15:19:14,182 [INFO] ADCParametersView:116 -                Rank 1 : false
2023-07-20 15:19:14,182 [INFO] ADCParametersView:116 -                Rank 1 : false
2023-07-20 15:19:14,192 [INFO] ADCParametersView:116 -                Rank 1 : false
2023-07-20 15:19:26,183 [INFO] Gpio:273 - dependency for GPIO [RCC]
2023-07-20 15:29:36,910 [INFO] Gpio:273 - dependency for GPIO [RCC]
2023-07-20 15:29:41,350 [INFO] Gpio:273 - dependency for GPIO [RCC]
2023-07-20 15:30:03,564 [INFO] Gpio:273 - dependency for GPIO [RCC]
2023-07-20 15:30:05,707 [INFO] Gpio:273 - dependency for GPIO [RCC]
2023-07-20 15:30:07,997 [INFO] Gpio:273 - dependency for GPIO [RCC]
2023-07-20 15:30:11,925 [INFO] Gpio:273 - dependency for GPIO [RCC]
2023-07-20 15:30:16,222 [INFO] Gpio:273 - dependency for GPIO [RCC]
2023-07-20 15:30:23,209 [INFO] Gpio:273 - dependency for GPIO [RCC]
2023-07-20 15:30:25,545 [INFO] Gpio:273 - dependency for GPIO [RCC]
2023-07-20 15:30:33,396 [INFO] Gpio:273 - dependency for GPIO [RCC]
2023-07-20 15:30:49,749 [INFO] UtilMem:75 - End SaveConfig() Used Memory: 593719368 Bytes (746586112)
2023-07-20 15:30:51,672 [INFO] UtilMem:75 - End SaveConfig() Used Memory: 528630424 Bytes (746586112)
2023-07-20 15:30:54,327 [INFO] UtilMem:75 - End SaveConfig() Used Memory: 556569680 Bytes (746586112)
2023-07-20 15:30:54,966 [INFO] BlockDiagram:2759 - set Specific Code input for plugin: NVIC
2023-07-20 15:30:54,966 [INFO] BlockDiagram:2759 - set Specific Code input for plugin: GPIO
2023-07-20 15:30:54,967 [INFO] BlockDiagram:2759 - set Specific Code input for plugin: RCC
2023-07-20 15:30:54,970 [INFO] CodeGenerator:793 - code generatio: config db path: D:\STM32CubeIDE_1.12.0\STM32CubeIDE\plugins\com.st.stm32cube.common.mx_6.8.1.202304191431\\db\
2023-07-20 15:30:55,570 [INFO] CodeEngine:255 - oldGeneratedFile, C:\Users\marci\STM32CubeIDE\workspace_1.12.0\malystm\MXTmpFiles\license.tmp_save
2023-07-20 15:30:56,187 [INFO] CodeEngine:279 - Generated code: C:\Users\marci\STM32CubeIDE\workspace_1.12.0\malystm\MXTmpFiles\license.tmp
2023-07-20 15:30:56,346 [INFO] CodeEngine:255 - oldGeneratedFile, C:\Users\marci\STM32CubeIDE\workspace_1.12.0\malystm\MXTmpFiles\gpio.tmp_save
2023-07-20 15:30:56,579 [INFO] CodeEngine:279 - Generated code: C:\Users\marci\STM32CubeIDE\workspace_1.12.0\malystm\MXTmpFiles\gpio.tmp
2023-07-20 15:30:56,630 [INFO] CodeEngine:255 - oldGeneratedFile, C:\Users\marci\STM32CubeIDE\workspace_1.12.0\malystm\Core\Src\stm32f1xx_it.c_save
2023-07-20 15:30:56,839 [INFO] CodeEngine:279 - Generated code: C:\Users\marci\STM32CubeIDE\workspace_1.12.0\malystm\Core\Src\stm32f1xx_it.c
2023-07-20 15:30:56,859 [INFO] CodeEngine:255 - oldGeneratedFile, C:\Users\marci\STM32CubeIDE\workspace_1.12.0\malystm\Core\Inc\stm32f1xx_it.h_save
2023-07-20 15:30:57,027 [INFO] CodeEngine:279 - Generated code: C:\Users\marci\STM32CubeIDE\workspace_1.12.0\malystm\Core\Inc\stm32f1xx_it.h
2023-07-20 15:30:57,109 [INFO] CodeEngine:255 - oldGeneratedFile, C:\Users\marci\STM32CubeIDE\workspace_1.12.0\malystm\Core\Src\stm32f1xx_hal_msp.c_save
2023-07-20 15:30:57,292 [INFO] CodeEngine:279 - Generated code: C:\Users\marci\STM32CubeIDE\workspace_1.12.0\malystm\Core\Src\stm32f1xx_hal_msp.c
2023-07-20 15:30:57,306 [INFO] CodeEngine:255 - oldGeneratedFile, C:\Users\marci\STM32CubeIDE\workspace_1.12.0\malystm\MXTmpFiles\system.tmp_save
2023-07-20 15:30:57,399 [INFO] CodeEngine:279 - Generated code: C:\Users\marci\STM32CubeIDE\workspace_1.12.0\malystm\MXTmpFiles\system.tmp
2023-07-20 15:30:57,439 [INFO] CodeEngine:311 - oldGeneratedFile, C:\Users\marci\STM32CubeIDE\workspace_1.12.0\malystm\Core\Inc\stm32f1xx_hal_conf.h_save
2023-07-20 15:30:57,589 [INFO] CodeEngine:335 - Generated code: C:\Users\marci\STM32CubeIDE\workspace_1.12.0\malystm\Core\Inc\stm32f1xx_hal_conf.h
2023-07-20 15:30:57,681 [INFO] CodeEngine:255 - oldGeneratedFile, C:\Users\marci\STM32CubeIDE\workspace_1.12.0\malystm\Core\Inc\main.h_save
2023-07-20 15:30:57,838 [INFO] CodeEngine:279 - Generated code: C:\Users\marci\STM32CubeIDE\workspace_1.12.0\malystm\Core\Inc\main.h
2023-07-20 15:30:57,869 [INFO] CodeEngine:255 - oldGeneratedFile, C:\Users\marci\STM32CubeIDE\workspace_1.12.0\malystm\Core\Src\main.c_save
2023-07-20 15:30:58,200 [INFO] CodeEngine:279 - Generated code: C:\Users\marci\STM32CubeIDE\workspace_1.12.0\malystm\Core\Src\main.c
2023-07-20 15:30:59,280 [INFO] ProjectBuilder:2996 - Time for Copy HAL[1] : 259mS.
2023-07-20 15:30:59,305 [INFO] ProjectBuilder:4304 - Project Generator version: 3.19.2
2023-07-20 15:30:59,839 [INFO] ConfigFileManager:1483 - The Die is : DIE412
2023-07-20 15:30:59,868 [INFO] ApiDbMcu:507 - Load IP Config File for FATFS
2023-07-20 15:30:59,920 [INFO] ApiDbMcu:507 - Load IP Config File for FREERTOS
2023-07-20 15:30:59,949 [INFO] ApiDbMcu:507 - Load IP Config File for USB_DEVICE
2023-07-20 15:31:01,776 [INFO] LogOutputStream:77 - [STDOUT_REDIRECT] 
2023-07-20 15:31:04,175 [INFO] ProjectBuilder:4505 - Time for Generating toolchain IDE Files: 4868mS.
2023-07-20 15:31:04,179 [INFO] ProjectBuilder:2867 - Time for Copy CMSIS : 1mS.
2023-07-20 15:31:04,183 [INFO] ProjectBuilder:2867 - Time for Copy CMSIS : 0mS.
2023-07-20 15:32:41,883 [INFO] NvicIntPanel:101 - NVIC parent = com.st.microxplorer.plugins.ip.nvic.MultiNvicIntPanel[,0,0,0x0,invalid,layout=javax.swing.BoxLayout,alignmentX=0.0,alignmentY=0.0,border=,flags=9,maximumSize=,minimumSize=,preferredSize=]
2023-07-20 15:32:52,225 [INFO] NvicIntPanel:101 - NVIC parent = com.st.microxplorer.plugins.ip.nvic.MultiNvicIntPanel[,0,0,0x0,invalid,layout=javax.swing.BoxLayout,alignmentX=0.0,alignmentY=0.0,border=,flags=9,maximumSize=,minimumSize=,preferredSize=]
2023-07-20 15:32:55,601 [INFO] NvicIntPanel:101 - NVIC parent = com.st.microxplorer.plugins.ip.nvic.MultiNvicIntPanel[,0,0,0x0,invalid,layout=javax.swing.BoxLayout,alignmentX=0.0,alignmentY=0.0,border=,flags=9,maximumSize=,minimumSize=,preferredSize=]
2023-07-20 15:32:56,600 [INFO] NvicIntPanel:101 - NVIC parent = com.st.microxplorer.plugins.ip.nvic.MultiNvicIntPanel[,0,0,0x0,invalid,layout=javax.swing.BoxLayout,alignmentX=0.0,alignmentY=0.0,border=,flags=9,maximumSize=,minimumSize=,preferredSize=]
2023-07-20 15:33:24,111 [INFO] NvicIntPanel:101 - NVIC parent = com.st.microxplorer.plugins.ip.nvic.MultiNvicIntPanel[,0,0,0x0,invalid,layout=javax.swing.BoxLayout,alignmentX=0.0,alignmentY=0.0,border=,flags=9,maximumSize=,minimumSize=,preferredSize=]
2023-07-20 15:33:24,168 [INFO] NvicIntPanel:101 - NVIC parent = com.st.microxplorer.plugins.ip.nvic.MultiNvicIntPanel[,0,0,0x0,invalid,layout=javax.swing.BoxLayout,alignmentX=0.0,alignmentY=0.0,border=,flags=9,maximumSize=,minimumSize=,preferredSize=]
2023-07-20 15:33:26,004 [INFO] NvicIntPanel:101 - NVIC parent = com.st.microxplorer.plugins.ip.nvic.MultiNvicIntPanel[,0,0,0x0,invalid,layout=javax.swing.BoxLayout,alignmentX=0.0,alignmentY=0.0,border=,flags=9,maximumSize=,minimumSize=,preferredSize=]
2023-07-20 15:33:26,066 [INFO] NvicIntPanel:101 - NVIC parent = com.st.microxplorer.plugins.ip.nvic.MultiNvicIntPanel[,0,0,0x0,invalid,layout=javax.swing.BoxLayout,alignmentX=0.0,alignmentY=0.0,border=,flags=9,maximumSize=,minimumSize=,preferredSize=]
2023-07-20 15:39:03,455 [INFO] UtilMem:75 - End SaveConfig() Used Memory: 661803520 Bytes (854589440)
2023-07-20 15:39:05,058 [INFO] UtilMem:75 - End SaveConfig() Used Memory: 678499256 Bytes (854589440)
2023-07-20 15:39:06,714 [INFO] UtilMem:75 - End SaveConfig() Used Memory: 704272896 Bytes (854589440)
2023-07-20 15:39:07,024 [INFO] BlockDiagram:2759 - set Specific Code input for plugin: SPI
2023-07-20 15:39:07,024 [INFO] BlockDiagram:2759 - set Specific Code input for plugin: NVIC
2023-07-20 15:39:07,024 [INFO] BlockDiagram:2759 - set Specific Code input for plugin: GPIO
2023-07-20 15:39:07,024 [INFO] BlockDiagram:2759 - set Specific Code input for plugin: RCC
2023-07-20 15:39:07,026 [INFO] CodeGenerator:793 - code generatio: config db path: D:\STM32CubeIDE_1.12.0\STM32CubeIDE\plugins\com.st.stm32cube.common.mx_6.8.1.202304191431\\db\
2023-07-20 15:39:07,237 [INFO] CodeEngine:255 - oldGeneratedFile, C:\Users\marci\STM32CubeIDE\workspace_1.12.0\malystm\MXTmpFiles\license.tmp_save
2023-07-20 15:39:07,376 [INFO] CodeEngine:279 - Generated code: C:\Users\marci\STM32CubeIDE\workspace_1.12.0\malystm\MXTmpFiles\license.tmp
2023-07-20 15:39:07,410 [INFO] CodeEngine:255 - oldGeneratedFile, C:\Users\marci\STM32CubeIDE\workspace_1.12.0\malystm\MXTmpFiles\gpio.tmp_save
2023-07-20 15:39:07,586 [INFO] CodeEngine:279 - Generated code: C:\Users\marci\STM32CubeIDE\workspace_1.12.0\malystm\MXTmpFiles\gpio.tmp
2023-07-20 15:39:07,707 [INFO] CodeEngine:255 - oldGeneratedFile, C:\Users\marci\STM32CubeIDE\workspace_1.12.0\malystm\Core\Src\stm32f1xx_it.c_save
2023-07-20 15:39:07,834 [INFO] CodeEngine:279 - Generated code: C:\Users\marci\STM32CubeIDE\workspace_1.12.0\malystm\Core\Src\stm32f1xx_it.c
2023-07-20 15:39:07,845 [INFO] CodeEngine:255 - oldGeneratedFile, C:\Users\marci\STM32CubeIDE\workspace_1.12.0\malystm\Core\Inc\stm32f1xx_it.h_save
2023-07-20 15:39:07,944 [INFO] CodeEngine:279 - Generated code: C:\Users\marci\STM32CubeIDE\workspace_1.12.0\malystm\Core\Inc\stm32f1xx_it.h
2023-07-20 15:39:07,997 [INFO] CodeEngine:255 - oldGeneratedFile, C:\Users\marci\STM32CubeIDE\workspace_1.12.0\malystm\Core\Src\stm32f1xx_hal_msp.c_save
2023-07-20 15:39:08,234 [INFO] CodeEngine:279 - Generated code: C:\Users\marci\STM32CubeIDE\workspace_1.12.0\malystm\Core\Src\stm32f1xx_hal_msp.c
2023-07-20 15:39:08,245 [INFO] CodeEngine:255 - oldGeneratedFile, C:\Users\marci\STM32CubeIDE\workspace_1.12.0\malystm\MXTmpFiles\system.tmp_save
2023-07-20 15:39:08,420 [INFO] CodeEngine:279 - Generated code: C:\Users\marci\STM32CubeIDE\workspace_1.12.0\malystm\MXTmpFiles\system.tmp
2023-07-20 15:39:08,490 [INFO] CodeEngine:311 - oldGeneratedFile, C:\Users\marci\STM32CubeIDE\workspace_1.12.0\malystm\Core\Inc\stm32f1xx_hal_conf.h_save
2023-07-20 15:39:08,663 [INFO] CodeEngine:335 - Generated code: C:\Users\marci\STM32CubeIDE\workspace_1.12.0\malystm\Core\Inc\stm32f1xx_hal_conf.h
2023-07-20 15:39:08,744 [INFO] CodeEngine:255 - oldGeneratedFile, C:\Users\marci\STM32CubeIDE\workspace_1.12.0\malystm\Core\Inc\main.h_save
2023-07-20 15:39:08,911 [INFO] CodeEngine:279 - Generated code: C:\Users\marci\STM32CubeIDE\workspace_1.12.0\malystm\Core\Inc\main.h
2023-07-20 15:39:08,937 [INFO] CodeEngine:255 - oldGeneratedFile, C:\Users\marci\STM32CubeIDE\workspace_1.12.0\malystm\Core\Src\main.c_save
2023-07-20 15:39:09,119 [INFO] CodeEngine:279 - Generated code: C:\Users\marci\STM32CubeIDE\workspace_1.12.0\malystm\Core\Src\main.c
2023-07-20 15:39:09,998 [INFO] ProjectBuilder:2996 - Time for Copy HAL[1] : 238mS.
2023-07-20 15:39:10,003 [INFO] ProjectBuilder:4304 - Project Generator version: 3.19.2
2023-07-20 15:39:10,358 [INFO] ConfigFileManager:1483 - The Die is : DIE412
2023-07-20 15:39:12,439 [INFO] ProjectBuilder:4505 - Time for Generating toolchain IDE Files: 2436mS.
2023-07-20 15:39:12,440 [INFO] ProjectBuilder:2867 - Time for Copy CMSIS : 1mS.
2023-07-20 15:39:12,445 [INFO] ProjectBuilder:2867 - Time for Copy CMSIS : 0mS.
2023-07-20 15:44:57,296 [INFO] DmaTabbedPanel:205 - Cannot restore the selected Tab for DMA
2023-07-20 15:48:02,315 [INFO] Gpio:273 - dependency for GPIO [RCC, SPI1]
2023-07-20 15:48:03,450 [INFO] DmaTabbedPanel:205 - Cannot restore the selected Tab for DMA
