2024-04-23 18:52:06,273 [INFO] Activator:176 - 


2024-04-23 18:52:06,289 [INFO] Activator:177 - !SESSION log4j initialized
2024-04-23 18:52:13,605 [INFO] LogOutputStream:77 - [STDOUT_REDIRECT] 
2024-04-23 18:52:41,627 [ERROR] LogOutputStream:75 - [STDERR_REDIRECT] SLF4J: Failed to load class "org.slf4j.impl.StaticLoggerBinder".
2024-04-23 18:52:41,627 [ERROR] LogOutputStream:75 - [STDERR_REDIRECT] SLF4J: Defaulting to no-operation (NOP) logger implementation
2024-04-23 18:52:41,627 [ERROR] LogOutputStream:75 - [STDERR_REDIRECT] SLF4J: See http://www.slf4j.org/codes.html#StaticLoggerBinder for further details.
2024-04-23 18:53:34,641 [INFO] ApplicationProperties:184 - Using Application install path: D:\STM32CubeIDE_1.12.0\STM32CubeIDE\plugins\com.st.stm32cube.common.mx_6.8.1.202304191431
2024-04-23 18:53:34,667 [INFO] DbMcusXml:78 - Set database path to: D:\STM32CubeIDE_1.12.0\STM32CubeIDE\plugins\com.st.stm32cube.common.mx_6.8.1.202304191431\\db\/mcu/
2024-04-23 18:53:34,667 [INFO] ApiDb:274 - Set plugin database path to: D:\STM32CubeIDE_1.12.0\STM32CubeIDE\plugins\com.st.stm32cube.common.mx_6.8.1.202304191431\\db\/plugins/boardmanager/
2024-04-23 18:53:34,682 [WARN] ApiDb:259 - Overriding images path with different value:  => D:\STM32CubeIDE_1.12.0\STM32CubeIDE\plugins\com.st.stm32cube.common.mx_6.8.1.202304191431\\db\/plugins/mcufinder/images/
2024-04-23 18:53:34,712 [INFO] ApiDb:250 - Set database path to: C:\Users\marci\.stmcufinder\plugins\mcufinder//mcu/
2024-04-23 18:53:34,712 [INFO] DbMcusAds:125 - Set database path to: C:\Users\marci\.stmcufinder\plugins\mcufinder//mcu/
2024-04-23 18:53:35,741 [INFO] CrossReferenceDbSqlite:203 - Set database path to: C:\Users\marci\.stmcufinder\plugins\mcufinder//mcu/cs/
2024-04-23 18:53:35,916 [INFO] RulesReader:64 - Compatibility file has been processed (293 Rules)
2024-04-23 18:53:36,050 [INFO] DbMcusXml:78 - Set database path to: D:\STM32CubeIDE_1.12.0\STM32CubeIDE\plugins\com.st.stm32cube.common.mx_6.8.1.202304191431\\db\/mcu/
2024-04-23 18:53:36,050 [INFO] ApiDb:274 - Set plugin database path to: D:\STM32CubeIDE_1.12.0\STM32CubeIDE\plugins\com.st.stm32cube.common.mx_6.8.1.202304191431\\db\/plugins/boardmanager/
2024-04-23 18:53:36,050 [INFO] ApiDb:261 - Set plugin images path to: D:\STM32CubeIDE_1.12.0\STM32CubeIDE\plugins\com.st.stm32cube.common.mx_6.8.1.202304191431\\db\/plugins/mcufinder/images/
2024-04-23 18:53:36,050 [WARN] DbFile:41 - Overriding database path with different value: C:\Users\marci\.stmcufinder\plugins\mcufinder/ => C:\Users\marci\.stmcufinder\plugins\mcufinder
2024-04-23 18:53:36,050 [INFO] ApiDb:250 - Set database path to: C:\Users\marci\.stmcufinder\plugins\mcufinder//mcu/
2024-04-23 18:53:36,050 [WARN] DbFile:41 - Overriding database path with different value: C:\Users\marci\.stmcufinder\plugins\mcufinder/ => C:\Users\marci\.stmcufinder\plugins\mcufinder
2024-04-23 18:53:36,050 [INFO] DbMcusAds:125 - Set database path to: C:\Users\marci\.stmcufinder\plugins\mcufinder//mcu/
2024-04-23 18:53:36,050 [WARN] DbFile:41 - Overriding database path with different value: C:\Users\marci\.stmcufinder\plugins\mcufinder/ => C:\Users\marci\.stmcufinder\plugins\mcufinder
2024-04-23 18:53:36,050 [WARN] DbFile:41 - Overriding database path with different value: C:\Users\marci\.stmcufinder\plugins\mcufinder/ => C:\Users\marci\.stmcufinder\plugins\mcufinder
2024-04-23 18:53:36,050 [INFO] CrossReferenceDbSqlite:203 - Set database path to: C:\Users\marci\.stmcufinder\plugins\mcufinder//mcu/cs/
2024-04-23 18:53:36,175 [INFO] MainPanel:253 - HeapMemory: 447741952
2024-04-23 18:53:36,314 [INFO] DbMcusXml:78 - Set database path to: D:\STM32CubeIDE_1.12.0\STM32CubeIDE\plugins\com.st.stm32cube.common.mx_6.8.1.202304191431\\db\/mcu/
2024-04-23 18:53:36,314 [INFO] ApiDb:274 - Set plugin database path to: D:\STM32CubeIDE_1.12.0\STM32CubeIDE\plugins\com.st.stm32cube.common.mx_6.8.1.202304191431\\db\/plugins/boardmanager/
2024-04-23 18:53:36,314 [INFO] ApiDb:261 - Set plugin images path to: D:\STM32CubeIDE_1.12.0\STM32CubeIDE\plugins\com.st.stm32cube.common.mx_6.8.1.202304191431\\db\/plugins/mcufinder/images/
2024-04-23 18:53:36,314 [WARN] DbFile:41 - Overriding database path with different value: C:\Users\marci\.stmcufinder\plugins\mcufinder/ => C:\Users\marci\.stmcufinder\plugins\mcufinder
2024-04-23 18:53:36,314 [INFO] ApiDb:250 - Set database path to: C:\Users\marci\.stmcufinder\plugins\mcufinder//mcu/
2024-04-23 18:53:36,314 [WARN] DbFile:41 - Overriding database path with different value: C:\Users\marci\.stmcufinder\plugins\mcufinder/ => C:\Users\marci\.stmcufinder\plugins\mcufinder
2024-04-23 18:53:36,314 [INFO] DbMcusAds:125 - Set database path to: C:\Users\marci\.stmcufinder\plugins\mcufinder//mcu/
2024-04-23 18:53:36,314 [WARN] DbFile:41 - Overriding database path with different value: C:\Users\marci\.stmcufinder\plugins\mcufinder/ => C:\Users\marci\.stmcufinder\plugins\mcufinder
2024-04-23 18:53:36,314 [WARN] DbFile:41 - Overriding database path with different value: C:\Users\marci\.stmcufinder\plugins\mcufinder/ => C:\Users\marci\.stmcufinder\plugins\mcufinder
2024-04-23 18:53:36,314 [INFO] CrossReferenceDbSqlite:203 - Set database path to: C:\Users\marci\.stmcufinder\plugins\mcufinder//mcu/cs/
2024-04-23 18:53:36,350 [INFO] ApplicationProperties:184 - Using Application install path: D:\STM32CubeIDE_1.12.0\STM32CubeIDE\plugins\com.st.stm32cube.common.mx_6.8.1.202304191431
2024-04-23 18:53:36,350 [INFO] PluginManage:196 - Search for loadable plugins [exclusion list=, ]
2024-04-23 18:53:36,350 [INFO] PluginManage:310 - Check plugin analytics
2024-04-23 18:53:41,179 [INFO] AnalyticsPlugin:253 - Accepted Software Licenses: 
2024-04-23 18:53:41,179 [INFO] AnalyticsPlugin:255 - Accepted CMSIS Pack Licenses: 
2024-04-23 18:53:41,179 [INFO] AnalyticsPlugin:257 - Accepted Firmware Licenses: 
2024-04-23 18:53:41,206 [INFO] PluginManage:359 - Loaded plugin analytics (category:tool,tabindex:-1)
2024-04-23 18:53:41,206 [INFO] PluginManage:310 - Check plugin cadmodel
2024-04-23 18:53:41,222 [INFO] CADModel:105 - Init CAD model plugin
2024-04-23 18:53:41,222 [INFO] PluginManage:359 - Loaded plugin cadmodel (category:power,tabindex:5)
2024-04-23 18:53:41,222 [INFO] PluginManage:310 - Check plugin clock
2024-04-23 18:53:41,264 [INFO] PluginManage:359 - Loaded plugin clock (category:base,tabindex:2)
2024-04-23 18:53:41,264 [INFO] PluginManage:310 - Check plugin ddr
2024-04-23 18:53:41,274 [INFO] PluginManage:359 - Loaded plugin ddr (category:tool,tabindex:6)
2024-04-23 18:53:41,274 [INFO] PluginManage:310 - Check plugin filemanager
2024-04-23 18:53:41,538 [INFO] PluginManage:359 - Loaded plugin filemanager (category:base,tabindex:10)
2024-04-23 18:53:41,538 [INFO] PluginManage:310 - Check plugin ipmanager
2024-04-23 18:53:41,548 [INFO] PluginManage:359 - Loaded plugin ipmanager (category:base,tabindex:5)
2024-04-23 18:53:41,548 [INFO] PluginManage:310 - Check plugin lpbam
2024-04-23 18:53:41,574 [INFO] PluginManage:359 - Loaded plugin lpbam (category:base,tabindex:0)
2024-04-23 18:53:41,574 [INFO] PluginManage:310 - Check plugin pinoutandconfiguration
2024-04-23 18:53:41,615 [INFO] PluginManage:359 - Loaded plugin pinoutandconfiguration (category:base,tabindex:1)
2024-04-23 18:53:41,615 [INFO] PluginManage:310 - Check plugin pinoutconfig
2024-04-23 18:53:41,812 [WARN] SupportedApi:132 - Cannot load RTOS API schema: s4s-elt-must-match.1: The content of 'definitions' must match (annotation?, (simpleType | complexType)?, (unique | key | keyref)*)). A problem was found starting at: attribute.
2024-04-23 18:53:42,074 [INFO] PluginManage:359 - Loaded plugin pinoutconfig (category:base,tabindex:0)
2024-04-23 18:53:42,074 [INFO] PluginManage:310 - Check plugin power
2024-04-23 18:53:42,110 [INFO] PluginManage:359 - Loaded plugin power (category:power,tabindex:4)
2024-04-23 18:53:42,110 [INFO] PluginManage:310 - Check plugin projectmanager
2024-04-23 18:53:42,136 [INFO] PluginManage:359 - Loaded plugin projectmanager (category:projectmanager,tabindex:3)
2024-04-23 18:53:42,136 [INFO] PluginManage:310 - Check plugin thirdparty
2024-04-23 18:53:42,523 [WARN] IntegrityCheckThread:84 - waiting for thirdparty lock release [integrity check]
2024-04-23 18:53:42,523 [INFO] PluginManage:359 - Loaded plugin thirdparty (category:base,tabindex:-1)
2024-04-23 18:53:42,523 [INFO] IntegrityCheckThread:86 - entering critical section [integrity check]
2024-04-23 18:53:42,523 [INFO] PluginManage:310 - Check plugin tools
2024-04-23 18:53:42,533 [INFO] ThirdPartyUpdaterWithRetryManager:70 - Updater plugin not ready yet. [1/15]
2024-04-23 18:53:42,574 [INFO] PluginManage:359 - Loaded plugin tools (category:base,tabindex:7)
2024-04-23 18:53:42,574 [INFO] PluginManage:310 - Check plugin tutovideos
2024-04-23 18:53:42,948 [INFO] PluginManage:359 - Loaded plugin tutovideos (category:base,tabindex:-1)
2024-04-23 18:53:42,948 [INFO] PluginManage:310 - Check plugin updater
2024-04-23 18:53:42,979 [INFO] PluginManage:359 - Loaded plugin updater (category:base,tabindex:12)
2024-04-23 18:53:42,979 [INFO] PluginManage:283 - PluginManage : Loaded plugins [15]
2024-04-23 18:53:43,375 [INFO] PinOutPanel:1499 - setPackage(No Configuration,No Configuration)
2024-04-23 18:53:43,488 [INFO] CADModel:165 - CPN selected for project level
2024-04-23 18:53:43,488 [INFO] CADModel:114 - Register for checkConnection events
2024-04-23 18:53:43,524 [INFO] IPUIPlugin:80 - create IPUIPlugin
2024-04-23 18:53:43,524 [INFO] PluginManager:220 - loadIPPluginJar : add adc
2024-04-23 18:53:43,576 [INFO] IPUIPlugin:80 - create IPUIPlugin
2024-04-23 18:53:43,576 [INFO] PluginManager:220 - loadIPPluginJar : add aes
2024-04-23 18:53:43,639 [INFO] IPUIPlugin:80 - create IPUIPlugin
2024-04-23 18:53:43,639 [INFO] PluginManager:220 - loadIPPluginJar : add can
2024-04-23 18:53:43,665 [INFO] IPUIPlugin:80 - create IPUIPlugin
2024-04-23 18:53:43,665 [INFO] PluginManager:220 - loadIPPluginJar : add comp
2024-04-23 18:53:43,701 [INFO] IPUIPlugin:80 - create IPUIPlugin
2024-04-23 18:53:43,701 [INFO] PluginManager:220 - loadIPPluginJar : add cryp
2024-04-23 18:53:43,753 [INFO] IPUIPlugin:80 - create IPUIPlugin
2024-04-23 18:53:43,753 [INFO] PluginManager:220 - loadIPPluginJar : add dfsdm
2024-04-23 18:53:43,763 [INFO] IPUIPlugin:80 - create IPUIPlugin
2024-04-23 18:53:43,763 [INFO] PluginManager:220 - loadIPPluginJar : add dma
2024-04-23 18:53:43,825 [INFO] IPUIPlugin:80 - create IPUIPlugin
2024-04-23 18:53:43,825 [INFO] PluginManager:220 - loadIPPluginJar : add dma3
2024-04-23 18:53:43,851 [INFO] IPUIPlugin:80 - create IPUIPlugin
2024-04-23 18:53:43,851 [INFO] PluginManager:220 - loadIPPluginJar : add fatfs
2024-04-23 18:53:43,925 [INFO] IPUIPlugin:80 - create IPUIPlugin
2024-04-23 18:53:43,925 [INFO] PluginManager:220 - loadIPPluginJar : add fmc
2024-04-23 18:53:43,946 [INFO] IPUIPlugin:80 - create IPUIPlugin
2024-04-23 18:53:43,946 [INFO] PluginManager:220 - loadIPPluginJar : add freertos
2024-04-23 18:53:43,982 [INFO] IPUIPlugin:80 - create IPUIPlugin
2024-04-23 18:53:43,982 [INFO] PluginManager:220 - loadIPPluginJar : add genericplugin
2024-04-23 18:53:44,129 [INFO] IPUIPlugin:80 - create IPUIPlugin
2024-04-23 18:53:44,129 [INFO] PluginManager:220 - loadIPPluginJar : add gfxmmu
2024-04-23 18:53:44,325 [INFO] IPUIPlugin:80 - create IPUIPlugin
2024-04-23 18:53:44,325 [INFO] PluginManager:220 - loadIPPluginJar : add gic
2024-04-23 18:53:44,328 [INFO] IPUIPlugin:80 - create IPUIPlugin
2024-04-23 18:53:44,328 [INFO] PluginManager:220 - loadIPPluginJar : add gpio
2024-04-23 18:53:44,507 [INFO] IPUIPlugin:80 - create IPUIPlugin
2024-04-23 18:53:44,507 [INFO] PluginManager:220 - loadIPPluginJar : add gtzc
2024-04-23 18:53:44,548 [INFO] IPUIPlugin:80 - create IPUIPlugin
2024-04-23 18:53:44,548 [INFO] PluginManager:220 - loadIPPluginJar : add hash
2024-04-23 18:53:44,643 [INFO] IPUIPlugin:80 - create IPUIPlugin
2024-04-23 18:53:44,643 [INFO] PluginManager:220 - loadIPPluginJar : add i2c
2024-04-23 18:53:44,698 [INFO] IPUIPlugin:80 - create IPUIPlugin
2024-04-23 18:53:44,698 [INFO] PluginManager:220 - loadIPPluginJar : add i2s
2024-04-23 18:53:44,776 [INFO] IPUIPlugin:80 - create IPUIPlugin
2024-04-23 18:53:44,776 [INFO] PluginManager:220 - loadIPPluginJar : add i3c
2024-04-23 18:53:44,925 [INFO] IPUIPlugin:80 - create IPUIPlugin
2024-04-23 18:53:44,925 [INFO] PluginManager:220 - loadIPPluginJar : add ipddr
2024-04-23 18:53:45,112 [INFO] IPUIPlugin:80 - create IPUIPlugin
2024-04-23 18:53:45,112 [INFO] PluginManager:220 - loadIPPluginJar : add linkedlist
2024-04-23 18:53:45,169 [INFO] IPUIPlugin:80 - create IPUIPlugin
2024-04-23 18:53:45,169 [INFO] PluginManager:220 - loadIPPluginJar : add lorawan
2024-04-23 18:53:45,220 [INFO] IPUIPlugin:80 - create IPUIPlugin
2024-04-23 18:53:45,220 [INFO] PluginManager:220 - loadIPPluginJar : add ltdc
2024-04-23 18:53:45,230 [INFO] IPUIPlugin:80 - create IPUIPlugin
2024-04-23 18:53:45,230 [INFO] PluginManager:220 - loadIPPluginJar : add mdma
2024-04-23 18:53:45,246 [INFO] IPUIPlugin:80 - create IPUIPlugin
2024-04-23 18:53:45,246 [INFO] PluginManager:220 - loadIPPluginJar : add nvic
2024-04-23 18:53:45,297 [INFO] IPUIPlugin:80 - create IPUIPlugin
2024-04-23 18:53:45,297 [INFO] PluginManager:220 - loadIPPluginJar : add opamp
2024-04-23 18:53:45,401 [INFO] IPUIPlugin:80 - create IPUIPlugin
2024-04-23 18:53:45,401 [INFO] PluginManager:220 - loadIPPluginJar : add openamp
2024-04-23 18:53:45,463 [INFO] IPUIPlugin:80 - create IPUIPlugin
2024-04-23 18:53:45,463 [INFO] PluginManager:220 - loadIPPluginJar : add pdm2pcm
2024-04-23 18:53:45,473 [INFO] IPUIPlugin:80 - create IPUIPlugin
2024-04-23 18:53:45,489 [INFO] PluginManager:220 - loadIPPluginJar : add plateformsettings
2024-04-23 18:53:45,515 [INFO] IPUIPlugin:80 - create IPUIPlugin
2024-04-23 18:53:45,515 [INFO] PluginManager:220 - loadIPPluginJar : add quadspi
2024-04-23 18:53:45,541 [INFO] ThirdPartyUpdaterWithRetryManager:70 - Updater plugin not ready yet. [2/15]
2024-04-23 18:53:45,541 [INFO] IPUIPlugin:80 - create IPUIPlugin
2024-04-23 18:53:45,541 [INFO] PluginManager:220 - loadIPPluginJar : add resmgrutility
2024-04-23 18:53:45,598 [INFO] IPUIPlugin:80 - create IPUIPlugin
2024-04-23 18:53:45,598 [INFO] PluginManager:220 - loadIPPluginJar : add sai
2024-04-23 18:53:45,650 [INFO] IPUIPlugin:80 - create IPUIPlugin
2024-04-23 18:53:45,650 [INFO] PluginManager:220 - loadIPPluginJar : add spi
2024-04-23 18:53:45,790 [INFO] IPUIPlugin:80 - create IPUIPlugin
2024-04-23 18:53:45,790 [INFO] PluginManager:220 - loadIPPluginJar : add stm32_wpan
2024-04-23 18:53:45,826 [INFO] IPUIPlugin:80 - create IPUIPlugin
2024-04-23 18:53:45,826 [INFO] PluginManager:220 - loadIPPluginJar : add tim
2024-04-23 18:53:45,940 [INFO] IPUIPlugin:80 - create IPUIPlugin
2024-04-23 18:53:45,940 [INFO] PluginManager:220 - loadIPPluginJar : add touchsensing
2024-04-23 18:53:45,976 [INFO] IPUIPlugin:80 - create IPUIPlugin
2024-04-23 18:53:45,976 [INFO] PluginManager:220 - loadIPPluginJar : add tracer_emb
2024-04-23 18:53:46,012 [INFO] IPUIPlugin:80 - create IPUIPlugin
2024-04-23 18:53:46,012 [INFO] PluginManager:220 - loadIPPluginJar : add ts
2024-04-23 18:53:46,038 [INFO] IPUIPlugin:80 - create IPUIPlugin
2024-04-23 18:53:46,038 [INFO] PluginManager:220 - loadIPPluginJar : add tsc
2024-04-23 18:53:46,094 [INFO] IPUIPlugin:80 - create IPUIPlugin
2024-04-23 18:53:46,094 [INFO] PluginManager:220 - loadIPPluginJar : add ucpd
2024-04-23 18:53:46,151 [INFO] IPUIPlugin:80 - create IPUIPlugin
2024-04-23 18:53:46,151 [INFO] PluginManager:220 - loadIPPluginJar : add usart
2024-04-23 18:53:46,217 [INFO] IPUIPlugin:80 - create IPUIPlugin
2024-04-23 18:53:46,217 [INFO] PluginManager:220 - loadIPPluginJar : add usbx
2024-04-23 18:53:46,380 [INFO] CADModel:165 - CPN selected for project level
2024-04-23 18:53:46,380 [INFO] CADModel:114 - Register for checkConnection events
2024-04-23 18:53:46,380 [FATAL] Updater:308 - Updater called before beeing initialized
2024-04-23 18:53:46,380 [ERROR] CADModel:125 - Updater not yet initialized, retry later 
2024-04-23 18:53:46,576 [INFO] CADModel:165 - CPN selected for project level
2024-04-23 18:53:46,576 [INFO] CADModel:114 - Register for checkConnection events
2024-04-23 18:53:46,576 [FATAL] Updater:308 - Updater called before beeing initialized
2024-04-23 18:53:46,576 [ERROR] CADModel:125 - Updater not yet initialized, retry later 
2024-04-23 18:53:46,576 [FATAL] Updater:308 - Updater called before beeing initialized
2024-04-23 18:53:46,773 [FATAL] Updater:308 - Updater called before beeing initialized
2024-04-23 18:53:46,799 [INFO] DbMcusAds:53 - JSON generation date=Wed Nov 29 11:52:27 CET 2023 (1701255147200)
2024-04-23 18:53:46,799 [FATAL] Updater:308 - Updater called before beeing initialized
2024-04-23 18:53:46,924 [WARN] DetailPanel:346 - Failed to get advertising image, set to default
2024-04-23 18:53:47,074 [FATAL] Updater:308 - Updater called before beeing initialized
2024-04-23 18:53:47,074 [FATAL] Updater:308 - Updater called before beeing initialized
2024-04-23 18:53:47,074 [FATAL] Updater:308 - Updater called before beeing initialized
2024-04-23 18:53:47,074 [WARN] DetailPanel:346 - Failed to get advertising image, set to default
2024-04-23 18:53:47,074 [FATAL] Updater:308 - Updater called before beeing initialized
2024-04-23 18:53:47,151 [ERROR] Updater:1120 - MainUpdater not yet initialized. External WinMGr cannot be set.
2024-04-23 18:53:47,167 [INFO] Updater:1056 - Updater Version found : 6.8.1
2024-04-23 18:53:47,192 [INFO] ApplicationProperties:184 - Using Application install path: D:\STM32CubeIDE_1.12.0\STM32CubeIDE\plugins\com.st.stm32cube.common.mx_6.8.1.202304191431
2024-04-23 18:53:47,717 [INFO] MainUpdater:2854 - connection check result : 10
2024-04-23 18:53:47,717 [INFO] MainUpdater:3548 - Updater definition file requires update
2024-04-23 18:53:47,717 [INFO] MainUpdater:283 - Updater Check For Update Now.
2024-04-23 18:53:47,717 [INFO] MicroXplorer:498 - Change Database Version : DB.6.0.81
2024-04-23 18:53:47,805 [INFO] ServerAccessManage:473 - Download File updaters.zip
2024-04-23 18:53:47,916 [INFO] FileExtend:240 - Unzip File : updaters.zip
2024-04-23 18:53:47,916 [INFO] FileExtend:255 - Standard Zip Deflate
2024-04-23 18:53:48,561 [WARN] MainUpdater:1187 - Updater busy. Cannot search thirdparties
2024-04-23 18:53:48,561 [INFO] ThirdPartyUpdaterWithRetryManager:96 - Updater plugin is busy. [1/15]
2024-04-23 18:53:48,839 [INFO] ServerAccessManage:473 - Download File PacksControlFlags.xml
2024-04-23 18:53:48,948 [INFO] ServerAccessManage:473 - Download File cubemx.pidx
2024-04-23 18:53:50,073 [INFO] ServerAccessManage:473 - Download File STMicroelectronics.X-CUBE-FREERTOS.pdsc
2024-04-23 18:53:51,515 [WARN] PackLoader:240 - Cannot read IP mode file for STMicroelectronics.X-CUBE-FREERTOS.1.2.0
2024-04-23 18:53:51,541 [INFO] PopulateThirdPartyThread:66 - Ending populate Thread
2024-04-23 18:53:51,541 [INFO] ThirdParty:1030 - CMSIS Pack Vendor :STMicroelectronics X-CUBE-FREERTOS 1.2.0
2024-04-23 18:53:51,551 [INFO] LoadServerUpdatesThread:373 - End of LoadServerUpdate Thread
2024-04-23 18:53:51,587 [WARN] MainUpdater:1187 - Updater busy. Cannot search thirdparties
2024-04-23 18:53:51,587 [INFO] ThirdPartyUpdaterWithRetryManager:96 - Updater plugin is busy. [2/15]
2024-04-23 18:53:51,664 [INFO] CheckServerUpdateThread:120 - End of CheckServer Thread
2024-04-23 18:53:51,824 [INFO] MainUpdater:2854 - connection check result : 10
2024-04-23 18:53:51,824 [INFO] MainUpdater:2854 - connection check result : 10
2024-04-23 18:53:52,073 [INFO] MicroXplorer:468 - Change Database Path : 
2024-04-23 18:53:52,073 [INFO] MicroXplorer:498 - Change Database Version : DB.6.0.81
2024-04-23 18:53:52,073 [WARN] ThirdParty:871 - waiting for thirdparty lock release [close project]
2024-04-23 18:53:54,951 [WARN] PackLoader:240 - Cannot read IP mode file for STMicroelectronics.FP-SNS-MOTENVWB1.1.4.0
2024-04-23 18:53:54,993 [WARN] PackLoader:240 - Cannot read IP mode file for STMicroelectronics.X-CUBE-SMBUS.2.1.0
2024-04-23 18:53:55,004 [WARN] PackLoader:240 - Cannot read IP mode file for STMicroelectronics.X-CUBE-TOUCHGFX.4.23.0
2024-04-23 18:53:55,024 [WARN] PackLoader:240 - Cannot read IP mode file for STMicroelectronics.X-CUBE-TOUCHGFX.4.23.2
2024-04-23 18:53:55,092 [WARN] PackLoader:240 - Cannot read IP mode file for STMicroelectronics.X-CUBE-AZRTOS-F7.1.1.0
2024-04-23 18:53:55,133 [WARN] PackLoader:240 - Cannot read IP mode file for STMicroelectronics.FP-SNS-MOTENV1.4.3.2
2024-04-23 18:53:55,159 [ERROR] RealEvaluatedCondition:428 - Found unsupported composite condition: CLASS='Data Exchange' GROUP='STM32_MetaDataManager'
2024-04-23 18:53:55,159 [ERROR] RealEvaluatedCondition:428 - Found unsupported composite condition: CLASS='Data Exchange' GROUP='STM32_MetaDataManager'
2024-04-23 18:53:55,159 [WARN] PackLoader:240 - Cannot read IP mode file for STMicroelectronics.FP-SNS-MOTENV1.4.3.1
2024-04-23 18:53:55,185 [WARN] PackLoader:240 - Cannot read IP mode file for STMicroelectronics.FP-SNS-FLIGHT1.5.0.1
2024-04-23 18:53:55,211 [WARN] PackLoader:240 - Cannot read IP mode file for STMicroelectronics.X-CUBE-BLE1.6.2.4
2024-04-23 18:53:55,222 [WARN] PackLoader:240 - Cannot read IP mode file for STMicroelectronics.FP-SNS-FLIGHT1.5.0.2
2024-04-23 18:53:55,248 [WARN] PackLoader:240 - Cannot read IP mode file for STMicroelectronics.X-CUBE-DISPLAY.3.0.0
2024-04-23 18:53:55,274 [WARN] PackLoader:240 - Cannot read IP mode file for STMicroelectronics.X-CUBE-BLE1.7.0.0
2024-04-23 18:53:55,284 [WARN] PackLoader:240 - Cannot read IP mode file for STMicroelectronics.X-CUBE-TOUCHGFX.4.22.0
2024-04-23 18:53:55,310 [WARN] PackLoader:240 - Cannot read IP mode file for STMicroelectronics.X-CUBE-TOUCHGFX.4.22.1
2024-04-23 18:53:55,335 [WARN] PackLoader:240 - Cannot read IP mode file for STMicroelectronics.X-CUBE-BLEMGR.3.1.0
2024-04-23 18:53:55,361 [WARN] PackLoader:240 - Cannot read IP mode file for STMicroelectronics.FP-SNS-SMARTAG2.1.2.0
2024-04-23 18:53:55,382 [INFO] LogOutputStream:77 - [STDOUT_REDIRECT] 1 : Invalid condition id : UX_CORESTACK_Condition cause : null
2024-04-23 18:53:55,398 [INFO] LogOutputStream:77 - [STDOUT_REDIRECT] 1 : Invalid condition id : UX_CORESTACK_Condition cause : null
2024-04-23 18:53:55,398 [INFO] LogOutputStream:77 - [STDOUT_REDIRECT] 1 : Invalid condition id : UX_CORESTACK_Condition cause : null
2024-04-23 18:53:55,398 [INFO] LogOutputStream:77 - [STDOUT_REDIRECT] 1 : Invalid condition id : UX_CORESTACK_Condition cause : null
2024-04-23 18:53:55,398 [INFO] LogOutputStream:77 - [STDOUT_REDIRECT] 1 : Invalid condition id : UX_CORESTACK_Condition cause : null
2024-04-23 18:53:55,398 [WARN] PackLoader:240 - Cannot read IP mode file for STMicroelectronics.X-CUBE-AZRTOS-WL.2.0.0
2024-04-23 18:53:55,424 [WARN] PackLoader:240 - Cannot read IP mode file for STMicroelectronics.FP-SNS-MOTENV1.5.0.0
2024-04-23 18:53:55,484 [WARN] PackLoader:240 - Cannot read IP mode file for WES.I-CUBE-Cesium.1.3.0
2024-04-23 18:53:55,521 [WARN] PackLoader:240 - Cannot read IP mode file for STMicroelectronics.X-CUBE-BLE2.3.3.0
2024-04-23 18:53:55,537 [WARN] PackLoader:240 - Cannot read IP mode file for STMicroelectronics.X-CUBE-TCPP.4.1.0
2024-04-23 18:53:55,547 [WARN] PackLoader:240 - Cannot read IP mode file for STMicroelectronics.X-CUBE-TOUCHGFX.4.21.4
2024-04-23 18:53:55,578 [WARN] PackLoader:240 - Cannot read IP mode file for STMicroelectronics.X-CUBE-ALGOBUILD.1.3.0
2024-04-23 18:53:55,627 [WARN] PackLoader:240 - Cannot read IP mode file for STMicroelectronics.X-CUBE-AZRTOS-G0.1.1.0
2024-04-23 18:53:55,665 [WARN] PackLoader:240 - Cannot read IP mode file for STMicroelectronics.X-CUBE-SAFEA1.1.2.2
2024-04-23 18:53:55,696 [WARN] PackLoader:240 - Cannot read IP mode file for STMicroelectronics.X-CUBE-NFC4.3.0.0
2024-04-23 18:53:55,722 [WARN] PackLoader:240 - Cannot read IP mode file for STMicroelectronics.X-CUBE-BLEMGR.3.0.0
2024-04-23 18:53:55,732 [WARN] PackLoader:240 - Cannot read IP mode file for STMicroelectronics.FP-ATR-SIGFOX1.3.2.0
2024-04-23 18:53:55,758 [WARN] PackLoader:240 - Cannot read IP mode file for STMicroelectronics.X-CUBE-EEPRMA1.5.1.0
2024-04-23 18:53:55,826 [WARN] PackLoader:240 - Cannot read IP mode file for SEGGER.I-CUBE-embOS.1.3.1
2024-04-23 18:53:55,893 [WARN] PackLoader:240 - Cannot read IP mode file for STMicroelectronics.X-CUBE-GNSS1.6.0.0
2024-04-23 18:53:55,971 [WARN] PackLoader:240 - Cannot read IP mode file for STMicroelectronics.X-CUBE-AZRTOS-F4.1.1.0
2024-04-23 18:53:55,997 [WARN] PackLoader:240 - Cannot read IP mode file for wolfSSL.I-CUBE-wolfSSL.5.6.0
2024-04-23 18:53:56,007 [WARN] PackLoader:240 - Cannot read IP mode file for STMicroelectronics.X-CUBE-FREERTOS.1.2.0
2024-04-23 18:53:56,060 [WARN] PackLoader:240 - Cannot read IP mode file for STMicroelectronics.X-CUBE-AZRTOS-L5.2.0.0
2024-04-23 18:53:56,148 [WARN] PackLoader:240 - Cannot read IP mode file for STMicroelectronics.X-CUBE-MEMS1.9.6.0
2024-04-23 18:53:56,483 [WARN] PackLoader:240 - Cannot read IP mode file for STMicroelectronics.X-CUBE-EEPRMA1.4.2.0
2024-04-23 18:53:56,524 [WARN] PackLoader:240 - Cannot read IP mode file for STMicroelectronics.X-CUBE-NFC6.3.1.0
2024-04-23 18:53:56,540 [WARN] PackLoader:240 - Cannot read IP mode file for ITTIA_DB.I-CUBE-ITTIADB.8.8.0
2024-04-23 18:53:56,566 [WARN] PackLoader:240 - Cannot read IP mode file for emotas.I-CUBE-CANOPEN.1.1.3
2024-04-23 18:53:56,592 [WARN] PackLoader:240 - Cannot read IP mode file for STMicroelectronics.X-CUBE-BLEMGR.2.0.0
2024-04-23 18:53:56,618 [WARN] PackLoader:240 - Cannot read IP mode file for STMicroelectronics.X-CUBE-AI.9.0.0
2024-04-23 18:53:56,654 [WARN] ConditionMgr:438 - getConditionDescription Invalid condition id : UX DEVICE CLASS RTOS Condition cause : null
2024-04-23 18:53:56,664 [WARN] ConditionMgr:438 - getConditionDescription Invalid condition id : UX DEVICE CLASS RTOS Condition cause : null
2024-04-23 18:53:56,664 [WARN] PackLoader:240 - Cannot read IP mode file for STMicroelectronics.X-CUBE-AZRTOS-H7.3.1.0
2024-04-23 18:53:56,664 [WARN] ConditionMgr:1039 - genDependencies : Invalid condition id : UX DEVICE CLASS RTOS Condition cause : null
2024-04-23 18:53:56,664 [WARN] ConditionMgr:1039 - genDependencies : Invalid condition id : UX DEVICE CLASS RTOS Condition cause : null
2024-04-23 18:53:56,664 [WARN] ConditionMgr:1039 - genDependencies : Invalid condition id : UX DEVICE CLASS RTOS Condition cause : null
2024-04-23 18:53:56,664 [WARN] ConditionMgr:1039 - genDependencies : Invalid condition id : UX DEVICE CLASS RTOS Condition cause : null
2024-04-23 18:53:56,664 [WARN] ConditionMgr:1039 - genDependencies : Invalid condition id : UX DEVICE CLASS RTOS Condition cause : null
2024-04-23 18:53:56,690 [WARN] PackLoader:240 - Cannot read IP mode file for STMicroelectronics.X-CUBE-NFC7.1.0.1
2024-04-23 18:53:56,700 [WARN] PackLoader:240 - Cannot read IP mode file for STMicroelectronics.X-CUBE-NFC7.1.0.0
2024-04-23 18:53:56,757 [WARN] PackLoader:240 - Cannot read IP mode file for STMicroelectronics.X-CUBE-NFC6.3.0.0
2024-04-23 18:53:56,777 [WARN] PackLoader:240 - Cannot read IP mode file for STMicroelectronics.X-CUBE-EEPRMA1.4.1.0
2024-04-23 18:53:56,797 [WARN] PackLoader:240 - Cannot read IP mode file for STMicroelectronics.X-CUBE-AI.8.1.0
2024-04-23 18:53:56,839 [WARN] ConditionMgr:438 - getConditionDescription Invalid condition id : LAN8742 Phy interface Condition cause : null
2024-04-23 18:53:56,849 [WARN] PackLoader:240 - Cannot read IP mode file for STMicroelectronics.X-CUBE-AZRTOS-L4.2.0.0
2024-04-23 18:53:56,849 [WARN] ConditionMgr:1039 - genDependencies : Invalid condition id : LAN8742 Phy interface Condition cause : null
2024-04-23 18:53:56,849 [WARN] ConditionMgr:1039 - genDependencies : Invalid condition id : LAN8742 Phy interface Condition cause : null
2024-04-23 18:53:56,849 [WARN] ConditionMgr:1039 - genDependencies : Invalid condition id : LAN8742 Phy interface Condition cause : null
2024-04-23 18:53:56,882 [WARN] PackLoader:240 - Cannot read IP mode file for STMicroelectronics.X-CUBE-SFXS2LP1.4.0.0
2024-04-23 18:53:56,908 [WARN] PackLoader:240 - Cannot read IP mode file for STMicroelectronics.X-CUBE-ISPU.1.1.0
2024-04-23 18:53:56,934 [WARN] ConditionMgr:438 - getConditionDescription Invalid condition id : UX DEVICE CLASS RTOS Condition cause : null
2024-04-23 18:53:56,934 [WARN] ConditionMgr:438 - getConditionDescription Invalid condition id : UX DEVICE CLASS RTOS Condition cause : null
2024-04-23 18:53:56,934 [WARN] PackLoader:240 - Cannot read IP mode file for STMicroelectronics.X-CUBE-AZRTOS-WB.2.0.0
2024-04-23 18:53:56,934 [WARN] ConditionMgr:1039 - genDependencies : Invalid condition id : UX DEVICE CLASS RTOS Condition cause : null
2024-04-23 18:53:56,934 [WARN] ConditionMgr:1039 - genDependencies : Invalid condition id : UX DEVICE CLASS RTOS Condition cause : null
2024-04-23 18:53:56,934 [WARN] ConditionMgr:1039 - genDependencies : Invalid condition id : UX DEVICE CLASS RTOS Condition cause : null
2024-04-23 18:53:56,934 [WARN] ConditionMgr:1039 - genDependencies : Invalid condition id : UX DEVICE CLASS RTOS Condition cause : null
2024-04-23 18:53:56,934 [WARN] ConditionMgr:1039 - genDependencies : Invalid condition id : UX DEVICE CLASS RTOS Condition cause : null
2024-04-23 18:53:56,949 [WARN] PackLoader:240 - Cannot read IP mode file for STMicroelectronics.X-CUBE-FREERTOS.1.0.1
2024-04-23 18:53:56,985 [WARN] PackLoader:240 - Cannot read IP mode file for STMicroelectronics.X-CUBE-AZRTOS-L5.1.1.0
2024-04-23 18:53:57,004 [WARN] PackLoader:240 - Cannot read IP mode file for STMicroelectronics.X-CUBE-AI.8.0.1
2024-04-23 18:53:57,024 [WARN] PackLoader:240 - Cannot read IP mode file for STMicroelectronics.X-CUBE-SUBG2.5.0.0
2024-04-23 18:53:57,050 [WARN] PackLoader:240 - Cannot read IP mode file for STMicroelectronics.X-CUBE-TOF1.3.3.1
2024-04-23 18:53:57,085 [WARN] PackLoader:240 - Cannot read IP mode file for STMicroelectronics.X-CUBE-AZRTOS-G4.2.0.0
2024-04-23 18:53:57,127 [WARN] PackLoader:240 - Cannot read IP mode file for STMicroelectronics.X-CUBE-TOF1.3.3.0
2024-04-23 18:53:57,168 [WARN] PackLoader:240 - Cannot read IP mode file for Infineon.AIROC-Wi-Fi-Bluetooth-STM32.1.5.1
2024-04-23 18:53:57,178 [WARN] PackLoader:240 - Cannot read IP mode file for STMicroelectronics.FP-SNS-MOTENVWB1.1.3.0
2024-04-23 18:53:57,203 [WARN] PackLoader:240 - Cannot read IP mode file for STMicroelectronics.FP-SNS-MOTENVWB1.1.3.1
2024-04-23 18:53:57,219 [WARN] PackLoader:240 - Cannot read IP mode file for STMicroelectronics.X-CUBE-ISPU.2.0.0
2024-04-23 18:53:57,296 [WARN] PackLoader:240 - Cannot read IP mode file for STMicroelectronics.X-CUBE-MEMS1.10.0.0
2024-04-23 18:53:57,545 [WARN] PackLoader:240 - Cannot read IP mode file for STMicroelectronics.X-CUBE-FREERTOS.1.1.0
2024-04-23 18:53:57,570 [WARN] PackLoader:240 - Cannot read IP mode file for portGmbH.I-Cube-SoM-uGOAL.1.1.0
2024-04-23 18:53:57,586 [WARN] PackLoader:240 - Cannot read IP mode file for STMicroelectronics.X-CUBE-ALS.1.0.1
2024-04-23 18:53:57,622 [WARN] PackLoader:240 - Cannot read IP mode file for STMicroelectronics.X-CUBE-AZRTOS-WB.1.1.0
2024-04-23 18:53:57,679 [WARN] PackLoader:240 - Cannot read IP mode file for STMicroelectronics.X-CUBE-AZRTOS-H7RS.1.0.0
2024-04-23 18:53:57,710 [WARN] PackLoader:240 - Cannot read IP mode file for STMicroelectronics.FP-ATR-ASTRA1.2.0.0
2024-04-23 18:53:57,736 [WARN] PackLoader:240 - Cannot read IP mode file for STMicroelectronics.X-CUBE-TOF1.3.4.0
2024-04-23 18:53:57,772 [WARN] PackLoader:240 - Cannot read IP mode file for STMicroelectronics.X-CUBE-TOF1.3.4.1
2024-04-23 18:53:57,850 [WARN] PackLoader:240 - Cannot read IP mode file for STMicroelectronics.X-CUBE-AZRTOS-H7.3.2.0
2024-04-23 18:53:57,860 [INFO] ThirdParty:978 - Integrity check success = true
2024-04-23 18:53:57,860 [INFO] IntegrityCheckThread:100 - exiting critical section [integrity check]
2024-04-23 18:53:57,860 [INFO] IntegrityCheckThread:103 - End integrity checks thread
2024-04-23 18:53:57,860 [INFO] ThirdParty:873 - entering critical section [close project]
2024-04-23 18:53:57,860 [INFO] ThirdParty:883 - exiting critical section [close project]
2024-04-23 18:53:57,860 [INFO] PinOutPanel:1499 - setPackage(No Configuration,No Configuration)
2024-04-23 18:53:57,875 [INFO] UtilMem:75 - Begin LoadConfig() Used Memory: 636009416 Bytes (683671552)
2024-04-23 18:53:57,885 [INFO] MicroXplorer:468 - Change Database Path : C:/Users/marci/.stm32cubemx/databases/DB.6.0.70/db/
2024-04-23 18:53:57,885 [INFO] MicroXplorer:498 - Change Database Version : DB.6.0.70
2024-04-23 18:54:17,406 [INFO] MicroXplorer:468 - Change Database Path : 
2024-04-23 18:54:17,406 [INFO] MicroXplorer:498 - Change Database Version : DB.6.0.81
2024-04-23 18:54:17,406 [INFO] OpenFileManager:308 - Change cursor
2024-04-23 18:54:17,494 [INFO] Mcu:1937 - Initializing MCU STM32L152RETx STM32L152RETx STM32L152RET6
2024-04-23 18:54:19,922 [INFO] Context:659 - Trying to add GPIOservice into a context  which must be forbidden
2024-04-23 18:54:20,397 [INFO] Rule:228 - rule WakeUp0 Mode is applicable
2024-04-23 18:54:20,397 [INFO] Rule:228 - rule WakeUp0 SIGNAL is applicable
2024-04-23 18:54:20,397 [INFO] Rule:228 - rule WakeUp1 Mode is applicable
2024-04-23 18:54:20,397 [INFO] Rule:228 - rule WakeUp1 SIGNAL is applicable
2024-04-23 18:54:20,397 [INFO] Rule:228 - rule WakeUp2 Mode is applicable
2024-04-23 18:54:20,397 [INFO] Rule:228 - rule WakeUp2 SIGNAL is applicable
2024-04-23 18:54:20,397 [INFO] Rule:228 - rule WakeUp4 Mode is applicable
2024-04-23 18:54:20,397 [INFO] Rule:228 - rule WakeUp4 SIGNAL is applicable
2024-04-23 18:54:20,397 [INFO] Rule:228 - rule WakeUp5 Mode is applicable
2024-04-23 18:54:20,397 [INFO] Rule:228 - rule WakeUp5 SIGNAL is applicable
2024-04-23 18:54:20,397 [INFO] DbConfProperties:307 - Apply Compatibility (0/10 Rules)
2024-04-23 18:54:20,837 [INFO] RtosManager:555 - Registered RTOS mode: class=CMSIS, group=RTOS, mode=CMSIS_V1, owner=FREERTOS
2024-04-23 18:54:20,837 [INFO] RtosManager:555 - Registered RTOS mode: class=CMSIS, group=RTOS2, mode=CMSIS_V2, owner=FREERTOS
2024-04-23 18:54:20,837 [INFO] RtosManager:555 - Registered RTOS mode: class=RTOS, group=Core, mode=CMSIS_V1, owner=FREERTOS
2024-04-23 18:54:20,837 [INFO] RtosManager:555 - Registered RTOS mode: class=RTOS, group=Core, mode=CMSIS_V2, owner=FREERTOS
2024-04-23 18:54:20,837 [WARN] ModelIntegratedComponent:184 - Missing modes for component STMicroelectronics:FreeRTOS:0.0.1:STMicroelectronics:RTOS:FreeRTOS:Core:::10.2.0:
2024-04-23 18:54:20,873 [WARN] ModelIntegratedComponent:63 - No mode defined for component null
2024-04-23 18:54:20,873 [WARN] ModelIntegratedComponent:63 - No mode defined for component null
2024-04-23 18:54:20,873 [WARN] ModelIntegratedComponent:63 - No mode defined for component null
2024-04-23 18:54:20,873 [WARN] ModelIntegratedComponent:63 - No mode defined for component null
2024-04-23 18:54:20,873 [WARN] ModelIntegratedComponent:63 - No mode defined for component null
2024-04-23 18:54:20,873 [WARN] ModelIntegratedComponent:63 - No mode defined for component null
2024-04-23 18:54:20,873 [WARN] ModelIntegratedComponent:63 - No mode defined for component null
2024-04-23 18:54:20,873 [WARN] ModelIntegratedComponent:63 - No mode defined for component null
2024-04-23 18:54:20,873 [WARN] ModelIntegratedComponent:63 - No mode defined for component null
2024-04-23 18:54:20,873 [WARN] ModelIntegratedComponent:63 - No mode defined for component null
2024-04-23 18:54:20,873 [WARN] ModelIntegratedComponent:63 - No mode defined for component null
2024-04-23 18:54:20,873 [WARN] ModelIntegratedComponent:63 - No mode defined for component null
2024-04-23 18:54:20,873 [WARN] ModelIntegratedComponent:63 - No mode defined for component null
2024-04-23 18:54:20,873 [WARN] ModelIntegratedComponent:63 - No mode defined for component null
2024-04-23 18:54:20,873 [WARN] ModelIntegratedComponent:63 - No mode defined for component null
2024-04-23 18:54:20,873 [WARN] ModelIntegratedComponent:63 - No mode defined for component null
2024-04-23 18:54:20,873 [WARN] ModelIntegratedComponent:63 - No mode defined for component null
2024-04-23 18:54:20,873 [WARN] ModelIntegratedComponent:63 - No mode defined for component null
2024-04-23 18:54:20,873 [WARN] ModelIntegratedComponent:63 - No mode defined for component null
2024-04-23 18:54:20,873 [WARN] ModelIntegratedComponent:63 - No mode defined for component null
2024-04-23 18:54:20,873 [WARN] ModelIntegratedComponent:63 - No mode defined for component null
2024-04-23 18:54:20,873 [WARN] ModelIntegratedComponent:63 - No mode defined for component null
2024-04-23 18:54:20,873 [WARN] ModelIntegratedComponent:63 - No mode defined for component null
2024-04-23 18:54:20,873 [WARN] ModelIntegratedComponent:63 - No mode defined for component null
2024-04-23 18:54:20,873 [WARN] ModelIntegratedComponent:63 - No mode defined for component null
2024-04-23 18:54:20,873 [WARN] ModelIntegratedComponent:63 - No mode defined for component null
2024-04-23 18:54:20,873 [WARN] ModelIntegratedComponent:63 - No mode defined for component null
2024-04-23 18:54:20,873 [WARN] ModelIntegratedComponent:63 - No mode defined for component null
2024-04-23 18:54:20,873 [WARN] ModelIntegratedComponent:63 - No mode defined for component null
2024-04-23 18:54:20,873 [WARN] ModelIntegratedComponent:63 - No mode defined for component null
2024-04-23 18:54:20,873 [WARN] ModelIntegratedComponent:63 - No mode defined for component null
2024-04-23 18:54:20,873 [WARN] ModelIntegratedComponent:63 - No mode defined for component null
2024-04-23 18:54:20,873 [WARN] ModelIntegratedComponent:63 - No mode defined for component null
2024-04-23 18:54:21,014 [INFO] ThirdPartyModel:298 - Start build external matchings
2024-04-23 18:54:22,023 [INFO] ThirdPartyModel:316 - End build external matchings
2024-04-23 18:54:22,081 [INFO] ImportTextPane:194 - (OptionalMessage_ERROR) IP (RCC) : Invalid parameter (FamilyName)
2024-04-23 18:54:22,097 [INFO] ImportTextPane:194 - (OptionalMessage_ERROR) IP (RCC) : Parameter (RTCHSEDivFreq_Value) has invalid value (4000000)
2024-04-23 18:54:22,113 [INFO] ImportTextPane:194 - (OptionalMessage_ERROR) IP (RCC) : Invalid parameter (TIMFreq_Value)
2024-04-23 18:54:22,113 [INFO] ImportTextPane:194 - (OptionalMessage_ERROR) IP (RCC) : Invalid parameter (USBOutput)
2024-04-23 18:54:22,549 [INFO] UtilMem:75 - End LoadConfig() Used Memory: 591687312 Bytes (762314752)
2024-04-23 18:54:22,699 [INFO] ApiDb:581 - Connected to CubeFinder SQLite database (C:\Users\marci\.stmcufinder\plugins\mcufinder\mcu\cube-finder-db.db)
2024-04-23 18:54:22,843 [INFO] ApiDb:668 - CubeFinder database Data Model version=2.1
2024-04-23 18:54:22,843 [INFO] ApiDb:669 - CubeFinder database Configuration version=3.0.39
2024-04-23 18:54:22,843 [INFO] ApiDb:670 - CubeFinder database generation date=2024-01-11 (1704964531)
2024-04-23 18:54:22,843 [INFO] ApiDb:671 - CubeFinder database FW Pack versions=[FP-ATR-ASTRA1_V2.0.0, FP-SNS-FLIGHT1_V5.0.1, FP-SNS-FLIGHT1_V5.0.2, FP-SNS-MOTENV1_V4.3.1, FP-SNS-MOTENV1_V4.3.2, FP-SNS-MOTENVWB1_V1.3.1, FP-SNS-SMARTAG2_V1.2.0, STM32Cube_FW_C0_V1.1.0, STM32Cube_FW_F4_V1.28.0, STM32Cube_FW_F7_V1.17.0, STM32Cube_FW_G0_V1.6.2, STM32Cube_FW_G4_V1.5.2, STM32Cube_FW_H5_V0.5.1, STM32Cube_FW_H5_V1.1.1, STM32Cube_FW_H5_V1.2.0RC2, STM32Cube_FW_H7_V1.11.0, STM32Cube_FW_L0_V1.12.2, STM32Cube_FW_L5_V1.5.0, STM32Cube_FW_U5_V1.3.0RC4, STM32Cube_FW_U5_V1.4.0, STM32Cube_FW_WBA_V1.0.0RC1, STM32Cube_FW_WBA_V1.1.0RC1, STM32Cube_FW_WBA_V1.2.0, STM32Cube_FW_WBA_V1.2.0RC2, STM32Cube_FW_WB_V1.15.0RC1, STM32Cube_FW_WB_V1.16.0, STM32Cube_FW_WB_V1.16.0RC2, STM32Cube_FW_WB_V1.18.0, STM32Cube_FW_WL_V1.3.0, X-CUBE-ALGOBUILD_V1.3.0, X-CUBE-ALS_V1.0.1, X-CUBE-AZRTOS-F4_V1.1.0, X-CUBE-AZRTOS-F7_V1.1.0, X-CUBE-AZRTOS-G0_V1.1.0, X-CUBE-AZRTOS-G4_V2.0.0, X-CUBE-AZRTOS-H7_V3.2.0, X-CUBE-AZRTOS-L4_V1.0.0, X-CUBE-AZRTOS-L4_V2.0.0, X-CUBE-AZRTOS-L5_V1.1.0, X-CUBE-AZRTOS-WB_V2.0.0, X-CUBE-AZRTOS-WL_V2.0.0, X-CUBE-BLE1_V7.0.0, X-CUBE-BLE2_V3.3.0, X-CUBE-BLEMGR_V3.0.0, X-CUBE-EEPRMA1_V4.1.0, X-CUBE-EEPRMA1_V4.2.0, X-CUBE-FREERTOS_V1.1.0, X-CUBE-GNSS1_V6.0.0, X-CUBE-MEMS1_V10.0.0, X-CUBE-MEMS1_V9.1.0, X-CUBE-MEMS1_V9.4.0, X-CUBE-MEMS1_V9.6.0, X-CUBE-NFC4_V3.0.0, X-CUBE-NFC7_V1.0.1, X-CUBE-SFXS2LP1_V4.0.0, X-CUBE-SUBG2_V5.0.0, X-CUBE-TOF1_V3.4.0]
2024-04-23 18:54:26,451 [INFO] ApiDb:240 - Found 297 in-development CPN: [B-G473E-ZEST1S, B-WB1M-WPAN1, B-WL5M-SUBG1, NUCLEO-C031C6, NUCLEO-H503RB, NUCLEO-H563ZI, NUCLEO-U545RE-Q, NUCLEO-U5A5ZJ-Q, NUCLEO-WBA52CG, STEVAL-PROTEUS1, STEVAL-STWINBX1, STM320518-EVAL, STM32C0116-DK, STM32C011D6Y3TR, STM32C011D6Y6TR, STM32C011F4P3, STM32C011F4P6, STM32C011F4U3, STM32C011F4U6TR, STM32C011F6P3, STM32C011F6P6, STM32C011F6U3, STM32C011F6U6TR, STM32C011J4M3, STM32C011J4M6, STM32C011J6M3, STM32C011J6M6, STM32C0316-DK, STM32C031C4T3, STM32C031C4T6, STM32C031C4U3, STM32C031C4U6, STM32C031C6T3, STM32C031C6T6, STM32C031C6U3, STM32C031C6U6, STM32C031F4P3, STM32C031F4P6, STM32C031F6P3, STM32C031F6P6, STM32C031G4U3, STM32C031G4U6, STM32C031G6U3, STM32C031G6U6, STM32C031K4T3, STM32C031K4T6, STM32C031K4U3, STM32C031K4U6, STM32C031K6T3, STM32C031K6T6, STM32C031K6U3, STM32C031K6U6, STM32G071K8TXN, STM32G071K8UXN, STM32G081GBU6N, STM32G081KBT6N, STM32G081KBUXN, STM32G0B1CCT6N, STM32G0B1KCT6, STM32G0B1NEY6TR, STM32G0B1RCT6N, STM32G0C1CCT6, STM32G0C1CCT6N, STM32G0C1CCU6N, STM32G0C1CET6N, STM32G0C1CEU6N, STM32G0C1KCT6, STM32G0C1NEY6TR, STM32G0C1RCI6N, STM32G0C1RCT6N, STM32G0C1REI6N, STM32G0C1RET6N, STM32G0C1VCI6, STM32G0C1VEI6, STM32G471CCT6, STM32G471CCU6, STM32G471CET3, STM32G471CET6, STM32G471CEU3, STM32G471CEU6, STM32G471MCT6, STM32G471MET3, STM32G471MET6, STM32G471MEY6TR, STM32G471QCT6, STM32G471QET3, STM32G471RCT6, STM32G471RET3, STM32G471RET6, STM32G471VCH6, STM32G471VCI6, STM32G471VCT6, STM32G471VEH3, STM32G471VEH6, STM32G471VEI3, STM32G471VEI6, STM32G471VET3, STM32G471VET6, STM32G474CCT6, STM32H503CBT6, STM32H503CBU6, STM32H503EBY6TR, STM32H503KBU6, STM32H503RBT6, STM32H562AGI6, STM32H562AII6, STM32H562IGK6, STM32H562IGT6, STM32H562IIK6, STM32H562IIT6, STM32H562RGT6, STM32H562RGV6, STM32H562RIT6, STM32H562RIV6, STM32H562VGT6, STM32H562VIT6, STM32H562ZGT6, STM32H562ZIT6, STM32H563AGI6, STM32H563AII3Q, STM32H563AII6, STM32H563IGK6, STM32H563IGT6, STM32H563IIK3Q, STM32H563IIK6, STM32H563IIT3Q, STM32H563IIT6, STM32H563MIY3QTR, STM32H563RGT6, STM32H563RGV6, STM32H563RIT6, STM32H563RIV6, STM32H563VGT6, STM32H563VIT3Q, STM32H563VIT6, STM32H563ZGT6, STM32H563ZIT3Q, STM32H563ZIT6, STM32H573AII3Q, STM32H573AII6, STM32H573I-DK, STM32H573IIK3Q, STM32H573IIK6, STM32H573IIT3Q, STM32H573IIT6, STM32H573MIY3QTR, STM32H573RIT6, STM32H573RIV6, STM32H573VIT3Q, STM32H573VIT6, STM32H573ZIT3Q, STM32H573ZIT6, STM32L4R5QGI6STR, STM32MP131AAE3, STM32MP131AAF3, STM32MP131AAG3, STM32MP131CAE3, STM32MP131CAF3, STM32MP131CAG3, STM32MP131DAE7, STM32MP131DAF7, STM32MP131DAG7, STM32MP131FAE7, STM32MP131FAF7, STM32MP131FAG7, STM32MP133AAE3, STM32MP133AAF3, STM32MP133AAG3, STM32MP133CAE3, STM32MP133CAF3, STM32MP133CAG3, STM32MP133DAE7, STM32MP133DAF7, STM32MP133DAG7, STM32MP133FAE7, STM32MP133FAF7, STM32MP133FAG7, STM32MP135AAE3, STM32MP135AAF3, STM32MP135AAG3, STM32MP135CAE3, STM32MP135CAF3, STM32MP135CAG3, STM32MP135DAE7, STM32MP135DAF7, STM32MP135DAG7, STM32MP135F-DK, STM32MP135FAE7, STM32MP135FAF7, STM32MP135FAF7T, STM32MP135FAF7U, STM32MP135FAG7, STM32U535CBT6, STM32U535CBT6Q, STM32U535CBU6, STM32U535CBU6Q, STM32U535CCT6, STM32U535CCT6Q, STM32U535CCU6, STM32U535CCU6Q, STM32U535CET6, STM32U535CET6Q, STM32U535CEU6, STM32U535CEU6Q, STM32U535JEY6QTR, STM32U535NCY6QTR, STM32U535NEY6QTR, STM32U535RBI6, STM32U535RBI6Q, STM32U535RBT6, STM32U535RBT6Q, STM32U535RCI6, STM32U535RCI6Q, STM32U535RCT6, STM32U535RCT6Q, STM32U535REI6, STM32U535REI6Q, STM32U535RET6, STM32U535RET6Q, STM32U535VCI6, STM32U535VCI6Q, STM32U535VCT6, STM32U535VCT6Q, STM32U535VEI6, STM32U535VEI6Q, STM32U535VET6, STM32U535VET6Q, STM32U545CET6, STM32U545CET6Q, STM32U545CEU6, STM32U545CEU6Q, STM32U545JEY6QTR, STM32U545NEY6QTR, STM32U545REI6, STM32U545REI6Q, STM32U545RET6, STM32U545RET6Q, STM32U545VEI6, STM32U545VEI6Q, STM32U545VET6, STM32U545VET6Q, STM32U595AIH6, STM32U595AIH6Q, STM32U595AJH6, STM32U595AJH6Q, STM32U595QII6, STM32U595QII6Q, STM32U595QJI6, STM32U595QJI6Q, STM32U595RIT6, STM32U595RIT6Q, STM32U595RJT6, STM32U595RJT6Q, STM32U595VIT6, STM32U595VIT6Q, STM32U595VJT6, STM32U595VJT6Q, STM32U595ZIT6, STM32U595ZIT6Q, STM32U595ZIY6QTR, STM32U595ZJT6, STM32U595ZJT6Q, STM32U595ZJY6QTR, STM32U599BJY6QTR, STM32U599NIH6Q, STM32U599NJH6Q, STM32U599VIT6Q, STM32U599VJT6, STM32U599VJT6Q, STM32U599ZIT6Q, STM32U599ZIY6QTR, STM32U599ZJT6Q, STM32U599ZJY6QTR, STM32U5A5AJH6, STM32U5A5AJH6Q, STM32U5A5QJI6, STM32U5A5QJI6Q, STM32U5A5RJT6, STM32U5A5RJT6Q, STM32U5A5VJT6, STM32U5A5VJT6Q, STM32U5A5ZJT6, STM32U5A5ZJT6Q, STM32U5A5ZJY6QTR, STM32U5A9BJY6QTR, STM32U5A9J-DK, STM32U5A9NJH6Q, STM32U5A9VJT6Q, STM32U5A9ZJT6Q, STM32U5A9ZJY6QTR, STM32WB1MMCH6, STM32WBA52CEU6, STM32WBA52CEU6T, STM32WBA52CGU6, STM32WBA52CGU6T, STM32WL5MOCH6, STM32WL5MOCH6TR]
2024-04-23 18:54:26,451 [INFO] DbMcus:216 - Found 3861 MCUs, 3861 are supported
2024-04-23 18:54:26,451 [INFO] ApiDb:423 - Load user favorites file C:\Users\marci/.stm32cubeide/favorites.mcus.txt: 0 item(s)
2024-04-23 18:54:26,451 [INFO] ApiDb:427 - User favorites MCUs=[]
2024-04-23 18:54:26,451 [INFO] DbMcus:222 - Set 0 / 0 favorites MCUs
2024-04-23 18:54:26,958 [WARN] ThirdParty:833 - waiting for thirdparty lock release [change project]
2024-04-23 18:54:26,958 [INFO] ThirdParty:835 - entering critical section [change project]
2024-04-23 18:54:26,958 [INFO] ThirdParty:1030 - CMSIS Pack Vendor :STMicroelectronics X-CUBE-ISPU 1.1.0
2024-04-23 18:54:26,958 [INFO] ThirdParty:1030 - CMSIS Pack Vendor :STMicroelectronics X-CUBE-GNSS1 6.0.0
2024-04-23 18:54:26,958 [INFO] ThirdParty:1030 - CMSIS Pack Vendor :STMicroelectronics USB_HOST 2.0.0
2024-04-23 18:54:26,958 [INFO] ThirdParty:1030 - CMSIS Pack Vendor :STMicroelectronics FP-SNS-MOTENVWB1 1.4.0
2024-04-23 18:54:26,958 [INFO] ThirdParty:1030 - CMSIS Pack Vendor :STMicroelectronics X-CUBE-AZRTOS-F4 1.1.0
2024-04-23 18:54:26,958 [INFO] ThirdParty:1030 - CMSIS Pack Vendor :STMicroelectronics LIBJPEG 8.0.0
2024-04-23 18:54:26,958 [INFO] ThirdParty:1030 - CMSIS Pack Vendor :STMicroelectronics X-CUBE-SMBUS 2.1.0
2024-04-23 18:54:26,958 [INFO] ThirdParty:1030 - CMSIS Pack Vendor :wolfSSL I-CUBE-wolfSSL 5.6.0
2024-04-23 18:54:26,958 [INFO] ThirdParty:1030 - CMSIS Pack Vendor :STMicroelectronics USB_DEVICE 3.0.0
2024-04-23 18:54:26,958 [INFO] ThirdParty:1030 - CMSIS Pack Vendor :STMicroelectronics X-CUBE-TCPP 4.1.0
2024-04-23 18:54:26,958 [INFO] ThirdParty:1030 - CMSIS Pack Vendor :STMicroelectronics X-CUBE-FREERTOS 1.2.0
2024-04-23 18:54:26,958 [INFO] ThirdParty:1030 - CMSIS Pack Vendor :STMicroelectronics X-CUBE-AZRTOS-WB 2.0.0
2024-04-23 18:54:26,958 [INFO] ThirdParty:1030 - CMSIS Pack Vendor :STMicroelectronics X-CUBE-FREERTOS 1.0.1
2024-04-23 18:54:26,958 [INFO] ThirdParty:1030 - CMSIS Pack Vendor :STMicroelectronics X-CUBE-TOUCHGFX 4.23.0
2024-04-23 18:54:26,958 [INFO] ThirdParty:1030 - CMSIS Pack Vendor :STMicroelectronics X-CUBE-TOUCHGFX 4.23.2
2024-04-23 18:54:26,958 [INFO] ThirdParty:1030 - CMSIS Pack Vendor :STMicroelectronics X-CUBE-AZRTOS-F7 1.1.0
2024-04-23 18:54:26,958 [INFO] ThirdParty:1030 - CMSIS Pack Vendor :STMicroelectronics X-CUBE-TOUCHGFX 4.21.4
2024-04-23 18:54:26,958 [INFO] ThirdParty:1030 - CMSIS Pack Vendor :STMicroelectronics X-CUBE-AZRTOS-L5 2.0.0
2024-04-23 18:54:26,958 [INFO] ThirdParty:1030 - CMSIS Pack Vendor :STMicroelectronics USB_DEVICE 2.0.0
2024-04-23 18:54:26,973 [INFO] ThirdParty:1030 - CMSIS Pack Vendor :STMicroelectronics X-CUBE-MEMS1 9.6.0
2024-04-23 18:54:26,973 [INFO] ThirdParty:1030 - CMSIS Pack Vendor :STMicroelectronics X-CUBE-EEPRMA1 4.2.0
2024-04-23 18:54:26,973 [INFO] ThirdParty:1030 - CMSIS Pack Vendor :STMicroelectronics X-CUBE-NFC6 3.1.0
2024-04-23 18:54:26,973 [INFO] ThirdParty:1030 - CMSIS Pack Vendor :ITTIA_DB I-CUBE-ITTIADB 8.8.0
2024-04-23 18:54:26,973 [INFO] ThirdParty:1030 - CMSIS Pack Vendor :STMicroelectronics FP-SNS-MOTENV1 4.3.2
2024-04-23 18:54:26,973 [INFO] ThirdParty:1030 - CMSIS Pack Vendor :STMicroelectronics FP-SNS-MOTENV1 4.3.1
2024-04-23 18:54:26,973 [INFO] ThirdParty:1030 - CMSIS Pack Vendor :STMicroelectronics FP-SNS-FLIGHT1 5.0.1
2024-04-23 18:54:26,973 [INFO] ThirdParty:1030 - CMSIS Pack Vendor :STMicroelectronics X-CUBE-ALGOBUILD 1.3.0
2024-04-23 18:54:26,973 [INFO] ThirdParty:1030 - CMSIS Pack Vendor :STMicroelectronics X-CUBE-BLE1 6.2.4
2024-04-23 18:54:26,973 [INFO] ThirdParty:1030 - CMSIS Pack Vendor :STMicroelectronics X-CUBE-AZRTOS-L5 1.1.0
2024-04-23 18:54:26,973 [INFO] ThirdParty:1030 - CMSIS Pack Vendor :STMicroelectronics FreeRTOS 0.0.1
2024-04-23 18:54:26,973 [INFO] ThirdParty:1030 - CMSIS Pack Vendor :STMicroelectronics X-CUBE-AZRTOS-G0 1.1.0
2024-04-23 18:54:26,973 [INFO] ThirdParty:1030 - CMSIS Pack Vendor :emotas I-CUBE-CANOPEN 1.1.3
2024-04-23 18:54:26,973 [INFO] ThirdParty:1030 - CMSIS Pack Vendor :STMicroelectronics X-CUBE-BLEMGR 2.0.0
2024-04-23 18:54:26,973 [INFO] ThirdParty:1030 - CMSIS Pack Vendor :STMicroelectronics X-CUBE-AI 8.0.1
2024-04-23 18:54:26,973 [INFO] ThirdParty:1030 - CMSIS Pack Vendor :STMicroelectronics X-CUBE-SAFEA1 1.2.2
2024-04-23 18:54:26,973 [INFO] ThirdParty:1030 - CMSIS Pack Vendor :STMicroelectronics X-CUBE-NFC4 3.0.0
2024-04-23 18:54:26,973 [INFO] ThirdParty:1030 - CMSIS Pack Vendor :STMicroelectronics X-CUBE-SUBG2 5.0.0
2024-04-23 18:54:26,973 [INFO] ThirdParty:1030 - CMSIS Pack Vendor :STMicroelectronics STM32_WPAN 1.0.0
2024-04-23 18:54:26,973 [INFO] ThirdParty:1030 - CMSIS Pack Vendor :STMicroelectronics lwIP 2.0.3
2024-04-23 18:54:26,973 [INFO] ThirdParty:1030 - CMSIS Pack Vendor :STMicroelectronics FP-SNS-FLIGHT1 5.0.2
2024-04-23 18:54:26,973 [INFO] ThirdParty:1030 - CMSIS Pack Vendor :STMicroelectronics USB_HOST 1.0.0
2024-04-23 18:54:26,973 [INFO] ThirdParty:1030 - CMSIS Pack Vendor :STMicroelectronics X-CUBE-TOF1 3.3.1
2024-04-23 18:54:26,973 [INFO] ThirdParty:1030 - CMSIS Pack Vendor :STMicroelectronics X-CUBE-AI 9.0.0
2024-04-23 18:54:26,973 [INFO] ThirdParty:1030 - CMSIS Pack Vendor :STMicroelectronics X-CUBE-AZRTOS-G4 2.0.0
2024-04-23 18:54:26,973 [INFO] ThirdParty:1030 - CMSIS Pack Vendor :STMicroelectronics PDM2PCM 3.1.0
2024-04-23 18:54:26,973 [INFO] ThirdParty:1030 - CMSIS Pack Vendor :STMicroelectronics X-CUBE-AZRTOS-H7 3.1.0
2024-04-23 18:54:26,973 [INFO] ThirdParty:1030 - CMSIS Pack Vendor :STMicroelectronics X-CUBE-TOF1 3.3.0
2024-04-23 18:54:26,973 [INFO] ThirdParty:1030 - CMSIS Pack Vendor :Infineon AIROC-Wi-Fi-Bluetooth-STM32 1.5.1
2024-04-23 18:54:26,973 [INFO] ThirdParty:1030 - CMSIS Pack Vendor :STMicroelectronics X-CUBE-BLEMGR 3.0.0
2024-04-23 18:54:26,973 [INFO] ThirdParty:1030 - CMSIS Pack Vendor :STMicroelectronics PDM2PCM 3.3.0
2024-04-23 18:54:26,973 [INFO] ThirdParty:1030 - CMSIS Pack Vendor :STMicroelectronics X-CUBE-DISPLAY 3.0.0
2024-04-23 18:54:26,973 [INFO] ThirdParty:1030 - CMSIS Pack Vendor :STMicroelectronics FP-SNS-MOTENVWB1 1.3.0
2024-04-23 18:54:26,973 [INFO] ThirdParty:1030 - CMSIS Pack Vendor :STMicroelectronics FP-SNS-MOTENVWB1 1.3.1
2024-04-23 18:54:26,973 [INFO] ThirdParty:1030 - CMSIS Pack Vendor :STMicroelectronics X-CUBE-BLE1 7.0.0
2024-04-23 18:54:26,973 [INFO] ThirdParty:1030 - CMSIS Pack Vendor :STMicroelectronics FP-ATR-SIGFOX1 3.2.0
2024-04-23 18:54:26,973 [INFO] ThirdParty:1030 - CMSIS Pack Vendor :STMicroelectronics X-CUBE-ISPU 2.0.0
2024-04-23 18:54:26,973 [INFO] ThirdParty:1030 - CMSIS Pack Vendor :STMicroelectronics X-CUBE-EEPRMA1 5.1.0
2024-04-23 18:54:26,973 [INFO] ThirdParty:1030 - CMSIS Pack Vendor :STMicroelectronics HAL Drivers 0.0.0
2024-04-23 18:54:26,973 [INFO] ThirdParty:1030 - CMSIS Pack Vendor :STMicroelectronics MBEDTLS 2.16.2
2024-04-23 18:54:26,973 [INFO] ThirdParty:1030 - CMSIS Pack Vendor :STMicroelectronics X-CUBE-MEMS1 10.0.0
2024-04-23 18:54:26,973 [INFO] ThirdParty:1030 - CMSIS Pack Vendor :STMicroelectronics X-CUBE-FREERTOS 1.1.0
2024-04-23 18:54:26,973 [INFO] ThirdParty:1030 - CMSIS Pack Vendor :STMicroelectronics X-CUBE-TOUCHGFX 4.22.0
2024-04-23 18:54:26,973 [INFO] ThirdParty:1030 - CMSIS Pack Vendor :STMicroelectronics X-CUBE-NFC7 1.0.1
2024-04-23 18:54:26,973 [INFO] ThirdParty:1030 - CMSIS Pack Vendor :STMicroelectronics MBEDTLS 2.14.1
2024-04-23 18:54:26,973 [INFO] ThirdParty:1030 - CMSIS Pack Vendor :STMicroelectronics X-CUBE-NFC7 1.0.0
2024-04-23 18:54:26,973 [INFO] ThirdParty:1030 - CMSIS Pack Vendor :STMicroelectronics X-CUBE-TOUCHGFX 4.22.1
2024-04-23 18:54:26,973 [INFO] ThirdParty:1030 - CMSIS Pack Vendor :STMicroelectronics X-CUBE-NFC6 3.0.0
2024-04-23 18:54:26,973 [INFO] ThirdParty:1030 - CMSIS Pack Vendor :STMicroelectronics X-CUBE-EEPRMA1 4.1.0
2024-04-23 18:54:26,973 [INFO] ThirdParty:1030 - CMSIS Pack Vendor :portGmbH I-Cube-SoM-uGOAL 1.1.0
2024-04-23 18:54:26,973 [INFO] ThirdParty:1030 - CMSIS Pack Vendor :STMicroelectronics X-CUBE-ALS 1.0.1
2024-04-23 18:54:26,973 [INFO] ThirdParty:1030 - CMSIS Pack Vendor :STMicroelectronics X-CUBE-BLEMGR 3.1.0
2024-04-23 18:54:26,973 [INFO] ThirdParty:1030 - CMSIS Pack Vendor :STMicroelectronics ThreadX 1.0.0
2024-04-23 18:54:26,973 [INFO] ThirdParty:1030 - CMSIS Pack Vendor :STMicroelectronics FP-SNS-SMARTAG2 1.2.0
2024-04-23 18:54:26,973 [INFO] ThirdParty:1030 - CMSIS Pack Vendor :STMicroelectronics X-CUBE-AZRTOS-WB 1.1.0
2024-04-23 18:54:26,973 [INFO] ThirdParty:1030 - CMSIS Pack Vendor :STMicroelectronics X-CUBE-AZRTOS-WL 2.0.0
2024-04-23 18:54:26,973 [INFO] ThirdParty:1030 - CMSIS Pack Vendor :SEGGER I-CUBE-embOS 1.3.1
2024-04-23 18:54:26,973 [INFO] ThirdParty:1030 - CMSIS Pack Vendor :STMicroelectronics FP-SNS-MOTENV1 5.0.0
2024-04-23 18:54:26,973 [INFO] ThirdParty:1030 - CMSIS Pack Vendor :STMicroelectronics USB_DEVICE 1.0.0
2024-04-23 18:54:26,973 [INFO] ThirdParty:1030 - CMSIS Pack Vendor :STMicroelectronics X-CUBE-AI 8.1.0
2024-04-23 18:54:26,973 [INFO] ThirdParty:1030 - CMSIS Pack Vendor :STMicroelectronics X-CUBE-AZRTOS-H7RS 1.0.0
2024-04-23 18:54:26,973 [INFO] ThirdParty:1030 - CMSIS Pack Vendor :STMicroelectronics X-CUBE-AZRTOS-L4 2.0.0
2024-04-23 18:54:26,973 [INFO] ThirdParty:1030 - CMSIS Pack Vendor :STMicroelectronics ThreadX 0.0.2
2024-04-23 18:54:26,973 [INFO] ThirdParty:1030 - CMSIS Pack Vendor :WES I-CUBE-Cesium 1.3.0
2024-04-23 18:54:26,973 [INFO] ThirdParty:1030 - CMSIS Pack Vendor :STMicroelectronics FP-ATR-ASTRA1 2.0.0
2024-04-23 18:54:26,973 [INFO] ThirdParty:1030 - CMSIS Pack Vendor :STMicroelectronics lwIP 2.1.2
2024-04-23 18:54:26,973 [INFO] ThirdParty:1030 - CMSIS Pack Vendor :STMicroelectronics X-CUBE-SFXS2LP1 4.0.0
2024-04-23 18:54:26,973 [INFO] ThirdParty:1030 - CMSIS Pack Vendor :STMicroelectronics X-CUBE-BLE2 3.3.0
2024-04-23 18:54:26,973 [INFO] ThirdParty:1030 - CMSIS Pack Vendor :STMicroelectronics X-CUBE-TOF1 3.4.0
2024-04-23 18:54:26,973 [INFO] ThirdParty:1030 - CMSIS Pack Vendor :STMicroelectronics X-CUBE-TOF1 3.4.1
2024-04-23 18:54:26,973 [INFO] ThirdParty:1030 - CMSIS Pack Vendor :STMicroelectronics X-CUBE-AZRTOS-H7 3.2.0
2024-04-23 18:54:26,973 [INFO] ThirdParty:1030 - CMSIS Pack Vendor :STMicroelectronics PDM2PCM 3.2.0
2024-04-23 18:54:26,973 [INFO] ThirdParty:841 - exiting critical section [change project]
2024-04-23 18:54:27,654 [INFO] PinOutPanel:1499 - setPackage(No Configuration,No Configuration)
2024-04-23 18:54:27,654 [INFO] PinOutPanel:1499 - setPackage(STM32L152RETx,LQFP64)
2024-04-23 18:54:28,433 [INFO] UtilMem:75 - Before build in PCC Used Memory: 633033728 Bytes (762314752)
2024-04-23 18:54:29,549 [INFO] UtilMem:75 - After build in PCC Used Memory: 651828080 Bytes (762314752)
2024-04-23 18:54:29,590 [INFO] IPUIPlugin:80 - create IPUIPlugin
2024-04-23 18:54:29,590 [INFO] IPUIPlugin:80 - create IPUIPlugin
2024-04-23 18:54:29,590 [INFO] IPUIPlugin:80 - create IPUIPlugin
2024-04-23 18:54:29,590 [INFO] IPUIPlugin:80 - create IPUIPlugin
2024-04-23 18:54:29,590 [INFO] IPUIPlugin:80 - create IPUIPlugin
2024-04-23 18:54:29,600 [INFO] IPUIPlugin:80 - create IPUIPlugin
2024-04-23 18:54:29,600 [INFO] IPUIPlugin:80 - create IPUIPlugin
2024-04-23 18:54:29,600 [INFO] IPUIPlugin:80 - create IPUIPlugin
2024-04-23 18:54:29,600 [INFO] IPUIPlugin:80 - create IPUIPlugin
2024-04-23 18:54:29,600 [INFO] IPUIPlugin:80 - create IPUIPlugin
2024-04-23 18:54:29,600 [INFO] IPUIPlugin:80 - create IPUIPlugin
2024-04-23 18:54:29,600 [INFO] IPUIPlugin:80 - create IPUIPlugin
2024-04-23 18:54:29,600 [INFO] IPUIPlugin:80 - create IPUIPlugin
2024-04-23 18:54:29,600 [INFO] IPUIPlugin:80 - create IPUIPlugin
2024-04-23 18:54:29,600 [INFO] IPUIPlugin:80 - create IPUIPlugin
2024-04-23 18:54:29,600 [INFO] IPUIPlugin:80 - create IPUIPlugin
2024-04-23 18:54:29,600 [INFO] IPUIPlugin:80 - create IPUIPlugin
2024-04-23 18:54:29,600 [INFO] IPUIPlugin:80 - create IPUIPlugin
2024-04-23 18:54:29,600 [INFO] IPUIPlugin:80 - create IPUIPlugin
2024-04-23 18:54:29,600 [INFO] IPUIPlugin:80 - create IPUIPlugin
2024-04-23 18:54:29,600 [INFO] IPUIPlugin:80 - create IPUIPlugin
2024-04-23 18:54:29,600 [INFO] IPUIPlugin:80 - create IPUIPlugin
2024-04-23 18:54:29,616 [INFO] IPUIPlugin:80 - create IPUIPlugin
2024-04-23 18:54:29,616 [INFO] IPUIPlugin:80 - create IPUIPlugin
2024-04-23 18:54:29,616 [INFO] IPUIPlugin:80 - create IPUIPlugin
2024-04-23 18:54:29,616 [INFO] IPUIPlugin:80 - create IPUIPlugin
2024-04-23 18:54:29,616 [INFO] IPUIPlugin:80 - create IPUIPlugin
2024-04-23 18:54:29,616 [INFO] IPUIPlugin:80 - create IPUIPlugin
2024-04-23 18:54:29,616 [INFO] IPUIPlugin:80 - create IPUIPlugin
2024-04-23 18:54:29,616 [INFO] IPUIPlugin:80 - create IPUIPlugin
2024-04-23 18:54:29,616 [INFO] IPUIPlugin:80 - create IPUIPlugin
2024-04-23 18:54:29,626 [INFO] IPUIPlugin:80 - create IPUIPlugin
2024-04-23 18:54:29,626 [INFO] IPUIPlugin:80 - create IPUIPlugin
2024-04-23 18:54:29,626 [INFO] IPUIPlugin:80 - create IPUIPlugin
2024-04-23 18:54:29,626 [INFO] IPUIPlugin:80 - create IPUIPlugin
2024-04-23 18:54:29,626 [INFO] IPUIPlugin:80 - create IPUIPlugin
2024-04-23 18:54:29,626 [INFO] IPUIPlugin:80 - create IPUIPlugin
2024-04-23 18:54:29,626 [INFO] IPUIPlugin:80 - create IPUIPlugin
2024-04-23 18:54:29,626 [INFO] IPUIPlugin:80 - create IPUIPlugin
2024-04-23 18:54:29,626 [INFO] IPUIPlugin:80 - create IPUIPlugin
2024-04-23 18:54:29,626 [INFO] IPUIPlugin:80 - create IPUIPlugin
2024-04-23 18:54:29,626 [INFO] IPUIPlugin:80 - create IPUIPlugin
2024-04-23 18:54:29,626 [INFO] IPUIPlugin:80 - create IPUIPlugin
2024-04-23 18:54:29,997 [INFO] CADModel:165 - CPN selected for project levelSTM32L152RET6
2024-04-23 18:54:29,997 [INFO] CADModel:114 - Register for checkConnection events
2024-04-23 18:54:30,080 [INFO] OpenFileManager:328 - Restore cursor
2024-04-23 19:06:08,417 [INFO] UtilMem:75 - End SaveConfig() Used Memory: 646056200 Bytes (762314752)
2024-04-23 19:06:10,115 [INFO] UtilMem:75 - End SaveConfig() Used Memory: 666848328 Bytes (762314752)
2024-04-23 19:06:27,370 [INFO] UtilMem:75 - End SaveConfig() Used Memory: 633384480 Bytes (762314752)
2024-04-23 19:06:28,128 [INFO] BlockDiagram:2759 - set Specific Code input for plugin: NVIC
2024-04-23 19:06:28,128 [INFO] BlockDiagram:2759 - set Specific Code input for plugin: USART
2024-04-23 19:06:28,128 [INFO] BlockDiagram:2759 - set Specific Code input for plugin: TIM1_8L1Cat345
2024-04-23 19:06:28,128 [INFO] BlockDiagram:2759 - set Specific Code input for plugin: SYS
2024-04-23 19:06:28,129 [INFO] BlockDiagram:2759 - set Specific Code input for plugin: GPIO
2024-04-23 19:06:28,129 [INFO] BlockDiagram:2759 - set Specific Code input for plugin: RCC
2024-04-23 19:06:28,131 [INFO] CodeGenerator:793 - code generatio: config db path: D:\STM32CubeIDE_1.12.0\STM32CubeIDE\plugins\com.st.stm32cube.common.mx_6.8.1.202304191431\\db\
2024-04-23 19:06:28,584 [INFO] CodeEngine:255 - oldGeneratedFile, D:\GitHub\Manipulator-\STM32\Enkoder\MXTmpFiles\license.tmp_save
2024-04-23 19:06:29,073 [INFO] CodeEngine:279 - Generated code: D:\GitHub\Manipulator-\STM32\Enkoder\MXTmpFiles\license.tmp
2024-04-23 19:06:29,241 [INFO] CodeEngine:255 - oldGeneratedFile, D:\GitHub\Manipulator-\STM32\Enkoder\MXTmpFiles\gpio.tmp_save
2024-04-23 19:06:29,423 [INFO] CodeEngine:279 - Generated code: D:\GitHub\Manipulator-\STM32\Enkoder\MXTmpFiles\gpio.tmp
2024-04-23 19:06:29,763 [INFO] CodeEngine:255 - oldGeneratedFile, D:\GitHub\Manipulator-\STM32\Enkoder\Core\Src\stm32l1xx_it.c_save
2024-04-23 19:06:30,028 [INFO] CodeEngine:279 - Generated code: D:\GitHub\Manipulator-\STM32\Enkoder\Core\Src\stm32l1xx_it.c
2024-04-23 19:06:30,050 [INFO] CodeEngine:255 - oldGeneratedFile, D:\GitHub\Manipulator-\STM32\Enkoder\Core\Inc\stm32l1xx_it.h_save
2024-04-23 19:06:30,209 [INFO] CodeEngine:279 - Generated code: D:\GitHub\Manipulator-\STM32\Enkoder\Core\Inc\stm32l1xx_it.h
2024-04-23 19:06:30,246 [INFO] CodeEngine:255 - oldGeneratedFile, D:\GitHub\Manipulator-\STM32\Enkoder\Core\Src\stm32l1xx_hal_msp.c_save
2024-04-23 19:06:30,451 [INFO] CodeEngine:279 - Generated code: D:\GitHub\Manipulator-\STM32\Enkoder\Core\Src\stm32l1xx_hal_msp.c
2024-04-23 19:06:30,463 [INFO] CodeEngine:255 - oldGeneratedFile, D:\GitHub\Manipulator-\STM32\Enkoder\MXTmpFiles\system.tmp_save
2024-04-23 19:06:30,569 [INFO] CodeEngine:279 - Generated code: D:\GitHub\Manipulator-\STM32\Enkoder\MXTmpFiles\system.tmp
2024-04-23 19:06:30,600 [INFO] CodeEngine:311 - oldGeneratedFile, D:\GitHub\Manipulator-\STM32\Enkoder\Core\Inc\stm32l1xx_hal_conf.h_save
2024-04-23 19:06:30,739 [INFO] CodeEngine:335 - Generated code: D:\GitHub\Manipulator-\STM32\Enkoder\Core\Inc\stm32l1xx_hal_conf.h
2024-04-23 19:06:30,778 [WARN] IPConfigManager:3431 - IP not found : TIM
2024-04-23 19:06:30,779 [WARN] CodeGenerator:3754 - IP not found : null
2024-04-23 19:06:30,807 [INFO] CodeEngine:255 - oldGeneratedFile, D:\GitHub\Manipulator-\STM32\Enkoder\Core\Inc\main.h_save
2024-04-23 19:06:30,962 [INFO] CodeEngine:279 - Generated code: D:\GitHub\Manipulator-\STM32\Enkoder\Core\Inc\main.h
2024-04-23 19:06:30,986 [INFO] CodeEngine:255 - oldGeneratedFile, D:\GitHub\Manipulator-\STM32\Enkoder\Core\Src\main.c_save
2024-04-23 19:06:31,198 [INFO] CodeEngine:279 - Generated code: D:\GitHub\Manipulator-\STM32\Enkoder\Core\Src\main.c
2024-04-23 19:06:32,157 [INFO] ProjectBuilder:2996 - Time for Copy HAL[1] : 222mS.
2024-04-23 19:06:32,175 [INFO] ProjectBuilder:4304 - Project Generator version: 3.19.2
2024-04-23 19:06:32,549 [INFO] ConfigFileManager:1483 - The Die is : DIE437
2024-04-23 19:06:32,580 [INFO] ApiDbMcu:507 - Load IP Config File for FATFS
2024-04-23 19:06:32,624 [INFO] ApiDbMcu:507 - Load IP Config File for FREERTOS
2024-04-23 19:06:32,847 [INFO] ApiDbMcu:507 - Load IP Config File for TOUCHSENSING
2024-04-23 19:06:32,886 [INFO] ApiDbMcu:507 - Load IP Config File for USB_DEVICE
2024-04-23 19:06:34,236 [INFO] LogOutputStream:77 - [STDOUT_REDIRECT] 
2024-04-23 19:06:36,375 [INFO] ProjectBuilder:4505 - Time for Generating toolchain IDE Files: 4200mS.
2024-04-23 19:06:36,377 [INFO] ProjectBuilder:2867 - Time for Copy CMSIS : 0mS.
2024-04-23 19:06:36,378 [INFO] ProjectBuilder:2867 - Time for Copy CMSIS : 0mS.
2024-04-23 19:14:05,269 [INFO] NvicIntPanel:101 - NVIC parent = com.st.microxplorer.plugins.ip.nvic.MultiNvicIntPanel[,0,0,0x0,invalid,layout=javax.swing.BoxLayout,alignmentX=0.0,alignmentY=0.0,border=,flags=9,maximumSize=,minimumSize=,preferredSize=]
2024-04-23 19:14:09,069 [INFO] UtilMem:75 - End SaveConfig() Used Memory: 669049288 Bytes (925892608)
2024-04-23 19:14:10,358 [INFO] UtilMem:75 - End SaveConfig() Used Memory: 648125720 Bytes (925892608)
2024-04-23 19:14:59,223 [INFO] UtilMem:75 - End SaveConfig() Used Memory: 686400792 Bytes (925892608)
2024-04-23 19:14:59,540 [INFO] BlockDiagram:2759 - set Specific Code input for plugin: NVIC
2024-04-23 19:14:59,540 [INFO] BlockDiagram:2759 - set Specific Code input for plugin: USART
2024-04-23 19:14:59,540 [INFO] BlockDiagram:2759 - set Specific Code input for plugin: TIM1_8L1Cat345
2024-04-23 19:14:59,540 [INFO] BlockDiagram:2759 - set Specific Code input for plugin: SYS
2024-04-23 19:14:59,541 [INFO] BlockDiagram:2759 - set Specific Code input for plugin: GPIO
2024-04-23 19:14:59,541 [INFO] BlockDiagram:2759 - set Specific Code input for plugin: RCC
2024-04-23 19:14:59,542 [INFO] CodeGenerator:793 - code generatio: config db path: D:\STM32CubeIDE_1.12.0\STM32CubeIDE\plugins\com.st.stm32cube.common.mx_6.8.1.202304191431\\db\
2024-04-23 19:14:59,751 [INFO] CodeEngine:255 - oldGeneratedFile, D:\GitHub\Manipulator-\STM32\Enkoder\MXTmpFiles\license.tmp_save
2024-04-23 19:14:59,942 [INFO] CodeEngine:279 - Generated code: D:\GitHub\Manipulator-\STM32\Enkoder\MXTmpFiles\license.tmp
2024-04-23 19:15:00,007 [INFO] CodeEngine:255 - oldGeneratedFile, D:\GitHub\Manipulator-\STM32\Enkoder\MXTmpFiles\gpio.tmp_save
2024-04-23 19:15:00,167 [INFO] CodeEngine:279 - Generated code: D:\GitHub\Manipulator-\STM32\Enkoder\MXTmpFiles\gpio.tmp
2024-04-23 19:15:00,249 [INFO] CodeEngine:255 - oldGeneratedFile, D:\GitHub\Manipulator-\STM32\Enkoder\Core\Src\stm32l1xx_it.c_save
2024-04-23 19:15:00,555 [INFO] CodeEngine:279 - Generated code: D:\GitHub\Manipulator-\STM32\Enkoder\Core\Src\stm32l1xx_it.c
2024-04-23 19:15:00,562 [INFO] CodeEngine:255 - oldGeneratedFile, D:\GitHub\Manipulator-\STM32\Enkoder\Core\Inc\stm32l1xx_it.h_save
2024-04-23 19:15:00,658 [INFO] CodeEngine:279 - Generated code: D:\GitHub\Manipulator-\STM32\Enkoder\Core\Inc\stm32l1xx_it.h
2024-04-23 19:15:00,681 [INFO] CodeEngine:255 - oldGeneratedFile, D:\GitHub\Manipulator-\STM32\Enkoder\Core\Src\stm32l1xx_hal_msp.c_save
2024-04-23 19:15:00,835 [INFO] CodeEngine:279 - Generated code: D:\GitHub\Manipulator-\STM32\Enkoder\Core\Src\stm32l1xx_hal_msp.c
2024-04-23 19:15:00,840 [INFO] CodeEngine:255 - oldGeneratedFile, D:\GitHub\Manipulator-\STM32\Enkoder\MXTmpFiles\system.tmp_save
2024-04-23 19:15:00,916 [INFO] CodeEngine:279 - Generated code: D:\GitHub\Manipulator-\STM32\Enkoder\MXTmpFiles\system.tmp
2024-04-23 19:15:00,939 [INFO] CodeEngine:311 - oldGeneratedFile, D:\GitHub\Manipulator-\STM32\Enkoder\Core\Inc\stm32l1xx_hal_conf.h_save
2024-04-23 19:15:01,074 [INFO] CodeEngine:335 - Generated code: D:\GitHub\Manipulator-\STM32\Enkoder\Core\Inc\stm32l1xx_hal_conf.h
2024-04-23 19:15:01,097 [WARN] IPConfigManager:3431 - IP not found : TIM
2024-04-23 19:15:01,098 [WARN] CodeGenerator:3754 - IP not found : null
2024-04-23 19:15:01,118 [INFO] CodeEngine:255 - oldGeneratedFile, D:\GitHub\Manipulator-\STM32\Enkoder\Core\Inc\main.h_save
2024-04-23 19:15:01,265 [INFO] CodeEngine:279 - Generated code: D:\GitHub\Manipulator-\STM32\Enkoder\Core\Inc\main.h
2024-04-23 19:15:01,283 [INFO] CodeEngine:255 - oldGeneratedFile, D:\GitHub\Manipulator-\STM32\Enkoder\Core\Src\main.c_save
2024-04-23 19:15:01,479 [INFO] CodeEngine:279 - Generated code: D:\GitHub\Manipulator-\STM32\Enkoder\Core\Src\main.c
2024-04-23 19:15:02,270 [INFO] ProjectBuilder:2996 - Time for Copy HAL[1] : 183mS.
2024-04-23 19:15:02,274 [INFO] ProjectBuilder:4304 - Project Generator version: 3.19.2
2024-04-23 19:15:02,656 [INFO] ConfigFileManager:1483 - The Die is : DIE437
2024-04-23 19:15:04,362 [INFO] ProjectBuilder:4505 - Time for Generating toolchain IDE Files: 2089mS.
2024-04-23 19:15:04,363 [INFO] ProjectBuilder:2867 - Time for Copy CMSIS : 1mS.
2024-04-23 19:15:04,366 [INFO] ProjectBuilder:2867 - Time for Copy CMSIS : 1mS.
2024-04-23 19:36:06,581 [INFO] NvicIntPanel:101 - NVIC parent = com.st.microxplorer.plugins.ip.nvic.MultiNvicIntPanel[,0,0,0x0,invalid,layout=javax.swing.BoxLayout,alignmentX=0.0,alignmentY=0.0,border=,flags=9,maximumSize=,minimumSize=,preferredSize=]
2024-04-23 19:36:53,522 [INFO] UtilMem:75 - End SaveConfig() Used Memory: 695696096 Bytes (994050048)
2024-04-23 19:36:55,172 [INFO] UtilMem:75 - End SaveConfig() Used Memory: 674813728 Bytes (994050048)
2024-04-23 19:36:56,472 [INFO] UtilMem:75 - End SaveConfig() Used Memory: 710465312 Bytes (994050048)
2024-04-23 19:36:56,767 [INFO] BlockDiagram:2759 - set Specific Code input for plugin: NVIC
2024-04-23 19:36:56,767 [INFO] BlockDiagram:2759 - set Specific Code input for plugin: USART
2024-04-23 19:36:56,767 [INFO] BlockDiagram:2759 - set Specific Code input for plugin: TIM1_8L1Cat345
2024-04-23 19:36:56,767 [INFO] BlockDiagram:2759 - set Specific Code input for plugin: SYS
2024-04-23 19:36:56,768 [INFO] BlockDiagram:2759 - set Specific Code input for plugin: GPIO
2024-04-23 19:36:56,768 [INFO] BlockDiagram:2759 - set Specific Code input for plugin: RCC
2024-04-23 19:36:56,769 [INFO] CodeGenerator:793 - code generatio: config db path: D:\STM32CubeIDE_1.12.0\STM32CubeIDE\plugins\com.st.stm32cube.common.mx_6.8.1.202304191431\\db\
2024-04-23 19:36:56,962 [INFO] CodeEngine:255 - oldGeneratedFile, D:\GitHub\Manipulator-\STM32\Enkoder\MXTmpFiles\license.tmp_save
2024-04-23 19:36:57,079 [INFO] CodeEngine:279 - Generated code: D:\GitHub\Manipulator-\STM32\Enkoder\MXTmpFiles\license.tmp
2024-04-23 19:36:57,140 [INFO] CodeEngine:255 - oldGeneratedFile, D:\GitHub\Manipulator-\STM32\Enkoder\MXTmpFiles\gpio.tmp_save
2024-04-23 19:36:57,259 [INFO] CodeEngine:279 - Generated code: D:\GitHub\Manipulator-\STM32\Enkoder\MXTmpFiles\gpio.tmp
2024-04-23 19:36:57,321 [INFO] CodeEngine:255 - oldGeneratedFile, D:\GitHub\Manipulator-\STM32\Enkoder\Core\Src\stm32l1xx_it.c_save
2024-04-23 19:36:57,561 [INFO] CodeEngine:279 - Generated code: D:\GitHub\Manipulator-\STM32\Enkoder\Core\Src\stm32l1xx_it.c
2024-04-23 19:36:57,568 [INFO] CodeEngine:255 - oldGeneratedFile, D:\GitHub\Manipulator-\STM32\Enkoder\Core\Inc\stm32l1xx_it.h_save
2024-04-23 19:36:57,648 [INFO] CodeEngine:279 - Generated code: D:\GitHub\Manipulator-\STM32\Enkoder\Core\Inc\stm32l1xx_it.h
2024-04-23 19:36:57,668 [INFO] CodeEngine:255 - oldGeneratedFile, D:\GitHub\Manipulator-\STM32\Enkoder\Core\Src\stm32l1xx_hal_msp.c_save
2024-04-23 19:36:57,821 [INFO] CodeEngine:279 - Generated code: D:\GitHub\Manipulator-\STM32\Enkoder\Core\Src\stm32l1xx_hal_msp.c
2024-04-23 19:36:57,825 [INFO] CodeEngine:255 - oldGeneratedFile, D:\GitHub\Manipulator-\STM32\Enkoder\MXTmpFiles\system.tmp_save
2024-04-23 19:36:57,894 [INFO] CodeEngine:279 - Generated code: D:\GitHub\Manipulator-\STM32\Enkoder\MXTmpFiles\system.tmp
2024-04-23 19:36:57,912 [INFO] CodeEngine:311 - oldGeneratedFile, D:\GitHub\Manipulator-\STM32\Enkoder\Core\Inc\stm32l1xx_hal_conf.h_save
2024-04-23 19:36:58,022 [INFO] CodeEngine:335 - Generated code: D:\GitHub\Manipulator-\STM32\Enkoder\Core\Inc\stm32l1xx_hal_conf.h
2024-04-23 19:36:58,062 [WARN] IPConfigManager:3431 - IP not found : TIM
2024-04-23 19:36:58,063 [WARN] CodeGenerator:3754 - IP not found : null
2024-04-23 19:36:58,079 [INFO] CodeEngine:255 - oldGeneratedFile, D:\GitHub\Manipulator-\STM32\Enkoder\Core\Inc\main.h_save
2024-04-23 19:36:58,181 [INFO] CodeEngine:279 - Generated code: D:\GitHub\Manipulator-\STM32\Enkoder\Core\Inc\main.h
2024-04-23 19:36:58,194 [INFO] CodeEngine:255 - oldGeneratedFile, D:\GitHub\Manipulator-\STM32\Enkoder\Core\Src\main.c_save
2024-04-23 19:36:58,331 [INFO] CodeEngine:279 - Generated code: D:\GitHub\Manipulator-\STM32\Enkoder\Core\Src\main.c
2024-04-23 19:36:59,078 [INFO] ProjectBuilder:2996 - Time for Copy HAL[1] : 202mS.
2024-04-23 19:36:59,082 [INFO] ProjectBuilder:4304 - Project Generator version: 3.19.2
2024-04-23 19:36:59,454 [INFO] ConfigFileManager:1483 - The Die is : DIE437
2024-04-23 19:37:01,086 [INFO] ProjectBuilder:4505 - Time for Generating toolchain IDE Files: 2005mS.
2024-04-23 19:37:01,088 [INFO] ProjectBuilder:2867 - Time for Copy CMSIS : 0mS.
2024-04-23 19:37:01,091 [INFO] ProjectBuilder:2867 - Time for Copy CMSIS : 0mS.
2024-04-23 19:41:14,689 [INFO] MainUpdater:2854 - connection check result : 10
2024-04-23 19:41:14,689 [INFO] MainUpdater:2854 - connection check result : 10
2024-04-23 19:41:14,703 [INFO] MicroXplorer:468 - Change Database Path : 
2024-04-23 19:41:14,704 [INFO] MicroXplorer:498 - Change Database Version : DB.6.0.81
2024-04-23 19:41:14,727 [WARN] ThirdParty:871 - waiting for thirdparty lock release [close project]
2024-04-23 19:41:14,727 [INFO] ThirdParty:873 - entering critical section [close project]
2024-04-23 19:41:14,728 [INFO] ThirdParty:883 - exiting critical section [close project]
2024-04-23 19:41:14,729 [INFO] PinOutPanel:1499 - setPackage(No Configuration,No Configuration)
2024-04-23 19:41:14,738 [INFO] UtilMem:75 - Begin LoadConfig() Used Memory: 723755040 Bytes (1019215872)
2024-04-23 19:41:14,739 [INFO] MicroXplorer:468 - Change Database Path : 
2024-04-23 19:41:14,739 [INFO] MicroXplorer:498 - Change Database Version : DB.6.0.81
2024-04-23 19:41:14,739 [INFO] OpenFileManager:308 - Change cursor
2024-04-23 19:41:14,760 [INFO] RulesReader:64 - Compatibility file has been processed (293 Rules)
2024-04-23 19:41:14,764 [INFO] Mcu:1937 - Initializing MCU STM32L152RETx STM32L152RETx STM32L152RET6
2024-04-23 19:41:16,168 [INFO] Context:659 - Trying to add GPIOservice into a context  which must be forbidden
2024-04-23 19:41:16,567 [INFO] RtosManager:555 - Registered RTOS mode: class=CMSIS, group=RTOS, mode=CMSIS_V1, owner=FREERTOS
2024-04-23 19:41:16,568 [INFO] RtosManager:555 - Registered RTOS mode: class=CMSIS, group=RTOS2, mode=CMSIS_V2, owner=FREERTOS
2024-04-23 19:41:16,568 [INFO] RtosManager:555 - Registered RTOS mode: class=RTOS, group=Core, mode=CMSIS_V1, owner=FREERTOS
2024-04-23 19:41:16,568 [INFO] RtosManager:555 - Registered RTOS mode: class=RTOS, group=Core, mode=CMSIS_V2, owner=FREERTOS
2024-04-23 19:41:16,568 [WARN] ModelIntegratedComponent:184 - Missing modes for component STMicroelectronics:FreeRTOS:0.0.1:STMicroelectronics:RTOS:FreeRTOS:Core:::10.2.0:
2024-04-23 19:41:16,595 [WARN] ModelIntegratedComponent:63 - No mode defined for component null
2024-04-23 19:41:16,595 [WARN] ModelIntegratedComponent:63 - No mode defined for component null
2024-04-23 19:41:16,595 [WARN] ModelIntegratedComponent:63 - No mode defined for component null
2024-04-23 19:41:16,595 [WARN] ModelIntegratedComponent:63 - No mode defined for component null
2024-04-23 19:41:16,595 [WARN] ModelIntegratedComponent:63 - No mode defined for component null
2024-04-23 19:41:16,595 [WARN] ModelIntegratedComponent:63 - No mode defined for component null
2024-04-23 19:41:16,595 [WARN] ModelIntegratedComponent:63 - No mode defined for component null
2024-04-23 19:41:16,595 [WARN] ModelIntegratedComponent:63 - No mode defined for component null
2024-04-23 19:41:16,596 [WARN] ModelIntegratedComponent:63 - No mode defined for component null
2024-04-23 19:41:16,596 [WARN] ModelIntegratedComponent:63 - No mode defined for component null
2024-04-23 19:41:16,596 [WARN] ModelIntegratedComponent:63 - No mode defined for component null
2024-04-23 19:41:16,596 [WARN] ModelIntegratedComponent:63 - No mode defined for component null
2024-04-23 19:41:16,596 [WARN] ModelIntegratedComponent:63 - No mode defined for component null
2024-04-23 19:41:16,596 [WARN] ModelIntegratedComponent:63 - No mode defined for component null
2024-04-23 19:41:16,596 [WARN] ModelIntegratedComponent:63 - No mode defined for component null
2024-04-23 19:41:16,596 [WARN] ModelIntegratedComponent:63 - No mode defined for component null
2024-04-23 19:41:16,596 [WARN] ModelIntegratedComponent:63 - No mode defined for component null
2024-04-23 19:41:16,596 [WARN] ModelIntegratedComponent:63 - No mode defined for component null
2024-04-23 19:41:16,596 [WARN] ModelIntegratedComponent:63 - No mode defined for component null
2024-04-23 19:41:16,596 [WARN] ModelIntegratedComponent:63 - No mode defined for component null
2024-04-23 19:41:16,596 [WARN] ModelIntegratedComponent:63 - No mode defined for component null
2024-04-23 19:41:16,596 [WARN] ModelIntegratedComponent:63 - No mode defined for component null
2024-04-23 19:41:16,596 [WARN] ModelIntegratedComponent:63 - No mode defined for component null
2024-04-23 19:41:16,597 [WARN] ModelIntegratedComponent:63 - No mode defined for component null
2024-04-23 19:41:16,597 [WARN] ModelIntegratedComponent:63 - No mode defined for component null
2024-04-23 19:41:16,597 [WARN] ModelIntegratedComponent:63 - No mode defined for component null
2024-04-23 19:41:16,597 [WARN] ModelIntegratedComponent:63 - No mode defined for component null
2024-04-23 19:41:16,597 [WARN] ModelIntegratedComponent:63 - No mode defined for component null
2024-04-23 19:41:16,597 [WARN] ModelIntegratedComponent:63 - No mode defined for component null
2024-04-23 19:41:16,597 [WARN] ModelIntegratedComponent:63 - No mode defined for component null
2024-04-23 19:41:16,597 [WARN] ModelIntegratedComponent:63 - No mode defined for component null
2024-04-23 19:41:16,597 [WARN] ModelIntegratedComponent:63 - No mode defined for component null
2024-04-23 19:41:16,597 [WARN] ModelIntegratedComponent:63 - No mode defined for component null
2024-04-23 19:41:16,742 [INFO] ThirdPartyModel:298 - Start build external matchings
2024-04-23 19:41:17,788 [INFO] ThirdPartyModel:316 - End build external matchings
2024-04-23 19:41:17,809 [INFO] ImportTextPane:194 - (OptionalMessage_ERROR) IP (RCC) : Invalid parameter (FamilyName)
2024-04-23 19:41:17,810 [INFO] ImportTextPane:194 - (OptionalMessage_ERROR) IP (RCC) : Parameter (RTCHSEDivFreq_Value) has invalid value (4000000)
2024-04-23 19:41:17,810 [INFO] ImportTextPane:194 - (OptionalMessage_ERROR) IP (RCC) : Invalid parameter (TIMFreq_Value)
2024-04-23 19:41:17,810 [INFO] ImportTextPane:194 - (OptionalMessage_ERROR) IP (RCC) : Invalid parameter (USBOutput)
2024-04-23 19:41:18,090 [INFO] UtilMem:75 - End LoadConfig() Used Memory: 680678208 Bytes (1019215872)
2024-04-23 19:41:18,140 [WARN] ThirdParty:833 - waiting for thirdparty lock release [change project]
2024-04-23 19:41:18,141 [INFO] ThirdParty:835 - entering critical section [change project]
2024-04-23 19:41:18,141 [INFO] ThirdParty:1030 - CMSIS Pack Vendor :STMicroelectronics X-CUBE-ISPU 1.1.0
2024-04-23 19:41:18,141 [INFO] ThirdParty:1030 - CMSIS Pack Vendor :STMicroelectronics X-CUBE-GNSS1 6.0.0
2024-04-23 19:41:18,141 [INFO] ThirdParty:1030 - CMSIS Pack Vendor :STMicroelectronics USB_HOST 2.0.0
2024-04-23 19:41:18,141 [INFO] ThirdParty:1030 - CMSIS Pack Vendor :STMicroelectronics FP-SNS-MOTENVWB1 1.4.0
2024-04-23 19:41:18,141 [INFO] ThirdParty:1030 - CMSIS Pack Vendor :STMicroelectronics X-CUBE-AZRTOS-F4 1.1.0
2024-04-23 19:41:18,141 [INFO] ThirdParty:1030 - CMSIS Pack Vendor :STMicroelectronics LIBJPEG 8.0.0
2024-04-23 19:41:18,141 [INFO] ThirdParty:1030 - CMSIS Pack Vendor :STMicroelectronics X-CUBE-SMBUS 2.1.0
2024-04-23 19:41:18,141 [INFO] ThirdParty:1030 - CMSIS Pack Vendor :wolfSSL I-CUBE-wolfSSL 5.6.0
2024-04-23 19:41:18,141 [INFO] ThirdParty:1030 - CMSIS Pack Vendor :STMicroelectronics USB_DEVICE 3.0.0
2024-04-23 19:41:18,141 [INFO] ThirdParty:1030 - CMSIS Pack Vendor :STMicroelectronics X-CUBE-TCPP 4.1.0
2024-04-23 19:41:18,141 [INFO] ThirdParty:1030 - CMSIS Pack Vendor :STMicroelectronics X-CUBE-FREERTOS 1.2.0
2024-04-23 19:41:18,141 [INFO] ThirdParty:1030 - CMSIS Pack Vendor :STMicroelectronics X-CUBE-AZRTOS-WB 2.0.0
2024-04-23 19:41:18,141 [INFO] ThirdParty:1030 - CMSIS Pack Vendor :STMicroelectronics X-CUBE-FREERTOS 1.0.1
2024-04-23 19:41:18,141 [INFO] ThirdParty:1030 - CMSIS Pack Vendor :STMicroelectronics X-CUBE-TOUCHGFX 4.23.0
2024-04-23 19:41:18,141 [INFO] ThirdParty:1030 - CMSIS Pack Vendor :STMicroelectronics X-CUBE-TOUCHGFX 4.23.2
2024-04-23 19:41:18,141 [INFO] ThirdParty:1030 - CMSIS Pack Vendor :STMicroelectronics X-CUBE-AZRTOS-F7 1.1.0
2024-04-23 19:41:18,141 [INFO] ThirdParty:1030 - CMSIS Pack Vendor :STMicroelectronics X-CUBE-TOUCHGFX 4.21.4
2024-04-23 19:41:18,141 [INFO] ThirdParty:1030 - CMSIS Pack Vendor :STMicroelectronics X-CUBE-AZRTOS-L5 2.0.0
2024-04-23 19:41:18,141 [INFO] ThirdParty:1030 - CMSIS Pack Vendor :STMicroelectronics USB_DEVICE 2.0.0
2024-04-23 19:41:18,141 [INFO] ThirdParty:1030 - CMSIS Pack Vendor :STMicroelectronics X-CUBE-MEMS1 9.6.0
2024-04-23 19:41:18,141 [INFO] ThirdParty:1030 - CMSIS Pack Vendor :STMicroelectronics X-CUBE-EEPRMA1 4.2.0
2024-04-23 19:41:18,141 [INFO] ThirdParty:1030 - CMSIS Pack Vendor :STMicroelectronics X-CUBE-NFC6 3.1.0
2024-04-23 19:41:18,141 [INFO] ThirdParty:1030 - CMSIS Pack Vendor :ITTIA_DB I-CUBE-ITTIADB 8.8.0
2024-04-23 19:41:18,142 [INFO] ThirdParty:1030 - CMSIS Pack Vendor :STMicroelectronics FP-SNS-MOTENV1 4.3.2
2024-04-23 19:41:18,142 [INFO] ThirdParty:1030 - CMSIS Pack Vendor :STMicroelectronics FP-SNS-MOTENV1 4.3.1
2024-04-23 19:41:18,142 [INFO] ThirdParty:1030 - CMSIS Pack Vendor :STMicroelectronics FP-SNS-FLIGHT1 5.0.1
2024-04-23 19:41:18,142 [INFO] ThirdParty:1030 - CMSIS Pack Vendor :STMicroelectronics X-CUBE-ALGOBUILD 1.3.0
2024-04-23 19:41:18,142 [INFO] ThirdParty:1030 - CMSIS Pack Vendor :STMicroelectronics X-CUBE-BLE1 6.2.4
2024-04-23 19:41:18,142 [INFO] ThirdParty:1030 - CMSIS Pack Vendor :STMicroelectronics X-CUBE-AZRTOS-L5 1.1.0
2024-04-23 19:41:18,142 [INFO] ThirdParty:1030 - CMSIS Pack Vendor :STMicroelectronics FreeRTOS 0.0.1
2024-04-23 19:41:18,142 [INFO] ThirdParty:1030 - CMSIS Pack Vendor :STMicroelectronics X-CUBE-AZRTOS-G0 1.1.0
2024-04-23 19:41:18,142 [INFO] ThirdParty:1030 - CMSIS Pack Vendor :emotas I-CUBE-CANOPEN 1.1.3
2024-04-23 19:41:18,142 [INFO] ThirdParty:1030 - CMSIS Pack Vendor :STMicroelectronics X-CUBE-BLEMGR 2.0.0
2024-04-23 19:41:18,142 [INFO] ThirdParty:1030 - CMSIS Pack Vendor :STMicroelectronics X-CUBE-AI 8.0.1
2024-04-23 19:41:18,142 [INFO] ThirdParty:1030 - CMSIS Pack Vendor :STMicroelectronics X-CUBE-SAFEA1 1.2.2
2024-04-23 19:41:18,142 [INFO] ThirdParty:1030 - CMSIS Pack Vendor :STMicroelectronics X-CUBE-NFC4 3.0.0
2024-04-23 19:41:18,142 [INFO] ThirdParty:1030 - CMSIS Pack Vendor :STMicroelectronics X-CUBE-SUBG2 5.0.0
2024-04-23 19:41:18,142 [INFO] ThirdParty:1030 - CMSIS Pack Vendor :STMicroelectronics STM32_WPAN 1.0.0
2024-04-23 19:41:18,142 [INFO] ThirdParty:1030 - CMSIS Pack Vendor :STMicroelectronics lwIP 2.0.3
2024-04-23 19:41:18,142 [INFO] ThirdParty:1030 - CMSIS Pack Vendor :STMicroelectronics FP-SNS-FLIGHT1 5.0.2
2024-04-23 19:41:18,142 [INFO] ThirdParty:1030 - CMSIS Pack Vendor :STMicroelectronics USB_HOST 1.0.0
2024-04-23 19:41:18,142 [INFO] ThirdParty:1030 - CMSIS Pack Vendor :STMicroelectronics X-CUBE-TOF1 3.3.1
2024-04-23 19:41:18,142 [INFO] ThirdParty:1030 - CMSIS Pack Vendor :STMicroelectronics X-CUBE-AI 9.0.0
2024-04-23 19:41:18,142 [INFO] ThirdParty:1030 - CMSIS Pack Vendor :STMicroelectronics X-CUBE-AZRTOS-G4 2.0.0
2024-04-23 19:41:18,142 [INFO] ThirdParty:1030 - CMSIS Pack Vendor :STMicroelectronics PDM2PCM 3.1.0
2024-04-23 19:41:18,142 [INFO] ThirdParty:1030 - CMSIS Pack Vendor :STMicroelectronics X-CUBE-AZRTOS-H7 3.1.0
2024-04-23 19:41:18,142 [INFO] ThirdParty:1030 - CMSIS Pack Vendor :STMicroelectronics X-CUBE-TOF1 3.3.0
2024-04-23 19:41:18,142 [INFO] ThirdParty:1030 - CMSIS Pack Vendor :Infineon AIROC-Wi-Fi-Bluetooth-STM32 1.5.1
2024-04-23 19:41:18,143 [INFO] ThirdParty:1030 - CMSIS Pack Vendor :STMicroelectronics X-CUBE-BLEMGR 3.0.0
2024-04-23 19:41:18,143 [INFO] ThirdParty:1030 - CMSIS Pack Vendor :STMicroelectronics PDM2PCM 3.3.0
2024-04-23 19:41:18,143 [INFO] ThirdParty:1030 - CMSIS Pack Vendor :STMicroelectronics X-CUBE-DISPLAY 3.0.0
2024-04-23 19:41:18,143 [INFO] ThirdParty:1030 - CMSIS Pack Vendor :STMicroelectronics FP-SNS-MOTENVWB1 1.3.0
2024-04-23 19:41:18,143 [INFO] ThirdParty:1030 - CMSIS Pack Vendor :STMicroelectronics FP-SNS-MOTENVWB1 1.3.1
2024-04-23 19:41:18,143 [INFO] ThirdParty:1030 - CMSIS Pack Vendor :STMicroelectronics X-CUBE-BLE1 7.0.0
2024-04-23 19:41:18,143 [INFO] ThirdParty:1030 - CMSIS Pack Vendor :STMicroelectronics FP-ATR-SIGFOX1 3.2.0
2024-04-23 19:41:18,143 [INFO] ThirdParty:1030 - CMSIS Pack Vendor :STMicroelectronics X-CUBE-ISPU 2.0.0
2024-04-23 19:41:18,143 [INFO] ThirdParty:1030 - CMSIS Pack Vendor :STMicroelectronics X-CUBE-EEPRMA1 5.1.0
2024-04-23 19:41:18,143 [INFO] ThirdParty:1030 - CMSIS Pack Vendor :STMicroelectronics HAL Drivers 0.0.0
2024-04-23 19:41:18,143 [INFO] ThirdParty:1030 - CMSIS Pack Vendor :STMicroelectronics MBEDTLS 2.16.2
2024-04-23 19:41:18,143 [INFO] ThirdParty:1030 - CMSIS Pack Vendor :STMicroelectronics X-CUBE-MEMS1 10.0.0
2024-04-23 19:41:18,143 [INFO] ThirdParty:1030 - CMSIS Pack Vendor :STMicroelectronics X-CUBE-FREERTOS 1.1.0
2024-04-23 19:41:18,143 [INFO] ThirdParty:1030 - CMSIS Pack Vendor :STMicroelectronics X-CUBE-TOUCHGFX 4.22.0
2024-04-23 19:41:18,144 [INFO] ThirdParty:1030 - CMSIS Pack Vendor :STMicroelectronics X-CUBE-NFC7 1.0.1
2024-04-23 19:41:18,144 [INFO] ThirdParty:1030 - CMSIS Pack Vendor :STMicroelectronics MBEDTLS 2.14.1
2024-04-23 19:41:18,144 [INFO] ThirdParty:1030 - CMSIS Pack Vendor :STMicroelectronics X-CUBE-NFC7 1.0.0
2024-04-23 19:41:18,144 [INFO] ThirdParty:1030 - CMSIS Pack Vendor :STMicroelectronics X-CUBE-TOUCHGFX 4.22.1
2024-04-23 19:41:18,144 [INFO] ThirdParty:1030 - CMSIS Pack Vendor :STMicroelectronics X-CUBE-NFC6 3.0.0
2024-04-23 19:41:18,144 [INFO] ThirdParty:1030 - CMSIS Pack Vendor :STMicroelectronics X-CUBE-EEPRMA1 4.1.0
2024-04-23 19:41:18,144 [INFO] ThirdParty:1030 - CMSIS Pack Vendor :portGmbH I-Cube-SoM-uGOAL 1.1.0
2024-04-23 19:41:18,144 [INFO] ThirdParty:1030 - CMSIS Pack Vendor :STMicroelectronics X-CUBE-ALS 1.0.1
2024-04-23 19:41:18,144 [INFO] ThirdParty:1030 - CMSIS Pack Vendor :STMicroelectronics X-CUBE-BLEMGR 3.1.0
2024-04-23 19:41:18,145 [INFO] ThirdParty:1030 - CMSIS Pack Vendor :STMicroelectronics ThreadX 1.0.0
2024-04-23 19:41:18,145 [INFO] ThirdParty:1030 - CMSIS Pack Vendor :STMicroelectronics FP-SNS-SMARTAG2 1.2.0
2024-04-23 19:41:18,145 [INFO] ThirdParty:1030 - CMSIS Pack Vendor :STMicroelectronics X-CUBE-AZRTOS-WB 1.1.0
2024-04-23 19:41:18,146 [INFO] ThirdParty:1030 - CMSIS Pack Vendor :STMicroelectronics X-CUBE-AZRTOS-WL 2.0.0
2024-04-23 19:41:18,146 [INFO] ThirdParty:1030 - CMSIS Pack Vendor :SEGGER I-CUBE-embOS 1.3.1
2024-04-23 19:41:18,146 [INFO] ThirdParty:1030 - CMSIS Pack Vendor :STMicroelectronics FP-SNS-MOTENV1 5.0.0
2024-04-23 19:41:18,146 [INFO] ThirdParty:1030 - CMSIS Pack Vendor :STMicroelectronics USB_DEVICE 1.0.0
2024-04-23 19:41:18,146 [INFO] ThirdParty:1030 - CMSIS Pack Vendor :STMicroelectronics X-CUBE-AI 8.1.0
2024-04-23 19:41:18,146 [INFO] ThirdParty:1030 - CMSIS Pack Vendor :STMicroelectronics X-CUBE-AZRTOS-H7RS 1.0.0
2024-04-23 19:41:18,146 [INFO] ThirdParty:1030 - CMSIS Pack Vendor :STMicroelectronics X-CUBE-AZRTOS-L4 2.0.0
2024-04-23 19:41:18,146 [INFO] ThirdParty:1030 - CMSIS Pack Vendor :STMicroelectronics ThreadX 0.0.2
2024-04-23 19:41:18,146 [INFO] ThirdParty:1030 - CMSIS Pack Vendor :WES I-CUBE-Cesium 1.3.0
2024-04-23 19:41:18,146 [INFO] ThirdParty:1030 - CMSIS Pack Vendor :STMicroelectronics FP-ATR-ASTRA1 2.0.0
2024-04-23 19:41:18,146 [INFO] ThirdParty:1030 - CMSIS Pack Vendor :STMicroelectronics lwIP 2.1.2
2024-04-23 19:41:18,146 [INFO] ThirdParty:1030 - CMSIS Pack Vendor :STMicroelectronics X-CUBE-SFXS2LP1 4.0.0
2024-04-23 19:41:18,146 [INFO] ThirdParty:1030 - CMSIS Pack Vendor :STMicroelectronics X-CUBE-BLE2 3.3.0
2024-04-23 19:41:18,146 [INFO] ThirdParty:1030 - CMSIS Pack Vendor :STMicroelectronics X-CUBE-TOF1 3.4.0
2024-04-23 19:41:18,146 [INFO] ThirdParty:1030 - CMSIS Pack Vendor :STMicroelectronics X-CUBE-TOF1 3.4.1
2024-04-23 19:41:18,146 [INFO] ThirdParty:1030 - CMSIS Pack Vendor :STMicroelectronics X-CUBE-AZRTOS-H7 3.2.0
2024-04-23 19:41:18,146 [INFO] ThirdParty:1030 - CMSIS Pack Vendor :STMicroelectronics PDM2PCM 3.2.0
2024-04-23 19:41:18,147 [INFO] ThirdParty:841 - exiting critical section [change project]
2024-04-23 19:41:18,413 [INFO] PinOutPanel:1499 - setPackage(No Configuration,No Configuration)
2024-04-23 19:41:18,414 [INFO] PinOutPanel:1499 - setPackage(STM32L152RETx,LQFP64)
2024-04-23 19:41:18,677 [INFO] UtilMem:75 - Before build in PCC Used Memory: 701595672 Bytes (1019215872)
2024-04-23 19:41:19,069 [INFO] UtilMem:75 - After build in PCC Used Memory: 751405080 Bytes (1019215872)
2024-04-23 19:41:19,094 [INFO] IPUIPlugin:80 - create IPUIPlugin
2024-04-23 19:41:19,094 [INFO] IPUIPlugin:80 - create IPUIPlugin
2024-04-23 19:41:19,094 [INFO] IPUIPlugin:80 - create IPUIPlugin
2024-04-23 19:41:19,094 [INFO] IPUIPlugin:80 - create IPUIPlugin
2024-04-23 19:41:19,094 [INFO] IPUIPlugin:80 - create IPUIPlugin
2024-04-23 19:41:19,094 [INFO] IPUIPlugin:80 - create IPUIPlugin
2024-04-23 19:41:19,094 [INFO] IPUIPlugin:80 - create IPUIPlugin
2024-04-23 19:41:19,095 [INFO] IPUIPlugin:80 - create IPUIPlugin
2024-04-23 19:41:19,095 [INFO] IPUIPlugin:80 - create IPUIPlugin
2024-04-23 19:41:19,095 [INFO] IPUIPlugin:80 - create IPUIPlugin
2024-04-23 19:41:19,095 [INFO] IPUIPlugin:80 - create IPUIPlugin
2024-04-23 19:41:19,095 [INFO] IPUIPlugin:80 - create IPUIPlugin
2024-04-23 19:41:19,095 [INFO] IPUIPlugin:80 - create IPUIPlugin
2024-04-23 19:41:19,095 [INFO] IPUIPlugin:80 - create IPUIPlugin
2024-04-23 19:41:19,095 [INFO] IPUIPlugin:80 - create IPUIPlugin
2024-04-23 19:41:19,095 [INFO] IPUIPlugin:80 - create IPUIPlugin
2024-04-23 19:41:19,096 [INFO] IPUIPlugin:80 - create IPUIPlugin
2024-04-23 19:41:19,096 [INFO] IPUIPlugin:80 - create IPUIPlugin
2024-04-23 19:41:19,096 [INFO] IPUIPlugin:80 - create IPUIPlugin
2024-04-23 19:41:19,096 [INFO] IPUIPlugin:80 - create IPUIPlugin
2024-04-23 19:41:19,096 [INFO] IPUIPlugin:80 - create IPUIPlugin
2024-04-23 19:41:19,096 [INFO] IPUIPlugin:80 - create IPUIPlugin
2024-04-23 19:41:19,097 [INFO] IPUIPlugin:80 - create IPUIPlugin
2024-04-23 19:41:19,097 [INFO] IPUIPlugin:80 - create IPUIPlugin
2024-04-23 19:41:19,097 [INFO] IPUIPlugin:80 - create IPUIPlugin
2024-04-23 19:41:19,097 [INFO] IPUIPlugin:80 - create IPUIPlugin
2024-04-23 19:41:19,098 [INFO] IPUIPlugin:80 - create IPUIPlugin
2024-04-23 19:41:19,098 [INFO] IPUIPlugin:80 - create IPUIPlugin
2024-04-23 19:41:19,098 [INFO] IPUIPlugin:80 - create IPUIPlugin
2024-04-23 19:41:19,098 [INFO] IPUIPlugin:80 - create IPUIPlugin
2024-04-23 19:41:19,098 [INFO] IPUIPlugin:80 - create IPUIPlugin
2024-04-23 19:41:19,099 [INFO] IPUIPlugin:80 - create IPUIPlugin
2024-04-23 19:41:19,099 [INFO] IPUIPlugin:80 - create IPUIPlugin
2024-04-23 19:41:19,099 [INFO] IPUIPlugin:80 - create IPUIPlugin
2024-04-23 19:41:19,099 [INFO] IPUIPlugin:80 - create IPUIPlugin
2024-04-23 19:41:19,100 [INFO] IPUIPlugin:80 - create IPUIPlugin
2024-04-23 19:41:19,100 [INFO] IPUIPlugin:80 - create IPUIPlugin
2024-04-23 19:41:19,100 [INFO] IPUIPlugin:80 - create IPUIPlugin
2024-04-23 19:41:19,100 [INFO] IPUIPlugin:80 - create IPUIPlugin
2024-04-23 19:41:19,101 [INFO] IPUIPlugin:80 - create IPUIPlugin
2024-04-23 19:41:19,101 [INFO] IPUIPlugin:80 - create IPUIPlugin
2024-04-23 19:41:19,102 [INFO] IPUIPlugin:80 - create IPUIPlugin
2024-04-23 19:41:19,102 [INFO] IPUIPlugin:80 - create IPUIPlugin
2024-04-23 19:41:19,178 [INFO] CADModel:165 - CPN selected for project levelSTM32L152RET6
2024-04-23 19:41:19,178 [INFO] CADModel:114 - Register for checkConnection events
2024-04-23 19:41:19,241 [INFO] OpenFileManager:328 - Restore cursor
2024-04-23 20:41:37,282 [INFO] Activator:176 - 


2024-04-23 20:41:37,285 [INFO] Activator:177 - !SESSION log4j initialized
2024-04-23 20:41:48,371 [INFO] LogOutputStream:77 - [STDOUT_REDIRECT] 
2024-04-23 20:42:16,779 [ERROR] LogOutputStream:75 - [STDERR_REDIRECT] SLF4J: Failed to load class "org.slf4j.impl.StaticLoggerBinder".
2024-04-23 20:42:16,780 [ERROR] LogOutputStream:75 - [STDERR_REDIRECT] SLF4J: Defaulting to no-operation (NOP) logger implementation
2024-04-23 20:42:16,782 [ERROR] LogOutputStream:75 - [STDERR_REDIRECT] SLF4J: See http://www.slf4j.org/codes.html#StaticLoggerBinder for further details.
