2024-02-02 18:51:13,200 [INFO] Activator:176 - 


2024-02-02 18:51:13,206 [INFO] Activator:177 - !SESSION log4j initialized
2024-02-02 18:51:26,560 [INFO] LogOutputStream:77 - [STDOUT_REDIRECT] 
2024-02-02 18:51:50,364 [ERROR] LogOutputStream:75 - [STDERR_REDIRECT] SLF4J: Failed to load class "org.slf4j.impl.StaticLoggerBinder".
2024-02-02 18:51:50,365 [ERROR] LogOutputStream:75 - [STDERR_REDIRECT] SLF4J: Defaulting to no-operation (NOP) logger implementation
2024-02-02 18:51:50,367 [ERROR] LogOutputStream:75 - [STDERR_REDIRECT] SLF4J: See http://www.slf4j.org/codes.html#StaticLoggerBinder for further details.
2024-02-02 21:05:13,187 [INFO] ApplicationProperties:184 - Using Application install path: D:\STM32CubeIDE_1.12.0\STM32CubeIDE\plugins\com.st.stm32cube.common.mx_6.8.1.202304191431
2024-02-02 21:05:13,213 [INFO] DbMcusXml:78 - Set database path to: D:\STM32CubeIDE_1.12.0\STM32CubeIDE\plugins\com.st.stm32cube.common.mx_6.8.1.202304191431\\db\/mcu/
2024-02-02 21:05:13,213 [INFO] ApiDb:274 - Set plugin database path to: D:\STM32CubeIDE_1.12.0\STM32CubeIDE\plugins\com.st.stm32cube.common.mx_6.8.1.202304191431\\db\/plugins/boardmanager/
2024-02-02 21:05:13,215 [WARN] ApiDb:259 - Overriding images path with different value:  => D:\STM32CubeIDE_1.12.0\STM32CubeIDE\plugins\com.st.stm32cube.common.mx_6.8.1.202304191431\\db\/plugins/mcufinder/images/
2024-02-02 21:05:13,233 [INFO] ApiDb:250 - Set database path to: C:\Users\marci\.stmcufinder\plugins\mcufinder//mcu/
2024-02-02 21:05:13,235 [INFO] DbMcusAds:125 - Set database path to: C:\Users\marci\.stmcufinder\plugins\mcufinder//mcu/
2024-02-02 21:05:13,605 [INFO] CrossReferenceDbSqlite:203 - Set database path to: C:\Users\marci\.stmcufinder\plugins\mcufinder//mcu/cs/
2024-02-02 21:05:13,741 [INFO] RulesReader:64 - Compatibility file has been processed (293 Rules)
2024-02-02 21:05:13,842 [INFO] DbMcusXml:78 - Set database path to: D:\STM32CubeIDE_1.12.0\STM32CubeIDE\plugins\com.st.stm32cube.common.mx_6.8.1.202304191431\\db\/mcu/
2024-02-02 21:05:13,842 [INFO] ApiDb:274 - Set plugin database path to: D:\STM32CubeIDE_1.12.0\STM32CubeIDE\plugins\com.st.stm32cube.common.mx_6.8.1.202304191431\\db\/plugins/boardmanager/
2024-02-02 21:05:13,842 [INFO] ApiDb:261 - Set plugin images path to: D:\STM32CubeIDE_1.12.0\STM32CubeIDE\plugins\com.st.stm32cube.common.mx_6.8.1.202304191431\\db\/plugins/mcufinder/images/
2024-02-02 21:05:13,842 [WARN] DbFile:41 - Overriding database path with different value: C:\Users\marci\.stmcufinder\plugins\mcufinder/ => C:\Users\marci\.stmcufinder\plugins\mcufinder
2024-02-02 21:05:13,842 [INFO] ApiDb:250 - Set database path to: C:\Users\marci\.stmcufinder\plugins\mcufinder//mcu/
2024-02-02 21:05:13,842 [WARN] DbFile:41 - Overriding database path with different value: C:\Users\marci\.stmcufinder\plugins\mcufinder/ => C:\Users\marci\.stmcufinder\plugins\mcufinder
2024-02-02 21:05:13,843 [INFO] DbMcusAds:125 - Set database path to: C:\Users\marci\.stmcufinder\plugins\mcufinder//mcu/
2024-02-02 21:05:13,843 [WARN] DbFile:41 - Overriding database path with different value: C:\Users\marci\.stmcufinder\plugins\mcufinder/ => C:\Users\marci\.stmcufinder\plugins\mcufinder
2024-02-02 21:05:13,843 [WARN] DbFile:41 - Overriding database path with different value: C:\Users\marci\.stmcufinder\plugins\mcufinder/ => C:\Users\marci\.stmcufinder\plugins\mcufinder
2024-02-02 21:05:13,843 [INFO] CrossReferenceDbSqlite:203 - Set database path to: C:\Users\marci\.stmcufinder\plugins\mcufinder//mcu/cs/
2024-02-02 21:05:13,938 [INFO] MainPanel:253 - HeapMemory: 552599552
2024-02-02 21:05:14,061 [INFO] DbMcusXml:78 - Set database path to: D:\STM32CubeIDE_1.12.0\STM32CubeIDE\plugins\com.st.stm32cube.common.mx_6.8.1.202304191431\\db\/mcu/
2024-02-02 21:05:14,061 [INFO] ApiDb:274 - Set plugin database path to: D:\STM32CubeIDE_1.12.0\STM32CubeIDE\plugins\com.st.stm32cube.common.mx_6.8.1.202304191431\\db\/plugins/boardmanager/
2024-02-02 21:05:14,061 [INFO] ApiDb:261 - Set plugin images path to: D:\STM32CubeIDE_1.12.0\STM32CubeIDE\plugins\com.st.stm32cube.common.mx_6.8.1.202304191431\\db\/plugins/mcufinder/images/
2024-02-02 21:05:14,062 [WARN] DbFile:41 - Overriding database path with different value: C:\Users\marci\.stmcufinder\plugins\mcufinder/ => C:\Users\marci\.stmcufinder\plugins\mcufinder
2024-02-02 21:05:14,062 [INFO] ApiDb:250 - Set database path to: C:\Users\marci\.stmcufinder\plugins\mcufinder//mcu/
2024-02-02 21:05:14,063 [WARN] DbFile:41 - Overriding database path with different value: C:\Users\marci\.stmcufinder\plugins\mcufinder/ => C:\Users\marci\.stmcufinder\plugins\mcufinder
2024-02-02 21:05:14,063 [INFO] DbMcusAds:125 - Set database path to: C:\Users\marci\.stmcufinder\plugins\mcufinder//mcu/
2024-02-02 21:05:14,063 [WARN] DbFile:41 - Overriding database path with different value: C:\Users\marci\.stmcufinder\plugins\mcufinder/ => C:\Users\marci\.stmcufinder\plugins\mcufinder
2024-02-02 21:05:14,063 [WARN] DbFile:41 - Overriding database path with different value: C:\Users\marci\.stmcufinder\plugins\mcufinder/ => C:\Users\marci\.stmcufinder\plugins\mcufinder
2024-02-02 21:05:14,063 [INFO] CrossReferenceDbSqlite:203 - Set database path to: C:\Users\marci\.stmcufinder\plugins\mcufinder//mcu/cs/
2024-02-02 21:05:14,089 [INFO] ApplicationProperties:184 - Using Application install path: D:\STM32CubeIDE_1.12.0\STM32CubeIDE\plugins\com.st.stm32cube.common.mx_6.8.1.202304191431
2024-02-02 21:05:14,091 [INFO] PluginManage:196 - Search for loadable plugins [exclusion list=, ]
2024-02-02 21:05:14,094 [INFO] PluginManage:310 - Check plugin analytics
2024-02-02 21:05:14,307 [INFO] AnalyticsPlugin:253 - Accepted Software Licenses: 
2024-02-02 21:05:14,307 [INFO] AnalyticsPlugin:255 - Accepted CMSIS Pack Licenses: 
2024-02-02 21:05:14,308 [INFO] AnalyticsPlugin:257 - Accepted Firmware Licenses: 
2024-02-02 21:05:14,317 [INFO] PluginManage:359 - Loaded plugin analytics (category:tool,tabindex:-1)
2024-02-02 21:05:14,317 [INFO] PluginManage:310 - Check plugin cadmodel
2024-02-02 21:05:14,336 [INFO] CADModel:105 - Init CAD model plugin
2024-02-02 21:05:14,336 [INFO] PluginManage:359 - Loaded plugin cadmodel (category:power,tabindex:5)
2024-02-02 21:05:14,336 [INFO] PluginManage:310 - Check plugin clock
2024-02-02 21:05:14,361 [INFO] PluginManage:359 - Loaded plugin clock (category:base,tabindex:2)
2024-02-02 21:05:14,361 [INFO] PluginManage:310 - Check plugin ddr
2024-02-02 21:05:14,364 [INFO] PluginManage:359 - Loaded plugin ddr (category:tool,tabindex:6)
2024-02-02 21:05:14,364 [INFO] PluginManage:310 - Check plugin filemanager
2024-02-02 21:05:14,539 [INFO] PluginManage:359 - Loaded plugin filemanager (category:base,tabindex:10)
2024-02-02 21:05:14,539 [INFO] PluginManage:310 - Check plugin ipmanager
2024-02-02 21:05:14,549 [INFO] PluginManage:359 - Loaded plugin ipmanager (category:base,tabindex:5)
2024-02-02 21:05:14,549 [INFO] PluginManage:310 - Check plugin lpbam
2024-02-02 21:05:14,571 [INFO] PluginManage:359 - Loaded plugin lpbam (category:base,tabindex:0)
2024-02-02 21:05:14,571 [INFO] PluginManage:310 - Check plugin pinoutandconfiguration
2024-02-02 21:05:14,592 [INFO] PluginManage:359 - Loaded plugin pinoutandconfiguration (category:base,tabindex:1)
2024-02-02 21:05:14,592 [INFO] PluginManage:310 - Check plugin pinoutconfig
2024-02-02 21:05:14,732 [WARN] SupportedApi:132 - Cannot load RTOS API schema: s4s-elt-must-match.1: The content of 'definitions' must match (annotation?, (simpleType | complexType)?, (unique | key | keyref)*)). A problem was found starting at: attribute.
2024-02-02 21:05:14,909 [INFO] PluginManage:359 - Loaded plugin pinoutconfig (category:base,tabindex:0)
2024-02-02 21:05:14,910 [INFO] PluginManage:310 - Check plugin power
2024-02-02 21:05:14,945 [INFO] PluginManage:359 - Loaded plugin power (category:power,tabindex:4)
2024-02-02 21:05:14,945 [INFO] PluginManage:310 - Check plugin projectmanager
2024-02-02 21:05:14,967 [INFO] PluginManage:359 - Loaded plugin projectmanager (category:projectmanager,tabindex:3)
2024-02-02 21:05:14,967 [INFO] PluginManage:310 - Check plugin thirdparty
2024-02-02 21:05:15,330 [INFO] PluginManage:359 - Loaded plugin thirdparty (category:base,tabindex:-1)
2024-02-02 21:05:15,330 [INFO] PluginManage:310 - Check plugin tools
2024-02-02 21:05:15,330 [WARN] IntegrityCheckThread:84 - waiting for thirdparty lock release [integrity check]
2024-02-02 21:05:15,331 [INFO] IntegrityCheckThread:86 - entering critical section [integrity check]
2024-02-02 21:05:15,334 [INFO] ThirdPartyUpdaterWithRetryManager:70 - Updater plugin not ready yet. [1/15]
2024-02-02 21:05:15,371 [INFO] PluginManage:359 - Loaded plugin tools (category:base,tabindex:7)
2024-02-02 21:05:15,371 [INFO] PluginManage:310 - Check plugin tutovideos
2024-02-02 21:05:15,649 [INFO] PluginManage:359 - Loaded plugin tutovideos (category:base,tabindex:-1)
2024-02-02 21:05:15,649 [INFO] PluginManage:310 - Check plugin updater
2024-02-02 21:05:15,670 [INFO] PluginManage:359 - Loaded plugin updater (category:base,tabindex:12)
2024-02-02 21:05:15,671 [INFO] PluginManage:283 - PluginManage : Loaded plugins [15]
2024-02-02 21:05:16,022 [INFO] PinOutPanel:1499 - setPackage(No Configuration,No Configuration)
2024-02-02 21:05:16,110 [INFO] CADModel:165 - CPN selected for project level
2024-02-02 21:05:16,110 [INFO] CADModel:114 - Register for checkConnection events
2024-02-02 21:05:16,147 [INFO] IPUIPlugin:80 - create IPUIPlugin
2024-02-02 21:05:16,148 [INFO] PluginManager:220 - loadIPPluginJar : add adc
2024-02-02 21:05:16,194 [INFO] IPUIPlugin:80 - create IPUIPlugin
2024-02-02 21:05:16,194 [INFO] PluginManager:220 - loadIPPluginJar : add aes
2024-02-02 21:05:16,246 [INFO] IPUIPlugin:80 - create IPUIPlugin
2024-02-02 21:05:16,247 [INFO] PluginManager:220 - loadIPPluginJar : add can
2024-02-02 21:05:16,275 [INFO] IPUIPlugin:80 - create IPUIPlugin
2024-02-02 21:05:16,276 [INFO] PluginManager:220 - loadIPPluginJar : add comp
2024-02-02 21:05:16,317 [INFO] IPUIPlugin:80 - create IPUIPlugin
2024-02-02 21:05:16,317 [INFO] PluginManager:220 - loadIPPluginJar : add cryp
2024-02-02 21:05:16,356 [INFO] IPUIPlugin:80 - create IPUIPlugin
2024-02-02 21:05:16,357 [INFO] PluginManager:220 - loadIPPluginJar : add dfsdm
2024-02-02 21:05:16,377 [INFO] IPUIPlugin:80 - create IPUIPlugin
2024-02-02 21:05:16,378 [INFO] PluginManager:220 - loadIPPluginJar : add dma
2024-02-02 21:05:16,438 [INFO] IPUIPlugin:80 - create IPUIPlugin
2024-02-02 21:05:16,438 [INFO] PluginManager:220 - loadIPPluginJar : add dma3
2024-02-02 21:05:16,464 [INFO] IPUIPlugin:80 - create IPUIPlugin
2024-02-02 21:05:16,464 [INFO] PluginManager:220 - loadIPPluginJar : add fatfs
2024-02-02 21:05:16,523 [INFO] IPUIPlugin:80 - create IPUIPlugin
2024-02-02 21:05:16,523 [INFO] PluginManager:220 - loadIPPluginJar : add fmc
2024-02-02 21:05:16,542 [INFO] IPUIPlugin:80 - create IPUIPlugin
2024-02-02 21:05:16,542 [INFO] PluginManager:220 - loadIPPluginJar : add freertos
2024-02-02 21:05:16,568 [INFO] IPUIPlugin:80 - create IPUIPlugin
2024-02-02 21:05:16,569 [INFO] PluginManager:220 - loadIPPluginJar : add genericplugin
2024-02-02 21:05:16,686 [INFO] IPUIPlugin:80 - create IPUIPlugin
2024-02-02 21:05:16,686 [INFO] PluginManager:220 - loadIPPluginJar : add gfxmmu
2024-02-02 21:05:16,857 [INFO] IPUIPlugin:80 - create IPUIPlugin
2024-02-02 21:05:16,857 [INFO] PluginManager:220 - loadIPPluginJar : add gic
2024-02-02 21:05:16,874 [INFO] IPUIPlugin:80 - create IPUIPlugin
2024-02-02 21:05:16,874 [INFO] PluginManager:220 - loadIPPluginJar : add gpio
2024-02-02 21:05:16,987 [INFO] IPUIPlugin:80 - create IPUIPlugin
2024-02-02 21:05:16,987 [INFO] PluginManager:220 - loadIPPluginJar : add gtzc
2024-02-02 21:05:17,029 [INFO] IPUIPlugin:80 - create IPUIPlugin
2024-02-02 21:05:17,029 [INFO] PluginManager:220 - loadIPPluginJar : add hash
2024-02-02 21:05:17,094 [INFO] IPUIPlugin:80 - create IPUIPlugin
2024-02-02 21:05:17,095 [INFO] PluginManager:220 - loadIPPluginJar : add i2c
2024-02-02 21:05:17,146 [INFO] IPUIPlugin:80 - create IPUIPlugin
2024-02-02 21:05:17,147 [INFO] PluginManager:220 - loadIPPluginJar : add i2s
2024-02-02 21:05:17,199 [INFO] IPUIPlugin:80 - create IPUIPlugin
2024-02-02 21:05:17,199 [INFO] PluginManager:220 - loadIPPluginJar : add i3c
2024-02-02 21:05:17,328 [INFO] IPUIPlugin:80 - create IPUIPlugin
2024-02-02 21:05:17,328 [INFO] PluginManager:220 - loadIPPluginJar : add ipddr
2024-02-02 21:05:17,450 [INFO] IPUIPlugin:80 - create IPUIPlugin
2024-02-02 21:05:17,450 [INFO] PluginManager:220 - loadIPPluginJar : add linkedlist
2024-02-02 21:05:17,495 [INFO] IPUIPlugin:80 - create IPUIPlugin
2024-02-02 21:05:17,495 [INFO] PluginManager:220 - loadIPPluginJar : add lorawan
2024-02-02 21:05:17,541 [INFO] IPUIPlugin:80 - create IPUIPlugin
2024-02-02 21:05:17,541 [INFO] PluginManager:220 - loadIPPluginJar : add ltdc
2024-02-02 21:05:17,559 [INFO] IPUIPlugin:80 - create IPUIPlugin
2024-02-02 21:05:17,560 [INFO] PluginManager:220 - loadIPPluginJar : add mdma
2024-02-02 21:05:17,574 [INFO] IPUIPlugin:80 - create IPUIPlugin
2024-02-02 21:05:17,574 [INFO] PluginManager:220 - loadIPPluginJar : add nvic
2024-02-02 21:05:17,619 [INFO] IPUIPlugin:80 - create IPUIPlugin
2024-02-02 21:05:17,620 [INFO] PluginManager:220 - loadIPPluginJar : add opamp
2024-02-02 21:05:17,696 [INFO] IPUIPlugin:80 - create IPUIPlugin
2024-02-02 21:05:17,696 [INFO] PluginManager:220 - loadIPPluginJar : add openamp
2024-02-02 21:05:17,750 [INFO] IPUIPlugin:80 - create IPUIPlugin
2024-02-02 21:05:17,750 [INFO] PluginManager:220 - loadIPPluginJar : add pdm2pcm
2024-02-02 21:05:17,771 [INFO] IPUIPlugin:80 - create IPUIPlugin
2024-02-02 21:05:17,774 [INFO] PluginManager:220 - loadIPPluginJar : add plateformsettings
2024-02-02 21:05:17,802 [INFO] IPUIPlugin:80 - create IPUIPlugin
2024-02-02 21:05:17,802 [INFO] PluginManager:220 - loadIPPluginJar : add quadspi
2024-02-02 21:05:17,817 [INFO] IPUIPlugin:80 - create IPUIPlugin
2024-02-02 21:05:17,818 [INFO] PluginManager:220 - loadIPPluginJar : add resmgrutility
2024-02-02 21:05:17,876 [INFO] IPUIPlugin:80 - create IPUIPlugin
2024-02-02 21:05:17,876 [INFO] PluginManager:220 - loadIPPluginJar : add sai
2024-02-02 21:05:17,923 [INFO] IPUIPlugin:80 - create IPUIPlugin
2024-02-02 21:05:17,923 [INFO] PluginManager:220 - loadIPPluginJar : add spi
2024-02-02 21:05:17,993 [INFO] IPUIPlugin:80 - create IPUIPlugin
2024-02-02 21:05:17,994 [INFO] PluginManager:220 - loadIPPluginJar : add stm32_wpan
2024-02-02 21:05:18,023 [INFO] IPUIPlugin:80 - create IPUIPlugin
2024-02-02 21:05:18,023 [INFO] PluginManager:220 - loadIPPluginJar : add tim
2024-02-02 21:05:18,092 [INFO] IPUIPlugin:80 - create IPUIPlugin
2024-02-02 21:05:18,092 [INFO] PluginManager:220 - loadIPPluginJar : add touchsensing
2024-02-02 21:05:18,121 [INFO] IPUIPlugin:80 - create IPUIPlugin
2024-02-02 21:05:18,121 [INFO] PluginManager:220 - loadIPPluginJar : add tracer_emb
2024-02-02 21:05:18,151 [INFO] IPUIPlugin:80 - create IPUIPlugin
2024-02-02 21:05:18,151 [INFO] PluginManager:220 - loadIPPluginJar : add ts
2024-02-02 21:05:18,178 [INFO] IPUIPlugin:80 - create IPUIPlugin
2024-02-02 21:05:18,179 [INFO] PluginManager:220 - loadIPPluginJar : add tsc
2024-02-02 21:05:18,206 [INFO] IPUIPlugin:80 - create IPUIPlugin
2024-02-02 21:05:18,206 [INFO] PluginManager:220 - loadIPPluginJar : add ucpd
2024-02-02 21:05:18,259 [INFO] IPUIPlugin:80 - create IPUIPlugin
2024-02-02 21:05:18,260 [INFO] PluginManager:220 - loadIPPluginJar : add usart
2024-02-02 21:05:18,314 [INFO] IPUIPlugin:80 - create IPUIPlugin
2024-02-02 21:05:18,314 [INFO] PluginManager:220 - loadIPPluginJar : add usbx
2024-02-02 21:05:18,342 [INFO] ThirdPartyUpdaterWithRetryManager:70 - Updater plugin not ready yet. [2/15]
2024-02-02 21:05:18,463 [INFO] CADModel:165 - CPN selected for project level
2024-02-02 21:05:18,464 [INFO] CADModel:114 - Register for checkConnection events
2024-02-02 21:05:18,464 [FATAL] Updater:308 - Updater called before beeing initialized
2024-02-02 21:05:18,464 [ERROR] CADModel:125 - Updater not yet initialized, retry later 
2024-02-02 21:05:18,661 [INFO] CADModel:165 - CPN selected for project level
2024-02-02 21:05:18,661 [INFO] CADModel:114 - Register for checkConnection events
2024-02-02 21:05:18,661 [FATAL] Updater:308 - Updater called before beeing initialized
2024-02-02 21:05:18,661 [ERROR] CADModel:125 - Updater not yet initialized, retry later 
2024-02-02 21:05:18,666 [FATAL] Updater:308 - Updater called before beeing initialized
2024-02-02 21:05:18,822 [FATAL] Updater:308 - Updater called before beeing initialized
2024-02-02 21:05:18,838 [INFO] DbMcusAds:53 - JSON generation date=Wed Nov 29 11:52:27 CET 2023 (1701255147200)
2024-02-02 21:05:18,838 [FATAL] Updater:308 - Updater called before beeing initialized
2024-02-02 21:05:18,945 [WARN] DetailPanel:346 - Failed to get advertising image, set to default
2024-02-02 21:05:19,081 [FATAL] Updater:308 - Updater called before beeing initialized
2024-02-02 21:05:19,084 [FATAL] Updater:308 - Updater called before beeing initialized
2024-02-02 21:05:19,084 [FATAL] Updater:308 - Updater called before beeing initialized
2024-02-02 21:05:19,084 [WARN] DetailPanel:346 - Failed to get advertising image, set to default
2024-02-02 21:05:19,086 [FATAL] Updater:308 - Updater called before beeing initialized
2024-02-02 21:05:19,164 [ERROR] Updater:1120 - MainUpdater not yet initialized. External WinMGr cannot be set.
2024-02-02 21:05:19,210 [INFO] Updater:1056 - Updater Version found : 6.8.1
2024-02-02 21:05:19,236 [INFO] ApplicationProperties:184 - Using Application install path: D:\STM32CubeIDE_1.12.0\STM32CubeIDE\plugins\com.st.stm32cube.common.mx_6.8.1.202304191431
2024-02-02 21:05:19,694 [INFO] MainUpdater:2854 - connection check result : 10
2024-02-02 21:05:19,694 [INFO] MainUpdater:3548 - Updater definition file requires update
2024-02-02 21:05:19,696 [INFO] MainUpdater:283 - Updater Check For Update Now.
2024-02-02 21:05:19,696 [INFO] MicroXplorer:498 - Change Database Version : DB.6.0.81
2024-02-02 21:05:19,866 [INFO] ServerAccessManage:473 - Download File updaters.zip
2024-02-02 21:05:19,940 [INFO] FileExtend:240 - Unzip File : updaters.zip
2024-02-02 21:05:19,941 [INFO] FileExtend:255 - Standard Zip Deflate
2024-02-02 21:05:20,763 [INFO] ServerAccessManage:473 - Download File PacksControlFlags.xml
2024-02-02 21:05:20,894 [INFO] ServerAccessManage:473 - Download File cubemx.pidx
2024-02-02 21:05:21,030 [INFO] LoadServerUpdatesThread:373 - End of LoadServerUpdate Thread
2024-02-02 21:05:21,266 [INFO] CheckServerUpdateThread:120 - End of CheckServer Thread
2024-02-02 21:05:21,354 [INFO] MainUpdater:2854 - connection check result : 10
2024-02-02 21:05:21,572 [INFO] MainUpdater:2854 - connection check result : 10
2024-02-02 21:05:21,629 [WARN] PackLoader:240 - Cannot read IP mode file for STMicroelectronics.X-CUBE-SMBUS.2.1.0
2024-02-02 21:05:21,649 [WARN] PackLoader:240 - Cannot read IP mode file for STMicroelectronics.X-CUBE-TOUCHGFX.4.23.0
2024-02-02 21:05:21,696 [WARN] PackLoader:240 - Cannot read IP mode file for STMicroelectronics.X-CUBE-AZRTOS-F7.1.1.0
2024-02-02 21:05:21,719 [WARN] PackLoader:240 - Cannot read IP mode file for STMicroelectronics.FP-SNS-MOTENV1.4.3.2
2024-02-02 21:05:21,739 [ERROR] RealEvaluatedCondition:428 - Found unsupported composite condition: CLASS='Data Exchange' GROUP='STM32_MetaDataManager'
2024-02-02 21:05:21,739 [ERROR] RealEvaluatedCondition:428 - Found unsupported composite condition: GROUP='STM32_MetaDataManager' CLASS='Data Exchange'
2024-02-02 21:05:21,741 [WARN] PackLoader:240 - Cannot read IP mode file for STMicroelectronics.FP-SNS-MOTENV1.4.3.1
2024-02-02 21:05:21,762 [WARN] PackLoader:240 - Cannot read IP mode file for STMicroelectronics.FP-SNS-FLIGHT1.5.0.1
2024-02-02 21:05:21,783 [WARN] PackLoader:240 - Cannot read IP mode file for STMicroelectronics.X-CUBE-BLE1.6.2.4
2024-02-02 21:05:21,802 [WARN] PackLoader:240 - Cannot read IP mode file for STMicroelectronics.FP-SNS-FLIGHT1.5.0.2
2024-02-02 21:05:21,824 [WARN] PackLoader:240 - Cannot read IP mode file for STMicroelectronics.X-CUBE-DISPLAY.3.0.0
2024-02-02 21:05:21,845 [WARN] PackLoader:240 - Cannot read IP mode file for STMicroelectronics.X-CUBE-BLE1.7.0.0
2024-02-02 21:05:21,862 [WARN] PackLoader:240 - Cannot read IP mode file for STMicroelectronics.X-CUBE-TOUCHGFX.4.22.0
2024-02-02 21:05:21,871 [INFO] MicroXplorer:468 - Change Database Path : 
2024-02-02 21:05:21,872 [INFO] MicroXplorer:498 - Change Database Version : DB.6.0.81
2024-02-02 21:05:21,872 [WARN] ThirdParty:871 - waiting for thirdparty lock release [close project]
2024-02-02 21:05:21,876 [WARN] PackLoader:240 - Cannot read IP mode file for STMicroelectronics.X-CUBE-TOUCHGFX.4.22.1
2024-02-02 21:05:21,893 [WARN] PackLoader:240 - Cannot read IP mode file for STMicroelectronics.FP-SNS-SMARTAG2.1.2.0
2024-02-02 21:05:21,920 [INFO] LogOutputStream:77 - [STDOUT_REDIRECT] 1 : Invalid condition id : UX_CORESTACK_Condition cause : null
2024-02-02 21:05:21,921 [INFO] LogOutputStream:77 - [STDOUT_REDIRECT] 1 : Invalid condition id : UX_CORESTACK_Condition cause : null
2024-02-02 21:05:21,922 [INFO] LogOutputStream:77 - [STDOUT_REDIRECT] 1 : Invalid condition id : UX_CORESTACK_Condition cause : null
2024-02-02 21:05:21,923 [INFO] LogOutputStream:77 - [STDOUT_REDIRECT] 1 : Invalid condition id : UX_CORESTACK_Condition cause : null
2024-02-02 21:05:21,925 [INFO] LogOutputStream:77 - [STDOUT_REDIRECT] 1 : Invalid condition id : UX_CORESTACK_Condition cause : null
2024-02-02 21:05:21,930 [WARN] PackLoader:240 - Cannot read IP mode file for STMicroelectronics.X-CUBE-AZRTOS-WL.2.0.0
2024-02-02 21:05:21,955 [WARN] PackLoader:240 - Cannot read IP mode file for WES.I-CUBE-Cesium.1.3.0
2024-02-02 21:05:21,972 [WARN] PackLoader:240 - Cannot read IP mode file for STMicroelectronics.X-CUBE-BLE2.3.3.0
2024-02-02 21:05:21,991 [WARN] PackLoader:240 - Cannot read IP mode file for STMicroelectronics.X-CUBE-TOUCHGFX.4.21.4
2024-02-02 21:05:22,009 [WARN] PackLoader:240 - Cannot read IP mode file for STMicroelectronics.X-CUBE-ALGOBUILD.1.3.0
2024-02-02 21:05:22,046 [WARN] PackLoader:240 - Cannot read IP mode file for STMicroelectronics.X-CUBE-AZRTOS-G0.1.1.0
2024-02-02 21:05:22,071 [WARN] PackLoader:240 - Cannot read IP mode file for STMicroelectronics.X-CUBE-NFC4.3.0.0
2024-02-02 21:05:22,096 [WARN] PackLoader:240 - Cannot read IP mode file for STMicroelectronics.X-CUBE-BLEMGR.3.0.0
2024-02-02 21:05:22,119 [WARN] PackLoader:240 - Cannot read IP mode file for STMicroelectronics.FP-ATR-SIGFOX1.3.2.0
2024-02-02 21:05:22,139 [WARN] PackLoader:240 - Cannot read IP mode file for STMicroelectronics.X-CUBE-EEPRMA1.5.1.0
2024-02-02 21:05:22,196 [WARN] PackLoader:240 - Cannot read IP mode file for SEGGER.I-CUBE-embOS.1.3.1
2024-02-02 21:05:22,272 [WARN] PackLoader:240 - Cannot read IP mode file for STMicroelectronics.X-CUBE-GNSS1.6.0.0
2024-02-02 21:05:22,315 [WARN] PackLoader:240 - Cannot read IP mode file for STMicroelectronics.X-CUBE-AZRTOS-F4.1.1.0
2024-02-02 21:05:22,336 [WARN] PackLoader:240 - Cannot read IP mode file for wolfSSL.I-CUBE-wolfSSL.5.6.0
2024-02-02 21:05:22,372 [WARN] PackLoader:240 - Cannot read IP mode file for STMicroelectronics.X-CUBE-AZRTOS-L5.2.0.0
2024-02-02 21:05:22,444 [WARN] PackLoader:240 - Cannot read IP mode file for STMicroelectronics.X-CUBE-MEMS1.9.6.0
2024-02-02 21:05:22,602 [WARN] PackLoader:240 - Cannot read IP mode file for STMicroelectronics.X-CUBE-EEPRMA1.4.2.0
2024-02-02 21:05:22,620 [WARN] PackLoader:240 - Cannot read IP mode file for ITTIA_DB.I-CUBE-ITTIADB.8.8.0
2024-02-02 21:05:22,638 [WARN] PackLoader:240 - Cannot read IP mode file for emotas.I-CUBE-CANOPEN.1.1.3
2024-02-02 21:05:22,655 [WARN] PackLoader:240 - Cannot read IP mode file for STMicroelectronics.X-CUBE-BLEMGR.2.0.0
2024-02-02 21:05:22,689 [WARN] ConditionMgr:438 - getConditionDescription Invalid condition id : UX DEVICE CLASS RTOS Condition cause : null
2024-02-02 21:05:22,690 [WARN] ConditionMgr:438 - getConditionDescription Invalid condition id : UX DEVICE CLASS RTOS Condition cause : null
2024-02-02 21:05:22,693 [WARN] PackLoader:240 - Cannot read IP mode file for STMicroelectronics.X-CUBE-AZRTOS-H7.3.1.0
2024-02-02 21:05:22,694 [WARN] ConditionMgr:1039 - genDependencies : Invalid condition id : UX DEVICE CLASS RTOS Condition cause : null
2024-02-02 21:05:22,694 [WARN] ConditionMgr:1039 - genDependencies : Invalid condition id : UX DEVICE CLASS RTOS Condition cause : null
2024-02-02 21:05:22,695 [WARN] ConditionMgr:1039 - genDependencies : Invalid condition id : UX DEVICE CLASS RTOS Condition cause : null
2024-02-02 21:05:22,695 [WARN] ConditionMgr:1039 - genDependencies : Invalid condition id : UX DEVICE CLASS RTOS Condition cause : null
2024-02-02 21:05:22,695 [WARN] ConditionMgr:1039 - genDependencies : Invalid condition id : UX DEVICE CLASS RTOS Condition cause : null
2024-02-02 21:05:22,711 [WARN] PackLoader:240 - Cannot read IP mode file for STMicroelectronics.X-CUBE-NFC7.1.0.1
2024-02-02 21:05:22,727 [WARN] PackLoader:240 - Cannot read IP mode file for STMicroelectronics.X-CUBE-NFC7.1.0.0
2024-02-02 21:05:22,745 [WARN] PackLoader:240 - Cannot read IP mode file for STMicroelectronics.X-CUBE-NFC6.3.0.0
2024-02-02 21:05:22,763 [WARN] PackLoader:240 - Cannot read IP mode file for STMicroelectronics.X-CUBE-EEPRMA1.4.1.0
2024-02-02 21:05:22,779 [WARN] PackLoader:240 - Cannot read IP mode file for STMicroelectronics.X-CUBE-AI.8.1.0
2024-02-02 21:05:22,809 [WARN] ConditionMgr:438 - getConditionDescription Invalid condition id : LAN8742 Phy interface Condition cause : null
2024-02-02 21:05:22,810 [WARN] PackLoader:240 - Cannot read IP mode file for STMicroelectronics.X-CUBE-AZRTOS-L4.2.0.0
2024-02-02 21:05:22,812 [WARN] ConditionMgr:1039 - genDependencies : Invalid condition id : LAN8742 Phy interface Condition cause : null
2024-02-02 21:05:22,812 [WARN] ConditionMgr:1039 - genDependencies : Invalid condition id : LAN8742 Phy interface Condition cause : null
2024-02-02 21:05:22,812 [WARN] ConditionMgr:1039 - genDependencies : Invalid condition id : LAN8742 Phy interface Condition cause : null
2024-02-02 21:05:22,830 [WARN] PackLoader:240 - Cannot read IP mode file for STMicroelectronics.X-CUBE-SFXS2LP1.4.0.0
2024-02-02 21:05:22,846 [WARN] PackLoader:240 - Cannot read IP mode file for STMicroelectronics.X-CUBE-ISPU.1.1.0
2024-02-02 21:05:22,872 [WARN] ConditionMgr:438 - getConditionDescription Invalid condition id : UX DEVICE CLASS RTOS Condition cause : null
2024-02-02 21:05:22,872 [WARN] ConditionMgr:438 - getConditionDescription Invalid condition id : UX DEVICE CLASS RTOS Condition cause : null
2024-02-02 21:05:22,874 [WARN] PackLoader:240 - Cannot read IP mode file for STMicroelectronics.X-CUBE-AZRTOS-WB.2.0.0
2024-02-02 21:05:22,876 [WARN] ConditionMgr:1039 - genDependencies : Invalid condition id : UX DEVICE CLASS RTOS Condition cause : null
2024-02-02 21:05:22,876 [WARN] ConditionMgr:1039 - genDependencies : Invalid condition id : UX DEVICE CLASS RTOS Condition cause : null
2024-02-02 21:05:22,877 [WARN] ConditionMgr:1039 - genDependencies : Invalid condition id : UX DEVICE CLASS RTOS Condition cause : null
2024-02-02 21:05:22,877 [WARN] ConditionMgr:1039 - genDependencies : Invalid condition id : UX DEVICE CLASS RTOS Condition cause : null
2024-02-02 21:05:22,878 [WARN] ConditionMgr:1039 - genDependencies : Invalid condition id : UX DEVICE CLASS RTOS Condition cause : null
2024-02-02 21:05:22,892 [WARN] PackLoader:240 - Cannot read IP mode file for STMicroelectronics.X-CUBE-FREERTOS.1.0.1
2024-02-02 21:05:22,919 [WARN] PackLoader:240 - Cannot read IP mode file for STMicroelectronics.X-CUBE-AZRTOS-L5.1.1.0
2024-02-02 21:05:22,935 [WARN] PackLoader:240 - Cannot read IP mode file for STMicroelectronics.X-CUBE-AI.8.0.1
2024-02-02 21:05:22,956 [WARN] PackLoader:240 - Cannot read IP mode file for STMicroelectronics.X-CUBE-SUBG2.5.0.0
2024-02-02 21:05:22,983 [WARN] PackLoader:240 - Cannot read IP mode file for STMicroelectronics.X-CUBE-TOF1.3.3.1
2024-02-02 21:05:23,036 [WARN] PackLoader:240 - Cannot read IP mode file for STMicroelectronics.X-CUBE-AZRTOS-G4.2.0.0
2024-02-02 21:05:23,060 [WARN] PackLoader:240 - Cannot read IP mode file for STMicroelectronics.X-CUBE-TOF1.3.3.0
2024-02-02 21:05:23,101 [WARN] PackLoader:240 - Cannot read IP mode file for Infineon.AIROC-Wi-Fi-Bluetooth-STM32.1.5.1
2024-02-02 21:05:23,122 [WARN] PackLoader:240 - Cannot read IP mode file for STMicroelectronics.FP-SNS-MOTENVWB1.1.3.0
2024-02-02 21:05:23,136 [WARN] PackLoader:240 - Cannot read IP mode file for STMicroelectronics.FP-SNS-MOTENVWB1.1.3.1
2024-02-02 21:05:23,154 [WARN] PackLoader:240 - Cannot read IP mode file for STMicroelectronics.X-CUBE-ISPU.2.0.0
2024-02-02 21:05:23,209 [WARN] PackLoader:240 - Cannot read IP mode file for STMicroelectronics.X-CUBE-MEMS1.10.0.0
2024-02-02 21:05:23,324 [WARN] PackLoader:240 - Cannot read IP mode file for STMicroelectronics.X-CUBE-FREERTOS.1.1.0
2024-02-02 21:05:23,342 [WARN] PackLoader:240 - Cannot read IP mode file for portGmbH.I-Cube-SoM-uGOAL.1.1.0
2024-02-02 21:05:23,383 [WARN] PackLoader:240 - Cannot read IP mode file for STMicroelectronics.X-CUBE-ALS.1.0.1
2024-02-02 21:05:23,411 [WARN] PackLoader:240 - Cannot read IP mode file for STMicroelectronics.X-CUBE-AZRTOS-WB.1.1.0
2024-02-02 21:05:23,426 [WARN] PackLoader:240 - Cannot read IP mode file for STMicroelectronics.FP-ATR-ASTRA1.2.0.0
2024-02-02 21:05:23,450 [WARN] PackLoader:240 - Cannot read IP mode file for STMicroelectronics.X-CUBE-TOF1.3.4.0
2024-02-02 21:05:23,490 [WARN] PackLoader:240 - Cannot read IP mode file for STMicroelectronics.X-CUBE-AZRTOS-H7.3.2.0
2024-02-02 21:05:23,493 [INFO] ThirdParty:978 - Integrity check success = true
2024-02-02 21:05:23,493 [INFO] IntegrityCheckThread:100 - exiting critical section [integrity check]
2024-02-02 21:05:23,493 [INFO] IntegrityCheckThread:103 - End integrity checks thread
2024-02-02 21:05:23,493 [INFO] ThirdParty:873 - entering critical section [close project]
2024-02-02 21:05:23,495 [INFO] ThirdParty:883 - exiting critical section [close project]
2024-02-02 21:05:23,502 [INFO] PinOutPanel:1499 - setPackage(No Configuration,No Configuration)
2024-02-02 21:05:23,509 [INFO] UtilMem:75 - Begin LoadConfig() Used Memory: 639539424 Bytes (918552576)
2024-02-02 21:05:23,511 [INFO] MicroXplorer:468 - Change Database Path : 
2024-02-02 21:05:23,511 [INFO] MicroXplorer:498 - Change Database Version : DB.6.0.81
2024-02-02 21:05:23,512 [INFO] OpenFileManager:308 - Change cursor
2024-02-02 21:05:23,567 [INFO] Mcu:1937 - Initializing MCU STM32L152RETx STM32L152RETx STM32L152RET6
2024-02-02 21:05:25,593 [INFO] Context:659 - Trying to add GPIOservice into a context  which must be forbidden
2024-02-02 21:05:26,323 [INFO] RtosManager:555 - Registered RTOS mode: class=CMSIS, group=RTOS, mode=CMSIS_V1, owner=FREERTOS
2024-02-02 21:05:26,323 [INFO] RtosManager:555 - Registered RTOS mode: class=CMSIS, group=RTOS2, mode=CMSIS_V2, owner=FREERTOS
2024-02-02 21:05:26,323 [INFO] RtosManager:555 - Registered RTOS mode: class=RTOS, group=Core, mode=CMSIS_V1, owner=FREERTOS
2024-02-02 21:05:26,323 [INFO] RtosManager:555 - Registered RTOS mode: class=RTOS, group=Core, mode=CMSIS_V2, owner=FREERTOS
2024-02-02 21:05:26,324 [WARN] ModelIntegratedComponent:184 - Missing modes for component STMicroelectronics:FreeRTOS:0.0.1:STMicroelectronics:RTOS:FreeRTOS:Core:::10.2.0:
2024-02-02 21:05:26,344 [WARN] ModelIntegratedComponent:63 - No mode defined for component null
2024-02-02 21:05:26,345 [WARN] ModelIntegratedComponent:63 - No mode defined for component null
2024-02-02 21:05:26,345 [WARN] ModelIntegratedComponent:63 - No mode defined for component null
2024-02-02 21:05:26,345 [WARN] ModelIntegratedComponent:63 - No mode defined for component null
2024-02-02 21:05:26,345 [WARN] ModelIntegratedComponent:63 - No mode defined for component null
2024-02-02 21:05:26,345 [WARN] ModelIntegratedComponent:63 - No mode defined for component null
2024-02-02 21:05:26,345 [WARN] ModelIntegratedComponent:63 - No mode defined for component null
2024-02-02 21:05:26,345 [WARN] ModelIntegratedComponent:63 - No mode defined for component null
2024-02-02 21:05:26,345 [WARN] ModelIntegratedComponent:63 - No mode defined for component null
2024-02-02 21:05:26,345 [WARN] ModelIntegratedComponent:63 - No mode defined for component null
2024-02-02 21:05:26,345 [WARN] ModelIntegratedComponent:63 - No mode defined for component null
2024-02-02 21:05:26,345 [WARN] ModelIntegratedComponent:63 - No mode defined for component null
2024-02-02 21:05:26,345 [WARN] ModelIntegratedComponent:63 - No mode defined for component null
2024-02-02 21:05:26,345 [WARN] ModelIntegratedComponent:63 - No mode defined for component null
2024-02-02 21:05:26,346 [WARN] ModelIntegratedComponent:63 - No mode defined for component null
2024-02-02 21:05:26,346 [WARN] ModelIntegratedComponent:63 - No mode defined for component null
2024-02-02 21:05:26,346 [WARN] ModelIntegratedComponent:63 - No mode defined for component null
2024-02-02 21:05:26,346 [WARN] ModelIntegratedComponent:63 - No mode defined for component null
2024-02-02 21:05:26,346 [WARN] ModelIntegratedComponent:63 - No mode defined for component null
2024-02-02 21:05:26,346 [WARN] ModelIntegratedComponent:63 - No mode defined for component null
2024-02-02 21:05:26,346 [WARN] ModelIntegratedComponent:63 - No mode defined for component null
2024-02-02 21:05:26,346 [WARN] ModelIntegratedComponent:63 - No mode defined for component null
2024-02-02 21:05:26,346 [WARN] ModelIntegratedComponent:63 - No mode defined for component null
2024-02-02 21:05:26,346 [WARN] ModelIntegratedComponent:63 - No mode defined for component null
2024-02-02 21:05:26,346 [WARN] ModelIntegratedComponent:63 - No mode defined for component null
2024-02-02 21:05:26,346 [WARN] ModelIntegratedComponent:63 - No mode defined for component null
2024-02-02 21:05:26,347 [WARN] ModelIntegratedComponent:63 - No mode defined for component null
2024-02-02 21:05:26,347 [WARN] ModelIntegratedComponent:63 - No mode defined for component null
2024-02-02 21:05:26,347 [WARN] ModelIntegratedComponent:63 - No mode defined for component null
2024-02-02 21:05:26,347 [WARN] ModelIntegratedComponent:63 - No mode defined for component null
2024-02-02 21:05:26,347 [WARN] ModelIntegratedComponent:63 - No mode defined for component null
2024-02-02 21:05:26,347 [WARN] ModelIntegratedComponent:63 - No mode defined for component null
2024-02-02 21:05:26,347 [WARN] ModelIntegratedComponent:63 - No mode defined for component null
2024-02-02 21:05:26,451 [INFO] ThirdPartyModel:298 - Start build external matchings
2024-02-02 21:05:27,096 [INFO] ThirdPartyModel:316 - End build external matchings
2024-02-02 21:05:27,131 [INFO] ImportTextPane:194 - (OptionalMessage_ERROR) IP (RCC) : Invalid parameter (FamilyName)
2024-02-02 21:05:27,135 [INFO] ImportTextPane:194 - (OptionalMessage_ERROR) IP (RCC) : Parameter (RTCHSEDivFreq_Value) has invalid value (4000000)
2024-02-02 21:05:27,135 [INFO] ImportTextPane:194 - (OptionalMessage_ERROR) IP (RCC) : Invalid parameter (TIMFreq_Value)
2024-02-02 21:05:27,135 [INFO] ImportTextPane:194 - (OptionalMessage_ERROR) IP (RCC) : Invalid parameter (USBOutput)
2024-02-02 21:05:27,404 [INFO] UtilMem:75 - End LoadConfig() Used Memory: 731575952 Bytes (918552576)
2024-02-02 21:05:27,540 [INFO] ApiDb:581 - Connected to CubeFinder SQLite database (C:\Users\marci\.stmcufinder\plugins\mcufinder\mcu\cube-finder-db.db)
2024-02-02 21:05:27,648 [INFO] ApiDb:668 - CubeFinder database Data Model version=2.1
2024-02-02 21:05:27,648 [INFO] ApiDb:669 - CubeFinder database Configuration version=3.0.39
2024-02-02 21:05:27,648 [INFO] ApiDb:670 - CubeFinder database generation date=2024-01-11 (1704964531)
2024-02-02 21:05:27,648 [INFO] ApiDb:671 - CubeFinder database FW Pack versions=[FP-ATR-ASTRA1_V2.0.0, FP-SNS-FLIGHT1_V5.0.1, FP-SNS-FLIGHT1_V5.0.2, FP-SNS-MOTENV1_V4.3.1, FP-SNS-MOTENV1_V4.3.2, FP-SNS-MOTENVWB1_V1.3.1, FP-SNS-SMARTAG2_V1.2.0, STM32Cube_FW_C0_V1.1.0, STM32Cube_FW_F4_V1.28.0, STM32Cube_FW_F7_V1.17.0, STM32Cube_FW_G0_V1.6.2, STM32Cube_FW_G4_V1.5.2, STM32Cube_FW_H5_V0.5.1, STM32Cube_FW_H5_V1.1.1, STM32Cube_FW_H5_V1.2.0RC2, STM32Cube_FW_H7_V1.11.0, STM32Cube_FW_L0_V1.12.2, STM32Cube_FW_L5_V1.5.0, STM32Cube_FW_U5_V1.3.0RC4, STM32Cube_FW_U5_V1.4.0, STM32Cube_FW_WBA_V1.0.0RC1, STM32Cube_FW_WBA_V1.1.0RC1, STM32Cube_FW_WBA_V1.2.0, STM32Cube_FW_WBA_V1.2.0RC2, STM32Cube_FW_WB_V1.15.0RC1, STM32Cube_FW_WB_V1.16.0, STM32Cube_FW_WB_V1.16.0RC2, STM32Cube_FW_WB_V1.18.0, STM32Cube_FW_WL_V1.3.0, X-CUBE-ALGOBUILD_V1.3.0, X-CUBE-ALS_V1.0.1, X-CUBE-AZRTOS-F4_V1.1.0, X-CUBE-AZRTOS-F7_V1.1.0, X-CUBE-AZRTOS-G0_V1.1.0, X-CUBE-AZRTOS-G4_V2.0.0, X-CUBE-AZRTOS-H7_V3.2.0, X-CUBE-AZRTOS-L4_V1.0.0, X-CUBE-AZRTOS-L4_V2.0.0, X-CUBE-AZRTOS-L5_V1.1.0, X-CUBE-AZRTOS-WB_V2.0.0, X-CUBE-AZRTOS-WL_V2.0.0, X-CUBE-BLE1_V7.0.0, X-CUBE-BLE2_V3.3.0, X-CUBE-BLEMGR_V3.0.0, X-CUBE-EEPRMA1_V4.1.0, X-CUBE-EEPRMA1_V4.2.0, X-CUBE-FREERTOS_V1.1.0, X-CUBE-GNSS1_V6.0.0, X-CUBE-MEMS1_V10.0.0, X-CUBE-MEMS1_V9.1.0, X-CUBE-MEMS1_V9.4.0, X-CUBE-MEMS1_V9.6.0, X-CUBE-NFC4_V3.0.0, X-CUBE-NFC7_V1.0.1, X-CUBE-SFXS2LP1_V4.0.0, X-CUBE-SUBG2_V5.0.0, X-CUBE-TOF1_V3.4.0]
2024-02-02 21:05:30,508 [INFO] ApiDb:240 - Found 297 in-development CPN: [B-G473E-ZEST1S, B-WB1M-WPAN1, B-WL5M-SUBG1, NUCLEO-C031C6, NUCLEO-H503RB, NUCLEO-H563ZI, NUCLEO-U545RE-Q, NUCLEO-U5A5ZJ-Q, NUCLEO-WBA52CG, STEVAL-PROTEUS1, STEVAL-STWINBX1, STM320518-EVAL, STM32C0116-DK, STM32C011D6Y3TR, STM32C011D6Y6TR, STM32C011F4P3, STM32C011F4P6, STM32C011F4U3, STM32C011F4U6TR, STM32C011F6P3, STM32C011F6P6, STM32C011F6U3, STM32C011F6U6TR, STM32C011J4M3, STM32C011J4M6, STM32C011J6M3, STM32C011J6M6, STM32C0316-DK, STM32C031C4T3, STM32C031C4T6, STM32C031C4U3, STM32C031C4U6, STM32C031C6T3, STM32C031C6T6, STM32C031C6U3, STM32C031C6U6, STM32C031F4P3, STM32C031F4P6, STM32C031F6P3, STM32C031F6P6, STM32C031G4U3, STM32C031G4U6, STM32C031G6U3, STM32C031G6U6, STM32C031K4T3, STM32C031K4T6, STM32C031K4U3, STM32C031K4U6, STM32C031K6T3, STM32C031K6T6, STM32C031K6U3, STM32C031K6U6, STM32G071K8TXN, STM32G071K8UXN, STM32G081GBU6N, STM32G081KBT6N, STM32G081KBUXN, STM32G0B1CCT6N, STM32G0B1KCT6, STM32G0B1NEY6TR, STM32G0B1RCT6N, STM32G0C1CCT6, STM32G0C1CCT6N, STM32G0C1CCU6N, STM32G0C1CET6N, STM32G0C1CEU6N, STM32G0C1KCT6, STM32G0C1NEY6TR, STM32G0C1RCI6N, STM32G0C1RCT6N, STM32G0C1REI6N, STM32G0C1RET6N, STM32G0C1VCI6, STM32G0C1VEI6, STM32G471CCT6, STM32G471CCU6, STM32G471CET3, STM32G471CET6, STM32G471CEU3, STM32G471CEU6, STM32G471MCT6, STM32G471MET3, STM32G471MET6, STM32G471MEY6TR, STM32G471QCT6, STM32G471QET3, STM32G471RCT6, STM32G471RET3, STM32G471RET6, STM32G471VCH6, STM32G471VCI6, STM32G471VCT6, STM32G471VEH3, STM32G471VEH6, STM32G471VEI3, STM32G471VEI6, STM32G471VET3, STM32G471VET6, STM32G474CCT6, STM32H503CBT6, STM32H503CBU6, STM32H503EBY6TR, STM32H503KBU6, STM32H503RBT6, STM32H562AGI6, STM32H562AII6, STM32H562IGK6, STM32H562IGT6, STM32H562IIK6, STM32H562IIT6, STM32H562RGT6, STM32H562RGV6, STM32H562RIT6, STM32H562RIV6, STM32H562VGT6, STM32H562VIT6, STM32H562ZGT6, STM32H562ZIT6, STM32H563AGI6, STM32H563AII3Q, STM32H563AII6, STM32H563IGK6, STM32H563IGT6, STM32H563IIK3Q, STM32H563IIK6, STM32H563IIT3Q, STM32H563IIT6, STM32H563MIY3QTR, STM32H563RGT6, STM32H563RGV6, STM32H563RIT6, STM32H563RIV6, STM32H563VGT6, STM32H563VIT3Q, STM32H563VIT6, STM32H563ZGT6, STM32H563ZIT3Q, STM32H563ZIT6, STM32H573AII3Q, STM32H573AII6, STM32H573I-DK, STM32H573IIK3Q, STM32H573IIK6, STM32H573IIT3Q, STM32H573IIT6, STM32H573MIY3QTR, STM32H573RIT6, STM32H573RIV6, STM32H573VIT3Q, STM32H573VIT6, STM32H573ZIT3Q, STM32H573ZIT6, STM32L4R5QGI6STR, STM32MP131AAE3, STM32MP131AAF3, STM32MP131AAG3, STM32MP131CAE3, STM32MP131CAF3, STM32MP131CAG3, STM32MP131DAE7, STM32MP131DAF7, STM32MP131DAG7, STM32MP131FAE7, STM32MP131FAF7, STM32MP131FAG7, STM32MP133AAE3, STM32MP133AAF3, STM32MP133AAG3, STM32MP133CAE3, STM32MP133CAF3, STM32MP133CAG3, STM32MP133DAE7, STM32MP133DAF7, STM32MP133DAG7, STM32MP133FAE7, STM32MP133FAF7, STM32MP133FAG7, STM32MP135AAE3, STM32MP135AAF3, STM32MP135AAG3, STM32MP135CAE3, STM32MP135CAF3, STM32MP135CAG3, STM32MP135DAE7, STM32MP135DAF7, STM32MP135DAG7, STM32MP135F-DK, STM32MP135FAE7, STM32MP135FAF7, STM32MP135FAF7T, STM32MP135FAF7U, STM32MP135FAG7, STM32U535CBT6, STM32U535CBT6Q, STM32U535CBU6, STM32U535CBU6Q, STM32U535CCT6, STM32U535CCT6Q, STM32U535CCU6, STM32U535CCU6Q, STM32U535CET6, STM32U535CET6Q, STM32U535CEU6, STM32U535CEU6Q, STM32U535JEY6QTR, STM32U535NCY6QTR, STM32U535NEY6QTR, STM32U535RBI6, STM32U535RBI6Q, STM32U535RBT6, STM32U535RBT6Q, STM32U535RCI6, STM32U535RCI6Q, STM32U535RCT6, STM32U535RCT6Q, STM32U535REI6, STM32U535REI6Q, STM32U535RET6, STM32U535RET6Q, STM32U535VCI6, STM32U535VCI6Q, STM32U535VCT6, STM32U535VCT6Q, STM32U535VEI6, STM32U535VEI6Q, STM32U535VET6, STM32U535VET6Q, STM32U545CET6, STM32U545CET6Q, STM32U545CEU6, STM32U545CEU6Q, STM32U545JEY6QTR, STM32U545NEY6QTR, STM32U545REI6, STM32U545REI6Q, STM32U545RET6, STM32U545RET6Q, STM32U545VEI6, STM32U545VEI6Q, STM32U545VET6, STM32U545VET6Q, STM32U595AIH6, STM32U595AIH6Q, STM32U595AJH6, STM32U595AJH6Q, STM32U595QII6, STM32U595QII6Q, STM32U595QJI6, STM32U595QJI6Q, STM32U595RIT6, STM32U595RIT6Q, STM32U595RJT6, STM32U595RJT6Q, STM32U595VIT6, STM32U595VIT6Q, STM32U595VJT6, STM32U595VJT6Q, STM32U595ZIT6, STM32U595ZIT6Q, STM32U595ZIY6QTR, STM32U595ZJT6, STM32U595ZJT6Q, STM32U595ZJY6QTR, STM32U599BJY6QTR, STM32U599NIH6Q, STM32U599NJH6Q, STM32U599VIT6Q, STM32U599VJT6, STM32U599VJT6Q, STM32U599ZIT6Q, STM32U599ZIY6QTR, STM32U599ZJT6Q, STM32U599ZJY6QTR, STM32U5A5AJH6, STM32U5A5AJH6Q, STM32U5A5QJI6, STM32U5A5QJI6Q, STM32U5A5RJT6, STM32U5A5RJT6Q, STM32U5A5VJT6, STM32U5A5VJT6Q, STM32U5A5ZJT6, STM32U5A5ZJT6Q, STM32U5A5ZJY6QTR, STM32U5A9BJY6QTR, STM32U5A9J-DK, STM32U5A9NJH6Q, STM32U5A9VJT6Q, STM32U5A9ZJT6Q, STM32U5A9ZJY6QTR, STM32WB1MMCH6, STM32WBA52CEU6, STM32WBA52CEU6T, STM32WBA52CGU6, STM32WBA52CGU6T, STM32WL5MOCH6, STM32WL5MOCH6TR]
2024-02-02 21:05:30,511 [INFO] DbMcus:216 - Found 3861 MCUs, 3861 are supported
2024-02-02 21:05:30,515 [INFO] ApiDb:423 - Load user favorites file C:\Users\marci/.stm32cubeide/favorites.mcus.txt: 0 item(s)
2024-02-02 21:05:30,515 [INFO] ApiDb:427 - User favorites MCUs=[]
2024-02-02 21:05:30,515 [INFO] DbMcus:222 - Set 0 / 0 favorites MCUs
2024-02-02 21:05:31,096 [WARN] ThirdParty:833 - waiting for thirdparty lock release [change project]
2024-02-02 21:05:31,097 [INFO] ThirdParty:835 - entering critical section [change project]
2024-02-02 21:05:31,097 [INFO] ThirdParty:1030 - CMSIS Pack Vendor :STMicroelectronics X-CUBE-ISPU 1.1.0
2024-02-02 21:05:31,097 [INFO] ThirdParty:1030 - CMSIS Pack Vendor :STMicroelectronics X-CUBE-GNSS1 6.0.0
2024-02-02 21:05:31,097 [INFO] ThirdParty:1030 - CMSIS Pack Vendor :STMicroelectronics USB_HOST 2.0.0
2024-02-02 21:05:31,097 [INFO] ThirdParty:1030 - CMSIS Pack Vendor :STMicroelectronics X-CUBE-AZRTOS-F4 1.1.0
2024-02-02 21:05:31,097 [INFO] ThirdParty:1030 - CMSIS Pack Vendor :STMicroelectronics LIBJPEG 8.0.0
2024-02-02 21:05:31,097 [INFO] ThirdParty:1030 - CMSIS Pack Vendor :STMicroelectronics X-CUBE-SMBUS 2.1.0
2024-02-02 21:05:31,097 [INFO] ThirdParty:1030 - CMSIS Pack Vendor :wolfSSL I-CUBE-wolfSSL 5.6.0
2024-02-02 21:05:31,097 [INFO] ThirdParty:1030 - CMSIS Pack Vendor :STMicroelectronics USB_DEVICE 3.0.0
2024-02-02 21:05:31,097 [INFO] ThirdParty:1030 - CMSIS Pack Vendor :STMicroelectronics X-CUBE-AZRTOS-WB 2.0.0
2024-02-02 21:05:31,097 [INFO] ThirdParty:1030 - CMSIS Pack Vendor :STMicroelectronics X-CUBE-FREERTOS 1.0.1
2024-02-02 21:05:31,097 [INFO] ThirdParty:1030 - CMSIS Pack Vendor :STMicroelectronics X-CUBE-TOUCHGFX 4.23.0
2024-02-02 21:05:31,097 [INFO] ThirdParty:1030 - CMSIS Pack Vendor :STMicroelectronics X-CUBE-AZRTOS-F7 1.1.0
2024-02-02 21:05:31,097 [INFO] ThirdParty:1030 - CMSIS Pack Vendor :STMicroelectronics X-CUBE-TOUCHGFX 4.21.4
2024-02-02 21:05:31,097 [INFO] ThirdParty:1030 - CMSIS Pack Vendor :STMicroelectronics X-CUBE-AZRTOS-L5 2.0.0
2024-02-02 21:05:31,097 [INFO] ThirdParty:1030 - CMSIS Pack Vendor :STMicroelectronics USB_DEVICE 2.0.0
2024-02-02 21:05:31,097 [INFO] ThirdParty:1030 - CMSIS Pack Vendor :STMicroelectronics X-CUBE-MEMS1 9.6.0
2024-02-02 21:05:31,097 [INFO] ThirdParty:1030 - CMSIS Pack Vendor :STMicroelectronics X-CUBE-EEPRMA1 4.2.0
2024-02-02 21:05:31,097 [INFO] ThirdParty:1030 - CMSIS Pack Vendor :ITTIA_DB I-CUBE-ITTIADB 8.8.0
2024-02-02 21:05:31,097 [INFO] ThirdParty:1030 - CMSIS Pack Vendor :STMicroelectronics FP-SNS-MOTENV1 4.3.2
2024-02-02 21:05:31,097 [INFO] ThirdParty:1030 - CMSIS Pack Vendor :STMicroelectronics FP-SNS-MOTENV1 4.3.1
2024-02-02 21:05:31,097 [INFO] ThirdParty:1030 - CMSIS Pack Vendor :STMicroelectronics FP-SNS-FLIGHT1 5.0.1
2024-02-02 21:05:31,097 [INFO] ThirdParty:1030 - CMSIS Pack Vendor :STMicroelectronics X-CUBE-ALGOBUILD 1.3.0
2024-02-02 21:05:31,097 [INFO] ThirdParty:1030 - CMSIS Pack Vendor :STMicroelectronics X-CUBE-BLE1 6.2.4
2024-02-02 21:05:31,097 [INFO] ThirdParty:1030 - CMSIS Pack Vendor :STMicroelectronics X-CUBE-AZRTOS-L5 1.1.0
2024-02-02 21:05:31,098 [INFO] ThirdParty:1030 - CMSIS Pack Vendor :STMicroelectronics FreeRTOS 0.0.1
2024-02-02 21:05:31,098 [INFO] ThirdParty:1030 - CMSIS Pack Vendor :STMicroelectronics X-CUBE-AZRTOS-G0 1.1.0
2024-02-02 21:05:31,098 [INFO] ThirdParty:1030 - CMSIS Pack Vendor :emotas I-CUBE-CANOPEN 1.1.3
2024-02-02 21:05:31,098 [INFO] ThirdParty:1030 - CMSIS Pack Vendor :STMicroelectronics X-CUBE-BLEMGR 2.0.0
2024-02-02 21:05:31,099 [INFO] ThirdParty:1030 - CMSIS Pack Vendor :STMicroelectronics X-CUBE-AI 8.0.1
2024-02-02 21:05:31,099 [INFO] ThirdParty:1030 - CMSIS Pack Vendor :STMicroelectronics X-CUBE-NFC4 3.0.0
2024-02-02 21:05:31,099 [INFO] ThirdParty:1030 - CMSIS Pack Vendor :STMicroelectronics X-CUBE-SUBG2 5.0.0
2024-02-02 21:05:31,099 [INFO] ThirdParty:1030 - CMSIS Pack Vendor :STMicroelectronics STM32_WPAN 1.0.0
2024-02-02 21:05:31,099 [INFO] ThirdParty:1030 - CMSIS Pack Vendor :STMicroelectronics lwIP 2.0.3
2024-02-02 21:05:31,099 [INFO] ThirdParty:1030 - CMSIS Pack Vendor :STMicroelectronics FP-SNS-FLIGHT1 5.0.2
2024-02-02 21:05:31,099 [INFO] ThirdParty:1030 - CMSIS Pack Vendor :STMicroelectronics USB_HOST 1.0.0
2024-02-02 21:05:31,099 [INFO] ThirdParty:1030 - CMSIS Pack Vendor :STMicroelectronics X-CUBE-TOF1 3.3.1
2024-02-02 21:05:31,099 [INFO] ThirdParty:1030 - CMSIS Pack Vendor :STMicroelectronics X-CUBE-AZRTOS-G4 2.0.0
2024-02-02 21:05:31,099 [INFO] ThirdParty:1030 - CMSIS Pack Vendor :STMicroelectronics PDM2PCM 3.1.0
2024-02-02 21:05:31,099 [INFO] ThirdParty:1030 - CMSIS Pack Vendor :STMicroelectronics X-CUBE-AZRTOS-H7 3.1.0
2024-02-02 21:05:31,099 [INFO] ThirdParty:1030 - CMSIS Pack Vendor :STMicroelectronics X-CUBE-TOF1 3.3.0
2024-02-02 21:05:31,099 [INFO] ThirdParty:1030 - CMSIS Pack Vendor :Infineon AIROC-Wi-Fi-Bluetooth-STM32 1.5.1
2024-02-02 21:05:31,099 [INFO] ThirdParty:1030 - CMSIS Pack Vendor :STMicroelectronics X-CUBE-BLEMGR 3.0.0
2024-02-02 21:05:31,099 [INFO] ThirdParty:1030 - CMSIS Pack Vendor :STMicroelectronics PDM2PCM 3.3.0
2024-02-02 21:05:31,099 [INFO] ThirdParty:1030 - CMSIS Pack Vendor :STMicroelectronics X-CUBE-DISPLAY 3.0.0
2024-02-02 21:05:31,099 [INFO] ThirdParty:1030 - CMSIS Pack Vendor :STMicroelectronics FP-SNS-MOTENVWB1 1.3.0
2024-02-02 21:05:31,100 [INFO] ThirdParty:1030 - CMSIS Pack Vendor :STMicroelectronics FP-SNS-MOTENVWB1 1.3.1
2024-02-02 21:05:31,100 [INFO] ThirdParty:1030 - CMSIS Pack Vendor :STMicroelectronics X-CUBE-BLE1 7.0.0
2024-02-02 21:05:31,100 [INFO] ThirdParty:1030 - CMSIS Pack Vendor :STMicroelectronics FP-ATR-SIGFOX1 3.2.0
2024-02-02 21:05:31,100 [INFO] ThirdParty:1030 - CMSIS Pack Vendor :STMicroelectronics X-CUBE-ISPU 2.0.0
2024-02-02 21:05:31,100 [INFO] ThirdParty:1030 - CMSIS Pack Vendor :STMicroelectronics X-CUBE-EEPRMA1 5.1.0
2024-02-02 21:05:31,100 [INFO] ThirdParty:1030 - CMSIS Pack Vendor :STMicroelectronics HAL Drivers 0.0.0
2024-02-02 21:05:31,100 [INFO] ThirdParty:1030 - CMSIS Pack Vendor :STMicroelectronics MBEDTLS 2.16.2
2024-02-02 21:05:31,100 [INFO] ThirdParty:1030 - CMSIS Pack Vendor :STMicroelectronics X-CUBE-MEMS1 10.0.0
2024-02-02 21:05:31,100 [INFO] ThirdParty:1030 - CMSIS Pack Vendor :STMicroelectronics X-CUBE-FREERTOS 1.1.0
2024-02-02 21:05:31,100 [INFO] ThirdParty:1030 - CMSIS Pack Vendor :STMicroelectronics X-CUBE-TOUCHGFX 4.22.0
2024-02-02 21:05:31,100 [INFO] ThirdParty:1030 - CMSIS Pack Vendor :STMicroelectronics X-CUBE-NFC7 1.0.1
2024-02-02 21:05:31,100 [INFO] ThirdParty:1030 - CMSIS Pack Vendor :STMicroelectronics MBEDTLS 2.14.1
2024-02-02 21:05:31,100 [INFO] ThirdParty:1030 - CMSIS Pack Vendor :STMicroelectronics X-CUBE-NFC7 1.0.0
2024-02-02 21:05:31,100 [INFO] ThirdParty:1030 - CMSIS Pack Vendor :STMicroelectronics X-CUBE-TOUCHGFX 4.22.1
2024-02-02 21:05:31,100 [INFO] ThirdParty:1030 - CMSIS Pack Vendor :STMicroelectronics X-CUBE-NFC6 3.0.0
2024-02-02 21:05:31,100 [INFO] ThirdParty:1030 - CMSIS Pack Vendor :STMicroelectronics X-CUBE-EEPRMA1 4.1.0
2024-02-02 21:05:31,100 [INFO] ThirdParty:1030 - CMSIS Pack Vendor :portGmbH I-Cube-SoM-uGOAL 1.1.0
2024-02-02 21:05:31,101 [INFO] ThirdParty:1030 - CMSIS Pack Vendor :STMicroelectronics X-CUBE-ALS 1.0.1
2024-02-02 21:05:31,101 [INFO] ThirdParty:1030 - CMSIS Pack Vendor :STMicroelectronics ThreadX 1.0.0
2024-02-02 21:05:31,101 [INFO] ThirdParty:1030 - CMSIS Pack Vendor :STMicroelectronics FP-SNS-SMARTAG2 1.2.0
2024-02-02 21:05:31,101 [INFO] ThirdParty:1030 - CMSIS Pack Vendor :STMicroelectronics X-CUBE-AZRTOS-WB 1.1.0
2024-02-02 21:05:31,101 [INFO] ThirdParty:1030 - CMSIS Pack Vendor :STMicroelectronics X-CUBE-AZRTOS-WL 2.0.0
2024-02-02 21:05:31,101 [INFO] ThirdParty:1030 - CMSIS Pack Vendor :SEGGER I-CUBE-embOS 1.3.1
2024-02-02 21:05:31,101 [INFO] ThirdParty:1030 - CMSIS Pack Vendor :STMicroelectronics USB_DEVICE 1.0.0
2024-02-02 21:05:31,101 [INFO] ThirdParty:1030 - CMSIS Pack Vendor :STMicroelectronics X-CUBE-AI 8.1.0
2024-02-02 21:05:31,101 [INFO] ThirdParty:1030 - CMSIS Pack Vendor :STMicroelectronics X-CUBE-AZRTOS-L4 2.0.0
2024-02-02 21:05:31,101 [INFO] ThirdParty:1030 - CMSIS Pack Vendor :STMicroelectronics ThreadX 0.0.2
2024-02-02 21:05:31,101 [INFO] ThirdParty:1030 - CMSIS Pack Vendor :WES I-CUBE-Cesium 1.3.0
2024-02-02 21:05:31,101 [INFO] ThirdParty:1030 - CMSIS Pack Vendor :STMicroelectronics FP-ATR-ASTRA1 2.0.0
2024-02-02 21:05:31,101 [INFO] ThirdParty:1030 - CMSIS Pack Vendor :STMicroelectronics lwIP 2.1.2
2024-02-02 21:05:31,101 [INFO] ThirdParty:1030 - CMSIS Pack Vendor :STMicroelectronics X-CUBE-SFXS2LP1 4.0.0
2024-02-02 21:05:31,101 [INFO] ThirdParty:1030 - CMSIS Pack Vendor :STMicroelectronics X-CUBE-BLE2 3.3.0
2024-02-02 21:05:31,101 [INFO] ThirdParty:1030 - CMSIS Pack Vendor :STMicroelectronics X-CUBE-TOF1 3.4.0
2024-02-02 21:05:31,101 [INFO] ThirdParty:1030 - CMSIS Pack Vendor :STMicroelectronics X-CUBE-AZRTOS-H7 3.2.0
2024-02-02 21:05:31,102 [INFO] ThirdParty:1030 - CMSIS Pack Vendor :STMicroelectronics PDM2PCM 3.2.0
2024-02-02 21:05:31,102 [INFO] ThirdParty:841 - exiting critical section [change project]
2024-02-02 21:05:31,625 [INFO] PinOutPanel:1499 - setPackage(No Configuration,No Configuration)
2024-02-02 21:05:31,627 [INFO] PinOutPanel:1499 - setPackage(STM32L152RETx,LQFP64)
2024-02-02 21:05:32,250 [INFO] UtilMem:75 - Before build in PCC Used Memory: 608695448 Bytes (918552576)
2024-02-02 21:05:33,305 [INFO] UtilMem:75 - After build in PCC Used Memory: 603854384 Bytes (918552576)
2024-02-02 21:05:33,342 [INFO] IPUIPlugin:80 - create IPUIPlugin
2024-02-02 21:05:33,343 [INFO] IPUIPlugin:80 - create IPUIPlugin
2024-02-02 21:05:33,343 [INFO] IPUIPlugin:80 - create IPUIPlugin
2024-02-02 21:05:33,343 [INFO] IPUIPlugin:80 - create IPUIPlugin
2024-02-02 21:05:33,343 [INFO] IPUIPlugin:80 - create IPUIPlugin
2024-02-02 21:05:33,343 [INFO] IPUIPlugin:80 - create IPUIPlugin
2024-02-02 21:05:33,343 [INFO] IPUIPlugin:80 - create IPUIPlugin
2024-02-02 21:05:33,343 [INFO] IPUIPlugin:80 - create IPUIPlugin
2024-02-02 21:05:33,343 [INFO] IPUIPlugin:80 - create IPUIPlugin
2024-02-02 21:05:33,343 [INFO] IPUIPlugin:80 - create IPUIPlugin
2024-02-02 21:05:33,344 [INFO] IPUIPlugin:80 - create IPUIPlugin
2024-02-02 21:05:33,344 [INFO] IPUIPlugin:80 - create IPUIPlugin
2024-02-02 21:05:33,344 [INFO] IPUIPlugin:80 - create IPUIPlugin
2024-02-02 21:05:33,344 [INFO] IPUIPlugin:80 - create IPUIPlugin
2024-02-02 21:05:33,344 [INFO] IPUIPlugin:80 - create IPUIPlugin
2024-02-02 21:05:33,344 [INFO] IPUIPlugin:80 - create IPUIPlugin
2024-02-02 21:05:33,345 [INFO] IPUIPlugin:80 - create IPUIPlugin
2024-02-02 21:05:33,345 [INFO] IPUIPlugin:80 - create IPUIPlugin
2024-02-02 21:05:33,345 [INFO] IPUIPlugin:80 - create IPUIPlugin
2024-02-02 21:05:33,345 [INFO] IPUIPlugin:80 - create IPUIPlugin
2024-02-02 21:05:33,345 [INFO] IPUIPlugin:80 - create IPUIPlugin
2024-02-02 21:05:33,346 [INFO] IPUIPlugin:80 - create IPUIPlugin
2024-02-02 21:05:33,346 [INFO] IPUIPlugin:80 - create IPUIPlugin
2024-02-02 21:05:33,346 [INFO] IPUIPlugin:80 - create IPUIPlugin
2024-02-02 21:05:33,347 [INFO] IPUIPlugin:80 - create IPUIPlugin
2024-02-02 21:05:33,347 [INFO] IPUIPlugin:80 - create IPUIPlugin
2024-02-02 21:05:33,347 [INFO] IPUIPlugin:80 - create IPUIPlugin
2024-02-02 21:05:33,347 [INFO] IPUIPlugin:80 - create IPUIPlugin
2024-02-02 21:05:33,347 [INFO] IPUIPlugin:80 - create IPUIPlugin
2024-02-02 21:05:33,348 [INFO] IPUIPlugin:80 - create IPUIPlugin
2024-02-02 21:05:33,348 [INFO] IPUIPlugin:80 - create IPUIPlugin
2024-02-02 21:05:33,348 [INFO] IPUIPlugin:80 - create IPUIPlugin
2024-02-02 21:05:33,348 [INFO] IPUIPlugin:80 - create IPUIPlugin
2024-02-02 21:05:33,349 [INFO] IPUIPlugin:80 - create IPUIPlugin
2024-02-02 21:05:33,349 [INFO] IPUIPlugin:80 - create IPUIPlugin
2024-02-02 21:05:33,349 [INFO] IPUIPlugin:80 - create IPUIPlugin
2024-02-02 21:05:33,349 [INFO] IPUIPlugin:80 - create IPUIPlugin
2024-02-02 21:05:33,350 [INFO] IPUIPlugin:80 - create IPUIPlugin
2024-02-02 21:05:33,350 [INFO] IPUIPlugin:80 - create IPUIPlugin
2024-02-02 21:05:33,350 [INFO] IPUIPlugin:80 - create IPUIPlugin
2024-02-02 21:05:33,350 [INFO] IPUIPlugin:80 - create IPUIPlugin
2024-02-02 21:05:33,351 [INFO] IPUIPlugin:80 - create IPUIPlugin
2024-02-02 21:05:33,351 [INFO] IPUIPlugin:80 - create IPUIPlugin
2024-02-02 21:05:33,616 [INFO] CADModel:165 - CPN selected for project levelSTM32L152RET6
2024-02-02 21:05:33,616 [INFO] CADModel:114 - Register for checkConnection events
2024-02-02 21:05:33,681 [INFO] OpenFileManager:328 - Restore cursor
2024-02-02 21:11:50,639 [INFO] UtilMem:75 - End SaveConfig() Used Memory: 591914880 Bytes (918552576)
2024-02-02 21:11:52,290 [INFO] UtilMem:75 - End SaveConfig() Used Memory: 614983552 Bytes (918552576)
2024-02-02 21:11:54,324 [INFO] UtilMem:75 - End SaveConfig() Used Memory: 674230144 Bytes (918552576)
2024-02-02 21:11:54,972 [INFO] BlockDiagram:2759 - set Specific Code input for plugin: SPI
2024-02-02 21:11:54,973 [INFO] BlockDiagram:2759 - set Specific Code input for plugin: NVIC
2024-02-02 21:11:54,973 [INFO] BlockDiagram:2759 - set Specific Code input for plugin: USART
2024-02-02 21:11:54,973 [INFO] BlockDiagram:2759 - set Specific Code input for plugin: TIM1_8L1Cat345
2024-02-02 21:11:54,973 [INFO] BlockDiagram:2759 - set Specific Code input for plugin: TIM1_8L1Cat345
2024-02-02 21:11:54,973 [INFO] BlockDiagram:2759 - set Specific Code input for plugin: SYS
2024-02-02 21:11:54,973 [INFO] BlockDiagram:2759 - set Specific Code input for plugin: GPIO
2024-02-02 21:11:54,973 [INFO] BlockDiagram:2759 - set Specific Code input for plugin: RCC
2024-02-02 21:11:54,975 [INFO] CodeGenerator:793 - code generatio: config db path: D:\STM32CubeIDE_1.12.0\STM32CubeIDE\plugins\com.st.stm32cube.common.mx_6.8.1.202304191431\\db\
2024-02-02 21:11:55,563 [INFO] CodeEngine:255 - oldGeneratedFile, C:\Users\marci\STM32CubeIDE\workspace_1.12.0\odbiornikManipulator\MXTmpFiles\license.tmp_save
2024-02-02 21:11:56,279 [INFO] CodeEngine:279 - Generated code: C:\Users\marci\STM32CubeIDE\workspace_1.12.0\odbiornikManipulator\MXTmpFiles\license.tmp
2024-02-02 21:11:56,455 [INFO] CodeEngine:255 - oldGeneratedFile, C:\Users\marci\STM32CubeIDE\workspace_1.12.0\odbiornikManipulator\Core\Src\gpio.c_save
2024-02-02 21:11:56,635 [INFO] CodeEngine:279 - Generated code: C:\Users\marci\STM32CubeIDE\workspace_1.12.0\odbiornikManipulator\Core\Src\gpio.c
2024-02-02 21:11:56,661 [INFO] CodeEngine:255 - oldGeneratedFile, C:\Users\marci\STM32CubeIDE\workspace_1.12.0\odbiornikManipulator\Core\Inc\gpio.h_save
2024-02-02 21:11:56,779 [INFO] CodeEngine:279 - Generated code: C:\Users\marci\STM32CubeIDE\workspace_1.12.0\odbiornikManipulator\Core\Inc\gpio.h
2024-02-02 21:11:57,313 [INFO] CodeEngine:255 - oldGeneratedFile, C:\Users\marci\STM32CubeIDE\workspace_1.12.0\odbiornikManipulator\Core\Src\spi.c_save
2024-02-02 21:11:57,554 [INFO] CodeEngine:279 - Generated code: C:\Users\marci\STM32CubeIDE\workspace_1.12.0\odbiornikManipulator\Core\Src\spi.c
2024-02-02 21:11:57,585 [INFO] CodeEngine:255 - oldGeneratedFile, C:\Users\marci\STM32CubeIDE\workspace_1.12.0\odbiornikManipulator\Core\Inc\spi.h_save
2024-02-02 21:11:57,706 [INFO] CodeEngine:279 - Generated code: C:\Users\marci\STM32CubeIDE\workspace_1.12.0\odbiornikManipulator\Core\Inc\spi.h
2024-02-02 21:11:57,735 [INFO] CodeEngine:255 - oldGeneratedFile, C:\Users\marci\STM32CubeIDE\workspace_1.12.0\odbiornikManipulator\Core\Src\tim.c_save
2024-02-02 21:11:57,985 [INFO] CodeEngine:279 - Generated code: C:\Users\marci\STM32CubeIDE\workspace_1.12.0\odbiornikManipulator\Core\Src\tim.c
2024-02-02 21:11:57,992 [INFO] CodeEngine:255 - oldGeneratedFile, C:\Users\marci\STM32CubeIDE\workspace_1.12.0\odbiornikManipulator\Core\Inc\tim.h_save
2024-02-02 21:11:58,120 [INFO] CodeEngine:279 - Generated code: C:\Users\marci\STM32CubeIDE\workspace_1.12.0\odbiornikManipulator\Core\Inc\tim.h
2024-02-02 21:11:58,147 [INFO] CodeEngine:255 - oldGeneratedFile, C:\Users\marci\STM32CubeIDE\workspace_1.12.0\odbiornikManipulator\Core\Src\usart.c_save
2024-02-02 21:11:58,292 [INFO] CodeEngine:279 - Generated code: C:\Users\marci\STM32CubeIDE\workspace_1.12.0\odbiornikManipulator\Core\Src\usart.c
2024-02-02 21:11:58,299 [INFO] CodeEngine:255 - oldGeneratedFile, C:\Users\marci\STM32CubeIDE\workspace_1.12.0\odbiornikManipulator\Core\Inc\usart.h_save
2024-02-02 21:11:58,409 [INFO] CodeEngine:279 - Generated code: C:\Users\marci\STM32CubeIDE\workspace_1.12.0\odbiornikManipulator\Core\Inc\usart.h
2024-02-02 21:11:58,447 [INFO] CodeEngine:255 - oldGeneratedFile, C:\Users\marci\STM32CubeIDE\workspace_1.12.0\odbiornikManipulator\Core\Src\stm32l1xx_it.c_save
2024-02-02 21:11:58,586 [INFO] CodeEngine:279 - Generated code: C:\Users\marci\STM32CubeIDE\workspace_1.12.0\odbiornikManipulator\Core\Src\stm32l1xx_it.c
2024-02-02 21:11:58,613 [INFO] CodeEngine:255 - oldGeneratedFile, C:\Users\marci\STM32CubeIDE\workspace_1.12.0\odbiornikManipulator\Core\Inc\stm32l1xx_it.h_save
2024-02-02 21:11:58,721 [INFO] CodeEngine:279 - Generated code: C:\Users\marci\STM32CubeIDE\workspace_1.12.0\odbiornikManipulator\Core\Inc\stm32l1xx_it.h
2024-02-02 21:11:58,759 [INFO] CodeEngine:255 - oldGeneratedFile, C:\Users\marci\STM32CubeIDE\workspace_1.12.0\odbiornikManipulator\Core\Src\stm32l1xx_hal_msp.c_save
2024-02-02 21:11:58,889 [INFO] CodeEngine:279 - Generated code: C:\Users\marci\STM32CubeIDE\workspace_1.12.0\odbiornikManipulator\Core\Src\stm32l1xx_hal_msp.c
2024-02-02 21:11:58,904 [INFO] CodeEngine:255 - oldGeneratedFile, C:\Users\marci\STM32CubeIDE\workspace_1.12.0\odbiornikManipulator\MXTmpFiles\system.tmp_save
2024-02-02 21:11:58,990 [INFO] CodeEngine:279 - Generated code: C:\Users\marci\STM32CubeIDE\workspace_1.12.0\odbiornikManipulator\MXTmpFiles\system.tmp
2024-02-02 21:11:59,020 [INFO] CodeEngine:311 - oldGeneratedFile, C:\Users\marci\STM32CubeIDE\workspace_1.12.0\odbiornikManipulator\Core\Inc\stm32l1xx_hal_conf.h_save
2024-02-02 21:11:59,127 [INFO] CodeEngine:335 - Generated code: C:\Users\marci\STM32CubeIDE\workspace_1.12.0\odbiornikManipulator\Core\Inc\stm32l1xx_hal_conf.h
2024-02-02 21:11:59,222 [INFO] CodeEngine:255 - oldGeneratedFile, C:\Users\marci\STM32CubeIDE\workspace_1.12.0\odbiornikManipulator\Core\Inc\main.h_save
2024-02-02 21:11:59,354 [INFO] CodeEngine:279 - Generated code: C:\Users\marci\STM32CubeIDE\workspace_1.12.0\odbiornikManipulator\Core\Inc\main.h
2024-02-02 21:11:59,380 [INFO] CodeEngine:255 - oldGeneratedFile, C:\Users\marci\STM32CubeIDE\workspace_1.12.0\odbiornikManipulator\Core\Src\main.c_save
2024-02-02 21:11:59,545 [INFO] CodeEngine:279 - Generated code: C:\Users\marci\STM32CubeIDE\workspace_1.12.0\odbiornikManipulator\Core\Src\main.c
2024-02-02 21:12:00,252 [INFO] ProjectBuilder:2996 - Time for Copy HAL[2] : 1mS.
2024-02-02 21:12:00,273 [INFO] ProjectBuilder:4304 - Project Generator version: 3.19.2
2024-02-02 21:12:00,663 [INFO] ConfigFileManager:1483 - The Die is : DIE437
2024-02-02 21:12:00,692 [INFO] ApiDbMcu:507 - Load IP Config File for FATFS
2024-02-02 21:12:00,731 [INFO] ApiDbMcu:507 - Load IP Config File for FREERTOS
2024-02-02 21:12:00,942 [INFO] ApiDbMcu:507 - Load IP Config File for TOUCHSENSING
2024-02-02 21:12:00,976 [INFO] ApiDbMcu:507 - Load IP Config File for USB_DEVICE
2024-02-02 21:12:02,363 [INFO] LogOutputStream:77 - [STDOUT_REDIRECT] 
2024-02-02 21:12:04,618 [INFO] ProjectBuilder:4505 - Time for Generating toolchain IDE Files: 4344mS.
2024-02-02 21:12:04,618 [INFO] ProjectBuilder:2867 - Time for Copy CMSIS : 0mS.
2024-02-02 21:12:04,621 [INFO] ProjectBuilder:2867 - Time for Copy CMSIS : 0mS.
2024-02-02 21:23:12,010 [INFO] UtilMem:75 - End SaveConfig() Used Memory: 815364048 Bytes (937426944)
2024-02-02 21:23:24,519 [INFO] UtilMem:75 - End SaveConfig() Used Memory: 833189840 Bytes (937426944)
2024-02-02 21:23:28,136 [INFO] UtilMem:75 - End SaveConfig() Used Memory: 674549376 Bytes (937426944)
2024-02-02 21:23:28,413 [INFO] BlockDiagram:2759 - set Specific Code input for plugin: SPI
2024-02-02 21:23:28,413 [INFO] BlockDiagram:2759 - set Specific Code input for plugin: NVIC
2024-02-02 21:23:28,413 [INFO] BlockDiagram:2759 - set Specific Code input for plugin: USART
2024-02-02 21:23:28,413 [INFO] BlockDiagram:2759 - set Specific Code input for plugin: TIM1_8L1Cat345
2024-02-02 21:23:28,413 [INFO] BlockDiagram:2759 - set Specific Code input for plugin: TIM1_8L1Cat345
2024-02-02 21:23:28,414 [INFO] BlockDiagram:2759 - set Specific Code input for plugin: SYS
2024-02-02 21:23:28,414 [INFO] BlockDiagram:2759 - set Specific Code input for plugin: GPIO
2024-02-02 21:23:28,414 [INFO] BlockDiagram:2759 - set Specific Code input for plugin: RCC
2024-02-02 21:23:28,416 [INFO] CodeGenerator:793 - code generatio: config db path: D:\STM32CubeIDE_1.12.0\STM32CubeIDE\plugins\com.st.stm32cube.common.mx_6.8.1.202304191431\\db\
2024-02-02 21:23:28,647 [INFO] CodeEngine:255 - oldGeneratedFile, C:\Users\marci\STM32CubeIDE\workspace_1.12.0\odbiornikManipulator\MXTmpFiles\license.tmp_save
2024-02-02 21:23:28,814 [INFO] CodeEngine:279 - Generated code: C:\Users\marci\STM32CubeIDE\workspace_1.12.0\odbiornikManipulator\MXTmpFiles\license.tmp
2024-02-02 21:23:28,939 [INFO] CodeEngine:255 - oldGeneratedFile, C:\Users\marci\STM32CubeIDE\workspace_1.12.0\odbiornikManipulator\Core\Src\gpio.c_save
2024-02-02 21:23:29,089 [INFO] CodeEngine:279 - Generated code: C:\Users\marci\STM32CubeIDE\workspace_1.12.0\odbiornikManipulator\Core\Src\gpio.c
2024-02-02 21:23:29,098 [INFO] CodeEngine:255 - oldGeneratedFile, C:\Users\marci\STM32CubeIDE\workspace_1.12.0\odbiornikManipulator\Core\Inc\gpio.h_save
2024-02-02 21:23:29,177 [INFO] CodeEngine:279 - Generated code: C:\Users\marci\STM32CubeIDE\workspace_1.12.0\odbiornikManipulator\Core\Inc\gpio.h
2024-02-02 21:23:29,398 [INFO] CodeEngine:255 - oldGeneratedFile, C:\Users\marci\STM32CubeIDE\workspace_1.12.0\odbiornikManipulator\Core\Src\spi.c_save
2024-02-02 21:23:29,549 [INFO] CodeEngine:279 - Generated code: C:\Users\marci\STM32CubeIDE\workspace_1.12.0\odbiornikManipulator\Core\Src\spi.c
2024-02-02 21:23:29,566 [INFO] CodeEngine:255 - oldGeneratedFile, C:\Users\marci\STM32CubeIDE\workspace_1.12.0\odbiornikManipulator\Core\Inc\spi.h_save
2024-02-02 21:23:29,647 [INFO] CodeEngine:279 - Generated code: C:\Users\marci\STM32CubeIDE\workspace_1.12.0\odbiornikManipulator\Core\Inc\spi.h
2024-02-02 21:23:29,673 [INFO] CodeEngine:255 - oldGeneratedFile, C:\Users\marci\STM32CubeIDE\workspace_1.12.0\odbiornikManipulator\Core\Src\tim.c_save
2024-02-02 21:23:29,831 [INFO] CodeEngine:279 - Generated code: C:\Users\marci\STM32CubeIDE\workspace_1.12.0\odbiornikManipulator\Core\Src\tim.c
2024-02-02 21:23:29,839 [INFO] CodeEngine:255 - oldGeneratedFile, C:\Users\marci\STM32CubeIDE\workspace_1.12.0\odbiornikManipulator\Core\Inc\tim.h_save
2024-02-02 21:23:29,921 [INFO] CodeEngine:279 - Generated code: C:\Users\marci\STM32CubeIDE\workspace_1.12.0\odbiornikManipulator\Core\Inc\tim.h
2024-02-02 21:23:29,943 [INFO] CodeEngine:255 - oldGeneratedFile, C:\Users\marci\STM32CubeIDE\workspace_1.12.0\odbiornikManipulator\Core\Src\usart.c_save
2024-02-02 21:23:30,053 [INFO] CodeEngine:279 - Generated code: C:\Users\marci\STM32CubeIDE\workspace_1.12.0\odbiornikManipulator\Core\Src\usart.c
2024-02-02 21:23:30,060 [INFO] CodeEngine:255 - oldGeneratedFile, C:\Users\marci\STM32CubeIDE\workspace_1.12.0\odbiornikManipulator\Core\Inc\usart.h_save
2024-02-02 21:23:30,142 [INFO] CodeEngine:279 - Generated code: C:\Users\marci\STM32CubeIDE\workspace_1.12.0\odbiornikManipulator\Core\Inc\usart.h
2024-02-02 21:23:30,165 [INFO] CodeEngine:255 - oldGeneratedFile, C:\Users\marci\STM32CubeIDE\workspace_1.12.0\odbiornikManipulator\Core\Src\stm32l1xx_it.c_save
2024-02-02 21:23:30,403 [INFO] CodeEngine:279 - Generated code: C:\Users\marci\STM32CubeIDE\workspace_1.12.0\odbiornikManipulator\Core\Src\stm32l1xx_it.c
2024-02-02 21:23:30,423 [INFO] CodeEngine:255 - oldGeneratedFile, C:\Users\marci\STM32CubeIDE\workspace_1.12.0\odbiornikManipulator\Core\Inc\stm32l1xx_it.h_save
2024-02-02 21:23:30,527 [INFO] CodeEngine:279 - Generated code: C:\Users\marci\STM32CubeIDE\workspace_1.12.0\odbiornikManipulator\Core\Inc\stm32l1xx_it.h
2024-02-02 21:23:30,559 [INFO] CodeEngine:255 - oldGeneratedFile, C:\Users\marci\STM32CubeIDE\workspace_1.12.0\odbiornikManipulator\Core\Src\stm32l1xx_hal_msp.c_save
2024-02-02 21:23:30,718 [INFO] CodeEngine:279 - Generated code: C:\Users\marci\STM32CubeIDE\workspace_1.12.0\odbiornikManipulator\Core\Src\stm32l1xx_hal_msp.c
2024-02-02 21:23:30,726 [INFO] CodeEngine:255 - oldGeneratedFile, C:\Users\marci\STM32CubeIDE\workspace_1.12.0\odbiornikManipulator\MXTmpFiles\system.tmp_save
2024-02-02 21:23:30,832 [INFO] CodeEngine:279 - Generated code: C:\Users\marci\STM32CubeIDE\workspace_1.12.0\odbiornikManipulator\MXTmpFiles\system.tmp
2024-02-02 21:23:30,862 [INFO] CodeEngine:311 - oldGeneratedFile, C:\Users\marci\STM32CubeIDE\workspace_1.12.0\odbiornikManipulator\Core\Inc\stm32l1xx_hal_conf.h_save
2024-02-02 21:23:30,982 [INFO] CodeEngine:335 - Generated code: C:\Users\marci\STM32CubeIDE\workspace_1.12.0\odbiornikManipulator\Core\Inc\stm32l1xx_hal_conf.h
2024-02-02 21:23:31,020 [INFO] CodeEngine:255 - oldGeneratedFile, C:\Users\marci\STM32CubeIDE\workspace_1.12.0\odbiornikManipulator\Core\Inc\main.h_save
2024-02-02 21:23:31,172 [INFO] CodeEngine:279 - Generated code: C:\Users\marci\STM32CubeIDE\workspace_1.12.0\odbiornikManipulator\Core\Inc\main.h
2024-02-02 21:23:31,190 [INFO] CodeEngine:255 - oldGeneratedFile, C:\Users\marci\STM32CubeIDE\workspace_1.12.0\odbiornikManipulator\Core\Src\main.c_save
2024-02-02 21:23:31,300 [INFO] CodeEngine:279 - Generated code: C:\Users\marci\STM32CubeIDE\workspace_1.12.0\odbiornikManipulator\Core\Src\main.c
2024-02-02 21:23:31,893 [INFO] ProjectBuilder:2996 - Time for Copy HAL[2] : 1mS.
2024-02-02 21:23:31,899 [INFO] ProjectBuilder:4304 - Project Generator version: 3.19.2
2024-02-02 21:23:32,252 [INFO] ConfigFileManager:1483 - The Die is : DIE437
2024-02-02 21:23:33,859 [INFO] ProjectBuilder:4505 - Time for Generating toolchain IDE Files: 1959mS.
2024-02-02 21:23:33,859 [INFO] ProjectBuilder:2867 - Time for Copy CMSIS : 0mS.
2024-02-02 21:23:33,878 [INFO] ProjectBuilder:2867 - Time for Copy CMSIS : 0mS.
