2024-02-17 16:31:46,100 [INFO] Activator:176 - 


2024-02-17 16:31:46,108 [INFO] Activator:177 - !SESSION log4j initialized
2024-02-17 16:31:52,437 [INFO] LogOutputStream:77 - [STDOUT_REDIRECT] 
2024-02-17 16:32:15,428 [ERROR] LogOutputStream:75 - [STDERR_REDIRECT] SLF4J: Failed to load class "org.slf4j.impl.StaticLoggerBinder".
2024-02-17 16:32:15,429 [ERROR] LogOutputStream:75 - [STDERR_REDIRECT] SLF4J: Defaulting to no-operation (NOP) logger implementation
2024-02-17 16:32:15,431 [ERROR] LogOutputStream:75 - [STDERR_REDIRECT] SLF4J: See http://www.slf4j.org/codes.html#StaticLoggerBinder for further details.
2024-02-17 18:48:51,959 [INFO] ApplicationProperties:184 - Using Application install path: D:\STM32CubeIDE_1.12.0\STM32CubeIDE\plugins\com.st.stm32cube.common.mx_6.8.1.202304191431
2024-02-17 18:48:51,984 [INFO] DbMcusXml:78 - Set database path to: D:\STM32CubeIDE_1.12.0\STM32CubeIDE\plugins\com.st.stm32cube.common.mx_6.8.1.202304191431\\db\/mcu/
2024-02-17 18:48:51,985 [INFO] ApiDb:274 - Set plugin database path to: D:\STM32CubeIDE_1.12.0\STM32CubeIDE\plugins\com.st.stm32cube.common.mx_6.8.1.202304191431\\db\/plugins/boardmanager/
2024-02-17 18:48:51,987 [WARN] ApiDb:259 - Overriding images path with different value:  => D:\STM32CubeIDE_1.12.0\STM32CubeIDE\plugins\com.st.stm32cube.common.mx_6.8.1.202304191431\\db\/plugins/mcufinder/images/
2024-02-17 18:48:52,003 [INFO] ApiDb:250 - Set database path to: C:\Users\marci\.stmcufinder\plugins\mcufinder//mcu/
2024-02-17 18:48:52,005 [INFO] DbMcusAds:125 - Set database path to: C:\Users\marci\.stmcufinder\plugins\mcufinder//mcu/
2024-02-17 18:48:52,012 [INFO] CrossReferenceDbSqlite:203 - Set database path to: C:\Users\marci\.stmcufinder\plugins\mcufinder//mcu/cs/
2024-02-17 18:48:52,158 [INFO] RulesReader:64 - Compatibility file has been processed (293 Rules)
2024-02-17 18:48:52,272 [INFO] DbMcusXml:78 - Set database path to: D:\STM32CubeIDE_1.12.0\STM32CubeIDE\plugins\com.st.stm32cube.common.mx_6.8.1.202304191431\\db\/mcu/
2024-02-17 18:48:52,272 [INFO] ApiDb:274 - Set plugin database path to: D:\STM32CubeIDE_1.12.0\STM32CubeIDE\plugins\com.st.stm32cube.common.mx_6.8.1.202304191431\\db\/plugins/boardmanager/
2024-02-17 18:48:52,273 [INFO] ApiDb:261 - Set plugin images path to: D:\STM32CubeIDE_1.12.0\STM32CubeIDE\plugins\com.st.stm32cube.common.mx_6.8.1.202304191431\\db\/plugins/mcufinder/images/
2024-02-17 18:48:52,273 [WARN] DbFile:41 - Overriding database path with different value: C:\Users\marci\.stmcufinder\plugins\mcufinder/ => C:\Users\marci\.stmcufinder\plugins\mcufinder
2024-02-17 18:48:52,273 [INFO] ApiDb:250 - Set database path to: C:\Users\marci\.stmcufinder\plugins\mcufinder//mcu/
2024-02-17 18:48:52,273 [WARN] DbFile:41 - Overriding database path with different value: C:\Users\marci\.stmcufinder\plugins\mcufinder/ => C:\Users\marci\.stmcufinder\plugins\mcufinder
2024-02-17 18:48:52,273 [INFO] DbMcusAds:125 - Set database path to: C:\Users\marci\.stmcufinder\plugins\mcufinder//mcu/
2024-02-17 18:48:52,273 [WARN] DbFile:41 - Overriding database path with different value: C:\Users\marci\.stmcufinder\plugins\mcufinder/ => C:\Users\marci\.stmcufinder\plugins\mcufinder
2024-02-17 18:48:52,273 [WARN] DbFile:41 - Overriding database path with different value: C:\Users\marci\.stmcufinder\plugins\mcufinder/ => C:\Users\marci\.stmcufinder\plugins\mcufinder
2024-02-17 18:48:52,274 [INFO] CrossReferenceDbSqlite:203 - Set database path to: C:\Users\marci\.stmcufinder\plugins\mcufinder//mcu/cs/
2024-02-17 18:48:52,368 [INFO] MainPanel:253 - HeapMemory: 564133888
2024-02-17 18:48:52,489 [INFO] DbMcusXml:78 - Set database path to: D:\STM32CubeIDE_1.12.0\STM32CubeIDE\plugins\com.st.stm32cube.common.mx_6.8.1.202304191431\\db\/mcu/
2024-02-17 18:48:52,490 [INFO] ApiDb:274 - Set plugin database path to: D:\STM32CubeIDE_1.12.0\STM32CubeIDE\plugins\com.st.stm32cube.common.mx_6.8.1.202304191431\\db\/plugins/boardmanager/
2024-02-17 18:48:52,490 [INFO] ApiDb:261 - Set plugin images path to: D:\STM32CubeIDE_1.12.0\STM32CubeIDE\plugins\com.st.stm32cube.common.mx_6.8.1.202304191431\\db\/plugins/mcufinder/images/
2024-02-17 18:48:52,491 [WARN] DbFile:41 - Overriding database path with different value: C:\Users\marci\.stmcufinder\plugins\mcufinder/ => C:\Users\marci\.stmcufinder\plugins\mcufinder
2024-02-17 18:48:52,491 [INFO] ApiDb:250 - Set database path to: C:\Users\marci\.stmcufinder\plugins\mcufinder//mcu/
2024-02-17 18:48:52,491 [WARN] DbFile:41 - Overriding database path with different value: C:\Users\marci\.stmcufinder\plugins\mcufinder/ => C:\Users\marci\.stmcufinder\plugins\mcufinder
2024-02-17 18:48:52,491 [INFO] DbMcusAds:125 - Set database path to: C:\Users\marci\.stmcufinder\plugins\mcufinder//mcu/
2024-02-17 18:48:52,491 [WARN] DbFile:41 - Overriding database path with different value: C:\Users\marci\.stmcufinder\plugins\mcufinder/ => C:\Users\marci\.stmcufinder\plugins\mcufinder
2024-02-17 18:48:52,491 [WARN] DbFile:41 - Overriding database path with different value: C:\Users\marci\.stmcufinder\plugins\mcufinder/ => C:\Users\marci\.stmcufinder\plugins\mcufinder
2024-02-17 18:48:52,491 [INFO] CrossReferenceDbSqlite:203 - Set database path to: C:\Users\marci\.stmcufinder\plugins\mcufinder//mcu/cs/
2024-02-17 18:48:52,517 [INFO] ApplicationProperties:184 - Using Application install path: D:\STM32CubeIDE_1.12.0\STM32CubeIDE\plugins\com.st.stm32cube.common.mx_6.8.1.202304191431
2024-02-17 18:48:52,519 [INFO] PluginManage:196 - Search for loadable plugins [exclusion list=, ]
2024-02-17 18:48:52,521 [INFO] PluginManage:310 - Check plugin analytics
2024-02-17 18:48:52,722 [INFO] AnalyticsPlugin:253 - Accepted Software Licenses: 
2024-02-17 18:48:52,723 [INFO] AnalyticsPlugin:255 - Accepted CMSIS Pack Licenses: 
2024-02-17 18:48:52,723 [INFO] AnalyticsPlugin:257 - Accepted Firmware Licenses: 
2024-02-17 18:48:52,748 [INFO] PluginManage:359 - Loaded plugin analytics (category:tool,tabindex:-1)
2024-02-17 18:48:52,748 [INFO] PluginManage:310 - Check plugin cadmodel
2024-02-17 18:48:52,769 [INFO] CADModel:105 - Init CAD model plugin
2024-02-17 18:48:52,770 [INFO] PluginManage:359 - Loaded plugin cadmodel (category:power,tabindex:5)
2024-02-17 18:48:52,770 [INFO] PluginManage:310 - Check plugin clock
2024-02-17 18:48:52,797 [INFO] PluginManage:359 - Loaded plugin clock (category:base,tabindex:2)
2024-02-17 18:48:52,797 [INFO] PluginManage:310 - Check plugin ddr
2024-02-17 18:48:52,801 [INFO] PluginManage:359 - Loaded plugin ddr (category:tool,tabindex:6)
2024-02-17 18:48:52,802 [INFO] PluginManage:310 - Check plugin filemanager
2024-02-17 18:48:52,993 [INFO] PluginManage:359 - Loaded plugin filemanager (category:base,tabindex:10)
2024-02-17 18:48:52,993 [INFO] PluginManage:310 - Check plugin ipmanager
2024-02-17 18:48:53,006 [INFO] PluginManage:359 - Loaded plugin ipmanager (category:base,tabindex:5)
2024-02-17 18:48:53,007 [INFO] PluginManage:310 - Check plugin lpbam
2024-02-17 18:48:53,048 [INFO] PluginManage:359 - Loaded plugin lpbam (category:base,tabindex:0)
2024-02-17 18:48:53,048 [INFO] PluginManage:310 - Check plugin pinoutandconfiguration
2024-02-17 18:48:53,072 [INFO] PluginManage:359 - Loaded plugin pinoutandconfiguration (category:base,tabindex:1)
2024-02-17 18:48:53,072 [INFO] PluginManage:310 - Check plugin pinoutconfig
2024-02-17 18:48:53,205 [WARN] SupportedApi:132 - Cannot load RTOS API schema: s4s-elt-must-match.1: The content of 'definitions' must match (annotation?, (simpleType | complexType)?, (unique | key | keyref)*)). A problem was found starting at: attribute.
2024-02-17 18:48:53,385 [INFO] PluginManage:359 - Loaded plugin pinoutconfig (category:base,tabindex:0)
2024-02-17 18:48:53,385 [INFO] PluginManage:310 - Check plugin power
2024-02-17 18:48:53,411 [INFO] PluginManage:359 - Loaded plugin power (category:power,tabindex:4)
2024-02-17 18:48:53,411 [INFO] PluginManage:310 - Check plugin projectmanager
2024-02-17 18:48:53,432 [INFO] PluginManage:359 - Loaded plugin projectmanager (category:projectmanager,tabindex:3)
2024-02-17 18:48:53,433 [INFO] PluginManage:310 - Check plugin thirdparty
2024-02-17 18:48:53,746 [INFO] PluginManage:359 - Loaded plugin thirdparty (category:base,tabindex:-1)
2024-02-17 18:48:53,746 [WARN] IntegrityCheckThread:84 - waiting for thirdparty lock release [integrity check]
2024-02-17 18:48:53,746 [INFO] PluginManage:310 - Check plugin tools
2024-02-17 18:48:53,746 [INFO] IntegrityCheckThread:86 - entering critical section [integrity check]
2024-02-17 18:48:53,749 [INFO] ThirdPartyUpdaterWithRetryManager:70 - Updater plugin not ready yet. [1/15]
2024-02-17 18:48:53,783 [INFO] PluginManage:359 - Loaded plugin tools (category:base,tabindex:7)
2024-02-17 18:48:53,783 [INFO] PluginManage:310 - Check plugin tutovideos
2024-02-17 18:48:54,042 [INFO] PluginManage:359 - Loaded plugin tutovideos (category:base,tabindex:-1)
2024-02-17 18:48:54,043 [INFO] PluginManage:310 - Check plugin updater
2024-02-17 18:48:54,061 [INFO] PluginManage:359 - Loaded plugin updater (category:base,tabindex:12)
2024-02-17 18:48:54,062 [INFO] PluginManage:283 - PluginManage : Loaded plugins [15]
2024-02-17 18:48:54,390 [INFO] PinOutPanel:1499 - setPackage(No Configuration,No Configuration)
2024-02-17 18:48:54,472 [INFO] CADModel:165 - CPN selected for project level
2024-02-17 18:48:54,473 [INFO] CADModel:114 - Register for checkConnection events
2024-02-17 18:48:54,506 [INFO] IPUIPlugin:80 - create IPUIPlugin
2024-02-17 18:48:54,507 [INFO] PluginManager:220 - loadIPPluginJar : add adc
2024-02-17 18:48:54,548 [INFO] IPUIPlugin:80 - create IPUIPlugin
2024-02-17 18:48:54,548 [INFO] PluginManager:220 - loadIPPluginJar : add aes
2024-02-17 18:48:54,595 [INFO] IPUIPlugin:80 - create IPUIPlugin
2024-02-17 18:48:54,596 [INFO] PluginManager:220 - loadIPPluginJar : add can
2024-02-17 18:48:54,623 [INFO] IPUIPlugin:80 - create IPUIPlugin
2024-02-17 18:48:54,623 [INFO] PluginManager:220 - loadIPPluginJar : add comp
2024-02-17 18:48:54,661 [INFO] IPUIPlugin:80 - create IPUIPlugin
2024-02-17 18:48:54,662 [INFO] PluginManager:220 - loadIPPluginJar : add cryp
2024-02-17 18:48:54,697 [INFO] IPUIPlugin:80 - create IPUIPlugin
2024-02-17 18:48:54,697 [INFO] PluginManager:220 - loadIPPluginJar : add dfsdm
2024-02-17 18:48:54,714 [INFO] IPUIPlugin:80 - create IPUIPlugin
2024-02-17 18:48:54,715 [INFO] PluginManager:220 - loadIPPluginJar : add dma
2024-02-17 18:48:54,768 [INFO] IPUIPlugin:80 - create IPUIPlugin
2024-02-17 18:48:54,768 [INFO] PluginManager:220 - loadIPPluginJar : add dma3
2024-02-17 18:48:54,792 [INFO] IPUIPlugin:80 - create IPUIPlugin
2024-02-17 18:48:54,792 [INFO] PluginManager:220 - loadIPPluginJar : add fatfs
2024-02-17 18:48:54,846 [INFO] IPUIPlugin:80 - create IPUIPlugin
2024-02-17 18:48:54,846 [INFO] PluginManager:220 - loadIPPluginJar : add fmc
2024-02-17 18:48:54,864 [INFO] IPUIPlugin:80 - create IPUIPlugin
2024-02-17 18:48:54,864 [INFO] PluginManager:220 - loadIPPluginJar : add freertos
2024-02-17 18:48:54,888 [INFO] IPUIPlugin:80 - create IPUIPlugin
2024-02-17 18:48:54,888 [INFO] PluginManager:220 - loadIPPluginJar : add genericplugin
2024-02-17 18:48:54,999 [INFO] IPUIPlugin:80 - create IPUIPlugin
2024-02-17 18:48:54,999 [INFO] PluginManager:220 - loadIPPluginJar : add gfxmmu
2024-02-17 18:48:55,153 [INFO] IPUIPlugin:80 - create IPUIPlugin
2024-02-17 18:48:55,153 [INFO] PluginManager:220 - loadIPPluginJar : add gic
2024-02-17 18:48:55,168 [INFO] IPUIPlugin:80 - create IPUIPlugin
2024-02-17 18:48:55,168 [INFO] PluginManager:220 - loadIPPluginJar : add gpio
2024-02-17 18:48:55,275 [INFO] IPUIPlugin:80 - create IPUIPlugin
2024-02-17 18:48:55,276 [INFO] PluginManager:220 - loadIPPluginJar : add gtzc
2024-02-17 18:48:55,317 [INFO] IPUIPlugin:80 - create IPUIPlugin
2024-02-17 18:48:55,317 [INFO] PluginManager:220 - loadIPPluginJar : add hash
2024-02-17 18:48:55,383 [INFO] IPUIPlugin:80 - create IPUIPlugin
2024-02-17 18:48:55,384 [INFO] PluginManager:220 - loadIPPluginJar : add i2c
2024-02-17 18:48:55,430 [INFO] IPUIPlugin:80 - create IPUIPlugin
2024-02-17 18:48:55,431 [INFO] PluginManager:220 - loadIPPluginJar : add i2s
2024-02-17 18:48:55,478 [INFO] IPUIPlugin:80 - create IPUIPlugin
2024-02-17 18:48:55,479 [INFO] PluginManager:220 - loadIPPluginJar : add i3c
2024-02-17 18:48:55,603 [INFO] IPUIPlugin:80 - create IPUIPlugin
2024-02-17 18:48:55,603 [INFO] PluginManager:220 - loadIPPluginJar : add ipddr
2024-02-17 18:48:55,713 [INFO] IPUIPlugin:80 - create IPUIPlugin
2024-02-17 18:48:55,713 [INFO] PluginManager:220 - loadIPPluginJar : add linkedlist
2024-02-17 18:48:55,754 [INFO] IPUIPlugin:80 - create IPUIPlugin
2024-02-17 18:48:55,755 [INFO] PluginManager:220 - loadIPPluginJar : add lorawan
2024-02-17 18:48:55,797 [INFO] IPUIPlugin:80 - create IPUIPlugin
2024-02-17 18:48:55,797 [INFO] PluginManager:220 - loadIPPluginJar : add ltdc
2024-02-17 18:48:55,814 [INFO] IPUIPlugin:80 - create IPUIPlugin
2024-02-17 18:48:55,814 [INFO] PluginManager:220 - loadIPPluginJar : add mdma
2024-02-17 18:48:55,828 [INFO] IPUIPlugin:80 - create IPUIPlugin
2024-02-17 18:48:55,830 [INFO] PluginManager:220 - loadIPPluginJar : add nvic
2024-02-17 18:48:55,872 [INFO] IPUIPlugin:80 - create IPUIPlugin
2024-02-17 18:48:55,872 [INFO] PluginManager:220 - loadIPPluginJar : add opamp
2024-02-17 18:48:55,944 [INFO] IPUIPlugin:80 - create IPUIPlugin
2024-02-17 18:48:55,945 [INFO] PluginManager:220 - loadIPPluginJar : add openamp
2024-02-17 18:48:55,995 [INFO] IPUIPlugin:80 - create IPUIPlugin
2024-02-17 18:48:55,996 [INFO] PluginManager:220 - loadIPPluginJar : add pdm2pcm
2024-02-17 18:48:56,012 [INFO] IPUIPlugin:80 - create IPUIPlugin
2024-02-17 18:48:56,015 [INFO] PluginManager:220 - loadIPPluginJar : add plateformsettings
2024-02-17 18:48:56,042 [INFO] IPUIPlugin:80 - create IPUIPlugin
2024-02-17 18:48:56,042 [INFO] PluginManager:220 - loadIPPluginJar : add quadspi
2024-02-17 18:48:56,056 [INFO] IPUIPlugin:80 - create IPUIPlugin
2024-02-17 18:48:56,056 [INFO] PluginManager:220 - loadIPPluginJar : add resmgrutility
2024-02-17 18:48:56,112 [INFO] IPUIPlugin:80 - create IPUIPlugin
2024-02-17 18:48:56,112 [INFO] PluginManager:220 - loadIPPluginJar : add sai
2024-02-17 18:48:56,156 [INFO] IPUIPlugin:80 - create IPUIPlugin
2024-02-17 18:48:56,156 [INFO] PluginManager:220 - loadIPPluginJar : add spi
2024-02-17 18:48:56,223 [INFO] IPUIPlugin:80 - create IPUIPlugin
2024-02-17 18:48:56,223 [INFO] PluginManager:220 - loadIPPluginJar : add stm32_wpan
2024-02-17 18:48:56,250 [INFO] IPUIPlugin:80 - create IPUIPlugin
2024-02-17 18:48:56,250 [INFO] PluginManager:220 - loadIPPluginJar : add tim
2024-02-17 18:48:56,314 [INFO] IPUIPlugin:80 - create IPUIPlugin
2024-02-17 18:48:56,315 [INFO] PluginManager:220 - loadIPPluginJar : add touchsensing
2024-02-17 18:48:56,341 [INFO] IPUIPlugin:80 - create IPUIPlugin
2024-02-17 18:48:56,342 [INFO] PluginManager:220 - loadIPPluginJar : add tracer_emb
2024-02-17 18:48:56,368 [INFO] IPUIPlugin:80 - create IPUIPlugin
2024-02-17 18:48:56,368 [INFO] PluginManager:220 - loadIPPluginJar : add ts
2024-02-17 18:48:56,393 [INFO] IPUIPlugin:80 - create IPUIPlugin
2024-02-17 18:48:56,393 [INFO] PluginManager:220 - loadIPPluginJar : add tsc
2024-02-17 18:48:56,419 [INFO] IPUIPlugin:80 - create IPUIPlugin
2024-02-17 18:48:56,419 [INFO] PluginManager:220 - loadIPPluginJar : add ucpd
2024-02-17 18:48:56,470 [INFO] IPUIPlugin:80 - create IPUIPlugin
2024-02-17 18:48:56,470 [INFO] PluginManager:220 - loadIPPluginJar : add usart
2024-02-17 18:48:56,520 [INFO] IPUIPlugin:80 - create IPUIPlugin
2024-02-17 18:48:56,520 [INFO] PluginManager:220 - loadIPPluginJar : add usbx
2024-02-17 18:48:56,668 [INFO] CADModel:165 - CPN selected for project level
2024-02-17 18:48:56,669 [INFO] CADModel:114 - Register for checkConnection events
2024-02-17 18:48:56,669 [FATAL] Updater:308 - Updater called before beeing initialized
2024-02-17 18:48:56,669 [ERROR] CADModel:125 - Updater not yet initialized, retry later 
2024-02-17 18:48:56,762 [INFO] ThirdPartyUpdaterWithRetryManager:70 - Updater plugin not ready yet. [2/15]
2024-02-17 18:48:56,855 [INFO] CADModel:165 - CPN selected for project level
2024-02-17 18:48:56,855 [INFO] CADModel:114 - Register for checkConnection events
2024-02-17 18:48:56,855 [FATAL] Updater:308 - Updater called before beeing initialized
2024-02-17 18:48:56,855 [ERROR] CADModel:125 - Updater not yet initialized, retry later 
2024-02-17 18:48:56,861 [FATAL] Updater:308 - Updater called before beeing initialized
2024-02-17 18:48:57,026 [FATAL] Updater:308 - Updater called before beeing initialized
2024-02-17 18:48:57,042 [INFO] DbMcusAds:53 - JSON generation date=Wed Nov 29 11:52:27 CET 2023 (1701255147200)
2024-02-17 18:48:57,042 [FATAL] Updater:308 - Updater called before beeing initialized
2024-02-17 18:48:57,161 [WARN] DetailPanel:346 - Failed to get advertising image, set to default
2024-02-17 18:48:57,313 [FATAL] Updater:308 - Updater called before beeing initialized
2024-02-17 18:48:57,317 [FATAL] Updater:308 - Updater called before beeing initialized
2024-02-17 18:48:57,317 [FATAL] Updater:308 - Updater called before beeing initialized
2024-02-17 18:48:57,317 [WARN] DetailPanel:346 - Failed to get advertising image, set to default
2024-02-17 18:48:57,318 [FATAL] Updater:308 - Updater called before beeing initialized
2024-02-17 18:48:57,393 [ERROR] Updater:1120 - MainUpdater not yet initialized. External WinMGr cannot be set.
2024-02-17 18:48:57,406 [INFO] Updater:1056 - Updater Version found : 6.8.1
2024-02-17 18:48:57,438 [INFO] ApplicationProperties:184 - Using Application install path: D:\STM32CubeIDE_1.12.0\STM32CubeIDE\plugins\com.st.stm32cube.common.mx_6.8.1.202304191431
2024-02-17 18:48:57,898 [INFO] MainUpdater:2854 - connection check result : 10
2024-02-17 18:48:57,899 [INFO] MainUpdater:283 - Updater Check For Update Now.
2024-02-17 18:48:57,899 [INFO] MicroXplorer:498 - Change Database Version : DB.6.0.81
2024-02-17 18:48:58,103 [INFO] CheckServerUpdateThread:120 - End of CheckServer Thread
2024-02-17 18:48:58,129 [INFO] MainUpdater:2854 - connection check result : 10
2024-02-17 18:48:58,138 [INFO] MainUpdater:2854 - connection check result : 10
2024-02-17 18:48:58,366 [INFO] MicroXplorer:468 - Change Database Path : 
2024-02-17 18:48:58,367 [INFO] MicroXplorer:498 - Change Database Version : DB.6.0.81
2024-02-17 18:48:58,368 [WARN] ThirdParty:871 - waiting for thirdparty lock release [close project]
2024-02-17 18:48:59,995 [WARN] PackLoader:240 - Cannot read IP mode file for STMicroelectronics.X-CUBE-SMBUS.2.1.0
2024-02-17 18:49:00,013 [WARN] PackLoader:240 - Cannot read IP mode file for STMicroelectronics.X-CUBE-TOUCHGFX.4.23.0
2024-02-17 18:49:00,056 [WARN] PackLoader:240 - Cannot read IP mode file for STMicroelectronics.X-CUBE-AZRTOS-F7.1.1.0
2024-02-17 18:49:00,077 [WARN] PackLoader:240 - Cannot read IP mode file for STMicroelectronics.FP-SNS-MOTENV1.4.3.2
2024-02-17 18:49:00,093 [ERROR] RealEvaluatedCondition:428 - Found unsupported composite condition: GROUP='STM32_MetaDataManager' CLASS='Data Exchange'
2024-02-17 18:49:00,093 [ERROR] RealEvaluatedCondition:428 - Found unsupported composite condition: GROUP='STM32_MetaDataManager' CLASS='Data Exchange'
2024-02-17 18:49:00,094 [WARN] PackLoader:240 - Cannot read IP mode file for STMicroelectronics.FP-SNS-MOTENV1.4.3.1
2024-02-17 18:49:00,111 [WARN] PackLoader:240 - Cannot read IP mode file for STMicroelectronics.FP-SNS-FLIGHT1.5.0.1
2024-02-17 18:49:00,128 [WARN] PackLoader:240 - Cannot read IP mode file for STMicroelectronics.X-CUBE-BLE1.6.2.4
2024-02-17 18:49:00,142 [WARN] PackLoader:240 - Cannot read IP mode file for STMicroelectronics.FP-SNS-FLIGHT1.5.0.2
2024-02-17 18:49:00,159 [WARN] PackLoader:240 - Cannot read IP mode file for STMicroelectronics.X-CUBE-DISPLAY.3.0.0
2024-02-17 18:49:00,188 [WARN] PackLoader:240 - Cannot read IP mode file for STMicroelectronics.X-CUBE-BLE1.7.0.0
2024-02-17 18:49:00,201 [WARN] PackLoader:240 - Cannot read IP mode file for STMicroelectronics.X-CUBE-TOUCHGFX.4.22.0
2024-02-17 18:49:00,214 [WARN] PackLoader:240 - Cannot read IP mode file for STMicroelectronics.X-CUBE-TOUCHGFX.4.22.1
2024-02-17 18:49:00,227 [WARN] PackLoader:240 - Cannot read IP mode file for STMicroelectronics.FP-SNS-SMARTAG2.1.2.0
2024-02-17 18:49:00,249 [INFO] LogOutputStream:77 - [STDOUT_REDIRECT] 1 : Invalid condition id : UX_CORESTACK_Condition cause : null
2024-02-17 18:49:00,250 [INFO] LogOutputStream:77 - [STDOUT_REDIRECT] 1 : Invalid condition id : UX_CORESTACK_Condition cause : null
2024-02-17 18:49:00,251 [INFO] LogOutputStream:77 - [STDOUT_REDIRECT] 1 : Invalid condition id : UX_CORESTACK_Condition cause : null
2024-02-17 18:49:00,253 [INFO] LogOutputStream:77 - [STDOUT_REDIRECT] 1 : Invalid condition id : UX_CORESTACK_Condition cause : null
2024-02-17 18:49:00,255 [INFO] LogOutputStream:77 - [STDOUT_REDIRECT] 1 : Invalid condition id : UX_CORESTACK_Condition cause : null
2024-02-17 18:49:00,260 [WARN] PackLoader:240 - Cannot read IP mode file for STMicroelectronics.X-CUBE-AZRTOS-WL.2.0.0
2024-02-17 18:49:00,278 [WARN] PackLoader:240 - Cannot read IP mode file for WES.I-CUBE-Cesium.1.3.0
2024-02-17 18:49:00,294 [WARN] PackLoader:240 - Cannot read IP mode file for STMicroelectronics.X-CUBE-BLE2.3.3.0
2024-02-17 18:49:00,306 [WARN] PackLoader:240 - Cannot read IP mode file for STMicroelectronics.X-CUBE-TOUCHGFX.4.21.4
2024-02-17 18:49:00,320 [WARN] PackLoader:240 - Cannot read IP mode file for STMicroelectronics.X-CUBE-ALGOBUILD.1.3.0
2024-02-17 18:49:00,352 [WARN] PackLoader:240 - Cannot read IP mode file for STMicroelectronics.X-CUBE-AZRTOS-G0.1.1.0
2024-02-17 18:49:00,372 [WARN] PackLoader:240 - Cannot read IP mode file for STMicroelectronics.X-CUBE-NFC4.3.0.0
2024-02-17 18:49:00,393 [WARN] PackLoader:240 - Cannot read IP mode file for STMicroelectronics.X-CUBE-BLEMGR.3.0.0
2024-02-17 18:49:00,417 [WARN] PackLoader:240 - Cannot read IP mode file for STMicroelectronics.FP-ATR-SIGFOX1.3.2.0
2024-02-17 18:49:00,432 [WARN] PackLoader:240 - Cannot read IP mode file for STMicroelectronics.X-CUBE-EEPRMA1.5.1.0
2024-02-17 18:49:00,507 [WARN] PackLoader:240 - Cannot read IP mode file for SEGGER.I-CUBE-embOS.1.3.1
2024-02-17 18:49:00,571 [WARN] PackLoader:240 - Cannot read IP mode file for STMicroelectronics.X-CUBE-GNSS1.6.0.0
2024-02-17 18:49:00,613 [WARN] PackLoader:240 - Cannot read IP mode file for STMicroelectronics.X-CUBE-AZRTOS-F4.1.1.0
2024-02-17 18:49:00,632 [WARN] PackLoader:240 - Cannot read IP mode file for wolfSSL.I-CUBE-wolfSSL.5.6.0
2024-02-17 18:49:00,663 [WARN] PackLoader:240 - Cannot read IP mode file for STMicroelectronics.X-CUBE-AZRTOS-L5.2.0.0
2024-02-17 18:49:00,733 [WARN] PackLoader:240 - Cannot read IP mode file for STMicroelectronics.X-CUBE-MEMS1.9.6.0
2024-02-17 18:49:00,926 [WARN] PackLoader:240 - Cannot read IP mode file for STMicroelectronics.X-CUBE-EEPRMA1.4.2.0
2024-02-17 18:49:00,943 [WARN] PackLoader:240 - Cannot read IP mode file for ITTIA_DB.I-CUBE-ITTIADB.8.8.0
2024-02-17 18:49:00,960 [WARN] PackLoader:240 - Cannot read IP mode file for emotas.I-CUBE-CANOPEN.1.1.3
2024-02-17 18:49:00,976 [WARN] PackLoader:240 - Cannot read IP mode file for STMicroelectronics.X-CUBE-BLEMGR.2.0.0
2024-02-17 18:49:01,013 [WARN] ConditionMgr:438 - getConditionDescription Invalid condition id : UX DEVICE CLASS RTOS Condition cause : null
2024-02-17 18:49:01,013 [WARN] ConditionMgr:438 - getConditionDescription Invalid condition id : UX DEVICE CLASS RTOS Condition cause : null
2024-02-17 18:49:01,017 [WARN] PackLoader:240 - Cannot read IP mode file for STMicroelectronics.X-CUBE-AZRTOS-H7.3.1.0
2024-02-17 18:49:01,019 [WARN] ConditionMgr:1039 - genDependencies : Invalid condition id : UX DEVICE CLASS RTOS Condition cause : null
2024-02-17 18:49:01,019 [WARN] ConditionMgr:1039 - genDependencies : Invalid condition id : UX DEVICE CLASS RTOS Condition cause : null
2024-02-17 18:49:01,019 [WARN] ConditionMgr:1039 - genDependencies : Invalid condition id : UX DEVICE CLASS RTOS Condition cause : null
2024-02-17 18:49:01,020 [WARN] ConditionMgr:1039 - genDependencies : Invalid condition id : UX DEVICE CLASS RTOS Condition cause : null
2024-02-17 18:49:01,020 [WARN] ConditionMgr:1039 - genDependencies : Invalid condition id : UX DEVICE CLASS RTOS Condition cause : null
2024-02-17 18:49:01,040 [WARN] PackLoader:240 - Cannot read IP mode file for STMicroelectronics.X-CUBE-NFC7.1.0.1
2024-02-17 18:49:01,056 [WARN] PackLoader:240 - Cannot read IP mode file for STMicroelectronics.X-CUBE-NFC7.1.0.0
2024-02-17 18:49:01,074 [WARN] PackLoader:240 - Cannot read IP mode file for STMicroelectronics.X-CUBE-NFC6.3.0.0
2024-02-17 18:49:01,092 [WARN] PackLoader:240 - Cannot read IP mode file for STMicroelectronics.X-CUBE-EEPRMA1.4.1.0
2024-02-17 18:49:01,110 [WARN] PackLoader:240 - Cannot read IP mode file for STMicroelectronics.X-CUBE-AI.8.1.0
2024-02-17 18:49:01,145 [WARN] ConditionMgr:438 - getConditionDescription Invalid condition id : LAN8742 Phy interface Condition cause : null
2024-02-17 18:49:01,146 [WARN] PackLoader:240 - Cannot read IP mode file for STMicroelectronics.X-CUBE-AZRTOS-L4.2.0.0
2024-02-17 18:49:01,149 [WARN] ConditionMgr:1039 - genDependencies : Invalid condition id : LAN8742 Phy interface Condition cause : null
2024-02-17 18:49:01,149 [WARN] ConditionMgr:1039 - genDependencies : Invalid condition id : LAN8742 Phy interface Condition cause : null
2024-02-17 18:49:01,157 [WARN] ConditionMgr:1039 - genDependencies : Invalid condition id : LAN8742 Phy interface Condition cause : null
2024-02-17 18:49:01,177 [WARN] PackLoader:240 - Cannot read IP mode file for STMicroelectronics.X-CUBE-SFXS2LP1.4.0.0
2024-02-17 18:49:01,198 [WARN] PackLoader:240 - Cannot read IP mode file for STMicroelectronics.X-CUBE-ISPU.1.1.0
2024-02-17 18:49:01,226 [WARN] ConditionMgr:438 - getConditionDescription Invalid condition id : UX DEVICE CLASS RTOS Condition cause : null
2024-02-17 18:49:01,227 [WARN] ConditionMgr:438 - getConditionDescription Invalid condition id : UX DEVICE CLASS RTOS Condition cause : null
2024-02-17 18:49:01,230 [WARN] PackLoader:240 - Cannot read IP mode file for STMicroelectronics.X-CUBE-AZRTOS-WB.2.0.0
2024-02-17 18:49:01,231 [WARN] ConditionMgr:1039 - genDependencies : Invalid condition id : UX DEVICE CLASS RTOS Condition cause : null
2024-02-17 18:49:01,231 [WARN] ConditionMgr:1039 - genDependencies : Invalid condition id : UX DEVICE CLASS RTOS Condition cause : null
2024-02-17 18:49:01,232 [WARN] ConditionMgr:1039 - genDependencies : Invalid condition id : UX DEVICE CLASS RTOS Condition cause : null
2024-02-17 18:49:01,232 [WARN] ConditionMgr:1039 - genDependencies : Invalid condition id : UX DEVICE CLASS RTOS Condition cause : null
2024-02-17 18:49:01,233 [WARN] ConditionMgr:1039 - genDependencies : Invalid condition id : UX DEVICE CLASS RTOS Condition cause : null
2024-02-17 18:49:01,249 [WARN] PackLoader:240 - Cannot read IP mode file for STMicroelectronics.X-CUBE-FREERTOS.1.0.1
2024-02-17 18:49:01,285 [WARN] PackLoader:240 - Cannot read IP mode file for STMicroelectronics.X-CUBE-AZRTOS-L5.1.1.0
2024-02-17 18:49:01,303 [WARN] PackLoader:240 - Cannot read IP mode file for STMicroelectronics.X-CUBE-AI.8.0.1
2024-02-17 18:49:01,328 [WARN] PackLoader:240 - Cannot read IP mode file for STMicroelectronics.X-CUBE-SUBG2.5.0.0
2024-02-17 18:49:01,390 [WARN] PackLoader:240 - Cannot read IP mode file for STMicroelectronics.X-CUBE-TOF1.3.3.1
2024-02-17 18:49:01,430 [WARN] PackLoader:240 - Cannot read IP mode file for STMicroelectronics.X-CUBE-AZRTOS-G4.2.0.0
2024-02-17 18:49:01,454 [WARN] PackLoader:240 - Cannot read IP mode file for STMicroelectronics.X-CUBE-TOF1.3.3.0
2024-02-17 18:49:01,496 [WARN] PackLoader:240 - Cannot read IP mode file for Infineon.AIROC-Wi-Fi-Bluetooth-STM32.1.5.1
2024-02-17 18:49:01,519 [WARN] PackLoader:240 - Cannot read IP mode file for STMicroelectronics.FP-SNS-MOTENVWB1.1.3.0
2024-02-17 18:49:01,536 [WARN] PackLoader:240 - Cannot read IP mode file for STMicroelectronics.FP-SNS-MOTENVWB1.1.3.1
2024-02-17 18:49:01,552 [WARN] PackLoader:240 - Cannot read IP mode file for STMicroelectronics.X-CUBE-ISPU.2.0.0
2024-02-17 18:49:01,624 [WARN] PackLoader:240 - Cannot read IP mode file for STMicroelectronics.X-CUBE-MEMS1.10.0.0
2024-02-17 18:49:01,746 [WARN] PackLoader:240 - Cannot read IP mode file for STMicroelectronics.X-CUBE-FREERTOS.1.1.0
2024-02-17 18:49:01,762 [WARN] PackLoader:240 - Cannot read IP mode file for portGmbH.I-Cube-SoM-uGOAL.1.1.0
2024-02-17 18:49:01,777 [WARN] PackLoader:240 - Cannot read IP mode file for STMicroelectronics.X-CUBE-ALS.1.0.1
2024-02-17 18:49:01,801 [WARN] PackLoader:240 - Cannot read IP mode file for STMicroelectronics.X-CUBE-AZRTOS-WB.1.1.0
2024-02-17 18:49:01,815 [WARN] PackLoader:240 - Cannot read IP mode file for STMicroelectronics.FP-ATR-ASTRA1.2.0.0
2024-02-17 18:49:01,835 [WARN] PackLoader:240 - Cannot read IP mode file for STMicroelectronics.X-CUBE-TOF1.3.4.0
2024-02-17 18:49:01,890 [WARN] PackLoader:240 - Cannot read IP mode file for STMicroelectronics.X-CUBE-AZRTOS-H7.3.2.0
2024-02-17 18:49:01,894 [INFO] ThirdParty:978 - Integrity check success = true
2024-02-17 18:49:01,894 [INFO] IntegrityCheckThread:100 - exiting critical section [integrity check]
2024-02-17 18:49:01,894 [INFO] IntegrityCheckThread:103 - End integrity checks thread
2024-02-17 18:49:01,895 [INFO] ThirdParty:873 - entering critical section [close project]
2024-02-17 18:49:01,896 [INFO] ThirdParty:883 - exiting critical section [close project]
2024-02-17 18:49:01,903 [INFO] PinOutPanel:1499 - setPackage(No Configuration,No Configuration)
2024-02-17 18:49:01,911 [INFO] UtilMem:75 - Begin LoadConfig() Used Memory: 536112064 Bytes (567279616)
2024-02-17 18:49:01,913 [INFO] MicroXplorer:468 - Change Database Path : 
2024-02-17 18:49:01,913 [INFO] MicroXplorer:498 - Change Database Version : DB.6.0.81
2024-02-17 18:49:01,913 [INFO] OpenFileManager:308 - Change cursor
2024-02-17 18:49:01,979 [INFO] Mcu:1937 - Initializing MCU STM32L152RETx STM32L152RETx STM32L152RET6
2024-02-17 18:49:03,978 [INFO] Context:659 - Trying to add GPIOservice into a context  which must be forbidden
2024-02-17 18:49:04,743 [INFO] RtosManager:555 - Registered RTOS mode: class=CMSIS, group=RTOS, mode=CMSIS_V1, owner=FREERTOS
2024-02-17 18:49:04,743 [INFO] RtosManager:555 - Registered RTOS mode: class=CMSIS, group=RTOS2, mode=CMSIS_V2, owner=FREERTOS
2024-02-17 18:49:04,743 [INFO] RtosManager:555 - Registered RTOS mode: class=RTOS, group=Core, mode=CMSIS_V1, owner=FREERTOS
2024-02-17 18:49:04,743 [INFO] RtosManager:555 - Registered RTOS mode: class=RTOS, group=Core, mode=CMSIS_V2, owner=FREERTOS
2024-02-17 18:49:04,744 [WARN] ModelIntegratedComponent:184 - Missing modes for component STMicroelectronics:FreeRTOS:0.0.1:STMicroelectronics:RTOS:FreeRTOS:Core:::10.2.0:
2024-02-17 18:49:04,769 [WARN] ModelIntegratedComponent:63 - No mode defined for component null
2024-02-17 18:49:04,769 [WARN] ModelIntegratedComponent:63 - No mode defined for component null
2024-02-17 18:49:04,769 [WARN] ModelIntegratedComponent:63 - No mode defined for component null
2024-02-17 18:49:04,769 [WARN] ModelIntegratedComponent:63 - No mode defined for component null
2024-02-17 18:49:04,769 [WARN] ModelIntegratedComponent:63 - No mode defined for component null
2024-02-17 18:49:04,769 [WARN] ModelIntegratedComponent:63 - No mode defined for component null
2024-02-17 18:49:04,769 [WARN] ModelIntegratedComponent:63 - No mode defined for component null
2024-02-17 18:49:04,769 [WARN] ModelIntegratedComponent:63 - No mode defined for component null
2024-02-17 18:49:04,769 [WARN] ModelIntegratedComponent:63 - No mode defined for component null
2024-02-17 18:49:04,770 [WARN] ModelIntegratedComponent:63 - No mode defined for component null
2024-02-17 18:49:04,770 [WARN] ModelIntegratedComponent:63 - No mode defined for component null
2024-02-17 18:49:04,770 [WARN] ModelIntegratedComponent:63 - No mode defined for component null
2024-02-17 18:49:04,770 [WARN] ModelIntegratedComponent:63 - No mode defined for component null
2024-02-17 18:49:04,770 [WARN] ModelIntegratedComponent:63 - No mode defined for component null
2024-02-17 18:49:04,770 [WARN] ModelIntegratedComponent:63 - No mode defined for component null
2024-02-17 18:49:04,770 [WARN] ModelIntegratedComponent:63 - No mode defined for component null
2024-02-17 18:49:04,770 [WARN] ModelIntegratedComponent:63 - No mode defined for component null
2024-02-17 18:49:04,770 [WARN] ModelIntegratedComponent:63 - No mode defined for component null
2024-02-17 18:49:04,770 [WARN] ModelIntegratedComponent:63 - No mode defined for component null
2024-02-17 18:49:04,770 [WARN] ModelIntegratedComponent:63 - No mode defined for component null
2024-02-17 18:49:04,770 [WARN] ModelIntegratedComponent:63 - No mode defined for component null
2024-02-17 18:49:04,771 [WARN] ModelIntegratedComponent:63 - No mode defined for component null
2024-02-17 18:49:04,771 [WARN] ModelIntegratedComponent:63 - No mode defined for component null
2024-02-17 18:49:04,771 [WARN] ModelIntegratedComponent:63 - No mode defined for component null
2024-02-17 18:49:04,771 [WARN] ModelIntegratedComponent:63 - No mode defined for component null
2024-02-17 18:49:04,771 [WARN] ModelIntegratedComponent:63 - No mode defined for component null
2024-02-17 18:49:04,771 [WARN] ModelIntegratedComponent:63 - No mode defined for component null
2024-02-17 18:49:04,771 [WARN] ModelIntegratedComponent:63 - No mode defined for component null
2024-02-17 18:49:04,771 [WARN] ModelIntegratedComponent:63 - No mode defined for component null
2024-02-17 18:49:04,771 [WARN] ModelIntegratedComponent:63 - No mode defined for component null
2024-02-17 18:49:04,771 [WARN] ModelIntegratedComponent:63 - No mode defined for component null
2024-02-17 18:49:04,771 [WARN] ModelIntegratedComponent:63 - No mode defined for component null
2024-02-17 18:49:04,771 [WARN] ModelIntegratedComponent:63 - No mode defined for component null
2024-02-17 18:49:04,884 [INFO] ThirdPartyModel:298 - Start build external matchings
2024-02-17 18:49:05,531 [INFO] ThirdPartyModel:316 - End build external matchings
2024-02-17 18:49:05,577 [INFO] ImportTextPane:194 - (OptionalMessage_ERROR) IP (RCC) : Invalid parameter (FamilyName)
2024-02-17 18:49:05,582 [INFO] ImportTextPane:194 - (OptionalMessage_ERROR) IP (RCC) : Parameter (RTCHSEDivFreq_Value) has invalid value (4000000)
2024-02-17 18:49:05,582 [INFO] ImportTextPane:194 - (OptionalMessage_ERROR) IP (RCC) : Invalid parameter (TIMFreq_Value)
2024-02-17 18:49:05,582 [INFO] ImportTextPane:194 - (OptionalMessage_ERROR) IP (RCC) : Invalid parameter (USBOutput)
2024-02-17 18:49:05,931 [INFO] UtilMem:75 - End LoadConfig() Used Memory: 546731736 Bytes (639631360)
2024-02-17 18:49:06,078 [INFO] ApiDb:581 - Connected to CubeFinder SQLite database (C:\Users\marci\.stmcufinder\plugins\mcufinder\mcu\cube-finder-db.db)
2024-02-17 18:49:06,182 [INFO] ApiDb:668 - CubeFinder database Data Model version=2.1
2024-02-17 18:49:06,182 [INFO] ApiDb:669 - CubeFinder database Configuration version=3.0.39
2024-02-17 18:49:06,183 [INFO] ApiDb:670 - CubeFinder database generation date=2024-01-11 (1704964531)
2024-02-17 18:49:06,183 [INFO] ApiDb:671 - CubeFinder database FW Pack versions=[FP-ATR-ASTRA1_V2.0.0, FP-SNS-FLIGHT1_V5.0.1, FP-SNS-FLIGHT1_V5.0.2, FP-SNS-MOTENV1_V4.3.1, FP-SNS-MOTENV1_V4.3.2, FP-SNS-MOTENVWB1_V1.3.1, FP-SNS-SMARTAG2_V1.2.0, STM32Cube_FW_C0_V1.1.0, STM32Cube_FW_F4_V1.28.0, STM32Cube_FW_F7_V1.17.0, STM32Cube_FW_G0_V1.6.2, STM32Cube_FW_G4_V1.5.2, STM32Cube_FW_H5_V0.5.1, STM32Cube_FW_H5_V1.1.1, STM32Cube_FW_H5_V1.2.0RC2, STM32Cube_FW_H7_V1.11.0, STM32Cube_FW_L0_V1.12.2, STM32Cube_FW_L5_V1.5.0, STM32Cube_FW_U5_V1.3.0RC4, STM32Cube_FW_U5_V1.4.0, STM32Cube_FW_WBA_V1.0.0RC1, STM32Cube_FW_WBA_V1.1.0RC1, STM32Cube_FW_WBA_V1.2.0, STM32Cube_FW_WBA_V1.2.0RC2, STM32Cube_FW_WB_V1.15.0RC1, STM32Cube_FW_WB_V1.16.0, STM32Cube_FW_WB_V1.16.0RC2, STM32Cube_FW_WB_V1.18.0, STM32Cube_FW_WL_V1.3.0, X-CUBE-ALGOBUILD_V1.3.0, X-CUBE-ALS_V1.0.1, X-CUBE-AZRTOS-F4_V1.1.0, X-CUBE-AZRTOS-F7_V1.1.0, X-CUBE-AZRTOS-G0_V1.1.0, X-CUBE-AZRTOS-G4_V2.0.0, X-CUBE-AZRTOS-H7_V3.2.0, X-CUBE-AZRTOS-L4_V1.0.0, X-CUBE-AZRTOS-L4_V2.0.0, X-CUBE-AZRTOS-L5_V1.1.0, X-CUBE-AZRTOS-WB_V2.0.0, X-CUBE-AZRTOS-WL_V2.0.0, X-CUBE-BLE1_V7.0.0, X-CUBE-BLE2_V3.3.0, X-CUBE-BLEMGR_V3.0.0, X-CUBE-EEPRMA1_V4.1.0, X-CUBE-EEPRMA1_V4.2.0, X-CUBE-FREERTOS_V1.1.0, X-CUBE-GNSS1_V6.0.0, X-CUBE-MEMS1_V10.0.0, X-CUBE-MEMS1_V9.1.0, X-CUBE-MEMS1_V9.4.0, X-CUBE-MEMS1_V9.6.0, X-CUBE-NFC4_V3.0.0, X-CUBE-NFC7_V1.0.1, X-CUBE-SFXS2LP1_V4.0.0, X-CUBE-SUBG2_V5.0.0, X-CUBE-TOF1_V3.4.0]
2024-02-17 18:49:09,206 [INFO] ApiDb:240 - Found 297 in-development CPN: [B-G473E-ZEST1S, B-WB1M-WPAN1, B-WL5M-SUBG1, NUCLEO-C031C6, NUCLEO-H503RB, NUCLEO-H563ZI, NUCLEO-U545RE-Q, NUCLEO-U5A5ZJ-Q, NUCLEO-WBA52CG, STEVAL-PROTEUS1, STEVAL-STWINBX1, STM320518-EVAL, STM32C0116-DK, STM32C011D6Y3TR, STM32C011D6Y6TR, STM32C011F4P3, STM32C011F4P6, STM32C011F4U3, STM32C011F4U6TR, STM32C011F6P3, STM32C011F6P6, STM32C011F6U3, STM32C011F6U6TR, STM32C011J4M3, STM32C011J4M6, STM32C011J6M3, STM32C011J6M6, STM32C0316-DK, STM32C031C4T3, STM32C031C4T6, STM32C031C4U3, STM32C031C4U6, STM32C031C6T3, STM32C031C6T6, STM32C031C6U3, STM32C031C6U6, STM32C031F4P3, STM32C031F4P6, STM32C031F6P3, STM32C031F6P6, STM32C031G4U3, STM32C031G4U6, STM32C031G6U3, STM32C031G6U6, STM32C031K4T3, STM32C031K4T6, STM32C031K4U3, STM32C031K4U6, STM32C031K6T3, STM32C031K6T6, STM32C031K6U3, STM32C031K6U6, STM32G071K8TXN, STM32G071K8UXN, STM32G081GBU6N, STM32G081KBT6N, STM32G081KBUXN, STM32G0B1CCT6N, STM32G0B1KCT6, STM32G0B1NEY6TR, STM32G0B1RCT6N, STM32G0C1CCT6, STM32G0C1CCT6N, STM32G0C1CCU6N, STM32G0C1CET6N, STM32G0C1CEU6N, STM32G0C1KCT6, STM32G0C1NEY6TR, STM32G0C1RCI6N, STM32G0C1RCT6N, STM32G0C1REI6N, STM32G0C1RET6N, STM32G0C1VCI6, STM32G0C1VEI6, STM32G471CCT6, STM32G471CCU6, STM32G471CET3, STM32G471CET6, STM32G471CEU3, STM32G471CEU6, STM32G471MCT6, STM32G471MET3, STM32G471MET6, STM32G471MEY6TR, STM32G471QCT6, STM32G471QET3, STM32G471RCT6, STM32G471RET3, STM32G471RET6, STM32G471VCH6, STM32G471VCI6, STM32G471VCT6, STM32G471VEH3, STM32G471VEH6, STM32G471VEI3, STM32G471VEI6, STM32G471VET3, STM32G471VET6, STM32G474CCT6, STM32H503CBT6, STM32H503CBU6, STM32H503EBY6TR, STM32H503KBU6, STM32H503RBT6, STM32H562AGI6, STM32H562AII6, STM32H562IGK6, STM32H562IGT6, STM32H562IIK6, STM32H562IIT6, STM32H562RGT6, STM32H562RGV6, STM32H562RIT6, STM32H562RIV6, STM32H562VGT6, STM32H562VIT6, STM32H562ZGT6, STM32H562ZIT6, STM32H563AGI6, STM32H563AII3Q, STM32H563AII6, STM32H563IGK6, STM32H563IGT6, STM32H563IIK3Q, STM32H563IIK6, STM32H563IIT3Q, STM32H563IIT6, STM32H563MIY3QTR, STM32H563RGT6, STM32H563RGV6, STM32H563RIT6, STM32H563RIV6, STM32H563VGT6, STM32H563VIT3Q, STM32H563VIT6, STM32H563ZGT6, STM32H563ZIT3Q, STM32H563ZIT6, STM32H573AII3Q, STM32H573AII6, STM32H573I-DK, STM32H573IIK3Q, STM32H573IIK6, STM32H573IIT3Q, STM32H573IIT6, STM32H573MIY3QTR, STM32H573RIT6, STM32H573RIV6, STM32H573VIT3Q, STM32H573VIT6, STM32H573ZIT3Q, STM32H573ZIT6, STM32L4R5QGI6STR, STM32MP131AAE3, STM32MP131AAF3, STM32MP131AAG3, STM32MP131CAE3, STM32MP131CAF3, STM32MP131CAG3, STM32MP131DAE7, STM32MP131DAF7, STM32MP131DAG7, STM32MP131FAE7, STM32MP131FAF7, STM32MP131FAG7, STM32MP133AAE3, STM32MP133AAF3, STM32MP133AAG3, STM32MP133CAE3, STM32MP133CAF3, STM32MP133CAG3, STM32MP133DAE7, STM32MP133DAF7, STM32MP133DAG7, STM32MP133FAE7, STM32MP133FAF7, STM32MP133FAG7, STM32MP135AAE3, STM32MP135AAF3, STM32MP135AAG3, STM32MP135CAE3, STM32MP135CAF3, STM32MP135CAG3, STM32MP135DAE7, STM32MP135DAF7, STM32MP135DAG7, STM32MP135F-DK, STM32MP135FAE7, STM32MP135FAF7, STM32MP135FAF7T, STM32MP135FAF7U, STM32MP135FAG7, STM32U535CBT6, STM32U535CBT6Q, STM32U535CBU6, STM32U535CBU6Q, STM32U535CCT6, STM32U535CCT6Q, STM32U535CCU6, STM32U535CCU6Q, STM32U535CET6, STM32U535CET6Q, STM32U535CEU6, STM32U535CEU6Q, STM32U535JEY6QTR, STM32U535NCY6QTR, STM32U535NEY6QTR, STM32U535RBI6, STM32U535RBI6Q, STM32U535RBT6, STM32U535RBT6Q, STM32U535RCI6, STM32U535RCI6Q, STM32U535RCT6, STM32U535RCT6Q, STM32U535REI6, STM32U535REI6Q, STM32U535RET6, STM32U535RET6Q, STM32U535VCI6, STM32U535VCI6Q, STM32U535VCT6, STM32U535VCT6Q, STM32U535VEI6, STM32U535VEI6Q, STM32U535VET6, STM32U535VET6Q, STM32U545CET6, STM32U545CET6Q, STM32U545CEU6, STM32U545CEU6Q, STM32U545JEY6QTR, STM32U545NEY6QTR, STM32U545REI6, STM32U545REI6Q, STM32U545RET6, STM32U545RET6Q, STM32U545VEI6, STM32U545VEI6Q, STM32U545VET6, STM32U545VET6Q, STM32U595AIH6, STM32U595AIH6Q, STM32U595AJH6, STM32U595AJH6Q, STM32U595QII6, STM32U595QII6Q, STM32U595QJI6, STM32U595QJI6Q, STM32U595RIT6, STM32U595RIT6Q, STM32U595RJT6, STM32U595RJT6Q, STM32U595VIT6, STM32U595VIT6Q, STM32U595VJT6, STM32U595VJT6Q, STM32U595ZIT6, STM32U595ZIT6Q, STM32U595ZIY6QTR, STM32U595ZJT6, STM32U595ZJT6Q, STM32U595ZJY6QTR, STM32U599BJY6QTR, STM32U599NIH6Q, STM32U599NJH6Q, STM32U599VIT6Q, STM32U599VJT6, STM32U599VJT6Q, STM32U599ZIT6Q, STM32U599ZIY6QTR, STM32U599ZJT6Q, STM32U599ZJY6QTR, STM32U5A5AJH6, STM32U5A5AJH6Q, STM32U5A5QJI6, STM32U5A5QJI6Q, STM32U5A5RJT6, STM32U5A5RJT6Q, STM32U5A5VJT6, STM32U5A5VJT6Q, STM32U5A5ZJT6, STM32U5A5ZJT6Q, STM32U5A5ZJY6QTR, STM32U5A9BJY6QTR, STM32U5A9J-DK, STM32U5A9NJH6Q, STM32U5A9VJT6Q, STM32U5A9ZJT6Q, STM32U5A9ZJY6QTR, STM32WB1MMCH6, STM32WBA52CEU6, STM32WBA52CEU6T, STM32WBA52CGU6, STM32WBA52CGU6T, STM32WL5MOCH6, STM32WL5MOCH6TR]
2024-02-17 18:49:09,209 [INFO] DbMcus:216 - Found 3861 MCUs, 3861 are supported
2024-02-17 18:49:09,212 [INFO] ApiDb:423 - Load user favorites file C:\Users\marci/.stm32cubeide/favorites.mcus.txt: 0 item(s)
2024-02-17 18:49:09,212 [INFO] ApiDb:427 - User favorites MCUs=[]
2024-02-17 18:49:09,212 [INFO] DbMcus:222 - Set 0 / 0 favorites MCUs
2024-02-17 18:49:09,688 [WARN] ThirdParty:833 - waiting for thirdparty lock release [change project]
2024-02-17 18:49:09,688 [INFO] ThirdParty:835 - entering critical section [change project]
2024-02-17 18:49:09,688 [INFO] ThirdParty:1030 - CMSIS Pack Vendor :STMicroelectronics X-CUBE-ISPU 1.1.0
2024-02-17 18:49:09,688 [INFO] ThirdParty:1030 - CMSIS Pack Vendor :STMicroelectronics X-CUBE-GNSS1 6.0.0
2024-02-17 18:49:09,688 [INFO] ThirdParty:1030 - CMSIS Pack Vendor :STMicroelectronics USB_HOST 2.0.0
2024-02-17 18:49:09,689 [INFO] ThirdParty:1030 - CMSIS Pack Vendor :STMicroelectronics X-CUBE-AZRTOS-F4 1.1.0
2024-02-17 18:49:09,689 [INFO] ThirdParty:1030 - CMSIS Pack Vendor :STMicroelectronics LIBJPEG 8.0.0
2024-02-17 18:49:09,689 [INFO] ThirdParty:1030 - CMSIS Pack Vendor :STMicroelectronics X-CUBE-SMBUS 2.1.0
2024-02-17 18:49:09,689 [INFO] ThirdParty:1030 - CMSIS Pack Vendor :wolfSSL I-CUBE-wolfSSL 5.6.0
2024-02-17 18:49:09,689 [INFO] ThirdParty:1030 - CMSIS Pack Vendor :STMicroelectronics USB_DEVICE 3.0.0
2024-02-17 18:49:09,689 [INFO] ThirdParty:1030 - CMSIS Pack Vendor :STMicroelectronics X-CUBE-AZRTOS-WB 2.0.0
2024-02-17 18:49:09,689 [INFO] ThirdParty:1030 - CMSIS Pack Vendor :STMicroelectronics X-CUBE-FREERTOS 1.0.1
2024-02-17 18:49:09,689 [INFO] ThirdParty:1030 - CMSIS Pack Vendor :STMicroelectronics X-CUBE-TOUCHGFX 4.23.0
2024-02-17 18:49:09,689 [INFO] ThirdParty:1030 - CMSIS Pack Vendor :STMicroelectronics X-CUBE-AZRTOS-F7 1.1.0
2024-02-17 18:49:09,689 [INFO] ThirdParty:1030 - CMSIS Pack Vendor :STMicroelectronics X-CUBE-TOUCHGFX 4.21.4
2024-02-17 18:49:09,689 [INFO] ThirdParty:1030 - CMSIS Pack Vendor :STMicroelectronics X-CUBE-AZRTOS-L5 2.0.0
2024-02-17 18:49:09,689 [INFO] ThirdParty:1030 - CMSIS Pack Vendor :STMicroelectronics USB_DEVICE 2.0.0
2024-02-17 18:49:09,689 [INFO] ThirdParty:1030 - CMSIS Pack Vendor :STMicroelectronics X-CUBE-MEMS1 9.6.0
2024-02-17 18:49:09,689 [INFO] ThirdParty:1030 - CMSIS Pack Vendor :STMicroelectronics X-CUBE-EEPRMA1 4.2.0
2024-02-17 18:49:09,690 [INFO] ThirdParty:1030 - CMSIS Pack Vendor :ITTIA_DB I-CUBE-ITTIADB 8.8.0
2024-02-17 18:49:09,690 [INFO] ThirdParty:1030 - CMSIS Pack Vendor :STMicroelectronics FP-SNS-MOTENV1 4.3.2
2024-02-17 18:49:09,690 [INFO] ThirdParty:1030 - CMSIS Pack Vendor :STMicroelectronics FP-SNS-MOTENV1 4.3.1
2024-02-17 18:49:09,690 [INFO] ThirdParty:1030 - CMSIS Pack Vendor :STMicroelectronics FP-SNS-FLIGHT1 5.0.1
2024-02-17 18:49:09,690 [INFO] ThirdParty:1030 - CMSIS Pack Vendor :STMicroelectronics X-CUBE-ALGOBUILD 1.3.0
2024-02-17 18:49:09,690 [INFO] ThirdParty:1030 - CMSIS Pack Vendor :STMicroelectronics X-CUBE-BLE1 6.2.4
2024-02-17 18:49:09,690 [INFO] ThirdParty:1030 - CMSIS Pack Vendor :STMicroelectronics X-CUBE-AZRTOS-L5 1.1.0
2024-02-17 18:49:09,690 [INFO] ThirdParty:1030 - CMSIS Pack Vendor :STMicroelectronics FreeRTOS 0.0.1
2024-02-17 18:49:09,690 [INFO] ThirdParty:1030 - CMSIS Pack Vendor :STMicroelectronics X-CUBE-AZRTOS-G0 1.1.0
2024-02-17 18:49:09,691 [INFO] ThirdParty:1030 - CMSIS Pack Vendor :emotas I-CUBE-CANOPEN 1.1.3
2024-02-17 18:49:09,691 [INFO] ThirdParty:1030 - CMSIS Pack Vendor :STMicroelectronics X-CUBE-BLEMGR 2.0.0
2024-02-17 18:49:09,691 [INFO] ThirdParty:1030 - CMSIS Pack Vendor :STMicroelectronics X-CUBE-AI 8.0.1
2024-02-17 18:49:09,691 [INFO] ThirdParty:1030 - CMSIS Pack Vendor :STMicroelectronics X-CUBE-NFC4 3.0.0
2024-02-17 18:49:09,691 [INFO] ThirdParty:1030 - CMSIS Pack Vendor :STMicroelectronics X-CUBE-SUBG2 5.0.0
2024-02-17 18:49:09,692 [INFO] ThirdParty:1030 - CMSIS Pack Vendor :STMicroelectronics STM32_WPAN 1.0.0
2024-02-17 18:49:09,692 [INFO] ThirdParty:1030 - CMSIS Pack Vendor :STMicroelectronics lwIP 2.0.3
2024-02-17 18:49:09,692 [INFO] ThirdParty:1030 - CMSIS Pack Vendor :STMicroelectronics FP-SNS-FLIGHT1 5.0.2
2024-02-17 18:49:09,692 [INFO] ThirdParty:1030 - CMSIS Pack Vendor :STMicroelectronics USB_HOST 1.0.0
2024-02-17 18:49:09,692 [INFO] ThirdParty:1030 - CMSIS Pack Vendor :STMicroelectronics X-CUBE-TOF1 3.3.1
2024-02-17 18:49:09,692 [INFO] ThirdParty:1030 - CMSIS Pack Vendor :STMicroelectronics X-CUBE-AZRTOS-G4 2.0.0
2024-02-17 18:49:09,692 [INFO] ThirdParty:1030 - CMSIS Pack Vendor :STMicroelectronics PDM2PCM 3.1.0
2024-02-17 18:49:09,692 [INFO] ThirdParty:1030 - CMSIS Pack Vendor :STMicroelectronics X-CUBE-AZRTOS-H7 3.1.0
2024-02-17 18:49:09,692 [INFO] ThirdParty:1030 - CMSIS Pack Vendor :STMicroelectronics X-CUBE-TOF1 3.3.0
2024-02-17 18:49:09,692 [INFO] ThirdParty:1030 - CMSIS Pack Vendor :Infineon AIROC-Wi-Fi-Bluetooth-STM32 1.5.1
2024-02-17 18:49:09,693 [INFO] ThirdParty:1030 - CMSIS Pack Vendor :STMicroelectronics X-CUBE-BLEMGR 3.0.0
2024-02-17 18:49:09,693 [INFO] ThirdParty:1030 - CMSIS Pack Vendor :STMicroelectronics PDM2PCM 3.3.0
2024-02-17 18:49:09,693 [INFO] ThirdParty:1030 - CMSIS Pack Vendor :STMicroelectronics X-CUBE-DISPLAY 3.0.0
2024-02-17 18:49:09,693 [INFO] ThirdParty:1030 - CMSIS Pack Vendor :STMicroelectronics FP-SNS-MOTENVWB1 1.3.0
2024-02-17 18:49:09,693 [INFO] ThirdParty:1030 - CMSIS Pack Vendor :STMicroelectronics FP-SNS-MOTENVWB1 1.3.1
2024-02-17 18:49:09,693 [INFO] ThirdParty:1030 - CMSIS Pack Vendor :STMicroelectronics X-CUBE-BLE1 7.0.0
2024-02-17 18:49:09,693 [INFO] ThirdParty:1030 - CMSIS Pack Vendor :STMicroelectronics FP-ATR-SIGFOX1 3.2.0
2024-02-17 18:49:09,693 [INFO] ThirdParty:1030 - CMSIS Pack Vendor :STMicroelectronics X-CUBE-ISPU 2.0.0
2024-02-17 18:49:09,693 [INFO] ThirdParty:1030 - CMSIS Pack Vendor :STMicroelectronics X-CUBE-EEPRMA1 5.1.0
2024-02-17 18:49:09,693 [INFO] ThirdParty:1030 - CMSIS Pack Vendor :STMicroelectronics HAL Drivers 0.0.0
2024-02-17 18:49:09,693 [INFO] ThirdParty:1030 - CMSIS Pack Vendor :STMicroelectronics MBEDTLS 2.16.2
2024-02-17 18:49:09,693 [INFO] ThirdParty:1030 - CMSIS Pack Vendor :STMicroelectronics X-CUBE-MEMS1 10.0.0
2024-02-17 18:49:09,693 [INFO] ThirdParty:1030 - CMSIS Pack Vendor :STMicroelectronics X-CUBE-FREERTOS 1.1.0
2024-02-17 18:49:09,693 [INFO] ThirdParty:1030 - CMSIS Pack Vendor :STMicroelectronics X-CUBE-TOUCHGFX 4.22.0
2024-02-17 18:49:09,693 [INFO] ThirdParty:1030 - CMSIS Pack Vendor :STMicroelectronics X-CUBE-NFC7 1.0.1
2024-02-17 18:49:09,693 [INFO] ThirdParty:1030 - CMSIS Pack Vendor :STMicroelectronics MBEDTLS 2.14.1
2024-02-17 18:49:09,693 [INFO] ThirdParty:1030 - CMSIS Pack Vendor :STMicroelectronics X-CUBE-NFC7 1.0.0
2024-02-17 18:49:09,693 [INFO] ThirdParty:1030 - CMSIS Pack Vendor :STMicroelectronics X-CUBE-TOUCHGFX 4.22.1
2024-02-17 18:49:09,693 [INFO] ThirdParty:1030 - CMSIS Pack Vendor :STMicroelectronics X-CUBE-NFC6 3.0.0
2024-02-17 18:49:09,694 [INFO] ThirdParty:1030 - CMSIS Pack Vendor :STMicroelectronics X-CUBE-EEPRMA1 4.1.0
2024-02-17 18:49:09,694 [INFO] ThirdParty:1030 - CMSIS Pack Vendor :portGmbH I-Cube-SoM-uGOAL 1.1.0
2024-02-17 18:49:09,694 [INFO] ThirdParty:1030 - CMSIS Pack Vendor :STMicroelectronics X-CUBE-ALS 1.0.1
2024-02-17 18:49:09,694 [INFO] ThirdParty:1030 - CMSIS Pack Vendor :STMicroelectronics ThreadX 1.0.0
2024-02-17 18:49:09,694 [INFO] ThirdParty:1030 - CMSIS Pack Vendor :STMicroelectronics FP-SNS-SMARTAG2 1.2.0
2024-02-17 18:49:09,694 [INFO] ThirdParty:1030 - CMSIS Pack Vendor :STMicroelectronics X-CUBE-AZRTOS-WB 1.1.0
2024-02-17 18:49:09,694 [INFO] ThirdParty:1030 - CMSIS Pack Vendor :STMicroelectronics X-CUBE-AZRTOS-WL 2.0.0
2024-02-17 18:49:09,694 [INFO] ThirdParty:1030 - CMSIS Pack Vendor :SEGGER I-CUBE-embOS 1.3.1
2024-02-17 18:49:09,694 [INFO] ThirdParty:1030 - CMSIS Pack Vendor :STMicroelectronics USB_DEVICE 1.0.0
2024-02-17 18:49:09,694 [INFO] ThirdParty:1030 - CMSIS Pack Vendor :STMicroelectronics X-CUBE-AI 8.1.0
2024-02-17 18:49:09,694 [INFO] ThirdParty:1030 - CMSIS Pack Vendor :STMicroelectronics X-CUBE-AZRTOS-L4 2.0.0
2024-02-17 18:49:09,694 [INFO] ThirdParty:1030 - CMSIS Pack Vendor :STMicroelectronics ThreadX 0.0.2
2024-02-17 18:49:09,694 [INFO] ThirdParty:1030 - CMSIS Pack Vendor :WES I-CUBE-Cesium 1.3.0
2024-02-17 18:49:09,694 [INFO] ThirdParty:1030 - CMSIS Pack Vendor :STMicroelectronics FP-ATR-ASTRA1 2.0.0
2024-02-17 18:49:09,694 [INFO] ThirdParty:1030 - CMSIS Pack Vendor :STMicroelectronics lwIP 2.1.2
2024-02-17 18:49:09,694 [INFO] ThirdParty:1030 - CMSIS Pack Vendor :STMicroelectronics X-CUBE-SFXS2LP1 4.0.0
2024-02-17 18:49:09,694 [INFO] ThirdParty:1030 - CMSIS Pack Vendor :STMicroelectronics X-CUBE-BLE2 3.3.0
2024-02-17 18:49:09,694 [INFO] ThirdParty:1030 - CMSIS Pack Vendor :STMicroelectronics X-CUBE-TOF1 3.4.0
2024-02-17 18:49:09,695 [INFO] ThirdParty:1030 - CMSIS Pack Vendor :STMicroelectronics X-CUBE-AZRTOS-H7 3.2.0
2024-02-17 18:49:09,695 [INFO] ThirdParty:1030 - CMSIS Pack Vendor :STMicroelectronics PDM2PCM 3.2.0
2024-02-17 18:49:09,695 [INFO] ThirdParty:841 - exiting critical section [change project]
2024-02-17 18:49:10,230 [INFO] PinOutPanel:1499 - setPackage(No Configuration,No Configuration)
2024-02-17 18:49:10,232 [INFO] PinOutPanel:1499 - setPackage(STM32L152RETx,LQFP64)
2024-02-17 18:49:10,909 [INFO] UtilMem:75 - Before build in PCC Used Memory: 568723272 Bytes (639631360)
2024-02-17 18:49:11,982 [INFO] UtilMem:75 - After build in PCC Used Memory: 567475712 Bytes (639631360)
2024-02-17 18:49:12,026 [INFO] IPUIPlugin:80 - create IPUIPlugin
2024-02-17 18:49:12,026 [INFO] IPUIPlugin:80 - create IPUIPlugin
2024-02-17 18:49:12,027 [INFO] IPUIPlugin:80 - create IPUIPlugin
2024-02-17 18:49:12,027 [INFO] IPUIPlugin:80 - create IPUIPlugin
2024-02-17 18:49:12,027 [INFO] IPUIPlugin:80 - create IPUIPlugin
2024-02-17 18:49:12,027 [INFO] IPUIPlugin:80 - create IPUIPlugin
2024-02-17 18:49:12,027 [INFO] IPUIPlugin:80 - create IPUIPlugin
2024-02-17 18:49:12,027 [INFO] IPUIPlugin:80 - create IPUIPlugin
2024-02-17 18:49:12,027 [INFO] IPUIPlugin:80 - create IPUIPlugin
2024-02-17 18:49:12,028 [INFO] IPUIPlugin:80 - create IPUIPlugin
2024-02-17 18:49:12,028 [INFO] IPUIPlugin:80 - create IPUIPlugin
2024-02-17 18:49:12,028 [INFO] IPUIPlugin:80 - create IPUIPlugin
2024-02-17 18:49:12,028 [INFO] IPUIPlugin:80 - create IPUIPlugin
2024-02-17 18:49:12,028 [INFO] IPUIPlugin:80 - create IPUIPlugin
2024-02-17 18:49:12,028 [INFO] IPUIPlugin:80 - create IPUIPlugin
2024-02-17 18:49:12,028 [INFO] IPUIPlugin:80 - create IPUIPlugin
2024-02-17 18:49:12,029 [INFO] IPUIPlugin:80 - create IPUIPlugin
2024-02-17 18:49:12,029 [INFO] IPUIPlugin:80 - create IPUIPlugin
2024-02-17 18:49:12,029 [INFO] IPUIPlugin:80 - create IPUIPlugin
2024-02-17 18:49:12,029 [INFO] IPUIPlugin:80 - create IPUIPlugin
2024-02-17 18:49:12,029 [INFO] IPUIPlugin:80 - create IPUIPlugin
2024-02-17 18:49:12,029 [INFO] IPUIPlugin:80 - create IPUIPlugin
2024-02-17 18:49:12,030 [INFO] IPUIPlugin:80 - create IPUIPlugin
2024-02-17 18:49:12,030 [INFO] IPUIPlugin:80 - create IPUIPlugin
2024-02-17 18:49:12,030 [INFO] IPUIPlugin:80 - create IPUIPlugin
2024-02-17 18:49:12,030 [INFO] IPUIPlugin:80 - create IPUIPlugin
2024-02-17 18:49:12,030 [INFO] IPUIPlugin:80 - create IPUIPlugin
2024-02-17 18:49:12,031 [INFO] IPUIPlugin:80 - create IPUIPlugin
2024-02-17 18:49:12,031 [INFO] IPUIPlugin:80 - create IPUIPlugin
2024-02-17 18:49:12,031 [INFO] IPUIPlugin:80 - create IPUIPlugin
2024-02-17 18:49:12,031 [INFO] IPUIPlugin:80 - create IPUIPlugin
2024-02-17 18:49:12,032 [INFO] IPUIPlugin:80 - create IPUIPlugin
2024-02-17 18:49:12,032 [INFO] IPUIPlugin:80 - create IPUIPlugin
2024-02-17 18:49:12,033 [INFO] IPUIPlugin:80 - create IPUIPlugin
2024-02-17 18:49:12,033 [INFO] IPUIPlugin:80 - create IPUIPlugin
2024-02-17 18:49:12,033 [INFO] IPUIPlugin:80 - create IPUIPlugin
2024-02-17 18:49:12,034 [INFO] IPUIPlugin:80 - create IPUIPlugin
2024-02-17 18:49:12,034 [INFO] IPUIPlugin:80 - create IPUIPlugin
2024-02-17 18:49:12,034 [INFO] IPUIPlugin:80 - create IPUIPlugin
2024-02-17 18:49:12,034 [INFO] IPUIPlugin:80 - create IPUIPlugin
2024-02-17 18:49:12,035 [INFO] IPUIPlugin:80 - create IPUIPlugin
2024-02-17 18:49:12,035 [INFO] IPUIPlugin:80 - create IPUIPlugin
2024-02-17 18:49:12,035 [INFO] IPUIPlugin:80 - create IPUIPlugin
2024-02-17 18:49:12,376 [INFO] CADModel:165 - CPN selected for project levelSTM32L152RET6
2024-02-17 18:49:12,377 [INFO] CADModel:114 - Register for checkConnection events
2024-02-17 18:49:12,433 [INFO] OpenFileManager:328 - Restore cursor
2024-02-17 18:51:05,531 [INFO] Gpio:273 - dependency for GPIO [RCC, SPI2, SYS, USART2]
2024-02-17 18:51:15,942 [INFO] Gpio:273 - dependency for GPIO [RCC, SPI2, SYS, USART2]
2024-02-17 18:52:00,383 [INFO] NvicIntPanel:101 - NVIC parent = com.st.microxplorer.plugins.ip.nvic.MultiNvicIntPanel[,0,0,0x0,invalid,layout=javax.swing.BoxLayout,alignmentX=0.0,alignmentY=0.0,border=,flags=9,maximumSize=,minimumSize=,preferredSize=]
2024-02-17 18:52:10,448 [INFO] NvicIntPanel:101 - NVIC parent = com.st.microxplorer.plugins.ip.nvic.MultiNvicIntPanel[,0,0,0x0,invalid,layout=javax.swing.BoxLayout,alignmentX=0.0,alignmentY=0.0,border=,flags=9,maximumSize=,minimumSize=,preferredSize=]
2024-02-17 18:53:06,966 [INFO] NvicIntPanel:101 - NVIC parent = com.st.microxplorer.plugins.ip.nvic.MultiNvicIntPanel[,0,0,0x0,invalid,layout=javax.swing.BoxLayout,alignmentX=0.0,alignmentY=0.0,border=,flags=9,maximumSize=,minimumSize=,preferredSize=]
2024-02-17 19:08:41,012 [INFO] MainUpdater:2854 - connection check result : 10
2024-02-17 19:08:41,012 [INFO] MainUpdater:2854 - connection check result : 10
2024-02-17 19:08:41,037 [INFO] MicroXplorer:468 - Change Database Path : 
2024-02-17 19:08:41,037 [INFO] MicroXplorer:498 - Change Database Version : DB.6.0.81
2024-02-17 19:08:41,059 [WARN] ThirdParty:871 - waiting for thirdparty lock release [close project]
2024-02-17 19:08:41,059 [INFO] ThirdParty:873 - entering critical section [close project]
2024-02-17 19:08:41,059 [INFO] ThirdParty:883 - exiting critical section [close project]
2024-02-17 19:08:41,060 [INFO] PinOutPanel:1499 - setPackage(No Configuration,No Configuration)
2024-02-17 19:08:41,068 [INFO] UtilMem:75 - Begin LoadConfig() Used Memory: 566573352 Bytes (682622976)
2024-02-17 19:08:41,069 [INFO] MicroXplorer:468 - Change Database Path : 
2024-02-17 19:08:41,069 [INFO] MicroXplorer:498 - Change Database Version : DB.6.0.81
2024-02-17 19:08:41,069 [INFO] OpenFileManager:308 - Change cursor
2024-02-17 19:08:41,085 [INFO] Mcu:1937 - Initializing MCU STM32L152RETx STM32L152RETx STM32L152RET6
2024-02-17 19:08:42,457 [INFO] Context:659 - Trying to add GPIOservice into a context  which must be forbidden
2024-02-17 19:08:42,832 [INFO] RtosManager:555 - Registered RTOS mode: class=CMSIS, group=RTOS, mode=CMSIS_V1, owner=FREERTOS
2024-02-17 19:08:42,832 [INFO] RtosManager:555 - Registered RTOS mode: class=CMSIS, group=RTOS2, mode=CMSIS_V2, owner=FREERTOS
2024-02-17 19:08:42,832 [INFO] RtosManager:555 - Registered RTOS mode: class=RTOS, group=Core, mode=CMSIS_V1, owner=FREERTOS
2024-02-17 19:08:42,832 [INFO] RtosManager:555 - Registered RTOS mode: class=RTOS, group=Core, mode=CMSIS_V2, owner=FREERTOS
2024-02-17 19:08:42,832 [WARN] ModelIntegratedComponent:184 - Missing modes for component STMicroelectronics:FreeRTOS:0.0.1:STMicroelectronics:RTOS:FreeRTOS:Core:::10.2.0:
2024-02-17 19:08:42,849 [WARN] ModelIntegratedComponent:63 - No mode defined for component null
2024-02-17 19:08:42,849 [WARN] ModelIntegratedComponent:63 - No mode defined for component null
2024-02-17 19:08:42,849 [WARN] ModelIntegratedComponent:63 - No mode defined for component null
2024-02-17 19:08:42,849 [WARN] ModelIntegratedComponent:63 - No mode defined for component null
2024-02-17 19:08:42,849 [WARN] ModelIntegratedComponent:63 - No mode defined for component null
2024-02-17 19:08:42,849 [WARN] ModelIntegratedComponent:63 - No mode defined for component null
2024-02-17 19:08:42,849 [WARN] ModelIntegratedComponent:63 - No mode defined for component null
2024-02-17 19:08:42,849 [WARN] ModelIntegratedComponent:63 - No mode defined for component null
2024-02-17 19:08:42,850 [WARN] ModelIntegratedComponent:63 - No mode defined for component null
2024-02-17 19:08:42,850 [WARN] ModelIntegratedComponent:63 - No mode defined for component null
2024-02-17 19:08:42,850 [WARN] ModelIntegratedComponent:63 - No mode defined for component null
2024-02-17 19:08:42,850 [WARN] ModelIntegratedComponent:63 - No mode defined for component null
2024-02-17 19:08:42,850 [WARN] ModelIntegratedComponent:63 - No mode defined for component null
2024-02-17 19:08:42,850 [WARN] ModelIntegratedComponent:63 - No mode defined for component null
2024-02-17 19:08:42,850 [WARN] ModelIntegratedComponent:63 - No mode defined for component null
2024-02-17 19:08:42,850 [WARN] ModelIntegratedComponent:63 - No mode defined for component null
2024-02-17 19:08:42,851 [WARN] ModelIntegratedComponent:63 - No mode defined for component null
2024-02-17 19:08:42,851 [WARN] ModelIntegratedComponent:63 - No mode defined for component null
2024-02-17 19:08:42,851 [WARN] ModelIntegratedComponent:63 - No mode defined for component null
2024-02-17 19:08:42,851 [WARN] ModelIntegratedComponent:63 - No mode defined for component null
2024-02-17 19:08:42,851 [WARN] ModelIntegratedComponent:63 - No mode defined for component null
2024-02-17 19:08:42,852 [WARN] ModelIntegratedComponent:63 - No mode defined for component null
2024-02-17 19:08:42,852 [WARN] ModelIntegratedComponent:63 - No mode defined for component null
2024-02-17 19:08:42,852 [WARN] ModelIntegratedComponent:63 - No mode defined for component null
2024-02-17 19:08:42,852 [WARN] ModelIntegratedComponent:63 - No mode defined for component null
2024-02-17 19:08:42,852 [WARN] ModelIntegratedComponent:63 - No mode defined for component null
2024-02-17 19:08:42,852 [WARN] ModelIntegratedComponent:63 - No mode defined for component null
2024-02-17 19:08:42,852 [WARN] ModelIntegratedComponent:63 - No mode defined for component null
2024-02-17 19:08:42,852 [WARN] ModelIntegratedComponent:63 - No mode defined for component null
2024-02-17 19:08:42,852 [WARN] ModelIntegratedComponent:63 - No mode defined for component null
2024-02-17 19:08:42,852 [WARN] ModelIntegratedComponent:63 - No mode defined for component null
2024-02-17 19:08:42,852 [WARN] ModelIntegratedComponent:63 - No mode defined for component null
2024-02-17 19:08:42,852 [WARN] ModelIntegratedComponent:63 - No mode defined for component null
2024-02-17 19:08:42,990 [INFO] ThirdPartyModel:298 - Start build external matchings
2024-02-17 19:08:43,676 [INFO] ThirdPartyModel:316 - End build external matchings
2024-02-17 19:08:43,705 [INFO] ImportTextPane:194 - (OptionalMessage_ERROR) IP (RCC) : Invalid parameter (FamilyName)
2024-02-17 19:08:43,706 [INFO] ImportTextPane:194 - (OptionalMessage_ERROR) IP (RCC) : Parameter (RTCHSEDivFreq_Value) has invalid value (4000000)
2024-02-17 19:08:43,706 [INFO] ImportTextPane:194 - (OptionalMessage_ERROR) IP (RCC) : Invalid parameter (TIMFreq_Value)
2024-02-17 19:08:43,706 [INFO] ImportTextPane:194 - (OptionalMessage_ERROR) IP (RCC) : Invalid parameter (USBOutput)
2024-02-17 19:08:43,930 [INFO] UtilMem:75 - End LoadConfig() Used Memory: 628198960 Bytes (748683264)
2024-02-17 19:08:43,960 [WARN] ThirdParty:833 - waiting for thirdparty lock release [change project]
2024-02-17 19:08:43,960 [INFO] ThirdParty:835 - entering critical section [change project]
2024-02-17 19:08:43,960 [INFO] ThirdParty:1030 - CMSIS Pack Vendor :STMicroelectronics X-CUBE-ISPU 1.1.0
2024-02-17 19:08:43,960 [INFO] ThirdParty:1030 - CMSIS Pack Vendor :STMicroelectronics X-CUBE-GNSS1 6.0.0
2024-02-17 19:08:43,960 [INFO] ThirdParty:1030 - CMSIS Pack Vendor :STMicroelectronics USB_HOST 2.0.0
2024-02-17 19:08:43,960 [INFO] ThirdParty:1030 - CMSIS Pack Vendor :STMicroelectronics X-CUBE-AZRTOS-F4 1.1.0
2024-02-17 19:08:43,960 [INFO] ThirdParty:1030 - CMSIS Pack Vendor :STMicroelectronics LIBJPEG 8.0.0
2024-02-17 19:08:43,960 [INFO] ThirdParty:1030 - CMSIS Pack Vendor :STMicroelectronics X-CUBE-SMBUS 2.1.0
2024-02-17 19:08:43,960 [INFO] ThirdParty:1030 - CMSIS Pack Vendor :wolfSSL I-CUBE-wolfSSL 5.6.0
2024-02-17 19:08:43,960 [INFO] ThirdParty:1030 - CMSIS Pack Vendor :STMicroelectronics USB_DEVICE 3.0.0
2024-02-17 19:08:43,960 [INFO] ThirdParty:1030 - CMSIS Pack Vendor :STMicroelectronics X-CUBE-AZRTOS-WB 2.0.0
2024-02-17 19:08:43,961 [INFO] ThirdParty:1030 - CMSIS Pack Vendor :STMicroelectronics X-CUBE-FREERTOS 1.0.1
2024-02-17 19:08:43,961 [INFO] ThirdParty:1030 - CMSIS Pack Vendor :STMicroelectronics X-CUBE-TOUCHGFX 4.23.0
2024-02-17 19:08:43,961 [INFO] ThirdParty:1030 - CMSIS Pack Vendor :STMicroelectronics X-CUBE-AZRTOS-F7 1.1.0
2024-02-17 19:08:43,961 [INFO] ThirdParty:1030 - CMSIS Pack Vendor :STMicroelectronics X-CUBE-TOUCHGFX 4.21.4
2024-02-17 19:08:43,961 [INFO] ThirdParty:1030 - CMSIS Pack Vendor :STMicroelectronics X-CUBE-AZRTOS-L5 2.0.0
2024-02-17 19:08:43,961 [INFO] ThirdParty:1030 - CMSIS Pack Vendor :STMicroelectronics USB_DEVICE 2.0.0
2024-02-17 19:08:43,961 [INFO] ThirdParty:1030 - CMSIS Pack Vendor :STMicroelectronics X-CUBE-MEMS1 9.6.0
2024-02-17 19:08:43,961 [INFO] ThirdParty:1030 - CMSIS Pack Vendor :STMicroelectronics X-CUBE-EEPRMA1 4.2.0
2024-02-17 19:08:43,961 [INFO] ThirdParty:1030 - CMSIS Pack Vendor :ITTIA_DB I-CUBE-ITTIADB 8.8.0
2024-02-17 19:08:43,961 [INFO] ThirdParty:1030 - CMSIS Pack Vendor :STMicroelectronics FP-SNS-MOTENV1 4.3.2
2024-02-17 19:08:43,961 [INFO] ThirdParty:1030 - CMSIS Pack Vendor :STMicroelectronics FP-SNS-MOTENV1 4.3.1
2024-02-17 19:08:43,961 [INFO] ThirdParty:1030 - CMSIS Pack Vendor :STMicroelectronics FP-SNS-FLIGHT1 5.0.1
2024-02-17 19:08:43,961 [INFO] ThirdParty:1030 - CMSIS Pack Vendor :STMicroelectronics X-CUBE-ALGOBUILD 1.3.0
2024-02-17 19:08:43,961 [INFO] ThirdParty:1030 - CMSIS Pack Vendor :STMicroelectronics X-CUBE-BLE1 6.2.4
2024-02-17 19:08:43,961 [INFO] ThirdParty:1030 - CMSIS Pack Vendor :STMicroelectronics X-CUBE-AZRTOS-L5 1.1.0
2024-02-17 19:08:43,961 [INFO] ThirdParty:1030 - CMSIS Pack Vendor :STMicroelectronics FreeRTOS 0.0.1
2024-02-17 19:08:43,961 [INFO] ThirdParty:1030 - CMSIS Pack Vendor :STMicroelectronics X-CUBE-AZRTOS-G0 1.1.0
2024-02-17 19:08:43,961 [INFO] ThirdParty:1030 - CMSIS Pack Vendor :emotas I-CUBE-CANOPEN 1.1.3
2024-02-17 19:08:43,961 [INFO] ThirdParty:1030 - CMSIS Pack Vendor :STMicroelectronics X-CUBE-BLEMGR 2.0.0
2024-02-17 19:08:43,961 [INFO] ThirdParty:1030 - CMSIS Pack Vendor :STMicroelectronics X-CUBE-AI 8.0.1
2024-02-17 19:08:43,961 [INFO] ThirdParty:1030 - CMSIS Pack Vendor :STMicroelectronics X-CUBE-NFC4 3.0.0
2024-02-17 19:08:43,961 [INFO] ThirdParty:1030 - CMSIS Pack Vendor :STMicroelectronics X-CUBE-SUBG2 5.0.0
2024-02-17 19:08:43,962 [INFO] ThirdParty:1030 - CMSIS Pack Vendor :STMicroelectronics STM32_WPAN 1.0.0
2024-02-17 19:08:43,962 [INFO] ThirdParty:1030 - CMSIS Pack Vendor :STMicroelectronics lwIP 2.0.3
2024-02-17 19:08:43,962 [INFO] ThirdParty:1030 - CMSIS Pack Vendor :STMicroelectronics FP-SNS-FLIGHT1 5.0.2
2024-02-17 19:08:43,962 [INFO] ThirdParty:1030 - CMSIS Pack Vendor :STMicroelectronics USB_HOST 1.0.0
2024-02-17 19:08:43,962 [INFO] ThirdParty:1030 - CMSIS Pack Vendor :STMicroelectronics X-CUBE-TOF1 3.3.1
2024-02-17 19:08:43,962 [INFO] ThirdParty:1030 - CMSIS Pack Vendor :STMicroelectronics X-CUBE-AZRTOS-G4 2.0.0
2024-02-17 19:08:43,962 [INFO] ThirdParty:1030 - CMSIS Pack Vendor :STMicroelectronics PDM2PCM 3.1.0
2024-02-17 19:08:43,962 [INFO] ThirdParty:1030 - CMSIS Pack Vendor :STMicroelectronics X-CUBE-AZRTOS-H7 3.1.0
2024-02-17 19:08:43,962 [INFO] ThirdParty:1030 - CMSIS Pack Vendor :STMicroelectronics X-CUBE-TOF1 3.3.0
2024-02-17 19:08:43,962 [INFO] ThirdParty:1030 - CMSIS Pack Vendor :Infineon AIROC-Wi-Fi-Bluetooth-STM32 1.5.1
2024-02-17 19:08:43,962 [INFO] ThirdParty:1030 - CMSIS Pack Vendor :STMicroelectronics X-CUBE-BLEMGR 3.0.0
2024-02-17 19:08:43,962 [INFO] ThirdParty:1030 - CMSIS Pack Vendor :STMicroelectronics PDM2PCM 3.3.0
2024-02-17 19:08:43,962 [INFO] ThirdParty:1030 - CMSIS Pack Vendor :STMicroelectronics X-CUBE-DISPLAY 3.0.0
2024-02-17 19:08:43,962 [INFO] ThirdParty:1030 - CMSIS Pack Vendor :STMicroelectronics FP-SNS-MOTENVWB1 1.3.0
2024-02-17 19:08:43,962 [INFO] ThirdParty:1030 - CMSIS Pack Vendor :STMicroelectronics FP-SNS-MOTENVWB1 1.3.1
2024-02-17 19:08:43,962 [INFO] ThirdParty:1030 - CMSIS Pack Vendor :STMicroelectronics X-CUBE-BLE1 7.0.0
2024-02-17 19:08:43,962 [INFO] ThirdParty:1030 - CMSIS Pack Vendor :STMicroelectronics FP-ATR-SIGFOX1 3.2.0
2024-02-17 19:08:43,963 [INFO] ThirdParty:1030 - CMSIS Pack Vendor :STMicroelectronics X-CUBE-ISPU 2.0.0
2024-02-17 19:08:43,963 [INFO] ThirdParty:1030 - CMSIS Pack Vendor :STMicroelectronics X-CUBE-EEPRMA1 5.1.0
2024-02-17 19:08:43,963 [INFO] ThirdParty:1030 - CMSIS Pack Vendor :STMicroelectronics HAL Drivers 0.0.0
2024-02-17 19:08:43,963 [INFO] ThirdParty:1030 - CMSIS Pack Vendor :STMicroelectronics MBEDTLS 2.16.2
2024-02-17 19:08:43,963 [INFO] ThirdParty:1030 - CMSIS Pack Vendor :STMicroelectronics X-CUBE-MEMS1 10.0.0
2024-02-17 19:08:43,963 [INFO] ThirdParty:1030 - CMSIS Pack Vendor :STMicroelectronics X-CUBE-FREERTOS 1.1.0
2024-02-17 19:08:43,963 [INFO] ThirdParty:1030 - CMSIS Pack Vendor :STMicroelectronics X-CUBE-TOUCHGFX 4.22.0
2024-02-17 19:08:43,963 [INFO] ThirdParty:1030 - CMSIS Pack Vendor :STMicroelectronics X-CUBE-NFC7 1.0.1
2024-02-17 19:08:43,963 [INFO] ThirdParty:1030 - CMSIS Pack Vendor :STMicroelectronics MBEDTLS 2.14.1
2024-02-17 19:08:43,963 [INFO] ThirdParty:1030 - CMSIS Pack Vendor :STMicroelectronics X-CUBE-NFC7 1.0.0
2024-02-17 19:08:43,963 [INFO] ThirdParty:1030 - CMSIS Pack Vendor :STMicroelectronics X-CUBE-TOUCHGFX 4.22.1
2024-02-17 19:08:43,963 [INFO] ThirdParty:1030 - CMSIS Pack Vendor :STMicroelectronics X-CUBE-NFC6 3.0.0
2024-02-17 19:08:43,963 [INFO] ThirdParty:1030 - CMSIS Pack Vendor :STMicroelectronics X-CUBE-EEPRMA1 4.1.0
2024-02-17 19:08:43,963 [INFO] ThirdParty:1030 - CMSIS Pack Vendor :portGmbH I-Cube-SoM-uGOAL 1.1.0
2024-02-17 19:08:43,963 [INFO] ThirdParty:1030 - CMSIS Pack Vendor :STMicroelectronics X-CUBE-ALS 1.0.1
2024-02-17 19:08:43,963 [INFO] ThirdParty:1030 - CMSIS Pack Vendor :STMicroelectronics ThreadX 1.0.0
2024-02-17 19:08:43,963 [INFO] ThirdParty:1030 - CMSIS Pack Vendor :STMicroelectronics FP-SNS-SMARTAG2 1.2.0
2024-02-17 19:08:43,963 [INFO] ThirdParty:1030 - CMSIS Pack Vendor :STMicroelectronics X-CUBE-AZRTOS-WB 1.1.0
2024-02-17 19:08:43,963 [INFO] ThirdParty:1030 - CMSIS Pack Vendor :STMicroelectronics X-CUBE-AZRTOS-WL 2.0.0
2024-02-17 19:08:43,963 [INFO] ThirdParty:1030 - CMSIS Pack Vendor :SEGGER I-CUBE-embOS 1.3.1
2024-02-17 19:08:43,964 [INFO] ThirdParty:1030 - CMSIS Pack Vendor :STMicroelectronics USB_DEVICE 1.0.0
2024-02-17 19:08:43,964 [INFO] ThirdParty:1030 - CMSIS Pack Vendor :STMicroelectronics X-CUBE-AI 8.1.0
2024-02-17 19:08:43,964 [INFO] ThirdParty:1030 - CMSIS Pack Vendor :STMicroelectronics X-CUBE-AZRTOS-L4 2.0.0
2024-02-17 19:08:43,964 [INFO] ThirdParty:1030 - CMSIS Pack Vendor :STMicroelectronics ThreadX 0.0.2
2024-02-17 19:08:43,964 [INFO] ThirdParty:1030 - CMSIS Pack Vendor :WES I-CUBE-Cesium 1.3.0
2024-02-17 19:08:43,964 [INFO] ThirdParty:1030 - CMSIS Pack Vendor :STMicroelectronics FP-ATR-ASTRA1 2.0.0
2024-02-17 19:08:43,964 [INFO] ThirdParty:1030 - CMSIS Pack Vendor :STMicroelectronics lwIP 2.1.2
2024-02-17 19:08:43,964 [INFO] ThirdParty:1030 - CMSIS Pack Vendor :STMicroelectronics X-CUBE-SFXS2LP1 4.0.0
2024-02-17 19:08:43,964 [INFO] ThirdParty:1030 - CMSIS Pack Vendor :STMicroelectronics X-CUBE-BLE2 3.3.0
2024-02-17 19:08:43,964 [INFO] ThirdParty:1030 - CMSIS Pack Vendor :STMicroelectronics X-CUBE-TOF1 3.4.0
2024-02-17 19:08:43,964 [INFO] ThirdParty:1030 - CMSIS Pack Vendor :STMicroelectronics X-CUBE-AZRTOS-H7 3.2.0
2024-02-17 19:08:43,964 [INFO] ThirdParty:1030 - CMSIS Pack Vendor :STMicroelectronics PDM2PCM 3.2.0
2024-02-17 19:08:43,964 [INFO] ThirdParty:841 - exiting critical section [change project]
2024-02-17 19:08:44,171 [INFO] PinOutPanel:1499 - setPackage(No Configuration,No Configuration)
2024-02-17 19:08:44,172 [INFO] PinOutPanel:1499 - setPackage(STM32L152RETx,LQFP64)
2024-02-17 19:08:44,439 [INFO] UtilMem:75 - Before build in PCC Used Memory: 619075584 Bytes (748683264)
2024-02-17 19:08:44,764 [INFO] UtilMem:75 - After build in PCC Used Memory: 600293704 Bytes (748683264)
2024-02-17 19:08:44,783 [INFO] IPUIPlugin:80 - create IPUIPlugin
2024-02-17 19:08:44,783 [INFO] IPUIPlugin:80 - create IPUIPlugin
2024-02-17 19:08:44,783 [INFO] IPUIPlugin:80 - create IPUIPlugin
2024-02-17 19:08:44,784 [INFO] IPUIPlugin:80 - create IPUIPlugin
2024-02-17 19:08:44,784 [INFO] IPUIPlugin:80 - create IPUIPlugin
2024-02-17 19:08:44,784 [INFO] IPUIPlugin:80 - create IPUIPlugin
2024-02-17 19:08:44,784 [INFO] IPUIPlugin:80 - create IPUIPlugin
2024-02-17 19:08:44,784 [INFO] IPUIPlugin:80 - create IPUIPlugin
2024-02-17 19:08:44,785 [INFO] IPUIPlugin:80 - create IPUIPlugin
2024-02-17 19:08:44,785 [INFO] IPUIPlugin:80 - create IPUIPlugin
2024-02-17 19:08:44,785 [INFO] IPUIPlugin:80 - create IPUIPlugin
2024-02-17 19:08:44,785 [INFO] IPUIPlugin:80 - create IPUIPlugin
2024-02-17 19:08:44,785 [INFO] IPUIPlugin:80 - create IPUIPlugin
2024-02-17 19:08:44,785 [INFO] IPUIPlugin:80 - create IPUIPlugin
2024-02-17 19:08:44,785 [INFO] IPUIPlugin:80 - create IPUIPlugin
2024-02-17 19:08:44,786 [INFO] IPUIPlugin:80 - create IPUIPlugin
2024-02-17 19:08:44,786 [INFO] IPUIPlugin:80 - create IPUIPlugin
2024-02-17 19:08:44,786 [INFO] IPUIPlugin:80 - create IPUIPlugin
2024-02-17 19:08:44,786 [INFO] IPUIPlugin:80 - create IPUIPlugin
2024-02-17 19:08:44,787 [INFO] IPUIPlugin:80 - create IPUIPlugin
2024-02-17 19:08:44,787 [INFO] IPUIPlugin:80 - create IPUIPlugin
2024-02-17 19:08:44,787 [INFO] IPUIPlugin:80 - create IPUIPlugin
2024-02-17 19:08:44,787 [INFO] IPUIPlugin:80 - create IPUIPlugin
2024-02-17 19:08:44,787 [INFO] IPUIPlugin:80 - create IPUIPlugin
2024-02-17 19:08:44,788 [INFO] IPUIPlugin:80 - create IPUIPlugin
2024-02-17 19:08:44,788 [INFO] IPUIPlugin:80 - create IPUIPlugin
2024-02-17 19:08:44,788 [INFO] IPUIPlugin:80 - create IPUIPlugin
2024-02-17 19:08:44,788 [INFO] IPUIPlugin:80 - create IPUIPlugin
2024-02-17 19:08:44,789 [INFO] IPUIPlugin:80 - create IPUIPlugin
2024-02-17 19:08:44,789 [INFO] IPUIPlugin:80 - create IPUIPlugin
2024-02-17 19:08:44,789 [INFO] IPUIPlugin:80 - create IPUIPlugin
2024-02-17 19:08:44,789 [INFO] IPUIPlugin:80 - create IPUIPlugin
2024-02-17 19:08:44,789 [INFO] IPUIPlugin:80 - create IPUIPlugin
2024-02-17 19:08:44,790 [INFO] IPUIPlugin:80 - create IPUIPlugin
2024-02-17 19:08:44,790 [INFO] IPUIPlugin:80 - create IPUIPlugin
2024-02-17 19:08:44,790 [INFO] IPUIPlugin:80 - create IPUIPlugin
2024-02-17 19:08:44,790 [INFO] IPUIPlugin:80 - create IPUIPlugin
2024-02-17 19:08:44,790 [INFO] IPUIPlugin:80 - create IPUIPlugin
2024-02-17 19:08:44,791 [INFO] IPUIPlugin:80 - create IPUIPlugin
2024-02-17 19:08:44,791 [INFO] IPUIPlugin:80 - create IPUIPlugin
2024-02-17 19:08:44,791 [INFO] IPUIPlugin:80 - create IPUIPlugin
2024-02-17 19:08:44,791 [INFO] IPUIPlugin:80 - create IPUIPlugin
2024-02-17 19:08:44,792 [INFO] IPUIPlugin:80 - create IPUIPlugin
2024-02-17 19:08:44,849 [INFO] CADModel:165 - CPN selected for project levelSTM32L152RET6
2024-02-17 19:08:44,849 [INFO] CADModel:114 - Register for checkConnection events
2024-02-17 19:08:44,912 [INFO] OpenFileManager:328 - Restore cursor
2024-02-17 19:10:49,662 [INFO] NvicIntPanel:101 - NVIC parent = com.st.microxplorer.plugins.ip.nvic.MultiNvicIntPanel[,0,0,508x217,layout=javax.swing.BoxLayout,alignmentX=0.0,alignmentY=0.0,border=,flags=9,maximumSize=,minimumSize=,preferredSize=]
2024-02-17 19:12:34,338 [INFO] NvicIntPanel:101 - NVIC parent = com.st.microxplorer.plugins.ip.nvic.MultiNvicIntPanel[,0,0,508x217,layout=javax.swing.BoxLayout,alignmentX=0.0,alignmentY=0.0,border=,flags=9,maximumSize=,minimumSize=,preferredSize=]
2024-02-17 19:13:57,808 [INFO] NvicIntPanel:101 - NVIC parent = com.st.microxplorer.plugins.ip.nvic.MultiNvicIntPanel[,0,0,0x0,invalid,layout=javax.swing.BoxLayout,alignmentX=0.0,alignmentY=0.0,border=,flags=9,maximumSize=,minimumSize=,preferredSize=]
2024-02-17 19:13:59,201 [INFO] NvicIntPanel:101 - NVIC parent = com.st.microxplorer.plugins.ip.nvic.MultiNvicIntPanel[,0,0,0x0,invalid,layout=javax.swing.BoxLayout,alignmentX=0.0,alignmentY=0.0,border=,flags=9,maximumSize=,minimumSize=,preferredSize=]
2024-02-17 19:13:59,553 [INFO] NvicIntPanel:101 - NVIC parent = com.st.microxplorer.plugins.ip.nvic.MultiNvicIntPanel[,0,0,0x0,invalid,layout=javax.swing.BoxLayout,alignmentX=0.0,alignmentY=0.0,border=,flags=9,maximumSize=,minimumSize=,preferredSize=]
2024-02-17 19:14:05,970 [INFO] NvicIntPanel:101 - NVIC parent = com.st.microxplorer.plugins.ip.nvic.MultiNvicIntPanel[,0,0,0x0,invalid,layout=javax.swing.BoxLayout,alignmentX=0.0,alignmentY=0.0,border=,flags=9,maximumSize=,minimumSize=,preferredSize=]
2024-02-17 19:14:08,491 [INFO] NvicIntPanel:101 - NVIC parent = com.st.microxplorer.plugins.ip.nvic.MultiNvicIntPanel[,0,0,0x0,invalid,layout=javax.swing.BoxLayout,alignmentX=0.0,alignmentY=0.0,border=,flags=9,maximumSize=,minimumSize=,preferredSize=]
2024-02-17 21:20:03,820 [ERROR] LogOutputStream:75 - [STDERR_REDIRECT] [Fatal Error] :1:1: Premature end of file.
2024-02-17 21:20:03,820 [ERROR] LogOutputStream:75 - [STDERR_REDIRECT] 
2024-02-17 21:20:04,755 [ERROR] LogOutputStream:75 - [STDERR_REDIRECT] [Fatal Error] :1:1: Premature end of file.
2024-02-17 21:20:04,755 [ERROR] LogOutputStream:75 - [STDERR_REDIRECT] 
2024-02-17 21:20:05,767 [ERROR] LogOutputStream:75 - [STDERR_REDIRECT] [Fatal Error] :1:1: Premature end of file.
2024-02-17 21:20:05,767 [ERROR] LogOutputStream:75 - [STDERR_REDIRECT] 
2024-02-17 21:20:06,747 [ERROR] LogOutputStream:75 - [STDERR_REDIRECT] [Fatal Error] :1:1: Premature end of file.
2024-02-17 21:20:06,747 [ERROR] LogOutputStream:75 - [STDERR_REDIRECT] 
2024-02-17 21:20:07,764 [ERROR] LogOutputStream:75 - [STDERR_REDIRECT] [Fatal Error] :1:1: Premature end of file.
2024-02-17 21:20:07,764 [ERROR] LogOutputStream:75 - [STDERR_REDIRECT] 
2024-02-17 21:20:08,764 [ERROR] LogOutputStream:75 - [STDERR_REDIRECT] [Fatal Error] :1:1: Premature end of file.
2024-02-17 21:20:08,764 [ERROR] LogOutputStream:75 - [STDERR_REDIRECT] 
2024-02-17 21:20:09,769 [ERROR] LogOutputStream:75 - [STDERR_REDIRECT] [Fatal Error] :1:1: Premature end of file.
2024-02-17 21:20:09,769 [ERROR] LogOutputStream:75 - [STDERR_REDIRECT] 
2024-02-17 21:20:10,767 [ERROR] LogOutputStream:75 - [STDERR_REDIRECT] [Fatal Error] :1:1: Premature end of file.
2024-02-17 21:20:10,767 [ERROR] LogOutputStream:75 - [STDERR_REDIRECT] 
2024-02-17 21:20:11,766 [ERROR] LogOutputStream:75 - [STDERR_REDIRECT] [Fatal Error] :1:1: Premature end of file.
2024-02-17 21:20:11,766 [ERROR] LogOutputStream:75 - [STDERR_REDIRECT] 
2024-02-17 21:20:12,761 [ERROR] LogOutputStream:75 - [STDERR_REDIRECT] [Fatal Error] :1:1: Premature end of file.
2024-02-17 21:20:12,761 [ERROR] LogOutputStream:75 - [STDERR_REDIRECT] 
2024-02-17 21:20:13,750 [ERROR] LogOutputStream:75 - [STDERR_REDIRECT] [Fatal Error] :1:1: Premature end of file.
2024-02-17 21:20:13,750 [ERROR] LogOutputStream:75 - [STDERR_REDIRECT] 
2024-02-17 21:20:14,767 [ERROR] LogOutputStream:75 - [STDERR_REDIRECT] [Fatal Error] :1:1: Premature end of file.
2024-02-17 21:20:14,767 [ERROR] LogOutputStream:75 - [STDERR_REDIRECT] 
2024-02-17 21:20:15,770 [ERROR] LogOutputStream:75 - [STDERR_REDIRECT] [Fatal Error] :1:1: Premature end of file.
2024-02-17 21:20:15,770 [ERROR] LogOutputStream:75 - [STDERR_REDIRECT] 
2024-02-17 21:20:16,768 [ERROR] LogOutputStream:75 - [STDERR_REDIRECT] [Fatal Error] :1:1: Premature end of file.
2024-02-17 21:20:16,768 [ERROR] LogOutputStream:75 - [STDERR_REDIRECT] 
2024-02-17 21:20:17,769 [ERROR] LogOutputStream:75 - [STDERR_REDIRECT] [Fatal Error] :1:1: Premature end of file.
2024-02-17 21:20:17,769 [ERROR] LogOutputStream:75 - [STDERR_REDIRECT] 
2024-02-17 21:20:18,768 [ERROR] LogOutputStream:75 - [STDERR_REDIRECT] [Fatal Error] :1:1: Premature end of file.
2024-02-17 21:20:18,768 [ERROR] LogOutputStream:75 - [STDERR_REDIRECT] 
2024-02-17 21:20:19,756 [ERROR] LogOutputStream:75 - [STDERR_REDIRECT] [Fatal Error] :1:1: Premature end of file.
2024-02-17 21:20:19,756 [ERROR] LogOutputStream:75 - [STDERR_REDIRECT] 
2024-02-17 21:20:20,762 [ERROR] LogOutputStream:75 - [STDERR_REDIRECT] [Fatal Error] :1:1: Premature end of file.
2024-02-17 21:20:20,762 [ERROR] LogOutputStream:75 - [STDERR_REDIRECT] 
2024-02-17 21:20:21,757 [ERROR] LogOutputStream:75 - [STDERR_REDIRECT] [Fatal Error] :1:1: Premature end of file.
2024-02-17 21:20:21,757 [ERROR] LogOutputStream:75 - [STDERR_REDIRECT] 
2024-02-17 21:20:22,757 [ERROR] LogOutputStream:75 - [STDERR_REDIRECT] [Fatal Error] :1:1: Premature end of file.
2024-02-17 21:20:22,757 [ERROR] LogOutputStream:75 - [STDERR_REDIRECT] 
2024-02-17 21:20:23,766 [ERROR] LogOutputStream:75 - [STDERR_REDIRECT] [Fatal Error] :1:1: Premature end of file.
2024-02-17 21:20:23,766 [ERROR] LogOutputStream:75 - [STDERR_REDIRECT] 
2024-02-17 21:20:24,758 [ERROR] LogOutputStream:75 - [STDERR_REDIRECT] [Fatal Error] :1:1: Premature end of file.
2024-02-17 21:20:24,758 [ERROR] LogOutputStream:75 - [STDERR_REDIRECT] 
