2024-06-28 14:37:04,461 [INFO] Activator:176 - 


2024-06-28 14:37:04,468 [INFO] Activator:177 - !SESSION log4j initialized
2024-06-28 14:37:11,299 [INFO] LogOutputStream:77 - [STDOUT_REDIRECT] 
2024-06-28 14:37:42,918 [ERROR] LogOutputStream:75 - [STDERR_REDIRECT] SLF4J: Failed to load class "org.slf4j.impl.StaticLoggerBinder".
2024-06-28 14:37:42,918 [ERROR] LogOutputStream:75 - [STDERR_REDIRECT] SLF4J: Defaulting to no-operation (NOP) logger implementation
2024-06-28 14:37:42,918 [ERROR] LogOutputStream:75 - [STDERR_REDIRECT] SLF4J: See http://www.slf4j.org/codes.html#StaticLoggerBinder for further details.
2024-06-28 16:22:38,966 [INFO] Activator:176 - 


2024-06-28 16:22:38,969 [INFO] Activator:177 - !SESSION log4j initialized
2024-06-28 16:22:44,428 [INFO] LogOutputStream:77 - [STDOUT_REDIRECT] 
2024-06-28 16:23:14,606 [ERROR] LogOutputStream:75 - [STDERR_REDIRECT] SLF4J: Failed to load class "org.slf4j.impl.StaticLoggerBinder".
2024-06-28 16:23:14,606 [ERROR] LogOutputStream:75 - [STDERR_REDIRECT] SLF4J: Defaulting to no-operation (NOP) logger implementation
2024-06-28 16:23:14,606 [ERROR] LogOutputStream:75 - [STDERR_REDIRECT] SLF4J: See http://www.slf4j.org/codes.html#StaticLoggerBinder for further details.
2024-06-28 16:56:55,653 [INFO] ApplicationProperties:184 - Using Application install path: D:\STM32CubeIDE_1.12.0\STM32CubeIDE\plugins\com.st.stm32cube.common.mx_6.8.1.202304191431
2024-06-28 16:56:55,683 [INFO] DbMcusXml:78 - Set database path to: D:\STM32CubeIDE_1.12.0\STM32CubeIDE\plugins\com.st.stm32cube.common.mx_6.8.1.202304191431\\db\/mcu/
2024-06-28 16:56:55,683 [INFO] ApiDb:274 - Set plugin database path to: D:\STM32CubeIDE_1.12.0\STM32CubeIDE\plugins\com.st.stm32cube.common.mx_6.8.1.202304191431\\db\/plugins/boardmanager/
2024-06-28 16:56:55,683 [WARN] ApiDb:259 - Overriding images path with different value:  => D:\STM32CubeIDE_1.12.0\STM32CubeIDE\plugins\com.st.stm32cube.common.mx_6.8.1.202304191431\\db\/plugins/mcufinder/images/
2024-06-28 16:56:55,703 [INFO] ApiDb:250 - Set database path to: C:\Users\marci\.stmcufinder\plugins\mcufinder//mcu/
2024-06-28 16:56:55,703 [INFO] DbMcusAds:125 - Set database path to: C:\Users\marci\.stmcufinder\plugins\mcufinder//mcu/
2024-06-28 16:56:55,713 [INFO] CrossReferenceDbSqlite:203 - Set database path to: C:\Users\marci\.stmcufinder\plugins\mcufinder//mcu/cs/
2024-06-28 16:56:55,843 [INFO] RulesReader:64 - Compatibility file has been processed (293 Rules)
2024-06-28 16:56:55,933 [INFO] DbMcusXml:78 - Set database path to: D:\STM32CubeIDE_1.12.0\STM32CubeIDE\plugins\com.st.stm32cube.common.mx_6.8.1.202304191431\\db\/mcu/
2024-06-28 16:56:55,933 [INFO] ApiDb:274 - Set plugin database path to: D:\STM32CubeIDE_1.12.0\STM32CubeIDE\plugins\com.st.stm32cube.common.mx_6.8.1.202304191431\\db\/plugins/boardmanager/
2024-06-28 16:56:55,933 [INFO] ApiDb:261 - Set plugin images path to: D:\STM32CubeIDE_1.12.0\STM32CubeIDE\plugins\com.st.stm32cube.common.mx_6.8.1.202304191431\\db\/plugins/mcufinder/images/
2024-06-28 16:56:55,933 [WARN] DbFile:41 - Overriding database path with different value: C:\Users\marci\.stmcufinder\plugins\mcufinder/ => C:\Users\marci\.stmcufinder\plugins\mcufinder
2024-06-28 16:56:55,933 [INFO] ApiDb:250 - Set database path to: C:\Users\marci\.stmcufinder\plugins\mcufinder//mcu/
2024-06-28 16:56:55,933 [WARN] DbFile:41 - Overriding database path with different value: C:\Users\marci\.stmcufinder\plugins\mcufinder/ => C:\Users\marci\.stmcufinder\plugins\mcufinder
2024-06-28 16:56:55,933 [INFO] DbMcusAds:125 - Set database path to: C:\Users\marci\.stmcufinder\plugins\mcufinder//mcu/
2024-06-28 16:56:55,933 [WARN] DbFile:41 - Overriding database path with different value: C:\Users\marci\.stmcufinder\plugins\mcufinder/ => C:\Users\marci\.stmcufinder\plugins\mcufinder
2024-06-28 16:56:55,933 [WARN] DbFile:41 - Overriding database path with different value: C:\Users\marci\.stmcufinder\plugins\mcufinder/ => C:\Users\marci\.stmcufinder\plugins\mcufinder
2024-06-28 16:56:55,933 [INFO] CrossReferenceDbSqlite:203 - Set database path to: C:\Users\marci\.stmcufinder\plugins\mcufinder//mcu/cs/
2024-06-28 16:56:56,023 [INFO] MainPanel:253 - HeapMemory: 610271232
2024-06-28 16:56:56,143 [INFO] DbMcusXml:78 - Set database path to: D:\STM32CubeIDE_1.12.0\STM32CubeIDE\plugins\com.st.stm32cube.common.mx_6.8.1.202304191431\\db\/mcu/
2024-06-28 16:56:56,143 [INFO] ApiDb:274 - Set plugin database path to: D:\STM32CubeIDE_1.12.0\STM32CubeIDE\plugins\com.st.stm32cube.common.mx_6.8.1.202304191431\\db\/plugins/boardmanager/
2024-06-28 16:56:56,143 [INFO] ApiDb:261 - Set plugin images path to: D:\STM32CubeIDE_1.12.0\STM32CubeIDE\plugins\com.st.stm32cube.common.mx_6.8.1.202304191431\\db\/plugins/mcufinder/images/
2024-06-28 16:56:56,143 [WARN] DbFile:41 - Overriding database path with different value: C:\Users\marci\.stmcufinder\plugins\mcufinder/ => C:\Users\marci\.stmcufinder\plugins\mcufinder
2024-06-28 16:56:56,143 [INFO] ApiDb:250 - Set database path to: C:\Users\marci\.stmcufinder\plugins\mcufinder//mcu/
2024-06-28 16:56:56,143 [WARN] DbFile:41 - Overriding database path with different value: C:\Users\marci\.stmcufinder\plugins\mcufinder/ => C:\Users\marci\.stmcufinder\plugins\mcufinder
2024-06-28 16:56:56,143 [INFO] DbMcusAds:125 - Set database path to: C:\Users\marci\.stmcufinder\plugins\mcufinder//mcu/
2024-06-28 16:56:56,143 [WARN] DbFile:41 - Overriding database path with different value: C:\Users\marci\.stmcufinder\plugins\mcufinder/ => C:\Users\marci\.stmcufinder\plugins\mcufinder
2024-06-28 16:56:56,143 [WARN] DbFile:41 - Overriding database path with different value: C:\Users\marci\.stmcufinder\plugins\mcufinder/ => C:\Users\marci\.stmcufinder\plugins\mcufinder
2024-06-28 16:56:56,143 [INFO] CrossReferenceDbSqlite:203 - Set database path to: C:\Users\marci\.stmcufinder\plugins\mcufinder//mcu/cs/
2024-06-28 16:56:56,163 [INFO] ApplicationProperties:184 - Using Application install path: D:\STM32CubeIDE_1.12.0\STM32CubeIDE\plugins\com.st.stm32cube.common.mx_6.8.1.202304191431
2024-06-28 16:56:56,173 [INFO] PluginManage:196 - Search for loadable plugins [exclusion list=, ]
2024-06-28 16:56:56,173 [INFO] PluginManage:310 - Check plugin analytics
2024-06-28 16:57:05,390 [INFO] AnalyticsPlugin:253 - Accepted Software Licenses: 
2024-06-28 16:57:05,390 [INFO] AnalyticsPlugin:255 - Accepted CMSIS Pack Licenses: 
2024-06-28 16:57:05,390 [INFO] AnalyticsPlugin:257 - Accepted Firmware Licenses: 
2024-06-28 16:57:05,401 [INFO] PluginManage:359 - Loaded plugin analytics (category:tool,tabindex:-1)
2024-06-28 16:57:05,401 [INFO] PluginManage:310 - Check plugin cadmodel
2024-06-28 16:57:05,411 [INFO] CADModel:105 - Init CAD model plugin
2024-06-28 16:57:05,411 [INFO] PluginManage:359 - Loaded plugin cadmodel (category:power,tabindex:5)
2024-06-28 16:57:05,411 [INFO] PluginManage:310 - Check plugin clock
2024-06-28 16:57:05,440 [INFO] PluginManage:359 - Loaded plugin clock (category:base,tabindex:2)
2024-06-28 16:57:05,440 [INFO] PluginManage:310 - Check plugin ddr
2024-06-28 16:57:05,451 [INFO] PluginManage:359 - Loaded plugin ddr (category:tool,tabindex:6)
2024-06-28 16:57:05,451 [INFO] PluginManage:310 - Check plugin filemanager
2024-06-28 16:57:05,630 [INFO] PluginManage:359 - Loaded plugin filemanager (category:base,tabindex:10)
2024-06-28 16:57:05,630 [INFO] PluginManage:310 - Check plugin ipmanager
2024-06-28 16:57:05,640 [INFO] PluginManage:359 - Loaded plugin ipmanager (category:base,tabindex:5)
2024-06-28 16:57:05,640 [INFO] PluginManage:310 - Check plugin lpbam
2024-06-28 16:57:05,660 [INFO] PluginManage:359 - Loaded plugin lpbam (category:base,tabindex:0)
2024-06-28 16:57:05,660 [INFO] PluginManage:310 - Check plugin pinoutandconfiguration
2024-06-28 16:57:05,680 [INFO] PluginManage:359 - Loaded plugin pinoutandconfiguration (category:base,tabindex:1)
2024-06-28 16:57:05,680 [INFO] PluginManage:310 - Check plugin pinoutconfig
2024-06-28 16:57:05,820 [WARN] SupportedApi:132 - Cannot load RTOS API schema: s4s-elt-must-match.1: The content of 'definitions' must match (annotation?, (simpleType | complexType)?, (unique | key | keyref)*)). A problem was found starting at: attribute.
2024-06-28 16:57:06,001 [INFO] PluginManage:359 - Loaded plugin pinoutconfig (category:base,tabindex:0)
2024-06-28 16:57:06,001 [INFO] PluginManage:310 - Check plugin power
2024-06-28 16:57:06,030 [INFO] PluginManage:359 - Loaded plugin power (category:power,tabindex:4)
2024-06-28 16:57:06,030 [INFO] PluginManage:310 - Check plugin projectmanager
2024-06-28 16:57:06,040 [INFO] PluginManage:359 - Loaded plugin projectmanager (category:projectmanager,tabindex:3)
2024-06-28 16:57:06,051 [INFO] PluginManage:310 - Check plugin thirdparty
2024-06-28 16:57:06,361 [INFO] PluginManage:359 - Loaded plugin thirdparty (category:base,tabindex:-1)
2024-06-28 16:57:06,361 [WARN] IntegrityCheckThread:84 - waiting for thirdparty lock release [integrity check]
2024-06-28 16:57:06,361 [INFO] PluginManage:310 - Check plugin tools
2024-06-28 16:57:06,361 [INFO] IntegrityCheckThread:86 - entering critical section [integrity check]
2024-06-28 16:57:06,370 [INFO] ThirdPartyUpdaterWithRetryManager:70 - Updater plugin not ready yet. [1/15]
2024-06-28 16:57:06,401 [INFO] PluginManage:359 - Loaded plugin tools (category:base,tabindex:7)
2024-06-28 16:57:06,401 [INFO] PluginManage:310 - Check plugin tutovideos
2024-06-28 16:57:06,661 [INFO] PluginManage:359 - Loaded plugin tutovideos (category:base,tabindex:-1)
2024-06-28 16:57:06,661 [INFO] PluginManage:310 - Check plugin updater
2024-06-28 16:57:06,681 [INFO] PluginManage:359 - Loaded plugin updater (category:base,tabindex:12)
2024-06-28 16:57:06,681 [INFO] PluginManage:283 - PluginManage : Loaded plugins [15]
2024-06-28 16:57:06,991 [INFO] PinOutPanel:1499 - setPackage(No Configuration,No Configuration)
2024-06-28 16:57:07,071 [INFO] CADModel:165 - CPN selected for project level
2024-06-28 16:57:07,081 [INFO] CADModel:114 - Register for checkConnection events
2024-06-28 16:57:07,111 [INFO] IPUIPlugin:80 - create IPUIPlugin
2024-06-28 16:57:07,111 [INFO] PluginManager:220 - loadIPPluginJar : add adc
2024-06-28 16:57:07,151 [INFO] IPUIPlugin:80 - create IPUIPlugin
2024-06-28 16:57:07,151 [INFO] PluginManager:220 - loadIPPluginJar : add aes
2024-06-28 16:57:07,201 [INFO] IPUIPlugin:80 - create IPUIPlugin
2024-06-28 16:57:07,201 [INFO] PluginManager:220 - loadIPPluginJar : add can
2024-06-28 16:57:07,231 [INFO] IPUIPlugin:80 - create IPUIPlugin
2024-06-28 16:57:07,231 [INFO] PluginManager:220 - loadIPPluginJar : add comp
2024-06-28 16:57:07,271 [INFO] IPUIPlugin:80 - create IPUIPlugin
2024-06-28 16:57:07,271 [INFO] PluginManager:220 - loadIPPluginJar : add cryp
2024-06-28 16:57:07,311 [INFO] IPUIPlugin:80 - create IPUIPlugin
2024-06-28 16:57:07,311 [INFO] PluginManager:220 - loadIPPluginJar : add dfsdm
2024-06-28 16:57:07,321 [INFO] IPUIPlugin:80 - create IPUIPlugin
2024-06-28 16:57:07,321 [INFO] PluginManager:220 - loadIPPluginJar : add dma
2024-06-28 16:57:07,381 [INFO] IPUIPlugin:80 - create IPUIPlugin
2024-06-28 16:57:07,381 [INFO] PluginManager:220 - loadIPPluginJar : add dma3
2024-06-28 16:57:07,401 [INFO] IPUIPlugin:80 - create IPUIPlugin
2024-06-28 16:57:07,401 [INFO] PluginManager:220 - loadIPPluginJar : add fatfs
2024-06-28 16:57:07,461 [INFO] IPUIPlugin:80 - create IPUIPlugin
2024-06-28 16:57:07,461 [INFO] PluginManager:220 - loadIPPluginJar : add fmc
2024-06-28 16:57:07,481 [INFO] IPUIPlugin:80 - create IPUIPlugin
2024-06-28 16:57:07,481 [INFO] PluginManager:220 - loadIPPluginJar : add freertos
2024-06-28 16:57:07,501 [INFO] IPUIPlugin:80 - create IPUIPlugin
2024-06-28 16:57:07,501 [INFO] PluginManager:220 - loadIPPluginJar : add genericplugin
2024-06-28 16:57:07,621 [INFO] IPUIPlugin:80 - create IPUIPlugin
2024-06-28 16:57:07,621 [INFO] PluginManager:220 - loadIPPluginJar : add gfxmmu
2024-06-28 16:57:07,791 [INFO] IPUIPlugin:80 - create IPUIPlugin
2024-06-28 16:57:07,791 [INFO] PluginManager:220 - loadIPPluginJar : add gic
2024-06-28 16:57:07,801 [INFO] IPUIPlugin:80 - create IPUIPlugin
2024-06-28 16:57:07,801 [INFO] PluginManager:220 - loadIPPluginJar : add gpio
2024-06-28 16:57:07,911 [INFO] IPUIPlugin:80 - create IPUIPlugin
2024-06-28 16:57:07,911 [INFO] PluginManager:220 - loadIPPluginJar : add gtzc
2024-06-28 16:57:07,951 [INFO] IPUIPlugin:80 - create IPUIPlugin
2024-06-28 16:57:07,951 [INFO] PluginManager:220 - loadIPPluginJar : add hash
2024-06-28 16:57:08,021 [INFO] IPUIPlugin:80 - create IPUIPlugin
2024-06-28 16:57:08,021 [INFO] PluginManager:220 - loadIPPluginJar : add i2c
2024-06-28 16:57:08,071 [INFO] IPUIPlugin:80 - create IPUIPlugin
2024-06-28 16:57:08,071 [INFO] PluginManager:220 - loadIPPluginJar : add i2s
2024-06-28 16:57:08,121 [INFO] IPUIPlugin:80 - create IPUIPlugin
2024-06-28 16:57:08,121 [INFO] PluginManager:220 - loadIPPluginJar : add i3c
2024-06-28 16:57:08,251 [INFO] IPUIPlugin:80 - create IPUIPlugin
2024-06-28 16:57:08,251 [INFO] PluginManager:220 - loadIPPluginJar : add ipddr
2024-06-28 16:57:08,361 [INFO] IPUIPlugin:80 - create IPUIPlugin
2024-06-28 16:57:08,361 [INFO] PluginManager:220 - loadIPPluginJar : add linkedlist
2024-06-28 16:57:08,411 [INFO] IPUIPlugin:80 - create IPUIPlugin
2024-06-28 16:57:08,411 [INFO] PluginManager:220 - loadIPPluginJar : add lorawan
2024-06-28 16:57:08,451 [INFO] IPUIPlugin:80 - create IPUIPlugin
2024-06-28 16:57:08,451 [INFO] PluginManager:220 - loadIPPluginJar : add ltdc
2024-06-28 16:57:08,471 [INFO] IPUIPlugin:80 - create IPUIPlugin
2024-06-28 16:57:08,471 [INFO] PluginManager:220 - loadIPPluginJar : add mdma
2024-06-28 16:57:08,481 [INFO] IPUIPlugin:80 - create IPUIPlugin
2024-06-28 16:57:08,481 [INFO] PluginManager:220 - loadIPPluginJar : add nvic
2024-06-28 16:57:08,531 [INFO] IPUIPlugin:80 - create IPUIPlugin
2024-06-28 16:57:08,531 [INFO] PluginManager:220 - loadIPPluginJar : add opamp
2024-06-28 16:57:08,601 [INFO] IPUIPlugin:80 - create IPUIPlugin
2024-06-28 16:57:08,601 [INFO] PluginManager:220 - loadIPPluginJar : add openamp
2024-06-28 16:57:08,651 [INFO] IPUIPlugin:80 - create IPUIPlugin
2024-06-28 16:57:08,651 [INFO] PluginManager:220 - loadIPPluginJar : add pdm2pcm
2024-06-28 16:57:08,671 [INFO] IPUIPlugin:80 - create IPUIPlugin
2024-06-28 16:57:08,681 [INFO] PluginManager:220 - loadIPPluginJar : add plateformsettings
2024-06-28 16:57:08,701 [INFO] IPUIPlugin:80 - create IPUIPlugin
2024-06-28 16:57:08,701 [INFO] PluginManager:220 - loadIPPluginJar : add quadspi
2024-06-28 16:57:08,721 [INFO] IPUIPlugin:80 - create IPUIPlugin
2024-06-28 16:57:08,721 [INFO] PluginManager:220 - loadIPPluginJar : add resmgrutility
2024-06-28 16:57:08,771 [INFO] IPUIPlugin:80 - create IPUIPlugin
2024-06-28 16:57:08,771 [INFO] PluginManager:220 - loadIPPluginJar : add sai
2024-06-28 16:57:08,821 [INFO] IPUIPlugin:80 - create IPUIPlugin
2024-06-28 16:57:08,821 [INFO] PluginManager:220 - loadIPPluginJar : add spi
2024-06-28 16:57:08,891 [INFO] IPUIPlugin:80 - create IPUIPlugin
2024-06-28 16:57:08,891 [INFO] PluginManager:220 - loadIPPluginJar : add stm32_wpan
2024-06-28 16:57:08,911 [INFO] IPUIPlugin:80 - create IPUIPlugin
2024-06-28 16:57:08,911 [INFO] PluginManager:220 - loadIPPluginJar : add tim
2024-06-28 16:57:08,981 [INFO] IPUIPlugin:80 - create IPUIPlugin
2024-06-28 16:57:08,981 [INFO] PluginManager:220 - loadIPPluginJar : add touchsensing
2024-06-28 16:57:09,011 [INFO] IPUIPlugin:80 - create IPUIPlugin
2024-06-28 16:57:09,011 [INFO] PluginManager:220 - loadIPPluginJar : add tracer_emb
2024-06-28 16:57:09,041 [INFO] IPUIPlugin:80 - create IPUIPlugin
2024-06-28 16:57:09,041 [INFO] PluginManager:220 - loadIPPluginJar : add ts
2024-06-28 16:57:09,061 [INFO] IPUIPlugin:80 - create IPUIPlugin
2024-06-28 16:57:09,061 [INFO] PluginManager:220 - loadIPPluginJar : add tsc
2024-06-28 16:57:09,091 [INFO] IPUIPlugin:80 - create IPUIPlugin
2024-06-28 16:57:09,091 [INFO] PluginManager:220 - loadIPPluginJar : add ucpd
2024-06-28 16:57:09,141 [INFO] IPUIPlugin:80 - create IPUIPlugin
2024-06-28 16:57:09,141 [INFO] PluginManager:220 - loadIPPluginJar : add usart
2024-06-28 16:57:09,191 [INFO] IPUIPlugin:80 - create IPUIPlugin
2024-06-28 16:57:09,191 [INFO] PluginManager:220 - loadIPPluginJar : add usbx
2024-06-28 16:57:09,343 [INFO] CADModel:165 - CPN selected for project level
2024-06-28 16:57:09,343 [INFO] CADModel:114 - Register for checkConnection events
2024-06-28 16:57:09,343 [FATAL] Updater:308 - Updater called before beeing initialized
2024-06-28 16:57:09,343 [ERROR] CADModel:125 - Updater not yet initialized, retry later 
2024-06-28 16:57:09,373 [INFO] ThirdPartyUpdaterWithRetryManager:70 - Updater plugin not ready yet. [2/15]
2024-06-28 16:57:09,523 [INFO] CADModel:165 - CPN selected for project level
2024-06-28 16:57:09,533 [INFO] CADModel:114 - Register for checkConnection events
2024-06-28 16:57:09,533 [FATAL] Updater:308 - Updater called before beeing initialized
2024-06-28 16:57:09,533 [ERROR] CADModel:125 - Updater not yet initialized, retry later 
2024-06-28 16:57:09,533 [FATAL] Updater:308 - Updater called before beeing initialized
2024-06-28 16:57:09,683 [FATAL] Updater:308 - Updater called before beeing initialized
2024-06-28 16:57:09,703 [INFO] DbMcusAds:53 - JSON generation date=Thu May 16 11:22:00 CEST 2024 (1715851320852)
2024-06-28 16:57:09,703 [FATAL] Updater:308 - Updater called before beeing initialized
2024-06-28 16:57:09,793 [WARN] DetailPanel:346 - Failed to get advertising image, set to default
2024-06-28 16:57:09,963 [FATAL] Updater:308 - Updater called before beeing initialized
2024-06-28 16:57:09,963 [FATAL] Updater:308 - Updater called before beeing initialized
2024-06-28 16:57:09,963 [FATAL] Updater:308 - Updater called before beeing initialized
2024-06-28 16:57:09,963 [WARN] DetailPanel:346 - Failed to get advertising image, set to default
2024-06-28 16:57:09,963 [FATAL] Updater:308 - Updater called before beeing initialized
2024-06-28 16:57:10,053 [ERROR] Updater:1120 - MainUpdater not yet initialized. External WinMGr cannot be set.
2024-06-28 16:57:10,063 [INFO] Updater:1056 - Updater Version found : 6.8.1
2024-06-28 16:57:10,083 [INFO] ApplicationProperties:184 - Using Application install path: D:\STM32CubeIDE_1.12.0\STM32CubeIDE\plugins\com.st.stm32cube.common.mx_6.8.1.202304191431
2024-06-28 16:57:10,433 [INFO] MainUpdater:2854 - connection check result : 10
2024-06-28 16:57:10,433 [INFO] MainUpdater:283 - Updater Check For Update Now.
2024-06-28 16:57:10,433 [INFO] MicroXplorer:498 - Change Database Version : DB.6.0.81
2024-06-28 16:57:10,623 [INFO] CheckServerUpdateThread:120 - End of CheckServer Thread
2024-06-28 16:57:10,663 [INFO] MainUpdater:2854 - connection check result : 10
2024-06-28 16:57:10,663 [INFO] MainUpdater:2854 - connection check result : 10
2024-06-28 16:57:10,903 [INFO] MicroXplorer:468 - Change Database Path : 
2024-06-28 16:57:10,903 [INFO] MicroXplorer:498 - Change Database Version : DB.6.0.81
2024-06-28 16:57:10,903 [WARN] ThirdParty:871 - waiting for thirdparty lock release [close project]
2024-06-28 16:57:12,629 [WARN] PackLoader:240 - Cannot read IP mode file for STMicroelectronics.FP-SNS-MOTENVWB1.1.4.0
2024-06-28 16:57:12,659 [WARN] PackLoader:240 - Cannot read IP mode file for STMicroelectronics.X-CUBE-SMBUS.2.1.0
2024-06-28 16:57:12,669 [WARN] PackLoader:240 - Cannot read IP mode file for STMicroelectronics.X-CUBE-TOUCHGFX.4.23.0
2024-06-28 16:57:12,679 [WARN] PackLoader:240 - Cannot read IP mode file for STMicroelectronics.X-CUBE-TOUCHGFX.4.23.2
2024-06-28 16:57:12,759 [WARN] PackLoader:240 - Cannot read IP mode file for STMicroelectronics.X-CUBE-AZRTOS-F7.1.1.0
2024-06-28 16:57:12,779 [WARN] PackLoader:240 - Cannot read IP mode file for STMicroelectronics.FP-SNS-MOTENV1.4.3.2
2024-06-28 16:57:12,799 [ERROR] RealEvaluatedCondition:428 - Found unsupported composite condition: CLASS='Data Exchange' GROUP='STM32_MetaDataManager'
2024-06-28 16:57:12,799 [ERROR] RealEvaluatedCondition:428 - Found unsupported composite condition: CLASS='Data Exchange' GROUP='STM32_MetaDataManager'
2024-06-28 16:57:12,799 [WARN] PackLoader:240 - Cannot read IP mode file for STMicroelectronics.FP-SNS-MOTENV1.4.3.1
2024-06-28 16:57:12,809 [WARN] PackLoader:240 - Cannot read IP mode file for STMicroelectronics.FP-SNS-FLIGHT1.5.0.1
2024-06-28 16:57:12,829 [WARN] PackLoader:240 - Cannot read IP mode file for STMicroelectronics.X-CUBE-BLE1.6.2.4
2024-06-28 16:57:12,849 [WARN] PackLoader:240 - Cannot read IP mode file for STMicroelectronics.FP-SNS-FLIGHT1.5.0.2
2024-06-28 16:57:12,859 [WARN] PackLoader:240 - Cannot read IP mode file for STMicroelectronics.X-CUBE-DISPLAY.3.0.0
2024-06-28 16:57:12,889 [WARN] PackLoader:240 - Cannot read IP mode file for STMicroelectronics.X-CUBE-BLE1.7.0.0
2024-06-28 16:57:12,899 [WARN] PackLoader:240 - Cannot read IP mode file for STMicroelectronics.X-CUBE-TOUCHGFX.4.22.0
2024-06-28 16:57:12,909 [WARN] PackLoader:240 - Cannot read IP mode file for STMicroelectronics.X-CUBE-TOUCHGFX.4.22.1
2024-06-28 16:57:12,949 [WARN] PackLoader:240 - Cannot read IP mode file for STMicroelectronics.X-CUBE-BLEMGR.3.1.0
2024-06-28 16:57:12,959 [WARN] PackLoader:240 - Cannot read IP mode file for STMicroelectronics.FP-SNS-SMARTAG2.1.2.0
2024-06-28 16:57:12,979 [INFO] LogOutputStream:77 - [STDOUT_REDIRECT] 1 : Invalid condition id : UX_CORESTACK_Condition cause : null
2024-06-28 16:57:12,989 [INFO] LogOutputStream:77 - [STDOUT_REDIRECT] 1 : Invalid condition id : UX_CORESTACK_Condition cause : null
2024-06-28 16:57:12,989 [INFO] LogOutputStream:77 - [STDOUT_REDIRECT] 1 : Invalid condition id : UX_CORESTACK_Condition cause : null
2024-06-28 16:57:12,989 [INFO] LogOutputStream:77 - [STDOUT_REDIRECT] 1 : Invalid condition id : UX_CORESTACK_Condition cause : null
2024-06-28 16:57:12,989 [INFO] LogOutputStream:77 - [STDOUT_REDIRECT] 1 : Invalid condition id : UX_CORESTACK_Condition cause : null
2024-06-28 16:57:12,989 [WARN] PackLoader:240 - Cannot read IP mode file for STMicroelectronics.X-CUBE-AZRTOS-WL.2.0.0
2024-06-28 16:57:13,009 [WARN] PackLoader:240 - Cannot read IP mode file for STMicroelectronics.FP-SNS-MOTENV1.5.0.0
2024-06-28 16:57:13,019 [WARN] PackLoader:240 - Cannot read IP mode file for wolfSSL.I-CUBE-wolfMQTT.1.19.0
2024-06-28 16:57:13,039 [WARN] PackLoader:240 - Cannot read IP mode file for WES.I-CUBE-Cesium.1.3.0
2024-06-28 16:57:13,049 [WARN] PackLoader:240 - Cannot read IP mode file for STMicroelectronics.X-CUBE-BLE2.3.3.0
2024-06-28 16:57:13,069 [WARN] PackLoader:240 - Cannot read IP mode file for STMicroelectronics.X-CUBE-TCPP.4.1.0
2024-06-28 16:57:13,079 [WARN] PackLoader:240 - Cannot read IP mode file for STMicroelectronics.X-CUBE-TOUCHGFX.4.21.4
2024-06-28 16:57:13,099 [WARN] PackLoader:240 - Cannot read IP mode file for STMicroelectronics.X-CUBE-ALGOBUILD.1.3.0
2024-06-28 16:57:13,129 [WARN] PackLoader:240 - Cannot read IP mode file for STMicroelectronics.X-CUBE-AZRTOS-G0.1.1.0
2024-06-28 16:57:13,149 [WARN] PackLoader:240 - Cannot read IP mode file for STMicroelectronics.X-CUBE-SAFEA1.1.2.2
2024-06-28 16:57:13,169 [WARN] PackLoader:240 - Cannot read IP mode file for STMicroelectronics.X-CUBE-NFC4.3.0.0
2024-06-28 16:57:13,189 [WARN] PackLoader:240 - Cannot read IP mode file for STMicroelectronics.X-CUBE-BLEMGR.3.0.0
2024-06-28 16:57:13,199 [WARN] PackLoader:240 - Cannot read IP mode file for STMicroelectronics.FP-ATR-SIGFOX1.3.2.0
2024-06-28 16:57:13,219 [WARN] PackLoader:240 - Cannot read IP mode file for STMicroelectronics.X-CUBE-EEPRMA1.5.1.0
2024-06-28 16:57:13,259 [WARN] PackLoader:240 - Cannot read IP mode file for SEGGER.I-CUBE-embOS.1.3.1
2024-06-28 16:57:13,329 [WARN] PackLoader:240 - Cannot read IP mode file for STMicroelectronics.X-CUBE-ALGOBUILD.1.4.0
2024-06-28 16:57:13,349 [WARN] PackLoader:240 - Cannot read IP mode file for STMicroelectronics.X-CUBE-GNSS1.6.0.0
2024-06-28 16:57:13,379 [WARN] PackLoader:240 - Cannot read IP mode file for STMicroelectronics.X-CUBE-AZRTOS-F4.1.1.0
2024-06-28 16:57:13,399 [WARN] PackLoader:240 - Cannot read IP mode file for wolfSSL.I-CUBE-wolfSSL.5.6.0
2024-06-28 16:57:13,419 [WARN] PackLoader:240 - Cannot read IP mode file for STMicroelectronics.X-CUBE-FREERTOS.1.2.0
2024-06-28 16:57:13,459 [WARN] PackLoader:240 - Cannot read IP mode file for STMicroelectronics.X-CUBE-AZRTOS-L5.2.0.0
2024-06-28 16:57:13,539 [WARN] PackLoader:240 - Cannot read IP mode file for STMicroelectronics.X-CUBE-MEMS1.9.6.0
2024-06-28 16:57:13,729 [WARN] PackLoader:240 - Cannot read IP mode file for STMicroelectronics.X-CUBE-EEPRMA1.4.2.0
2024-06-28 16:57:13,749 [WARN] PackLoader:240 - Cannot read IP mode file for STMicroelectronics.X-CUBE-NFC6.3.1.0
2024-06-28 16:57:13,809 [WARN] PackLoader:240 - Cannot read IP mode file for ITTIA_DB.I-CUBE-ITTIADB.8.8.0
2024-06-28 16:57:13,829 [WARN] PackLoader:240 - Cannot read IP mode file for emotas.I-CUBE-CANOPEN.1.1.3
2024-06-28 16:57:13,839 [WARN] PackLoader:240 - Cannot read IP mode file for STMicroelectronics.X-CUBE-BLEMGR.2.0.0
2024-06-28 16:57:13,859 [WARN] PackLoader:240 - Cannot read IP mode file for STMicroelectronics.X-CUBE-AI.9.0.0
2024-06-28 16:57:13,889 [WARN] ConditionMgr:438 - getConditionDescription Invalid condition id : UX DEVICE CLASS RTOS Condition cause : null
2024-06-28 16:57:13,889 [WARN] ConditionMgr:438 - getConditionDescription Invalid condition id : UX DEVICE CLASS RTOS Condition cause : null
2024-06-28 16:57:13,889 [WARN] PackLoader:240 - Cannot read IP mode file for STMicroelectronics.X-CUBE-AZRTOS-H7.3.1.0
2024-06-28 16:57:13,889 [WARN] ConditionMgr:1039 - genDependencies : Invalid condition id : UX DEVICE CLASS RTOS Condition cause : null
2024-06-28 16:57:13,889 [WARN] ConditionMgr:1039 - genDependencies : Invalid condition id : UX DEVICE CLASS RTOS Condition cause : null
2024-06-28 16:57:13,889 [WARN] ConditionMgr:1039 - genDependencies : Invalid condition id : UX DEVICE CLASS RTOS Condition cause : null
2024-06-28 16:57:13,889 [WARN] ConditionMgr:1039 - genDependencies : Invalid condition id : UX DEVICE CLASS RTOS Condition cause : null
2024-06-28 16:57:13,889 [WARN] ConditionMgr:1039 - genDependencies : Invalid condition id : UX DEVICE CLASS RTOS Condition cause : null
2024-06-28 16:57:13,909 [WARN] PackLoader:240 - Cannot read IP mode file for STMicroelectronics.X-CUBE-NFC7.1.0.1
2024-06-28 16:57:13,929 [WARN] PackLoader:240 - Cannot read IP mode file for STMicroelectronics.X-CUBE-NFC7.1.0.0
2024-06-28 16:57:13,939 [WARN] PackLoader:240 - Cannot read IP mode file for STMicroelectronics.X-CUBE-NFC6.3.0.0
2024-06-28 16:57:13,959 [WARN] PackLoader:240 - Cannot read IP mode file for STMicroelectronics.X-CUBE-EEPRMA1.4.1.0
2024-06-28 16:57:13,969 [WARN] PackLoader:240 - Cannot read IP mode file for STMicroelectronics.X-CUBE-AI.8.1.0
2024-06-28 16:57:13,999 [WARN] ConditionMgr:438 - getConditionDescription Invalid condition id : LAN8742 Phy interface Condition cause : null
2024-06-28 16:57:13,999 [WARN] PackLoader:240 - Cannot read IP mode file for STMicroelectronics.X-CUBE-AZRTOS-L4.2.0.0
2024-06-28 16:57:13,999 [WARN] ConditionMgr:1039 - genDependencies : Invalid condition id : LAN8742 Phy interface Condition cause : null
2024-06-28 16:57:14,009 [WARN] ConditionMgr:1039 - genDependencies : Invalid condition id : LAN8742 Phy interface Condition cause : null
2024-06-28 16:57:14,009 [WARN] ConditionMgr:1039 - genDependencies : Invalid condition id : LAN8742 Phy interface Condition cause : null
2024-06-28 16:57:14,019 [WARN] PackLoader:240 - Cannot read IP mode file for STMicroelectronics.X-CUBE-SFXS2LP1.4.0.0
2024-06-28 16:57:14,039 [WARN] PackLoader:240 - Cannot read IP mode file for STMicroelectronics.X-CUBE-ISPU.1.1.0
2024-06-28 16:57:14,059 [WARN] ConditionMgr:438 - getConditionDescription Invalid condition id : UX DEVICE CLASS RTOS Condition cause : null
2024-06-28 16:57:14,059 [WARN] ConditionMgr:438 - getConditionDescription Invalid condition id : UX DEVICE CLASS RTOS Condition cause : null
2024-06-28 16:57:14,069 [WARN] PackLoader:240 - Cannot read IP mode file for STMicroelectronics.X-CUBE-AZRTOS-WB.2.0.0
2024-06-28 16:57:14,069 [WARN] ConditionMgr:1039 - genDependencies : Invalid condition id : UX DEVICE CLASS RTOS Condition cause : null
2024-06-28 16:57:14,069 [WARN] ConditionMgr:1039 - genDependencies : Invalid condition id : UX DEVICE CLASS RTOS Condition cause : null
2024-06-28 16:57:14,069 [WARN] ConditionMgr:1039 - genDependencies : Invalid condition id : UX DEVICE CLASS RTOS Condition cause : null
2024-06-28 16:57:14,069 [WARN] ConditionMgr:1039 - genDependencies : Invalid condition id : UX DEVICE CLASS RTOS Condition cause : null
2024-06-28 16:57:14,069 [WARN] ConditionMgr:1039 - genDependencies : Invalid condition id : UX DEVICE CLASS RTOS Condition cause : null
2024-06-28 16:57:14,079 [WARN] PackLoader:240 - Cannot read IP mode file for STMicroelectronics.X-CUBE-FREERTOS.1.0.1
2024-06-28 16:57:14,109 [WARN] PackLoader:240 - Cannot read IP mode file for STMicroelectronics.X-CUBE-AZRTOS-L5.1.1.0
2024-06-28 16:57:14,119 [WARN] PackLoader:240 - Cannot read IP mode file for STMicroelectronics.X-CUBE-AI.8.0.1
2024-06-28 16:57:14,139 [WARN] PackLoader:240 - Cannot read IP mode file for STMicroelectronics.X-CUBE-SUBG2.5.0.0
2024-06-28 16:57:14,159 [WARN] PackLoader:240 - Cannot read IP mode file for Cesanta.I-CUBE-Mongoose.7.13.0
2024-06-28 16:57:14,179 [WARN] PackLoader:240 - Cannot read IP mode file for STMicroelectronics.X-CUBE-TOF1.3.3.1
2024-06-28 16:57:14,219 [WARN] PackLoader:240 - Cannot read IP mode file for STMicroelectronics.X-CUBE-AZRTOS-G4.2.0.0
2024-06-28 16:57:14,249 [WARN] PackLoader:240 - Cannot read IP mode file for STMicroelectronics.X-CUBE-TOF1.3.3.0
2024-06-28 16:57:14,279 [WARN] PackLoader:240 - Cannot read IP mode file for Infineon.AIROC-Wi-Fi-Bluetooth-STM32.1.5.1
2024-06-28 16:57:14,299 [WARN] PackLoader:240 - Cannot read IP mode file for STMicroelectronics.FP-SNS-MOTENVWB1.1.3.0
2024-06-28 16:57:14,309 [WARN] PackLoader:240 - Cannot read IP mode file for STMicroelectronics.FP-SNS-MOTENVWB1.1.3.1
2024-06-28 16:57:14,319 [WARN] PackLoader:240 - Cannot read IP mode file for STMicroelectronics.X-CUBE-ISPU.2.0.0
2024-06-28 16:57:14,339 [WARN] PackLoader:240 - Cannot read IP mode file for STMicroelectronics.X-CUBE-ALS.1.0.2
2024-06-28 16:57:14,389 [WARN] PackLoader:240 - Cannot read IP mode file for STMicroelectronics.X-CUBE-MEMS1.10.0.0
2024-06-28 16:57:14,509 [WARN] PackLoader:240 - Cannot read IP mode file for STMicroelectronics.X-CUBE-FREERTOS.1.1.0
2024-06-28 16:57:14,529 [WARN] PackLoader:240 - Cannot read IP mode file for STMicroelectronics.X-CUBE-TOUCHGFX.4.24.0
2024-06-28 16:57:14,549 [WARN] PackLoader:240 - Cannot read IP mode file for portGmbH.I-Cube-SoM-uGOAL.1.1.0
2024-06-28 16:57:14,559 [WARN] PackLoader:240 - Cannot read IP mode file for STMicroelectronics.X-CUBE-ALS.1.0.1
2024-06-28 16:57:14,589 [WARN] PackLoader:240 - Cannot read IP mode file for STMicroelectronics.X-CUBE-AZRTOS-WB.1.1.0
2024-06-28 16:57:14,629 [WARN] PackLoader:240 - Cannot read IP mode file for STMicroelectronics.X-CUBE-AZRTOS-H7RS.1.0.0
2024-06-28 16:57:14,649 [WARN] PackLoader:240 - Cannot read IP mode file for STMicroelectronics.FP-ATR-ASTRA1.2.0.0
2024-06-28 16:57:14,679 [WARN] PackLoader:240 - Cannot read IP mode file for STMicroelectronics.X-CUBE-TOF1.3.4.0
2024-06-28 16:57:14,719 [WARN] PackLoader:240 - Cannot read IP mode file for STMicroelectronics.X-CUBE-TOF1.3.4.1
2024-06-28 16:57:14,749 [WARN] PackLoader:240 - Cannot read IP mode file for STMicroelectronics.X-CUBE-AZRTOS-H7.3.2.0
2024-06-28 16:57:14,759 [INFO] ThirdParty:978 - Integrity check success = true
2024-06-28 16:57:14,759 [INFO] IntegrityCheckThread:100 - exiting critical section [integrity check]
2024-06-28 16:57:14,759 [INFO] IntegrityCheckThread:103 - End integrity checks thread
2024-06-28 16:57:14,759 [INFO] ThirdParty:873 - entering critical section [close project]
2024-06-28 16:57:14,779 [INFO] ThirdParty:883 - exiting critical section [close project]
2024-06-28 16:57:14,789 [INFO] PinOutPanel:1499 - setPackage(No Configuration,No Configuration)
2024-06-28 16:57:14,799 [INFO] UtilMem:75 - Begin LoadConfig() Used Memory: 613688024 Bytes (618659840)
2024-06-28 16:57:14,809 [INFO] MicroXplorer:468 - Change Database Path : 
2024-06-28 16:57:14,809 [INFO] MicroXplorer:498 - Change Database Version : DB.6.0.81
2024-06-28 16:57:14,809 [INFO] OpenFileManager:308 - Change cursor
2024-06-28 16:57:14,859 [INFO] Mcu:1937 - Initializing MCU STM32L152RETx STM32L152RETx STM32L152RET6
2024-06-28 16:57:16,791 [INFO] Context:659 - Trying to add GPIOservice into a context  which must be forbidden
2024-06-28 16:57:17,535 [INFO] RtosManager:555 - Registered RTOS mode: class=CMSIS, group=RTOS, mode=CMSIS_V1, owner=FREERTOS
2024-06-28 16:57:17,535 [INFO] RtosManager:555 - Registered RTOS mode: class=CMSIS, group=RTOS2, mode=CMSIS_V2, owner=FREERTOS
2024-06-28 16:57:17,535 [INFO] RtosManager:555 - Registered RTOS mode: class=RTOS, group=Core, mode=CMSIS_V1, owner=FREERTOS
2024-06-28 16:57:17,535 [INFO] RtosManager:555 - Registered RTOS mode: class=RTOS, group=Core, mode=CMSIS_V2, owner=FREERTOS
2024-06-28 16:57:17,535 [WARN] ModelIntegratedComponent:184 - Missing modes for component STMicroelectronics:FreeRTOS:0.0.1:STMicroelectronics:RTOS:FreeRTOS:Core:::10.2.0:
2024-06-28 16:57:17,555 [WARN] ModelIntegratedComponent:63 - No mode defined for component null
2024-06-28 16:57:17,565 [WARN] ModelIntegratedComponent:63 - No mode defined for component null
2024-06-28 16:57:17,565 [WARN] ModelIntegratedComponent:63 - No mode defined for component null
2024-06-28 16:57:17,565 [WARN] ModelIntegratedComponent:63 - No mode defined for component null
2024-06-28 16:57:17,565 [WARN] ModelIntegratedComponent:63 - No mode defined for component null
2024-06-28 16:57:17,565 [WARN] ModelIntegratedComponent:63 - No mode defined for component null
2024-06-28 16:57:17,565 [WARN] ModelIntegratedComponent:63 - No mode defined for component null
2024-06-28 16:57:17,565 [WARN] ModelIntegratedComponent:63 - No mode defined for component null
2024-06-28 16:57:17,565 [WARN] ModelIntegratedComponent:63 - No mode defined for component null
2024-06-28 16:57:17,565 [WARN] ModelIntegratedComponent:63 - No mode defined for component null
2024-06-28 16:57:17,565 [WARN] ModelIntegratedComponent:63 - No mode defined for component null
2024-06-28 16:57:17,565 [WARN] ModelIntegratedComponent:63 - No mode defined for component null
2024-06-28 16:57:17,565 [WARN] ModelIntegratedComponent:63 - No mode defined for component null
2024-06-28 16:57:17,565 [WARN] ModelIntegratedComponent:63 - No mode defined for component null
2024-06-28 16:57:17,565 [WARN] ModelIntegratedComponent:63 - No mode defined for component null
2024-06-28 16:57:17,565 [WARN] ModelIntegratedComponent:63 - No mode defined for component null
2024-06-28 16:57:17,565 [WARN] ModelIntegratedComponent:63 - No mode defined for component null
2024-06-28 16:57:17,565 [WARN] ModelIntegratedComponent:63 - No mode defined for component null
2024-06-28 16:57:17,565 [WARN] ModelIntegratedComponent:63 - No mode defined for component null
2024-06-28 16:57:17,565 [WARN] ModelIntegratedComponent:63 - No mode defined for component null
2024-06-28 16:57:17,565 [WARN] ModelIntegratedComponent:63 - No mode defined for component null
2024-06-28 16:57:17,565 [WARN] ModelIntegratedComponent:63 - No mode defined for component null
2024-06-28 16:57:17,565 [WARN] ModelIntegratedComponent:63 - No mode defined for component null
2024-06-28 16:57:17,565 [WARN] ModelIntegratedComponent:63 - No mode defined for component null
2024-06-28 16:57:17,565 [WARN] ModelIntegratedComponent:63 - No mode defined for component null
2024-06-28 16:57:17,565 [WARN] ModelIntegratedComponent:63 - No mode defined for component null
2024-06-28 16:57:17,565 [WARN] ModelIntegratedComponent:63 - No mode defined for component null
2024-06-28 16:57:17,565 [WARN] ModelIntegratedComponent:63 - No mode defined for component null
2024-06-28 16:57:17,565 [WARN] ModelIntegratedComponent:63 - No mode defined for component null
2024-06-28 16:57:17,565 [WARN] ModelIntegratedComponent:63 - No mode defined for component null
2024-06-28 16:57:17,565 [WARN] ModelIntegratedComponent:63 - No mode defined for component null
2024-06-28 16:57:17,565 [WARN] ModelIntegratedComponent:63 - No mode defined for component null
2024-06-28 16:57:17,565 [WARN] ModelIntegratedComponent:63 - No mode defined for component null
2024-06-28 16:57:17,695 [INFO] ThirdPartyModel:298 - Start build external matchings
2024-06-28 16:57:18,566 [INFO] ThirdPartyModel:316 - End build external matchings
2024-06-28 16:57:18,626 [INFO] ImportTextPane:194 - (OptionalMessage_ERROR) IP (RCC) : Invalid parameter (FamilyName)
2024-06-28 16:57:18,626 [INFO] ImportTextPane:194 - (OptionalMessage_ERROR) IP (RCC) : Parameter (RTCHSEDivFreq_Value) has invalid value (4000000)
2024-06-28 16:57:18,626 [INFO] ImportTextPane:194 - (OptionalMessage_ERROR) IP (RCC) : Invalid parameter (TIMFreq_Value)
2024-06-28 16:57:18,626 [INFO] ImportTextPane:194 - (OptionalMessage_ERROR) IP (RCC) : Invalid parameter (USBOutput)
2024-06-28 16:57:18,943 [INFO] UtilMem:75 - End LoadConfig() Used Memory: 600136744 Bytes (680525824)
2024-06-28 16:57:19,073 [INFO] ApiDb:581 - Connected to CubeFinder SQLite database (C:\Users\marci\.stmcufinder\plugins\mcufinder\mcu\cube-finder-db.db)
2024-06-28 16:57:19,183 [INFO] ApiDb:668 - CubeFinder database Data Model version=2.1
2024-06-28 16:57:19,183 [INFO] ApiDb:669 - CubeFinder database Configuration version=3.0.39
2024-06-28 16:57:19,183 [INFO] ApiDb:670 - CubeFinder database generation date=2024-06-05 (1717578087)
2024-06-28 16:57:19,183 [INFO] ApiDb:671 - CubeFinder database FW Pack versions=[FP-ATR-ASTRA1_V2.0.0, FP-SNS-FLIGHT1_V5.0.1, FP-SNS-FLIGHT1_V5.0.2, FP-SNS-MOTENV1_V4.3.1, FP-SNS-MOTENV1_V4.3.2, FP-SNS-MOTENV1_V5.0.0, FP-SNS-MOTENVWB1_V1.4.0, FP-SNS-SMARTAG2_V1.2.0, STM32Cube_FW_C0_V1.1.0, STM32Cube_FW_F4_V1.28.0, STM32Cube_FW_F7_V1.17.2, STM32Cube_FW_G0_V1.6.2, STM32Cube_FW_G4_V1.5.2, STM32Cube_FW_H5_V0.5.1, STM32Cube_FW_H5_V1.1.1, STM32Cube_FW_H5_V1.2.0, STM32Cube_FW_H5_V1.2.0RC4, STM32Cube_FW_H7RS_V1.0.0, STM32Cube_FW_H7RS_V1.0.0RC4, STM32Cube_FW_H7_V1.11.2, STM32Cube_FW_L0_V1.12.2, STM32Cube_FW_L5_V1.5.1, STM32Cube_FW_U0_V1.0.0, STM32Cube_FW_U0_V1.0.0RC1, STM32Cube_FW_U5_V1.3.0RC4, STM32Cube_FW_U5_V1.5.0, STM32Cube_FW_U5_V1.5.0RC1, STM32Cube_FW_WBA_V1.0.0RC1, STM32Cube_FW_WBA_V1.2.0, STM32Cube_FW_WBA_V1.2.0RC2, STM32Cube_FW_WBA_V1.3.0RC1, STM32Cube_FW_WBA_V1.3.1, STM32Cube_FW_WB_V1.15.0RC1, STM32Cube_FW_WB_V1.16.0, STM32Cube_FW_WB_V1.16.0RC2, STM32Cube_FW_WB_V1.18.0, STM32Cube_FW_WB_V1.19.0, STM32Cube_FW_WL_V1.3.0, X-CUBE-ALGOBUILD_V1.4.0, X-CUBE-ALS_V1.0.1, X-CUBE-ALS_V1.0.2, X-CUBE-AZRTOS-F4_V1.1.0, X-CUBE-AZRTOS-F7_V1.1.0, X-CUBE-AZRTOS-G0_V1.1.0, X-CUBE-AZRTOS-G4_V2.0.0, X-CUBE-AZRTOS-H7RS_V1.0.0, X-CUBE-AZRTOS-H7_V3.2.0, X-CUBE-AZRTOS-L4_V1.0.0, X-CUBE-AZRTOS-L4_V2.0.0, X-CUBE-AZRTOS-L5_V1.1.0, X-CUBE-AZRTOS-WB_V2.0.0, X-CUBE-AZRTOS-WL_V2.0.0, X-CUBE-BLE1_V7.0.0, X-CUBE-BLE2_V3.3.0, X-CUBE-BLEMGR_V3.1.0, X-CUBE-EEPRMA1_V4.1.0, X-CUBE-EEPRMA1_V5.1.0, X-CUBE-FREERTOS_V1.2.0, X-CUBE-GNSS1_V6.0.0, X-CUBE-MEMS1_V10.0.0, X-CUBE-MEMS1_V9.1.0, X-CUBE-MEMS1_V9.4.0, X-CUBE-MEMS1_V9.6.0, X-CUBE-NFC4_V3.0.0, X-CUBE-NFC7_V1.0.1, X-CUBE-SFXS2LP1_V4.0.0, X-CUBE-SUBG2_V5.0.0, X-CUBE-TOF1_V3.4.1]
2024-06-28 16:57:22,133 [INFO] ApiDb:240 - Found 297 in-development CPN: [B-G473E-ZEST1S, B-WB1M-WPAN1, B-WL5M-SUBG1, NUCLEO-C031C6, NUCLEO-H503RB, NUCLEO-H563ZI, NUCLEO-U545RE-Q, NUCLEO-U5A5ZJ-Q, NUCLEO-WBA52CG, STEVAL-PROTEUS1, STEVAL-STWINBX1, STM320518-EVAL, STM32C0116-DK, STM32C011D6Y3TR, STM32C011D6Y6TR, STM32C011F4P3, STM32C011F4P6, STM32C011F4U3, STM32C011F4U6TR, STM32C011F6P3, STM32C011F6P6, STM32C011F6U3, STM32C011F6U6TR, STM32C011J4M3, STM32C011J4M6, STM32C011J6M3, STM32C011J6M6, STM32C0316-DK, STM32C031C4T3, STM32C031C4T6, STM32C031C4U3, STM32C031C4U6, STM32C031C6T3, STM32C031C6T6, STM32C031C6U3, STM32C031C6U6, STM32C031F4P3, STM32C031F4P6, STM32C031F6P3, STM32C031F6P6, STM32C031G4U3, STM32C031G4U6, STM32C031G6U3, STM32C031G6U6, STM32C031K4T3, STM32C031K4T6, STM32C031K4U3, STM32C031K4U6, STM32C031K6T3, STM32C031K6T6, STM32C031K6U3, STM32C031K6U6, STM32G071K8TXN, STM32G071K8UXN, STM32G081GBU6N, STM32G081KBT6N, STM32G081KBUXN, STM32G0B1CCT6N, STM32G0B1KCT6, STM32G0B1NEY6TR, STM32G0B1RCT6N, STM32G0C1CCT6, STM32G0C1CCT6N, STM32G0C1CCU6N, STM32G0C1CET6N, STM32G0C1CEU6N, STM32G0C1KCT6, STM32G0C1NEY6TR, STM32G0C1RCI6N, STM32G0C1RCT6N, STM32G0C1REI6N, STM32G0C1RET6N, STM32G0C1VCI6, STM32G0C1VEI6, STM32G471CCT6, STM32G471CCU6, STM32G471CET3, STM32G471CET6, STM32G471CEU3, STM32G471CEU6, STM32G471MCT6, STM32G471MET3, STM32G471MET6, STM32G471MEY6TR, STM32G471QCT6, STM32G471QET3, STM32G471RCT6, STM32G471RET3, STM32G471RET6, STM32G471VCH6, STM32G471VCI6, STM32G471VCT6, STM32G471VEH3, STM32G471VEH6, STM32G471VEI3, STM32G471VEI6, STM32G471VET3, STM32G471VET6, STM32G474CCT6, STM32H503CBT6, STM32H503CBU6, STM32H503EBY6TR, STM32H503KBU6, STM32H503RBT6, STM32H562AGI6, STM32H562AII6, STM32H562IGK6, STM32H562IGT6, STM32H562IIK6, STM32H562IIT6, STM32H562RGT6, STM32H562RGV6, STM32H562RIT6, STM32H562RIV6, STM32H562VGT6, STM32H562VIT6, STM32H562ZGT6, STM32H562ZIT6, STM32H563AGI6, STM32H563AII3Q, STM32H563AII6, STM32H563IGK6, STM32H563IGT6, STM32H563IIK3Q, STM32H563IIK6, STM32H563IIT3Q, STM32H563IIT6, STM32H563MIY3QTR, STM32H563RGT6, STM32H563RGV6, STM32H563RIT6, STM32H563RIV6, STM32H563VGT6, STM32H563VIT3Q, STM32H563VIT6, STM32H563ZGT6, STM32H563ZIT3Q, STM32H563ZIT6, STM32H573AII3Q, STM32H573AII6, STM32H573I-DK, STM32H573IIK3Q, STM32H573IIK6, STM32H573IIT3Q, STM32H573IIT6, STM32H573MIY3QTR, STM32H573RIT6, STM32H573RIV6, STM32H573VIT3Q, STM32H573VIT6, STM32H573ZIT3Q, STM32H573ZIT6, STM32L4R5QGI6STR, STM32MP131AAE3, STM32MP131AAF3, STM32MP131AAG3, STM32MP131CAE3, STM32MP131CAF3, STM32MP131CAG3, STM32MP131DAE7, STM32MP131DAF7, STM32MP131DAG7, STM32MP131FAE7, STM32MP131FAF7, STM32MP131FAG7, STM32MP133AAE3, STM32MP133AAF3, STM32MP133AAG3, STM32MP133CAE3, STM32MP133CAF3, STM32MP133CAG3, STM32MP133DAE7, STM32MP133DAF7, STM32MP133DAG7, STM32MP133FAE7, STM32MP133FAF7, STM32MP133FAG7, STM32MP135AAE3, STM32MP135AAF3, STM32MP135AAG3, STM32MP135CAE3, STM32MP135CAF3, STM32MP135CAG3, STM32MP135DAE7, STM32MP135DAF7, STM32MP135DAG7, STM32MP135F-DK, STM32MP135FAE7, STM32MP135FAF7, STM32MP135FAF7T, STM32MP135FAF7U, STM32MP135FAG7, STM32U535CBT6, STM32U535CBT6Q, STM32U535CBU6, STM32U535CBU6Q, STM32U535CCT6, STM32U535CCT6Q, STM32U535CCU6, STM32U535CCU6Q, STM32U535CET6, STM32U535CET6Q, STM32U535CEU6, STM32U535CEU6Q, STM32U535JEY6QTR, STM32U535NCY6QTR, STM32U535NEY6QTR, STM32U535RBI6, STM32U535RBI6Q, STM32U535RBT6, STM32U535RBT6Q, STM32U535RCI6, STM32U535RCI6Q, STM32U535RCT6, STM32U535RCT6Q, STM32U535REI6, STM32U535REI6Q, STM32U535RET6, STM32U535RET6Q, STM32U535VCI6, STM32U535VCI6Q, STM32U535VCT6, STM32U535VCT6Q, STM32U535VEI6, STM32U535VEI6Q, STM32U535VET6, STM32U535VET6Q, STM32U545CET6, STM32U545CET6Q, STM32U545CEU6, STM32U545CEU6Q, STM32U545JEY6QTR, STM32U545NEY6QTR, STM32U545REI6, STM32U545REI6Q, STM32U545RET6, STM32U545RET6Q, STM32U545VEI6, STM32U545VEI6Q, STM32U545VET6, STM32U545VET6Q, STM32U595AIH6, STM32U595AIH6Q, STM32U595AJH6, STM32U595AJH6Q, STM32U595QII6, STM32U595QII6Q, STM32U595QJI6, STM32U595QJI6Q, STM32U595RIT6, STM32U595RIT6Q, STM32U595RJT6, STM32U595RJT6Q, STM32U595VIT6, STM32U595VIT6Q, STM32U595VJT6, STM32U595VJT6Q, STM32U595ZIT6, STM32U595ZIT6Q, STM32U595ZIY6QTR, STM32U595ZJT6, STM32U595ZJT6Q, STM32U595ZJY6QTR, STM32U599BJY6QTR, STM32U599NIH6Q, STM32U599NJH6Q, STM32U599VIT6Q, STM32U599VJT6, STM32U599VJT6Q, STM32U599ZIT6Q, STM32U599ZIY6QTR, STM32U599ZJT6Q, STM32U599ZJY6QTR, STM32U5A5AJH6, STM32U5A5AJH6Q, STM32U5A5QJI6, STM32U5A5QJI6Q, STM32U5A5RJT6, STM32U5A5RJT6Q, STM32U5A5VJT6, STM32U5A5VJT6Q, STM32U5A5ZJT6, STM32U5A5ZJT6Q, STM32U5A5ZJY6QTR, STM32U5A9BJY6QTR, STM32U5A9J-DK, STM32U5A9NJH6Q, STM32U5A9VJT6Q, STM32U5A9ZJT6Q, STM32U5A9ZJY6QTR, STM32WB1MMCH6, STM32WBA52CEU6, STM32WBA52CEU6T, STM32WBA52CGU6, STM32WBA52CGU6T, STM32WL5MOCH6, STM32WL5MOCH6TR]
2024-06-28 16:57:22,133 [INFO] DbMcus:216 - Found 4066 MCUs, 4066 are supported
2024-06-28 16:57:22,143 [INFO] ApiDb:423 - Load user favorites file C:\Users\marci/.stm32cubeide/favorites.mcus.txt: 0 item(s)
2024-06-28 16:57:22,143 [INFO] ApiDb:427 - User favorites MCUs=[]
2024-06-28 16:57:22,143 [INFO] DbMcus:222 - Set 0 / 0 favorites MCUs
2024-06-28 16:57:22,664 [WARN] ThirdParty:833 - waiting for thirdparty lock release [change project]
2024-06-28 16:57:22,664 [INFO] ThirdParty:835 - entering critical section [change project]
2024-06-28 16:57:22,664 [INFO] ThirdParty:1030 - CMSIS Pack Vendor :STMicroelectronics X-CUBE-ISPU 1.1.0
2024-06-28 16:57:22,664 [INFO] ThirdParty:1030 - CMSIS Pack Vendor :STMicroelectronics X-CUBE-GNSS1 6.0.0
2024-06-28 16:57:22,664 [INFO] ThirdParty:1030 - CMSIS Pack Vendor :STMicroelectronics USB_HOST 2.0.0
2024-06-28 16:57:22,664 [INFO] ThirdParty:1030 - CMSIS Pack Vendor :STMicroelectronics FP-SNS-MOTENVWB1 1.4.0
2024-06-28 16:57:22,664 [INFO] ThirdParty:1030 - CMSIS Pack Vendor :STMicroelectronics X-CUBE-AZRTOS-F4 1.1.0
2024-06-28 16:57:22,664 [INFO] ThirdParty:1030 - CMSIS Pack Vendor :STMicroelectronics LIBJPEG 8.0.0
2024-06-28 16:57:22,664 [INFO] ThirdParty:1030 - CMSIS Pack Vendor :STMicroelectronics X-CUBE-SMBUS 2.1.0
2024-06-28 16:57:22,664 [INFO] ThirdParty:1030 - CMSIS Pack Vendor :wolfSSL I-CUBE-wolfSSL 5.6.0
2024-06-28 16:57:22,664 [INFO] ThirdParty:1030 - CMSIS Pack Vendor :STMicroelectronics USB_DEVICE 3.0.0
2024-06-28 16:57:22,664 [INFO] ThirdParty:1030 - CMSIS Pack Vendor :STMicroelectronics X-CUBE-TCPP 4.1.0
2024-06-28 16:57:22,664 [INFO] ThirdParty:1030 - CMSIS Pack Vendor :STMicroelectronics X-CUBE-FREERTOS 1.2.0
2024-06-28 16:57:22,664 [INFO] ThirdParty:1030 - CMSIS Pack Vendor :STMicroelectronics X-CUBE-AZRTOS-WB 2.0.0
2024-06-28 16:57:22,664 [INFO] ThirdParty:1030 - CMSIS Pack Vendor :STMicroelectronics X-CUBE-FREERTOS 1.0.1
2024-06-28 16:57:22,664 [INFO] ThirdParty:1030 - CMSIS Pack Vendor :STMicroelectronics X-CUBE-TOUCHGFX 4.23.0
2024-06-28 16:57:22,664 [INFO] ThirdParty:1030 - CMSIS Pack Vendor :STMicroelectronics X-CUBE-TOUCHGFX 4.23.2
2024-06-28 16:57:22,664 [INFO] ThirdParty:1030 - CMSIS Pack Vendor :STMicroelectronics X-CUBE-AZRTOS-F7 1.1.0
2024-06-28 16:57:22,664 [INFO] ThirdParty:1030 - CMSIS Pack Vendor :STMicroelectronics X-CUBE-TOUCHGFX 4.21.4
2024-06-28 16:57:22,664 [INFO] ThirdParty:1030 - CMSIS Pack Vendor :STMicroelectronics X-CUBE-AZRTOS-L5 2.0.0
2024-06-28 16:57:22,664 [INFO] ThirdParty:1030 - CMSIS Pack Vendor :STMicroelectronics USB_DEVICE 2.0.0
2024-06-28 16:57:22,664 [INFO] ThirdParty:1030 - CMSIS Pack Vendor :STMicroelectronics X-CUBE-MEMS1 9.6.0
2024-06-28 16:57:22,664 [INFO] ThirdParty:1030 - CMSIS Pack Vendor :STMicroelectronics X-CUBE-EEPRMA1 4.2.0
2024-06-28 16:57:22,664 [INFO] ThirdParty:1030 - CMSIS Pack Vendor :STMicroelectronics X-CUBE-NFC6 3.1.0
2024-06-28 16:57:22,664 [INFO] ThirdParty:1030 - CMSIS Pack Vendor :ITTIA_DB I-CUBE-ITTIADB 8.8.0
2024-06-28 16:57:22,664 [INFO] ThirdParty:1030 - CMSIS Pack Vendor :STMicroelectronics FP-SNS-MOTENV1 4.3.2
2024-06-28 16:57:22,664 [INFO] ThirdParty:1030 - CMSIS Pack Vendor :STMicroelectronics FP-SNS-MOTENV1 4.3.1
2024-06-28 16:57:22,664 [INFO] ThirdParty:1030 - CMSIS Pack Vendor :STMicroelectronics FP-SNS-FLIGHT1 5.0.1
2024-06-28 16:57:22,664 [INFO] ThirdParty:1030 - CMSIS Pack Vendor :STMicroelectronics X-CUBE-ALGOBUILD 1.3.0
2024-06-28 16:57:22,664 [INFO] ThirdParty:1030 - CMSIS Pack Vendor :STMicroelectronics X-CUBE-BLE1 6.2.4
2024-06-28 16:57:22,664 [INFO] ThirdParty:1030 - CMSIS Pack Vendor :STMicroelectronics X-CUBE-AZRTOS-L5 1.1.0
2024-06-28 16:57:22,664 [INFO] ThirdParty:1030 - CMSIS Pack Vendor :STMicroelectronics FreeRTOS 0.0.1
2024-06-28 16:57:22,664 [INFO] ThirdParty:1030 - CMSIS Pack Vendor :STMicroelectronics X-CUBE-AZRTOS-G0 1.1.0
2024-06-28 16:57:22,664 [INFO] ThirdParty:1030 - CMSIS Pack Vendor :emotas I-CUBE-CANOPEN 1.1.3
2024-06-28 16:57:22,664 [INFO] ThirdParty:1030 - CMSIS Pack Vendor :STMicroelectronics X-CUBE-BLEMGR 2.0.0
2024-06-28 16:57:22,664 [INFO] ThirdParty:1030 - CMSIS Pack Vendor :STMicroelectronics X-CUBE-AI 8.0.1
2024-06-28 16:57:22,664 [INFO] ThirdParty:1030 - CMSIS Pack Vendor :STMicroelectronics X-CUBE-SAFEA1 1.2.2
2024-06-28 16:57:22,664 [INFO] ThirdParty:1030 - CMSIS Pack Vendor :STMicroelectronics X-CUBE-NFC4 3.0.0
2024-06-28 16:57:22,664 [INFO] ThirdParty:1030 - CMSIS Pack Vendor :STMicroelectronics X-CUBE-SUBG2 5.0.0
2024-06-28 16:57:22,664 [INFO] ThirdParty:1030 - CMSIS Pack Vendor :STMicroelectronics STM32_WPAN 1.0.0
2024-06-28 16:57:22,664 [INFO] ThirdParty:1030 - CMSIS Pack Vendor :STMicroelectronics lwIP 2.0.3
2024-06-28 16:57:22,664 [INFO] ThirdParty:1030 - CMSIS Pack Vendor :STMicroelectronics FP-SNS-FLIGHT1 5.0.2
2024-06-28 16:57:22,664 [INFO] ThirdParty:1030 - CMSIS Pack Vendor :Cesanta I-CUBE-Mongoose 7.13.0
2024-06-28 16:57:22,664 [INFO] ThirdParty:1030 - CMSIS Pack Vendor :STMicroelectronics USB_HOST 1.0.0
2024-06-28 16:57:22,664 [INFO] ThirdParty:1030 - CMSIS Pack Vendor :STMicroelectronics X-CUBE-TOF1 3.3.1
2024-06-28 16:57:22,664 [INFO] ThirdParty:1030 - CMSIS Pack Vendor :STMicroelectronics X-CUBE-AI 9.0.0
2024-06-28 16:57:22,664 [INFO] ThirdParty:1030 - CMSIS Pack Vendor :STMicroelectronics X-CUBE-AZRTOS-G4 2.0.0
2024-06-28 16:57:22,664 [INFO] ThirdParty:1030 - CMSIS Pack Vendor :STMicroelectronics PDM2PCM 3.1.0
2024-06-28 16:57:22,664 [INFO] ThirdParty:1030 - CMSIS Pack Vendor :STMicroelectronics X-CUBE-AZRTOS-H7 3.1.0
2024-06-28 16:57:22,664 [INFO] ThirdParty:1030 - CMSIS Pack Vendor :STMicroelectronics X-CUBE-TOF1 3.3.0
2024-06-28 16:57:22,664 [INFO] ThirdParty:1030 - CMSIS Pack Vendor :Infineon AIROC-Wi-Fi-Bluetooth-STM32 1.5.1
2024-06-28 16:57:22,664 [INFO] ThirdParty:1030 - CMSIS Pack Vendor :STMicroelectronics X-CUBE-BLEMGR 3.0.0
2024-06-28 16:57:22,664 [INFO] ThirdParty:1030 - CMSIS Pack Vendor :STMicroelectronics PDM2PCM 3.3.0
2024-06-28 16:57:22,664 [INFO] ThirdParty:1030 - CMSIS Pack Vendor :STMicroelectronics X-CUBE-DISPLAY 3.0.0
2024-06-28 16:57:22,664 [INFO] ThirdParty:1030 - CMSIS Pack Vendor :STMicroelectronics FP-SNS-MOTENVWB1 1.3.0
2024-06-28 16:57:22,664 [INFO] ThirdParty:1030 - CMSIS Pack Vendor :STMicroelectronics FP-SNS-MOTENVWB1 1.3.1
2024-06-28 16:57:22,664 [INFO] ThirdParty:1030 - CMSIS Pack Vendor :STMicroelectronics X-CUBE-BLE1 7.0.0
2024-06-28 16:57:22,664 [INFO] ThirdParty:1030 - CMSIS Pack Vendor :STMicroelectronics FP-ATR-SIGFOX1 3.2.0
2024-06-28 16:57:22,664 [INFO] ThirdParty:1030 - CMSIS Pack Vendor :STMicroelectronics X-CUBE-ISPU 2.0.0
2024-06-28 16:57:22,664 [INFO] ThirdParty:1030 - CMSIS Pack Vendor :STMicroelectronics X-CUBE-EEPRMA1 5.1.0
2024-06-28 16:57:22,664 [INFO] ThirdParty:1030 - CMSIS Pack Vendor :STMicroelectronics HAL Drivers 0.0.0
2024-06-28 16:57:22,664 [INFO] ThirdParty:1030 - CMSIS Pack Vendor :STMicroelectronics MBEDTLS 2.16.2
2024-06-28 16:57:22,664 [INFO] ThirdParty:1030 - CMSIS Pack Vendor :STMicroelectronics X-CUBE-ALS 1.0.2
2024-06-28 16:57:22,664 [INFO] ThirdParty:1030 - CMSIS Pack Vendor :STMicroelectronics X-CUBE-MEMS1 10.0.0
2024-06-28 16:57:22,664 [INFO] ThirdParty:1030 - CMSIS Pack Vendor :STMicroelectronics X-CUBE-FREERTOS 1.1.0
2024-06-28 16:57:22,664 [INFO] ThirdParty:1030 - CMSIS Pack Vendor :STMicroelectronics X-CUBE-TOUCHGFX 4.22.0
2024-06-28 16:57:22,664 [INFO] ThirdParty:1030 - CMSIS Pack Vendor :STMicroelectronics X-CUBE-NFC7 1.0.1
2024-06-28 16:57:22,664 [INFO] ThirdParty:1030 - CMSIS Pack Vendor :STMicroelectronics MBEDTLS 2.14.1
2024-06-28 16:57:22,664 [INFO] ThirdParty:1030 - CMSIS Pack Vendor :STMicroelectronics X-CUBE-NFC7 1.0.0
2024-06-28 16:57:22,664 [INFO] ThirdParty:1030 - CMSIS Pack Vendor :STMicroelectronics X-CUBE-TOUCHGFX 4.24.0
2024-06-28 16:57:22,664 [INFO] ThirdParty:1030 - CMSIS Pack Vendor :STMicroelectronics X-CUBE-TOUCHGFX 4.22.1
2024-06-28 16:57:22,664 [INFO] ThirdParty:1030 - CMSIS Pack Vendor :STMicroelectronics X-CUBE-NFC6 3.0.0
2024-06-28 16:57:22,664 [INFO] ThirdParty:1030 - CMSIS Pack Vendor :STMicroelectronics X-CUBE-EEPRMA1 4.1.0
2024-06-28 16:57:22,664 [INFO] ThirdParty:1030 - CMSIS Pack Vendor :portGmbH I-Cube-SoM-uGOAL 1.1.0
2024-06-28 16:57:22,664 [INFO] ThirdParty:1030 - CMSIS Pack Vendor :STMicroelectronics X-CUBE-ALS 1.0.1
2024-06-28 16:57:22,664 [INFO] ThirdParty:1030 - CMSIS Pack Vendor :STMicroelectronics X-CUBE-BLEMGR 3.1.0
2024-06-28 16:57:22,664 [INFO] ThirdParty:1030 - CMSIS Pack Vendor :STMicroelectronics ThreadX 1.0.0
2024-06-28 16:57:22,664 [INFO] ThirdParty:1030 - CMSIS Pack Vendor :STMicroelectronics FP-SNS-SMARTAG2 1.2.0
2024-06-28 16:57:22,664 [INFO] ThirdParty:1030 - CMSIS Pack Vendor :STMicroelectronics X-CUBE-AZRTOS-WB 1.1.0
2024-06-28 16:57:22,664 [INFO] ThirdParty:1030 - CMSIS Pack Vendor :STMicroelectronics X-CUBE-AZRTOS-WL 2.0.0
2024-06-28 16:57:22,664 [INFO] ThirdParty:1030 - CMSIS Pack Vendor :SEGGER I-CUBE-embOS 1.3.1
2024-06-28 16:57:22,664 [INFO] ThirdParty:1030 - CMSIS Pack Vendor :STMicroelectronics X-CUBE-ALGOBUILD 1.4.0
2024-06-28 16:57:22,664 [INFO] ThirdParty:1030 - CMSIS Pack Vendor :STMicroelectronics FP-SNS-MOTENV1 5.0.0
2024-06-28 16:57:22,664 [INFO] ThirdParty:1030 - CMSIS Pack Vendor :STMicroelectronics USB_DEVICE 1.0.0
2024-06-28 16:57:22,664 [INFO] ThirdParty:1030 - CMSIS Pack Vendor :STMicroelectronics X-CUBE-AI 8.1.0
2024-06-28 16:57:22,664 [INFO] ThirdParty:1030 - CMSIS Pack Vendor :STMicroelectronics X-CUBE-AZRTOS-H7RS 1.0.0
2024-06-28 16:57:22,664 [INFO] ThirdParty:1030 - CMSIS Pack Vendor :wolfSSL I-CUBE-wolfMQTT 1.19.0
2024-06-28 16:57:22,664 [INFO] ThirdParty:1030 - CMSIS Pack Vendor :STMicroelectronics X-CUBE-AZRTOS-L4 2.0.0
2024-06-28 16:57:22,664 [INFO] ThirdParty:1030 - CMSIS Pack Vendor :STMicroelectronics ThreadX 0.0.2
2024-06-28 16:57:22,664 [INFO] ThirdParty:1030 - CMSIS Pack Vendor :WES I-CUBE-Cesium 1.3.0
2024-06-28 16:57:22,664 [INFO] ThirdParty:1030 - CMSIS Pack Vendor :STMicroelectronics FP-ATR-ASTRA1 2.0.0
2024-06-28 16:57:22,664 [INFO] ThirdParty:1030 - CMSIS Pack Vendor :STMicroelectronics lwIP 2.1.2
2024-06-28 16:57:22,664 [INFO] ThirdParty:1030 - CMSIS Pack Vendor :STMicroelectronics X-CUBE-SFXS2LP1 4.0.0
2024-06-28 16:57:22,664 [INFO] ThirdParty:1030 - CMSIS Pack Vendor :STMicroelectronics X-CUBE-BLE2 3.3.0
2024-06-28 16:57:22,664 [INFO] ThirdParty:1030 - CMSIS Pack Vendor :STMicroelectronics X-CUBE-TOF1 3.4.0
2024-06-28 16:57:22,664 [INFO] ThirdParty:1030 - CMSIS Pack Vendor :STMicroelectronics X-CUBE-TOF1 3.4.1
2024-06-28 16:57:22,664 [INFO] ThirdParty:1030 - CMSIS Pack Vendor :STMicroelectronics X-CUBE-AZRTOS-H7 3.2.0
2024-06-28 16:57:22,664 [INFO] ThirdParty:1030 - CMSIS Pack Vendor :STMicroelectronics PDM2PCM 3.2.0
2024-06-28 16:57:22,664 [INFO] ThirdParty:841 - exiting critical section [change project]
2024-06-28 16:57:23,134 [INFO] PinOutPanel:1499 - setPackage(No Configuration,No Configuration)
2024-06-28 16:57:23,134 [INFO] PinOutPanel:1499 - setPackage(STM32L152RETx,LQFP64)
2024-06-28 16:57:23,814 [INFO] UtilMem:75 - Before build in PCC Used Memory: 612960552 Bytes (680525824)
2024-06-28 16:57:24,884 [INFO] UtilMem:75 - After build in PCC Used Memory: 633485200 Bytes (680525824)
2024-06-28 16:57:24,934 [INFO] IPUIPlugin:80 - create IPUIPlugin
2024-06-28 16:57:24,934 [INFO] IPUIPlugin:80 - create IPUIPlugin
2024-06-28 16:57:24,934 [INFO] IPUIPlugin:80 - create IPUIPlugin
2024-06-28 16:57:24,934 [INFO] IPUIPlugin:80 - create IPUIPlugin
2024-06-28 16:57:24,934 [INFO] IPUIPlugin:80 - create IPUIPlugin
2024-06-28 16:57:24,934 [INFO] IPUIPlugin:80 - create IPUIPlugin
2024-06-28 16:57:24,934 [INFO] IPUIPlugin:80 - create IPUIPlugin
2024-06-28 16:57:24,934 [INFO] IPUIPlugin:80 - create IPUIPlugin
2024-06-28 16:57:24,934 [INFO] IPUIPlugin:80 - create IPUIPlugin
2024-06-28 16:57:24,934 [INFO] IPUIPlugin:80 - create IPUIPlugin
2024-06-28 16:57:24,934 [INFO] IPUIPlugin:80 - create IPUIPlugin
2024-06-28 16:57:24,934 [INFO] IPUIPlugin:80 - create IPUIPlugin
2024-06-28 16:57:24,934 [INFO] IPUIPlugin:80 - create IPUIPlugin
2024-06-28 16:57:24,934 [INFO] IPUIPlugin:80 - create IPUIPlugin
2024-06-28 16:57:24,934 [INFO] IPUIPlugin:80 - create IPUIPlugin
2024-06-28 16:57:24,934 [INFO] IPUIPlugin:80 - create IPUIPlugin
2024-06-28 16:57:24,934 [INFO] IPUIPlugin:80 - create IPUIPlugin
2024-06-28 16:57:24,934 [INFO] IPUIPlugin:80 - create IPUIPlugin
2024-06-28 16:57:24,934 [INFO] IPUIPlugin:80 - create IPUIPlugin
2024-06-28 16:57:24,934 [INFO] IPUIPlugin:80 - create IPUIPlugin
2024-06-28 16:57:24,934 [INFO] IPUIPlugin:80 - create IPUIPlugin
2024-06-28 16:57:24,934 [INFO] IPUIPlugin:80 - create IPUIPlugin
2024-06-28 16:57:24,934 [INFO] IPUIPlugin:80 - create IPUIPlugin
2024-06-28 16:57:24,934 [INFO] IPUIPlugin:80 - create IPUIPlugin
2024-06-28 16:57:24,934 [INFO] IPUIPlugin:80 - create IPUIPlugin
2024-06-28 16:57:24,934 [INFO] IPUIPlugin:80 - create IPUIPlugin
2024-06-28 16:57:24,934 [INFO] IPUIPlugin:80 - create IPUIPlugin
2024-06-28 16:57:24,934 [INFO] IPUIPlugin:80 - create IPUIPlugin
2024-06-28 16:57:24,934 [INFO] IPUIPlugin:80 - create IPUIPlugin
2024-06-28 16:57:24,934 [INFO] IPUIPlugin:80 - create IPUIPlugin
2024-06-28 16:57:24,934 [INFO] IPUIPlugin:80 - create IPUIPlugin
2024-06-28 16:57:24,934 [INFO] IPUIPlugin:80 - create IPUIPlugin
2024-06-28 16:57:24,934 [INFO] IPUIPlugin:80 - create IPUIPlugin
2024-06-28 16:57:24,934 [INFO] IPUIPlugin:80 - create IPUIPlugin
2024-06-28 16:57:24,934 [INFO] IPUIPlugin:80 - create IPUIPlugin
2024-06-28 16:57:24,934 [INFO] IPUIPlugin:80 - create IPUIPlugin
2024-06-28 16:57:24,944 [INFO] IPUIPlugin:80 - create IPUIPlugin
2024-06-28 16:57:24,944 [INFO] IPUIPlugin:80 - create IPUIPlugin
2024-06-28 16:57:24,944 [INFO] IPUIPlugin:80 - create IPUIPlugin
2024-06-28 16:57:24,944 [INFO] IPUIPlugin:80 - create IPUIPlugin
2024-06-28 16:57:24,944 [INFO] IPUIPlugin:80 - create IPUIPlugin
2024-06-28 16:57:24,944 [INFO] IPUIPlugin:80 - create IPUIPlugin
2024-06-28 16:57:24,944 [INFO] IPUIPlugin:80 - create IPUIPlugin
2024-06-28 16:57:25,224 [INFO] CADModel:165 - CPN selected for project levelSTM32L152RET6
2024-06-28 16:57:25,224 [INFO] CADModel:114 - Register for checkConnection events
2024-06-28 16:57:25,294 [INFO] OpenFileManager:328 - Restore cursor
2024-06-28 17:42:36,290 [INFO] MainUpdater:2854 - connection check result : 10
2024-06-28 17:42:36,290 [INFO] MainUpdater:2854 - connection check result : 10
2024-06-28 17:42:36,320 [INFO] MicroXplorer:468 - Change Database Path : 
2024-06-28 17:42:36,320 [INFO] MicroXplorer:498 - Change Database Version : DB.6.0.81
2024-06-28 17:42:36,370 [WARN] ThirdParty:871 - waiting for thirdparty lock release [close project]
2024-06-28 17:42:36,370 [INFO] ThirdParty:873 - entering critical section [close project]
2024-06-28 17:42:36,370 [INFO] ThirdParty:883 - exiting critical section [close project]
2024-06-28 17:42:36,370 [INFO] PinOutPanel:1499 - setPackage(No Configuration,No Configuration)
2024-06-28 17:42:36,400 [INFO] UtilMem:75 - Begin LoadConfig() Used Memory: 757136544 Bytes (1070596096)
2024-06-28 17:42:36,400 [INFO] MicroXplorer:468 - Change Database Path : 
2024-06-28 17:42:36,400 [INFO] MicroXplorer:498 - Change Database Version : DB.6.0.81
2024-06-28 17:42:36,400 [INFO] OpenFileManager:308 - Change cursor
2024-06-28 17:42:36,420 [INFO] Mcu:1937 - Initializing MCU STM32L152RETx STM32L152RETx STM32L152RET6
2024-06-28 17:42:38,262 [INFO] Context:659 - Trying to add GPIOservice into a context  which must be forbidden
2024-06-28 17:42:38,689 [INFO] RtosManager:555 - Registered RTOS mode: class=CMSIS, group=RTOS, mode=CMSIS_V1, owner=FREERTOS
2024-06-28 17:42:38,689 [INFO] RtosManager:555 - Registered RTOS mode: class=CMSIS, group=RTOS2, mode=CMSIS_V2, owner=FREERTOS
2024-06-28 17:42:38,689 [INFO] RtosManager:555 - Registered RTOS mode: class=RTOS, group=Core, mode=CMSIS_V1, owner=FREERTOS
2024-06-28 17:42:38,689 [INFO] RtosManager:555 - Registered RTOS mode: class=RTOS, group=Core, mode=CMSIS_V2, owner=FREERTOS
2024-06-28 17:42:38,689 [WARN] ModelIntegratedComponent:184 - Missing modes for component STMicroelectronics:FreeRTOS:0.0.1:STMicroelectronics:RTOS:FreeRTOS:Core:::10.2.0:
2024-06-28 17:42:38,709 [WARN] ModelIntegratedComponent:63 - No mode defined for component null
2024-06-28 17:42:38,709 [WARN] ModelIntegratedComponent:63 - No mode defined for component null
2024-06-28 17:42:38,709 [WARN] ModelIntegratedComponent:63 - No mode defined for component null
2024-06-28 17:42:38,709 [WARN] ModelIntegratedComponent:63 - No mode defined for component null
2024-06-28 17:42:38,709 [WARN] ModelIntegratedComponent:63 - No mode defined for component null
2024-06-28 17:42:38,709 [WARN] ModelIntegratedComponent:63 - No mode defined for component null
2024-06-28 17:42:38,709 [WARN] ModelIntegratedComponent:63 - No mode defined for component null
2024-06-28 17:42:38,709 [WARN] ModelIntegratedComponent:63 - No mode defined for component null
2024-06-28 17:42:38,709 [WARN] ModelIntegratedComponent:63 - No mode defined for component null
2024-06-28 17:42:38,709 [WARN] ModelIntegratedComponent:63 - No mode defined for component null
2024-06-28 17:42:38,709 [WARN] ModelIntegratedComponent:63 - No mode defined for component null
2024-06-28 17:42:38,709 [WARN] ModelIntegratedComponent:63 - No mode defined for component null
2024-06-28 17:42:38,709 [WARN] ModelIntegratedComponent:63 - No mode defined for component null
2024-06-28 17:42:38,709 [WARN] ModelIntegratedComponent:63 - No mode defined for component null
2024-06-28 17:42:38,709 [WARN] ModelIntegratedComponent:63 - No mode defined for component null
2024-06-28 17:42:38,709 [WARN] ModelIntegratedComponent:63 - No mode defined for component null
2024-06-28 17:42:38,709 [WARN] ModelIntegratedComponent:63 - No mode defined for component null
2024-06-28 17:42:38,709 [WARN] ModelIntegratedComponent:63 - No mode defined for component null
2024-06-28 17:42:38,709 [WARN] ModelIntegratedComponent:63 - No mode defined for component null
2024-06-28 17:42:38,709 [WARN] ModelIntegratedComponent:63 - No mode defined for component null
2024-06-28 17:42:38,709 [WARN] ModelIntegratedComponent:63 - No mode defined for component null
2024-06-28 17:42:38,709 [WARN] ModelIntegratedComponent:63 - No mode defined for component null
2024-06-28 17:42:38,709 [WARN] ModelIntegratedComponent:63 - No mode defined for component null
2024-06-28 17:42:38,709 [WARN] ModelIntegratedComponent:63 - No mode defined for component null
2024-06-28 17:42:38,709 [WARN] ModelIntegratedComponent:63 - No mode defined for component null
2024-06-28 17:42:38,709 [WARN] ModelIntegratedComponent:63 - No mode defined for component null
2024-06-28 17:42:38,709 [WARN] ModelIntegratedComponent:63 - No mode defined for component null
2024-06-28 17:42:38,709 [WARN] ModelIntegratedComponent:63 - No mode defined for component null
2024-06-28 17:42:38,709 [WARN] ModelIntegratedComponent:63 - No mode defined for component null
2024-06-28 17:42:38,709 [WARN] ModelIntegratedComponent:63 - No mode defined for component null
2024-06-28 17:42:38,709 [WARN] ModelIntegratedComponent:63 - No mode defined for component null
2024-06-28 17:42:38,709 [WARN] ModelIntegratedComponent:63 - No mode defined for component null
2024-06-28 17:42:38,709 [WARN] ModelIntegratedComponent:63 - No mode defined for component null
2024-06-28 17:42:38,829 [INFO] ThirdPartyModel:298 - Start build external matchings
2024-06-28 17:42:40,031 [INFO] ThirdPartyModel:316 - End build external matchings
2024-06-28 17:42:40,071 [INFO] ImportTextPane:194 - (OptionalMessage_ERROR) IP (RCC) : Invalid parameter (FamilyName)
2024-06-28 17:42:40,081 [INFO] ImportTextPane:194 - (OptionalMessage_ERROR) IP (RCC) : Parameter (RTCHSEDivFreq_Value) has invalid value (4000000)
2024-06-28 17:42:40,081 [INFO] ImportTextPane:194 - (OptionalMessage_ERROR) IP (RCC) : Invalid parameter (TIMFreq_Value)
2024-06-28 17:42:40,081 [INFO] ImportTextPane:194 - (OptionalMessage_ERROR) IP (RCC) : Invalid parameter (USBOutput)
2024-06-28 17:42:40,354 [INFO] UtilMem:75 - End LoadConfig() Used Memory: 886629520 Bytes (1070596096)
2024-06-28 17:42:40,405 [WARN] ThirdParty:833 - waiting for thirdparty lock release [change project]
2024-06-28 17:42:40,405 [INFO] ThirdParty:835 - entering critical section [change project]
2024-06-28 17:42:40,405 [INFO] ThirdParty:1030 - CMSIS Pack Vendor :STMicroelectronics X-CUBE-ISPU 1.1.0
2024-06-28 17:42:40,405 [INFO] ThirdParty:1030 - CMSIS Pack Vendor :STMicroelectronics X-CUBE-GNSS1 6.0.0
2024-06-28 17:42:40,405 [INFO] ThirdParty:1030 - CMSIS Pack Vendor :STMicroelectronics USB_HOST 2.0.0
2024-06-28 17:42:40,405 [INFO] ThirdParty:1030 - CMSIS Pack Vendor :STMicroelectronics FP-SNS-MOTENVWB1 1.4.0
2024-06-28 17:42:40,405 [INFO] ThirdParty:1030 - CMSIS Pack Vendor :STMicroelectronics X-CUBE-AZRTOS-F4 1.1.0
2024-06-28 17:42:40,405 [INFO] ThirdParty:1030 - CMSIS Pack Vendor :STMicroelectronics LIBJPEG 8.0.0
2024-06-28 17:42:40,405 [INFO] ThirdParty:1030 - CMSIS Pack Vendor :STMicroelectronics X-CUBE-SMBUS 2.1.0
2024-06-28 17:42:40,405 [INFO] ThirdParty:1030 - CMSIS Pack Vendor :wolfSSL I-CUBE-wolfSSL 5.6.0
2024-06-28 17:42:40,405 [INFO] ThirdParty:1030 - CMSIS Pack Vendor :STMicroelectronics USB_DEVICE 3.0.0
2024-06-28 17:42:40,405 [INFO] ThirdParty:1030 - CMSIS Pack Vendor :STMicroelectronics X-CUBE-TCPP 4.1.0
2024-06-28 17:42:40,405 [INFO] ThirdParty:1030 - CMSIS Pack Vendor :STMicroelectronics X-CUBE-FREERTOS 1.2.0
2024-06-28 17:42:40,405 [INFO] ThirdParty:1030 - CMSIS Pack Vendor :STMicroelectronics X-CUBE-AZRTOS-WB 2.0.0
2024-06-28 17:42:40,405 [INFO] ThirdParty:1030 - CMSIS Pack Vendor :STMicroelectronics X-CUBE-FREERTOS 1.0.1
2024-06-28 17:42:40,405 [INFO] ThirdParty:1030 - CMSIS Pack Vendor :STMicroelectronics X-CUBE-TOUCHGFX 4.23.0
2024-06-28 17:42:40,405 [INFO] ThirdParty:1030 - CMSIS Pack Vendor :STMicroelectronics X-CUBE-TOUCHGFX 4.23.2
2024-06-28 17:42:40,405 [INFO] ThirdParty:1030 - CMSIS Pack Vendor :STMicroelectronics X-CUBE-AZRTOS-F7 1.1.0
2024-06-28 17:42:40,405 [INFO] ThirdParty:1030 - CMSIS Pack Vendor :STMicroelectronics X-CUBE-TOUCHGFX 4.21.4
2024-06-28 17:42:40,405 [INFO] ThirdParty:1030 - CMSIS Pack Vendor :STMicroelectronics X-CUBE-AZRTOS-L5 2.0.0
2024-06-28 17:42:40,405 [INFO] ThirdParty:1030 - CMSIS Pack Vendor :STMicroelectronics USB_DEVICE 2.0.0
2024-06-28 17:42:40,405 [INFO] ThirdParty:1030 - CMSIS Pack Vendor :STMicroelectronics X-CUBE-MEMS1 9.6.0
2024-06-28 17:42:40,405 [INFO] ThirdParty:1030 - CMSIS Pack Vendor :STMicroelectronics X-CUBE-EEPRMA1 4.2.0
2024-06-28 17:42:40,405 [INFO] ThirdParty:1030 - CMSIS Pack Vendor :STMicroelectronics X-CUBE-NFC6 3.1.0
2024-06-28 17:42:40,405 [INFO] ThirdParty:1030 - CMSIS Pack Vendor :ITTIA_DB I-CUBE-ITTIADB 8.8.0
2024-06-28 17:42:40,405 [INFO] ThirdParty:1030 - CMSIS Pack Vendor :STMicroelectronics FP-SNS-MOTENV1 4.3.2
2024-06-28 17:42:40,405 [INFO] ThirdParty:1030 - CMSIS Pack Vendor :STMicroelectronics FP-SNS-MOTENV1 4.3.1
2024-06-28 17:42:40,405 [INFO] ThirdParty:1030 - CMSIS Pack Vendor :STMicroelectronics FP-SNS-FLIGHT1 5.0.1
2024-06-28 17:42:40,405 [INFO] ThirdParty:1030 - CMSIS Pack Vendor :STMicroelectronics X-CUBE-ALGOBUILD 1.3.0
2024-06-28 17:42:40,405 [INFO] ThirdParty:1030 - CMSIS Pack Vendor :STMicroelectronics X-CUBE-BLE1 6.2.4
2024-06-28 17:42:40,405 [INFO] ThirdParty:1030 - CMSIS Pack Vendor :STMicroelectronics X-CUBE-AZRTOS-L5 1.1.0
2024-06-28 17:42:40,405 [INFO] ThirdParty:1030 - CMSIS Pack Vendor :STMicroelectronics FreeRTOS 0.0.1
2024-06-28 17:42:40,405 [INFO] ThirdParty:1030 - CMSIS Pack Vendor :STMicroelectronics X-CUBE-AZRTOS-G0 1.1.0
2024-06-28 17:42:40,405 [INFO] ThirdParty:1030 - CMSIS Pack Vendor :emotas I-CUBE-CANOPEN 1.1.3
2024-06-28 17:42:40,405 [INFO] ThirdParty:1030 - CMSIS Pack Vendor :STMicroelectronics X-CUBE-BLEMGR 2.0.0
2024-06-28 17:42:40,405 [INFO] ThirdParty:1030 - CMSIS Pack Vendor :STMicroelectronics X-CUBE-AI 8.0.1
2024-06-28 17:42:40,405 [INFO] ThirdParty:1030 - CMSIS Pack Vendor :STMicroelectronics X-CUBE-SAFEA1 1.2.2
2024-06-28 17:42:40,405 [INFO] ThirdParty:1030 - CMSIS Pack Vendor :STMicroelectronics X-CUBE-NFC4 3.0.0
2024-06-28 17:42:40,405 [INFO] ThirdParty:1030 - CMSIS Pack Vendor :STMicroelectronics X-CUBE-SUBG2 5.0.0
2024-06-28 17:42:40,405 [INFO] ThirdParty:1030 - CMSIS Pack Vendor :STMicroelectronics STM32_WPAN 1.0.0
2024-06-28 17:42:40,405 [INFO] ThirdParty:1030 - CMSIS Pack Vendor :STMicroelectronics lwIP 2.0.3
2024-06-28 17:42:40,405 [INFO] ThirdParty:1030 - CMSIS Pack Vendor :STMicroelectronics FP-SNS-FLIGHT1 5.0.2
2024-06-28 17:42:40,405 [INFO] ThirdParty:1030 - CMSIS Pack Vendor :Cesanta I-CUBE-Mongoose 7.13.0
2024-06-28 17:42:40,405 [INFO] ThirdParty:1030 - CMSIS Pack Vendor :STMicroelectronics USB_HOST 1.0.0
2024-06-28 17:42:40,405 [INFO] ThirdParty:1030 - CMSIS Pack Vendor :STMicroelectronics X-CUBE-TOF1 3.3.1
2024-06-28 17:42:40,405 [INFO] ThirdParty:1030 - CMSIS Pack Vendor :STMicroelectronics X-CUBE-AI 9.0.0
2024-06-28 17:42:40,405 [INFO] ThirdParty:1030 - CMSIS Pack Vendor :STMicroelectronics X-CUBE-AZRTOS-G4 2.0.0
2024-06-28 17:42:40,405 [INFO] ThirdParty:1030 - CMSIS Pack Vendor :STMicroelectronics PDM2PCM 3.1.0
2024-06-28 17:42:40,405 [INFO] ThirdParty:1030 - CMSIS Pack Vendor :STMicroelectronics X-CUBE-AZRTOS-H7 3.1.0
2024-06-28 17:42:40,405 [INFO] ThirdParty:1030 - CMSIS Pack Vendor :STMicroelectronics X-CUBE-TOF1 3.3.0
2024-06-28 17:42:40,405 [INFO] ThirdParty:1030 - CMSIS Pack Vendor :Infineon AIROC-Wi-Fi-Bluetooth-STM32 1.5.1
2024-06-28 17:42:40,405 [INFO] ThirdParty:1030 - CMSIS Pack Vendor :STMicroelectronics X-CUBE-BLEMGR 3.0.0
2024-06-28 17:42:40,405 [INFO] ThirdParty:1030 - CMSIS Pack Vendor :STMicroelectronics PDM2PCM 3.3.0
2024-06-28 17:42:40,405 [INFO] ThirdParty:1030 - CMSIS Pack Vendor :STMicroelectronics X-CUBE-DISPLAY 3.0.0
2024-06-28 17:42:40,405 [INFO] ThirdParty:1030 - CMSIS Pack Vendor :STMicroelectronics FP-SNS-MOTENVWB1 1.3.0
2024-06-28 17:42:40,405 [INFO] ThirdParty:1030 - CMSIS Pack Vendor :STMicroelectronics FP-SNS-MOTENVWB1 1.3.1
2024-06-28 17:42:40,405 [INFO] ThirdParty:1030 - CMSIS Pack Vendor :STMicroelectronics X-CUBE-BLE1 7.0.0
2024-06-28 17:42:40,405 [INFO] ThirdParty:1030 - CMSIS Pack Vendor :STMicroelectronics FP-ATR-SIGFOX1 3.2.0
2024-06-28 17:42:40,405 [INFO] ThirdParty:1030 - CMSIS Pack Vendor :STMicroelectronics X-CUBE-ISPU 2.0.0
2024-06-28 17:42:40,405 [INFO] ThirdParty:1030 - CMSIS Pack Vendor :STMicroelectronics X-CUBE-EEPRMA1 5.1.0
2024-06-28 17:42:40,405 [INFO] ThirdParty:1030 - CMSIS Pack Vendor :STMicroelectronics HAL Drivers 0.0.0
2024-06-28 17:42:40,405 [INFO] ThirdParty:1030 - CMSIS Pack Vendor :STMicroelectronics MBEDTLS 2.16.2
2024-06-28 17:42:40,405 [INFO] ThirdParty:1030 - CMSIS Pack Vendor :STMicroelectronics X-CUBE-ALS 1.0.2
2024-06-28 17:42:40,405 [INFO] ThirdParty:1030 - CMSIS Pack Vendor :STMicroelectronics X-CUBE-MEMS1 10.0.0
2024-06-28 17:42:40,405 [INFO] ThirdParty:1030 - CMSIS Pack Vendor :STMicroelectronics X-CUBE-FREERTOS 1.1.0
2024-06-28 17:42:40,405 [INFO] ThirdParty:1030 - CMSIS Pack Vendor :STMicroelectronics X-CUBE-TOUCHGFX 4.22.0
2024-06-28 17:42:40,405 [INFO] ThirdParty:1030 - CMSIS Pack Vendor :STMicroelectronics X-CUBE-NFC7 1.0.1
2024-06-28 17:42:40,405 [INFO] ThirdParty:1030 - CMSIS Pack Vendor :STMicroelectronics MBEDTLS 2.14.1
2024-06-28 17:42:40,405 [INFO] ThirdParty:1030 - CMSIS Pack Vendor :STMicroelectronics X-CUBE-NFC7 1.0.0
2024-06-28 17:42:40,405 [INFO] ThirdParty:1030 - CMSIS Pack Vendor :STMicroelectronics X-CUBE-TOUCHGFX 4.24.0
2024-06-28 17:42:40,405 [INFO] ThirdParty:1030 - CMSIS Pack Vendor :STMicroelectronics X-CUBE-TOUCHGFX 4.22.1
2024-06-28 17:42:40,405 [INFO] ThirdParty:1030 - CMSIS Pack Vendor :STMicroelectronics X-CUBE-NFC6 3.0.0
2024-06-28 17:42:40,405 [INFO] ThirdParty:1030 - CMSIS Pack Vendor :STMicroelectronics X-CUBE-EEPRMA1 4.1.0
2024-06-28 17:42:40,405 [INFO] ThirdParty:1030 - CMSIS Pack Vendor :portGmbH I-Cube-SoM-uGOAL 1.1.0
2024-06-28 17:42:40,405 [INFO] ThirdParty:1030 - CMSIS Pack Vendor :STMicroelectronics X-CUBE-ALS 1.0.1
2024-06-28 17:42:40,405 [INFO] ThirdParty:1030 - CMSIS Pack Vendor :STMicroelectronics X-CUBE-BLEMGR 3.1.0
2024-06-28 17:42:40,405 [INFO] ThirdParty:1030 - CMSIS Pack Vendor :STMicroelectronics ThreadX 1.0.0
2024-06-28 17:42:40,405 [INFO] ThirdParty:1030 - CMSIS Pack Vendor :STMicroelectronics FP-SNS-SMARTAG2 1.2.0
2024-06-28 17:42:40,405 [INFO] ThirdParty:1030 - CMSIS Pack Vendor :STMicroelectronics X-CUBE-AZRTOS-WB 1.1.0
2024-06-28 17:42:40,405 [INFO] ThirdParty:1030 - CMSIS Pack Vendor :STMicroelectronics X-CUBE-AZRTOS-WL 2.0.0
2024-06-28 17:42:40,405 [INFO] ThirdParty:1030 - CMSIS Pack Vendor :SEGGER I-CUBE-embOS 1.3.1
2024-06-28 17:42:40,405 [INFO] ThirdParty:1030 - CMSIS Pack Vendor :STMicroelectronics X-CUBE-ALGOBUILD 1.4.0
2024-06-28 17:42:40,405 [INFO] ThirdParty:1030 - CMSIS Pack Vendor :STMicroelectronics FP-SNS-MOTENV1 5.0.0
2024-06-28 17:42:40,405 [INFO] ThirdParty:1030 - CMSIS Pack Vendor :STMicroelectronics USB_DEVICE 1.0.0
2024-06-28 17:42:40,405 [INFO] ThirdParty:1030 - CMSIS Pack Vendor :STMicroelectronics X-CUBE-AI 8.1.0
2024-06-28 17:42:40,405 [INFO] ThirdParty:1030 - CMSIS Pack Vendor :STMicroelectronics X-CUBE-AZRTOS-H7RS 1.0.0
2024-06-28 17:42:40,405 [INFO] ThirdParty:1030 - CMSIS Pack Vendor :wolfSSL I-CUBE-wolfMQTT 1.19.0
2024-06-28 17:42:40,405 [INFO] ThirdParty:1030 - CMSIS Pack Vendor :STMicroelectronics X-CUBE-AZRTOS-L4 2.0.0
2024-06-28 17:42:40,405 [INFO] ThirdParty:1030 - CMSIS Pack Vendor :STMicroelectronics ThreadX 0.0.2
2024-06-28 17:42:40,405 [INFO] ThirdParty:1030 - CMSIS Pack Vendor :WES I-CUBE-Cesium 1.3.0
2024-06-28 17:42:40,405 [INFO] ThirdParty:1030 - CMSIS Pack Vendor :STMicroelectronics FP-ATR-ASTRA1 2.0.0
2024-06-28 17:42:40,405 [INFO] ThirdParty:1030 - CMSIS Pack Vendor :STMicroelectronics lwIP 2.1.2
2024-06-28 17:42:40,405 [INFO] ThirdParty:1030 - CMSIS Pack Vendor :STMicroelectronics X-CUBE-SFXS2LP1 4.0.0
2024-06-28 17:42:40,405 [INFO] ThirdParty:1030 - CMSIS Pack Vendor :STMicroelectronics X-CUBE-BLE2 3.3.0
2024-06-28 17:42:40,405 [INFO] ThirdParty:1030 - CMSIS Pack Vendor :STMicroelectronics X-CUBE-TOF1 3.4.0
2024-06-28 17:42:40,405 [INFO] ThirdParty:1030 - CMSIS Pack Vendor :STMicroelectronics X-CUBE-TOF1 3.4.1
2024-06-28 17:42:40,405 [INFO] ThirdParty:1030 - CMSIS Pack Vendor :STMicroelectronics X-CUBE-AZRTOS-H7 3.2.0
2024-06-28 17:42:40,405 [INFO] ThirdParty:1030 - CMSIS Pack Vendor :STMicroelectronics PDM2PCM 3.2.0
2024-06-28 17:42:40,405 [INFO] ThirdParty:841 - exiting critical section [change project]
2024-06-28 17:42:40,765 [INFO] PinOutPanel:1499 - setPackage(No Configuration,No Configuration)
2024-06-28 17:42:40,765 [INFO] PinOutPanel:1499 - setPackage(STM32L152RETx,LQFP64)
2024-06-28 17:42:41,095 [INFO] UtilMem:75 - Before build in PCC Used Memory: 752331744 Bytes (1070596096)
2024-06-28 17:42:41,586 [INFO] UtilMem:75 - After build in PCC Used Memory: 797420512 Bytes (1070596096)
2024-06-28 17:42:41,616 [INFO] IPUIPlugin:80 - create IPUIPlugin
2024-06-28 17:42:41,616 [INFO] IPUIPlugin:80 - create IPUIPlugin
2024-06-28 17:42:41,616 [INFO] IPUIPlugin:80 - create IPUIPlugin
2024-06-28 17:42:41,616 [INFO] IPUIPlugin:80 - create IPUIPlugin
2024-06-28 17:42:41,616 [INFO] IPUIPlugin:80 - create IPUIPlugin
2024-06-28 17:42:41,616 [INFO] IPUIPlugin:80 - create IPUIPlugin
2024-06-28 17:42:41,616 [INFO] IPUIPlugin:80 - create IPUIPlugin
2024-06-28 17:42:41,616 [INFO] IPUIPlugin:80 - create IPUIPlugin
2024-06-28 17:42:41,616 [INFO] IPUIPlugin:80 - create IPUIPlugin
2024-06-28 17:42:41,616 [INFO] IPUIPlugin:80 - create IPUIPlugin
2024-06-28 17:42:41,616 [INFO] IPUIPlugin:80 - create IPUIPlugin
2024-06-28 17:42:41,616 [INFO] IPUIPlugin:80 - create IPUIPlugin
2024-06-28 17:42:41,616 [INFO] IPUIPlugin:80 - create IPUIPlugin
2024-06-28 17:42:41,616 [INFO] IPUIPlugin:80 - create IPUIPlugin
2024-06-28 17:42:41,616 [INFO] IPUIPlugin:80 - create IPUIPlugin
2024-06-28 17:42:41,616 [INFO] IPUIPlugin:80 - create IPUIPlugin
2024-06-28 17:42:41,616 [INFO] IPUIPlugin:80 - create IPUIPlugin
2024-06-28 17:42:41,616 [INFO] IPUIPlugin:80 - create IPUIPlugin
2024-06-28 17:42:41,616 [INFO] IPUIPlugin:80 - create IPUIPlugin
2024-06-28 17:42:41,616 [INFO] IPUIPlugin:80 - create IPUIPlugin
2024-06-28 17:42:41,616 [INFO] IPUIPlugin:80 - create IPUIPlugin
2024-06-28 17:42:41,616 [INFO] IPUIPlugin:80 - create IPUIPlugin
2024-06-28 17:42:41,616 [INFO] IPUIPlugin:80 - create IPUIPlugin
2024-06-28 17:42:41,616 [INFO] IPUIPlugin:80 - create IPUIPlugin
2024-06-28 17:42:41,616 [INFO] IPUIPlugin:80 - create IPUIPlugin
2024-06-28 17:42:41,616 [INFO] IPUIPlugin:80 - create IPUIPlugin
2024-06-28 17:42:41,616 [INFO] IPUIPlugin:80 - create IPUIPlugin
2024-06-28 17:42:41,616 [INFO] IPUIPlugin:80 - create IPUIPlugin
2024-06-28 17:42:41,616 [INFO] IPUIPlugin:80 - create IPUIPlugin
2024-06-28 17:42:41,616 [INFO] IPUIPlugin:80 - create IPUIPlugin
2024-06-28 17:42:41,616 [INFO] IPUIPlugin:80 - create IPUIPlugin
2024-06-28 17:42:41,616 [INFO] IPUIPlugin:80 - create IPUIPlugin
2024-06-28 17:42:41,616 [INFO] IPUIPlugin:80 - create IPUIPlugin
2024-06-28 17:42:41,626 [INFO] IPUIPlugin:80 - create IPUIPlugin
2024-06-28 17:42:41,626 [INFO] IPUIPlugin:80 - create IPUIPlugin
2024-06-28 17:42:41,626 [INFO] IPUIPlugin:80 - create IPUIPlugin
2024-06-28 17:42:41,626 [INFO] IPUIPlugin:80 - create IPUIPlugin
2024-06-28 17:42:41,626 [INFO] IPUIPlugin:80 - create IPUIPlugin
2024-06-28 17:42:41,626 [INFO] IPUIPlugin:80 - create IPUIPlugin
2024-06-28 17:42:41,626 [INFO] IPUIPlugin:80 - create IPUIPlugin
2024-06-28 17:42:41,626 [INFO] IPUIPlugin:80 - create IPUIPlugin
2024-06-28 17:42:41,626 [INFO] IPUIPlugin:80 - create IPUIPlugin
2024-06-28 17:42:41,626 [INFO] IPUIPlugin:80 - create IPUIPlugin
2024-06-28 17:42:41,686 [INFO] CADModel:165 - CPN selected for project levelSTM32L152RET6
2024-06-28 17:42:41,686 [INFO] CADModel:114 - Register for checkConnection events
2024-06-28 17:42:41,756 [INFO] OpenFileManager:328 - Restore cursor
