2024-04-17 18:47:38,779 [INFO] Activator:176 - 


2024-04-17 18:47:38,779 [INFO] Activator:177 - !SESSION log4j initialized
2024-04-17 18:47:45,552 [INFO] LogOutputStream:77 - [STDOUT_REDIRECT] 
2024-04-17 18:48:16,726 [ERROR] LogOutputStream:75 - [STDERR_REDIRECT] SLF4J: Failed to load class "org.slf4j.impl.StaticLoggerBinder".
2024-04-17 18:48:16,726 [ERROR] LogOutputStream:75 - [STDERR_REDIRECT] SLF4J: Defaulting to no-operation (NOP) logger implementation
2024-04-17 18:48:16,742 [ERROR] LogOutputStream:75 - [STDERR_REDIRECT] SLF4J: See http://www.slf4j.org/codes.html#StaticLoggerBinder for further details.
2024-04-17 19:49:32,698 [INFO] Activator:176 - 


2024-04-17 19:49:32,698 [INFO] Activator:177 - !SESSION log4j initialized
2024-04-17 19:49:37,062 [INFO] LogOutputStream:77 - [STDOUT_REDIRECT] 
2024-04-17 19:50:03,553 [ERROR] LogOutputStream:75 - [STDERR_REDIRECT] SLF4J: Failed to load class "org.slf4j.impl.StaticLoggerBinder".
2024-04-17 19:50:03,553 [ERROR] LogOutputStream:75 - [STDERR_REDIRECT] SLF4J: Defaulting to no-operation (NOP) logger implementation
2024-04-17 19:50:03,553 [ERROR] LogOutputStream:75 - [STDERR_REDIRECT] SLF4J: See http://www.slf4j.org/codes.html#StaticLoggerBinder for further details.
2024-04-17 19:52:27,473 [INFO] Activator:176 - 


2024-04-17 19:52:27,473 [INFO] Activator:177 - !SESSION log4j initialized
2024-04-17 19:52:31,877 [INFO] LogOutputStream:77 - [STDOUT_REDIRECT] 
2024-04-17 19:52:57,585 [ERROR] LogOutputStream:75 - [STDERR_REDIRECT] SLF4J: Failed to load class "org.slf4j.impl.StaticLoggerBinder".
2024-04-17 19:52:57,585 [ERROR] LogOutputStream:75 - [STDERR_REDIRECT] SLF4J: Defaulting to no-operation (NOP) logger implementation
2024-04-17 19:52:57,585 [ERROR] LogOutputStream:75 - [STDERR_REDIRECT] SLF4J: See http://www.slf4j.org/codes.html#StaticLoggerBinder for further details.
2024-04-17 20:37:53,872 [INFO] ApplicationProperties:184 - Using Application install path: D:\STM32CubeIDE_1.12.0\STM32CubeIDE\plugins\com.st.stm32cube.common.mx_6.8.1.202304191431
2024-04-17 20:37:53,897 [INFO] DbMcusXml:78 - Set database path to: D:\STM32CubeIDE_1.12.0\STM32CubeIDE\plugins\com.st.stm32cube.common.mx_6.8.1.202304191431\\db\/mcu/
2024-04-17 20:37:53,897 [INFO] ApiDb:274 - Set plugin database path to: D:\STM32CubeIDE_1.12.0\STM32CubeIDE\plugins\com.st.stm32cube.common.mx_6.8.1.202304191431\\db\/plugins/boardmanager/
2024-04-17 20:37:53,897 [WARN] ApiDb:259 - Overriding images path with different value:  => D:\STM32CubeIDE_1.12.0\STM32CubeIDE\plugins\com.st.stm32cube.common.mx_6.8.1.202304191431\\db\/plugins/mcufinder/images/
2024-04-17 20:37:53,913 [INFO] ApiDb:250 - Set database path to: C:\Users\marci\.stmcufinder\plugins\mcufinder//mcu/
2024-04-17 20:37:53,913 [INFO] DbMcusAds:125 - Set database path to: C:\Users\marci\.stmcufinder\plugins\mcufinder//mcu/
2024-04-17 20:37:53,913 [INFO] CrossReferenceDbSqlite:203 - Set database path to: C:\Users\marci\.stmcufinder\plugins\mcufinder//mcu/cs/
2024-04-17 20:37:54,052 [INFO] RulesReader:64 - Compatibility file has been processed (293 Rules)
2024-04-17 20:37:54,175 [INFO] DbMcusXml:78 - Set database path to: D:\STM32CubeIDE_1.12.0\STM32CubeIDE\plugins\com.st.stm32cube.common.mx_6.8.1.202304191431\\db\/mcu/
2024-04-17 20:37:54,175 [INFO] ApiDb:274 - Set plugin database path to: D:\STM32CubeIDE_1.12.0\STM32CubeIDE\plugins\com.st.stm32cube.common.mx_6.8.1.202304191431\\db\/plugins/boardmanager/
2024-04-17 20:37:54,175 [INFO] ApiDb:261 - Set plugin images path to: D:\STM32CubeIDE_1.12.0\STM32CubeIDE\plugins\com.st.stm32cube.common.mx_6.8.1.202304191431\\db\/plugins/mcufinder/images/
2024-04-17 20:37:54,175 [WARN] DbFile:41 - Overriding database path with different value: C:\Users\marci\.stmcufinder\plugins\mcufinder/ => C:\Users\marci\.stmcufinder\plugins\mcufinder
2024-04-17 20:37:54,175 [INFO] ApiDb:250 - Set database path to: C:\Users\marci\.stmcufinder\plugins\mcufinder//mcu/
2024-04-17 20:37:54,175 [WARN] DbFile:41 - Overriding database path with different value: C:\Users\marci\.stmcufinder\plugins\mcufinder/ => C:\Users\marci\.stmcufinder\plugins\mcufinder
2024-04-17 20:37:54,175 [INFO] DbMcusAds:125 - Set database path to: C:\Users\marci\.stmcufinder\plugins\mcufinder//mcu/
2024-04-17 20:37:54,175 [WARN] DbFile:41 - Overriding database path with different value: C:\Users\marci\.stmcufinder\plugins\mcufinder/ => C:\Users\marci\.stmcufinder\plugins\mcufinder
2024-04-17 20:37:54,175 [WARN] DbFile:41 - Overriding database path with different value: C:\Users\marci\.stmcufinder\plugins\mcufinder/ => C:\Users\marci\.stmcufinder\plugins\mcufinder
2024-04-17 20:37:54,175 [INFO] CrossReferenceDbSqlite:203 - Set database path to: C:\Users\marci\.stmcufinder\plugins\mcufinder//mcu/cs/
2024-04-17 20:37:54,272 [INFO] MainPanel:253 - HeapMemory: 579862528
2024-04-17 20:37:54,401 [INFO] DbMcusXml:78 - Set database path to: D:\STM32CubeIDE_1.12.0\STM32CubeIDE\plugins\com.st.stm32cube.common.mx_6.8.1.202304191431\\db\/mcu/
2024-04-17 20:37:54,401 [INFO] ApiDb:274 - Set plugin database path to: D:\STM32CubeIDE_1.12.0\STM32CubeIDE\plugins\com.st.stm32cube.common.mx_6.8.1.202304191431\\db\/plugins/boardmanager/
2024-04-17 20:37:54,401 [INFO] ApiDb:261 - Set plugin images path to: D:\STM32CubeIDE_1.12.0\STM32CubeIDE\plugins\com.st.stm32cube.common.mx_6.8.1.202304191431\\db\/plugins/mcufinder/images/
2024-04-17 20:37:54,401 [WARN] DbFile:41 - Overriding database path with different value: C:\Users\marci\.stmcufinder\plugins\mcufinder/ => C:\Users\marci\.stmcufinder\plugins\mcufinder
2024-04-17 20:37:54,401 [INFO] ApiDb:250 - Set database path to: C:\Users\marci\.stmcufinder\plugins\mcufinder//mcu/
2024-04-17 20:37:54,401 [WARN] DbFile:41 - Overriding database path with different value: C:\Users\marci\.stmcufinder\plugins\mcufinder/ => C:\Users\marci\.stmcufinder\plugins\mcufinder
2024-04-17 20:37:54,401 [INFO] DbMcusAds:125 - Set database path to: C:\Users\marci\.stmcufinder\plugins\mcufinder//mcu/
2024-04-17 20:37:54,401 [WARN] DbFile:41 - Overriding database path with different value: C:\Users\marci\.stmcufinder\plugins\mcufinder/ => C:\Users\marci\.stmcufinder\plugins\mcufinder
2024-04-17 20:37:54,401 [WARN] DbFile:41 - Overriding database path with different value: C:\Users\marci\.stmcufinder\plugins\mcufinder/ => C:\Users\marci\.stmcufinder\plugins\mcufinder
2024-04-17 20:37:54,401 [INFO] CrossReferenceDbSqlite:203 - Set database path to: C:\Users\marci\.stmcufinder\plugins\mcufinder//mcu/cs/
2024-04-17 20:37:54,421 [INFO] ApplicationProperties:184 - Using Application install path: D:\STM32CubeIDE_1.12.0\STM32CubeIDE\plugins\com.st.stm32cube.common.mx_6.8.1.202304191431
2024-04-17 20:37:54,421 [INFO] PluginManage:196 - Search for loadable plugins [exclusion list=, ]
2024-04-17 20:37:54,421 [INFO] PluginManage:310 - Check plugin analytics
2024-04-17 20:37:54,647 [INFO] AnalyticsPlugin:253 - Accepted Software Licenses: 
2024-04-17 20:37:54,657 [INFO] AnalyticsPlugin:255 - Accepted CMSIS Pack Licenses: 
2024-04-17 20:37:54,657 [INFO] AnalyticsPlugin:257 - Accepted Firmware Licenses: 
2024-04-17 20:37:54,657 [INFO] PluginManage:359 - Loaded plugin analytics (category:tool,tabindex:-1)
2024-04-17 20:37:54,657 [INFO] PluginManage:310 - Check plugin cadmodel
2024-04-17 20:37:54,683 [INFO] CADModel:105 - Init CAD model plugin
2024-04-17 20:37:54,683 [INFO] PluginManage:359 - Loaded plugin cadmodel (category:power,tabindex:5)
2024-04-17 20:37:54,683 [INFO] PluginManage:310 - Check plugin clock
2024-04-17 20:37:54,709 [INFO] PluginManage:359 - Loaded plugin clock (category:base,tabindex:2)
2024-04-17 20:37:54,709 [INFO] PluginManage:310 - Check plugin ddr
2024-04-17 20:37:54,709 [INFO] PluginManage:359 - Loaded plugin ddr (category:tool,tabindex:6)
2024-04-17 20:37:54,709 [INFO] PluginManage:310 - Check plugin filemanager
2024-04-17 20:37:54,874 [INFO] PluginManage:359 - Loaded plugin filemanager (category:base,tabindex:10)
2024-04-17 20:37:54,874 [INFO] PluginManage:310 - Check plugin ipmanager
2024-04-17 20:37:54,889 [INFO] PluginManage:359 - Loaded plugin ipmanager (category:base,tabindex:5)
2024-04-17 20:37:54,889 [INFO] PluginManage:310 - Check plugin lpbam
2024-04-17 20:37:54,915 [INFO] PluginManage:359 - Loaded plugin lpbam (category:base,tabindex:0)
2024-04-17 20:37:54,915 [INFO] PluginManage:310 - Check plugin pinoutandconfiguration
2024-04-17 20:37:54,925 [INFO] PluginManage:359 - Loaded plugin pinoutandconfiguration (category:base,tabindex:1)
2024-04-17 20:37:54,925 [INFO] PluginManage:310 - Check plugin pinoutconfig
2024-04-17 20:37:55,038 [WARN] SupportedApi:132 - Cannot load RTOS API schema: s4s-elt-must-match.1: The content of 'definitions' must match (annotation?, (simpleType | complexType)?, (unique | key | keyref)*)). A problem was found starting at: attribute.
2024-04-17 20:37:55,188 [INFO] PluginManage:359 - Loaded plugin pinoutconfig (category:base,tabindex:0)
2024-04-17 20:37:55,188 [INFO] PluginManage:310 - Check plugin power
2024-04-17 20:37:55,224 [INFO] PluginManage:359 - Loaded plugin power (category:power,tabindex:4)
2024-04-17 20:37:55,224 [INFO] PluginManage:310 - Check plugin projectmanager
2024-04-17 20:37:55,240 [INFO] PluginManage:359 - Loaded plugin projectmanager (category:projectmanager,tabindex:3)
2024-04-17 20:37:55,240 [INFO] PluginManage:310 - Check plugin thirdparty
2024-04-17 20:37:55,557 [INFO] PluginManage:359 - Loaded plugin thirdparty (category:base,tabindex:-1)
2024-04-17 20:37:55,557 [WARN] IntegrityCheckThread:84 - waiting for thirdparty lock release [integrity check]
2024-04-17 20:37:55,557 [INFO] PluginManage:310 - Check plugin tools
2024-04-17 20:37:55,557 [INFO] IntegrityCheckThread:86 - entering critical section [integrity check]
2024-04-17 20:37:55,557 [INFO] ThirdPartyUpdaterWithRetryManager:70 - Updater plugin not ready yet. [1/15]
2024-04-17 20:37:55,583 [INFO] PluginManage:359 - Loaded plugin tools (category:base,tabindex:7)
2024-04-17 20:37:55,583 [INFO] PluginManage:310 - Check plugin tutovideos
2024-04-17 20:37:55,877 [INFO] PluginManage:359 - Loaded plugin tutovideos (category:base,tabindex:-1)
2024-04-17 20:37:55,877 [INFO] PluginManage:310 - Check plugin updater
2024-04-17 20:37:55,892 [INFO] PluginManage:359 - Loaded plugin updater (category:base,tabindex:12)
2024-04-17 20:37:55,892 [INFO] PluginManage:283 - PluginManage : Loaded plugins [15]
2024-04-17 20:37:56,210 [INFO] PinOutPanel:1499 - setPackage(No Configuration,No Configuration)
2024-04-17 20:37:56,302 [INFO] CADModel:165 - CPN selected for project level
2024-04-17 20:37:56,302 [INFO] CADModel:114 - Register for checkConnection events
2024-04-17 20:37:56,344 [INFO] IPUIPlugin:80 - create IPUIPlugin
2024-04-17 20:37:56,344 [INFO] PluginManager:220 - loadIPPluginJar : add adc
2024-04-17 20:37:56,374 [INFO] IPUIPlugin:80 - create IPUIPlugin
2024-04-17 20:37:56,374 [INFO] PluginManager:220 - loadIPPluginJar : add aes
2024-04-17 20:37:56,425 [INFO] IPUIPlugin:80 - create IPUIPlugin
2024-04-17 20:37:56,425 [INFO] PluginManager:220 - loadIPPluginJar : add can
2024-04-17 20:37:56,451 [INFO] IPUIPlugin:80 - create IPUIPlugin
2024-04-17 20:37:56,451 [INFO] PluginManager:220 - loadIPPluginJar : add comp
2024-04-17 20:37:56,503 [INFO] IPUIPlugin:80 - create IPUIPlugin
2024-04-17 20:37:56,503 [INFO] PluginManager:220 - loadIPPluginJar : add cryp
2024-04-17 20:37:56,539 [INFO] IPUIPlugin:80 - create IPUIPlugin
2024-04-17 20:37:56,539 [INFO] PluginManager:220 - loadIPPluginJar : add dfsdm
2024-04-17 20:37:56,549 [INFO] IPUIPlugin:80 - create IPUIPlugin
2024-04-17 20:37:56,549 [INFO] PluginManager:220 - loadIPPluginJar : add dma
2024-04-17 20:37:56,600 [INFO] IPUIPlugin:80 - create IPUIPlugin
2024-04-17 20:37:56,600 [INFO] PluginManager:220 - loadIPPluginJar : add dma3
2024-04-17 20:37:56,626 [INFO] IPUIPlugin:80 - create IPUIPlugin
2024-04-17 20:37:56,626 [INFO] PluginManager:220 - loadIPPluginJar : add fatfs
2024-04-17 20:37:56,688 [INFO] IPUIPlugin:80 - create IPUIPlugin
2024-04-17 20:37:56,688 [INFO] PluginManager:220 - loadIPPluginJar : add fmc
2024-04-17 20:37:56,713 [INFO] IPUIPlugin:80 - create IPUIPlugin
2024-04-17 20:37:56,716 [INFO] PluginManager:220 - loadIPPluginJar : add freertos
2024-04-17 20:37:56,745 [INFO] IPUIPlugin:80 - create IPUIPlugin
2024-04-17 20:37:56,746 [INFO] PluginManager:220 - loadIPPluginJar : add genericplugin
2024-04-17 20:37:56,870 [INFO] IPUIPlugin:80 - create IPUIPlugin
2024-04-17 20:37:56,870 [INFO] PluginManager:220 - loadIPPluginJar : add gfxmmu
2024-04-17 20:37:57,032 [INFO] IPUIPlugin:80 - create IPUIPlugin
2024-04-17 20:37:57,033 [INFO] PluginManager:220 - loadIPPluginJar : add gic
2024-04-17 20:37:57,049 [INFO] IPUIPlugin:80 - create IPUIPlugin
2024-04-17 20:37:57,049 [INFO] PluginManager:220 - loadIPPluginJar : add gpio
2024-04-17 20:37:57,157 [INFO] IPUIPlugin:80 - create IPUIPlugin
2024-04-17 20:37:57,157 [INFO] PluginManager:220 - loadIPPluginJar : add gtzc
2024-04-17 20:37:57,197 [INFO] IPUIPlugin:80 - create IPUIPlugin
2024-04-17 20:37:57,197 [INFO] PluginManager:220 - loadIPPluginJar : add hash
2024-04-17 20:37:57,267 [INFO] IPUIPlugin:80 - create IPUIPlugin
2024-04-17 20:37:57,267 [INFO] PluginManager:220 - loadIPPluginJar : add i2c
2024-04-17 20:37:57,316 [INFO] IPUIPlugin:80 - create IPUIPlugin
2024-04-17 20:37:57,317 [INFO] PluginManager:220 - loadIPPluginJar : add i2s
2024-04-17 20:37:57,371 [INFO] IPUIPlugin:80 - create IPUIPlugin
2024-04-17 20:37:57,371 [INFO] PluginManager:220 - loadIPPluginJar : add i3c
2024-04-17 20:37:57,495 [INFO] IPUIPlugin:80 - create IPUIPlugin
2024-04-17 20:37:57,496 [INFO] PluginManager:220 - loadIPPluginJar : add ipddr
2024-04-17 20:37:57,608 [INFO] IPUIPlugin:80 - create IPUIPlugin
2024-04-17 20:37:57,608 [INFO] PluginManager:220 - loadIPPluginJar : add linkedlist
2024-04-17 20:37:57,653 [INFO] IPUIPlugin:80 - create IPUIPlugin
2024-04-17 20:37:57,653 [INFO] PluginManager:220 - loadIPPluginJar : add lorawan
2024-04-17 20:37:57,698 [INFO] IPUIPlugin:80 - create IPUIPlugin
2024-04-17 20:37:57,698 [INFO] PluginManager:220 - loadIPPluginJar : add ltdc
2024-04-17 20:37:57,720 [INFO] IPUIPlugin:80 - create IPUIPlugin
2024-04-17 20:37:57,720 [INFO] PluginManager:220 - loadIPPluginJar : add mdma
2024-04-17 20:37:57,737 [INFO] IPUIPlugin:80 - create IPUIPlugin
2024-04-17 20:37:57,737 [INFO] PluginManager:220 - loadIPPluginJar : add nvic
2024-04-17 20:37:57,782 [INFO] IPUIPlugin:80 - create IPUIPlugin
2024-04-17 20:37:57,782 [INFO] PluginManager:220 - loadIPPluginJar : add opamp
2024-04-17 20:37:57,857 [INFO] IPUIPlugin:80 - create IPUIPlugin
2024-04-17 20:37:57,857 [INFO] PluginManager:220 - loadIPPluginJar : add openamp
2024-04-17 20:37:57,908 [INFO] IPUIPlugin:80 - create IPUIPlugin
2024-04-17 20:37:57,909 [INFO] PluginManager:220 - loadIPPluginJar : add pdm2pcm
2024-04-17 20:37:57,928 [INFO] IPUIPlugin:80 - create IPUIPlugin
2024-04-17 20:37:57,933 [INFO] PluginManager:220 - loadIPPluginJar : add plateformsettings
2024-04-17 20:37:57,962 [INFO] IPUIPlugin:80 - create IPUIPlugin
2024-04-17 20:37:57,962 [INFO] PluginManager:220 - loadIPPluginJar : add quadspi
2024-04-17 20:37:57,980 [INFO] IPUIPlugin:80 - create IPUIPlugin
2024-04-17 20:37:57,980 [INFO] PluginManager:220 - loadIPPluginJar : add resmgrutility
2024-04-17 20:37:58,038 [INFO] IPUIPlugin:80 - create IPUIPlugin
2024-04-17 20:37:58,039 [INFO] PluginManager:220 - loadIPPluginJar : add sai
2024-04-17 20:37:58,085 [INFO] IPUIPlugin:80 - create IPUIPlugin
2024-04-17 20:37:58,085 [INFO] PluginManager:220 - loadIPPluginJar : add spi
2024-04-17 20:37:58,143 [INFO] IPUIPlugin:80 - create IPUIPlugin
2024-04-17 20:37:58,143 [INFO] PluginManager:220 - loadIPPluginJar : add stm32_wpan
2024-04-17 20:37:58,169 [INFO] IPUIPlugin:80 - create IPUIPlugin
2024-04-17 20:37:58,169 [INFO] PluginManager:220 - loadIPPluginJar : add tim
2024-04-17 20:37:58,252 [INFO] IPUIPlugin:80 - create IPUIPlugin
2024-04-17 20:37:58,252 [INFO] PluginManager:220 - loadIPPluginJar : add touchsensing
2024-04-17 20:37:58,270 [INFO] IPUIPlugin:80 - create IPUIPlugin
2024-04-17 20:37:58,270 [INFO] PluginManager:220 - loadIPPluginJar : add tracer_emb
2024-04-17 20:37:58,314 [INFO] IPUIPlugin:80 - create IPUIPlugin
2024-04-17 20:37:58,314 [INFO] PluginManager:220 - loadIPPluginJar : add ts
2024-04-17 20:37:58,341 [INFO] IPUIPlugin:80 - create IPUIPlugin
2024-04-17 20:37:58,341 [INFO] PluginManager:220 - loadIPPluginJar : add tsc
2024-04-17 20:37:58,374 [INFO] IPUIPlugin:80 - create IPUIPlugin
2024-04-17 20:37:58,375 [INFO] PluginManager:220 - loadIPPluginJar : add ucpd
2024-04-17 20:37:58,425 [INFO] IPUIPlugin:80 - create IPUIPlugin
2024-04-17 20:37:58,425 [INFO] PluginManager:220 - loadIPPluginJar : add usart
2024-04-17 20:37:58,477 [INFO] IPUIPlugin:80 - create IPUIPlugin
2024-04-17 20:37:58,477 [INFO] PluginManager:220 - loadIPPluginJar : add usbx
2024-04-17 20:37:58,563 [INFO] ThirdPartyUpdaterWithRetryManager:70 - Updater plugin not ready yet. [2/15]
2024-04-17 20:37:58,636 [INFO] CADModel:165 - CPN selected for project level
2024-04-17 20:37:58,636 [INFO] CADModel:114 - Register for checkConnection events
2024-04-17 20:37:58,636 [FATAL] Updater:308 - Updater called before beeing initialized
2024-04-17 20:37:58,636 [ERROR] CADModel:125 - Updater not yet initialized, retry later 
2024-04-17 20:37:58,800 [INFO] CADModel:165 - CPN selected for project level
2024-04-17 20:37:58,800 [INFO] CADModel:114 - Register for checkConnection events
2024-04-17 20:37:58,800 [FATAL] Updater:308 - Updater called before beeing initialized
2024-04-17 20:37:58,800 [ERROR] CADModel:125 - Updater not yet initialized, retry later 
2024-04-17 20:37:58,816 [FATAL] Updater:308 - Updater called before beeing initialized
2024-04-17 20:37:58,950 [FATAL] Updater:308 - Updater called before beeing initialized
2024-04-17 20:37:58,970 [INFO] DbMcusAds:53 - JSON generation date=Wed Nov 29 11:52:27 CET 2023 (1701255147200)
2024-04-17 20:37:58,970 [FATAL] Updater:308 - Updater called before beeing initialized
2024-04-17 20:37:59,057 [WARN] DetailPanel:346 - Failed to get advertising image, set to default
2024-04-17 20:37:59,224 [FATAL] Updater:308 - Updater called before beeing initialized
2024-04-17 20:37:59,227 [FATAL] Updater:308 - Updater called before beeing initialized
2024-04-17 20:37:59,227 [FATAL] Updater:308 - Updater called before beeing initialized
2024-04-17 20:37:59,227 [WARN] DetailPanel:346 - Failed to get advertising image, set to default
2024-04-17 20:37:59,228 [FATAL] Updater:308 - Updater called before beeing initialized
2024-04-17 20:37:59,307 [ERROR] Updater:1120 - MainUpdater not yet initialized. External WinMGr cannot be set.
2024-04-17 20:37:59,319 [INFO] Updater:1056 - Updater Version found : 6.8.1
2024-04-17 20:37:59,344 [INFO] ApplicationProperties:184 - Using Application install path: D:\STM32CubeIDE_1.12.0\STM32CubeIDE\plugins\com.st.stm32cube.common.mx_6.8.1.202304191431
2024-04-17 20:37:59,724 [INFO] MainUpdater:2854 - connection check result : 10
2024-04-17 20:37:59,725 [INFO] MainUpdater:3548 - Updater definition file requires update
2024-04-17 20:37:59,726 [INFO] MainUpdater:283 - Updater Check For Update Now.
2024-04-17 20:37:59,728 [INFO] MicroXplorer:498 - Change Database Version : DB.6.0.81
2024-04-17 20:37:59,932 [INFO] ServerAccessManage:473 - Download File updaters.zip
2024-04-17 20:38:00,244 [INFO] FileExtend:240 - Unzip File : updaters.zip
2024-04-17 20:38:00,244 [INFO] FileExtend:255 - Standard Zip Deflate
2024-04-17 20:38:00,922 [INFO] ServerAccessManage:473 - Download File PacksControlFlags.xml
2024-04-17 20:38:01,010 [INFO] ServerAccessManage:473 - Download File cubemx.pidx
2024-04-17 20:38:01,426 [INFO] ServerAccessManage:473 - Download File STMicroelectronics.FP-SNS-MOTENVWB1.pdsc
2024-04-17 20:38:01,566 [WARN] MainUpdater:1187 - Updater busy. Cannot search thirdparties
2024-04-17 20:38:01,566 [INFO] ThirdPartyUpdaterWithRetryManager:96 - Updater plugin is busy. [1/15]
2024-04-17 20:38:02,099 [INFO] ServerAccessManage:473 - Download File STMicroelectronics.X-CUBE-AI.pdsc
2024-04-17 20:38:04,569 [WARN] MainUpdater:1187 - Updater busy. Cannot search thirdparties
2024-04-17 20:38:04,569 [INFO] ThirdPartyUpdaterWithRetryManager:96 - Updater plugin is busy. [2/15]
2024-04-17 20:38:05,616 [INFO] ServerAccessManage:473 - Download File STMicroelectronics.X-CUBE-AZRTOS-H7RS.pdsc
2024-04-17 20:38:06,505 [WARN] PackLoader:240 - Cannot read IP mode file for STMicroelectronics.FP-SNS-MOTENVWB1.1.4.0
2024-04-17 20:38:06,519 [WARN] PackLoader:240 - Cannot read IP mode file for STMicroelectronics.X-CUBE-AI.9.0.0
2024-04-17 20:38:06,561 [WARN] PackLoader:240 - Cannot read IP mode file for STMicroelectronics.X-CUBE-AZRTOS-H7RS.1.0.0
2024-04-17 20:38:06,566 [INFO] PopulateThirdPartyThread:66 - Ending populate Thread
2024-04-17 20:38:06,568 [INFO] ThirdParty:1030 - CMSIS Pack Vendor :STMicroelectronics FP-SNS-MOTENVWB1 1.4.0
2024-04-17 20:38:06,568 [INFO] ThirdParty:1030 - CMSIS Pack Vendor :STMicroelectronics X-CUBE-AI 9.0.0
2024-04-17 20:38:06,568 [INFO] ThirdParty:1030 - CMSIS Pack Vendor :STMicroelectronics X-CUBE-AZRTOS-H7RS 1.0.0
2024-04-17 20:38:06,568 [INFO] LoadServerUpdatesThread:373 - End of LoadServerUpdate Thread
2024-04-17 20:38:06,650 [INFO] CheckServerUpdateThread:120 - End of CheckServer Thread
2024-04-17 20:38:06,820 [INFO] MainUpdater:2854 - connection check result : 10
2024-04-17 20:38:06,828 [INFO] MainUpdater:2854 - connection check result : 10
2024-04-17 20:38:07,068 [INFO] MicroXplorer:468 - Change Database Path : 
2024-04-17 20:38:07,068 [INFO] MicroXplorer:498 - Change Database Version : DB.6.0.81
2024-04-17 20:38:07,068 [WARN] ThirdParty:871 - waiting for thirdparty lock release [close project]
2024-04-17 20:38:07,812 [WARN] PackLoader:240 - Cannot read IP mode file for STMicroelectronics.FP-SNS-MOTENVWB1.1.4.0
2024-04-17 20:38:07,829 [WARN] PackLoader:240 - Cannot read IP mode file for STMicroelectronics.X-CUBE-SMBUS.2.1.0
2024-04-17 20:38:07,842 [WARN] PackLoader:240 - Cannot read IP mode file for STMicroelectronics.X-CUBE-TOUCHGFX.4.23.0
2024-04-17 20:38:07,854 [WARN] PackLoader:240 - Cannot read IP mode file for STMicroelectronics.X-CUBE-TOUCHGFX.4.23.2
2024-04-17 20:38:07,887 [WARN] PackLoader:240 - Cannot read IP mode file for STMicroelectronics.X-CUBE-AZRTOS-F7.1.1.0
2024-04-17 20:38:07,906 [WARN] PackLoader:240 - Cannot read IP mode file for STMicroelectronics.FP-SNS-MOTENV1.4.3.2
2024-04-17 20:38:07,922 [ERROR] RealEvaluatedCondition:428 - Found unsupported composite condition: CLASS='Data Exchange' GROUP='STM32_MetaDataManager'
2024-04-17 20:38:07,922 [ERROR] RealEvaluatedCondition:428 - Found unsupported composite condition: GROUP='STM32_MetaDataManager' CLASS='Data Exchange'
2024-04-17 20:38:07,924 [WARN] PackLoader:240 - Cannot read IP mode file for STMicroelectronics.FP-SNS-MOTENV1.4.3.1
2024-04-17 20:38:07,939 [WARN] PackLoader:240 - Cannot read IP mode file for STMicroelectronics.FP-SNS-FLIGHT1.5.0.1
2024-04-17 20:38:07,955 [WARN] PackLoader:240 - Cannot read IP mode file for STMicroelectronics.X-CUBE-BLE1.6.2.4
2024-04-17 20:38:07,960 [WARN] PackLoader:240 - Cannot read IP mode file for STMicroelectronics.FP-SNS-FLIGHT1.5.0.2
2024-04-17 20:38:07,970 [WARN] PackLoader:240 - Cannot read IP mode file for STMicroelectronics.X-CUBE-DISPLAY.3.0.0
2024-04-17 20:38:07,996 [WARN] PackLoader:240 - Cannot read IP mode file for STMicroelectronics.X-CUBE-BLE1.7.0.0
2024-04-17 20:38:08,010 [WARN] PackLoader:240 - Cannot read IP mode file for STMicroelectronics.X-CUBE-TOUCHGFX.4.22.0
2024-04-17 20:38:08,021 [WARN] PackLoader:240 - Cannot read IP mode file for STMicroelectronics.X-CUBE-TOUCHGFX.4.22.1
2024-04-17 20:38:08,041 [WARN] PackLoader:240 - Cannot read IP mode file for STMicroelectronics.X-CUBE-BLEMGR.3.1.0
2024-04-17 20:38:08,059 [WARN] PackLoader:240 - Cannot read IP mode file for STMicroelectronics.FP-SNS-SMARTAG2.1.2.0
2024-04-17 20:38:08,069 [INFO] LogOutputStream:77 - [STDOUT_REDIRECT] 1 : Invalid condition id : UX_CORESTACK_Condition cause : null
2024-04-17 20:38:08,069 [INFO] LogOutputStream:77 - [STDOUT_REDIRECT] 1 : Invalid condition id : UX_CORESTACK_Condition cause : null
2024-04-17 20:38:08,084 [INFO] LogOutputStream:77 - [STDOUT_REDIRECT] 1 : Invalid condition id : UX_CORESTACK_Condition cause : null
2024-04-17 20:38:08,085 [INFO] LogOutputStream:77 - [STDOUT_REDIRECT] 1 : Invalid condition id : UX_CORESTACK_Condition cause : null
2024-04-17 20:38:08,088 [INFO] LogOutputStream:77 - [STDOUT_REDIRECT] 1 : Invalid condition id : UX_CORESTACK_Condition cause : null
2024-04-17 20:38:08,092 [WARN] PackLoader:240 - Cannot read IP mode file for STMicroelectronics.X-CUBE-AZRTOS-WL.2.0.0
2024-04-17 20:38:08,106 [WARN] PackLoader:240 - Cannot read IP mode file for STMicroelectronics.FP-SNS-MOTENV1.5.0.0
2024-04-17 20:38:08,127 [WARN] PackLoader:240 - Cannot read IP mode file for WES.I-CUBE-Cesium.1.3.0
2024-04-17 20:38:08,140 [WARN] PackLoader:240 - Cannot read IP mode file for STMicroelectronics.X-CUBE-BLE2.3.3.0
2024-04-17 20:38:08,155 [WARN] PackLoader:240 - Cannot read IP mode file for STMicroelectronics.X-CUBE-TCPP.4.1.0
2024-04-17 20:38:08,168 [WARN] PackLoader:240 - Cannot read IP mode file for STMicroelectronics.X-CUBE-TOUCHGFX.4.21.4
2024-04-17 20:38:08,186 [WARN] PackLoader:240 - Cannot read IP mode file for STMicroelectronics.X-CUBE-ALGOBUILD.1.3.0
2024-04-17 20:38:08,218 [WARN] PackLoader:240 - Cannot read IP mode file for STMicroelectronics.X-CUBE-AZRTOS-G0.1.1.0
2024-04-17 20:38:08,249 [WARN] PackLoader:240 - Cannot read IP mode file for STMicroelectronics.X-CUBE-SAFEA1.1.2.2
2024-04-17 20:38:08,266 [WARN] PackLoader:240 - Cannot read IP mode file for STMicroelectronics.X-CUBE-NFC4.3.0.0
2024-04-17 20:38:08,285 [WARN] PackLoader:240 - Cannot read IP mode file for STMicroelectronics.X-CUBE-BLEMGR.3.0.0
2024-04-17 20:38:08,293 [WARN] PackLoader:240 - Cannot read IP mode file for STMicroelectronics.FP-ATR-SIGFOX1.3.2.0
2024-04-17 20:38:08,309 [WARN] PackLoader:240 - Cannot read IP mode file for STMicroelectronics.X-CUBE-EEPRMA1.5.1.0
2024-04-17 20:38:08,356 [WARN] PackLoader:240 - Cannot read IP mode file for SEGGER.I-CUBE-embOS.1.3.1
2024-04-17 20:38:08,418 [WARN] PackLoader:240 - Cannot read IP mode file for STMicroelectronics.X-CUBE-GNSS1.6.0.0
2024-04-17 20:38:08,452 [WARN] PackLoader:240 - Cannot read IP mode file for STMicroelectronics.X-CUBE-AZRTOS-F4.1.1.0
2024-04-17 20:38:08,466 [WARN] PackLoader:240 - Cannot read IP mode file for wolfSSL.I-CUBE-wolfSSL.5.6.0
2024-04-17 20:38:08,495 [WARN] PackLoader:240 - Cannot read IP mode file for STMicroelectronics.X-CUBE-AZRTOS-L5.2.0.0
2024-04-17 20:38:08,549 [WARN] PackLoader:240 - Cannot read IP mode file for STMicroelectronics.X-CUBE-MEMS1.9.6.0
2024-04-17 20:38:08,660 [WARN] PackLoader:240 - Cannot read IP mode file for STMicroelectronics.X-CUBE-EEPRMA1.4.2.0
2024-04-17 20:38:08,670 [WARN] PackLoader:240 - Cannot read IP mode file for STMicroelectronics.X-CUBE-NFC6.3.1.0
2024-04-17 20:38:08,695 [WARN] PackLoader:240 - Cannot read IP mode file for ITTIA_DB.I-CUBE-ITTIADB.8.8.0
2024-04-17 20:38:08,713 [WARN] PackLoader:240 - Cannot read IP mode file for emotas.I-CUBE-CANOPEN.1.1.3
2024-04-17 20:38:08,729 [WARN] PackLoader:240 - Cannot read IP mode file for STMicroelectronics.X-CUBE-BLEMGR.2.0.0
2024-04-17 20:38:08,734 [WARN] PackLoader:240 - Cannot read IP mode file for STMicroelectronics.X-CUBE-AI.9.0.0
2024-04-17 20:38:08,763 [WARN] ConditionMgr:438 - getConditionDescription Invalid condition id : UX DEVICE CLASS RTOS Condition cause : null
2024-04-17 20:38:08,763 [WARN] ConditionMgr:438 - getConditionDescription Invalid condition id : UX DEVICE CLASS RTOS Condition cause : null
2024-04-17 20:38:08,766 [WARN] PackLoader:240 - Cannot read IP mode file for STMicroelectronics.X-CUBE-AZRTOS-H7.3.1.0
2024-04-17 20:38:08,767 [WARN] ConditionMgr:1039 - genDependencies : Invalid condition id : UX DEVICE CLASS RTOS Condition cause : null
2024-04-17 20:38:08,767 [WARN] ConditionMgr:1039 - genDependencies : Invalid condition id : UX DEVICE CLASS RTOS Condition cause : null
2024-04-17 20:38:08,768 [WARN] ConditionMgr:1039 - genDependencies : Invalid condition id : UX DEVICE CLASS RTOS Condition cause : null
2024-04-17 20:38:08,768 [WARN] ConditionMgr:1039 - genDependencies : Invalid condition id : UX DEVICE CLASS RTOS Condition cause : null
2024-04-17 20:38:08,768 [WARN] ConditionMgr:1039 - genDependencies : Invalid condition id : UX DEVICE CLASS RTOS Condition cause : null
2024-04-17 20:38:08,784 [WARN] PackLoader:240 - Cannot read IP mode file for STMicroelectronics.X-CUBE-NFC7.1.0.1
2024-04-17 20:38:08,796 [WARN] PackLoader:240 - Cannot read IP mode file for STMicroelectronics.X-CUBE-NFC7.1.0.0
2024-04-17 20:38:08,812 [WARN] PackLoader:240 - Cannot read IP mode file for STMicroelectronics.X-CUBE-NFC6.3.0.0
2024-04-17 20:38:08,826 [WARN] PackLoader:240 - Cannot read IP mode file for STMicroelectronics.X-CUBE-EEPRMA1.4.1.0
2024-04-17 20:38:08,838 [WARN] PackLoader:240 - Cannot read IP mode file for STMicroelectronics.X-CUBE-AI.8.1.0
2024-04-17 20:38:08,868 [WARN] ConditionMgr:438 - getConditionDescription Invalid condition id : LAN8742 Phy interface Condition cause : null
2024-04-17 20:38:08,871 [WARN] PackLoader:240 - Cannot read IP mode file for STMicroelectronics.X-CUBE-AZRTOS-L4.2.0.0
2024-04-17 20:38:08,871 [WARN] ConditionMgr:1039 - genDependencies : Invalid condition id : LAN8742 Phy interface Condition cause : null
2024-04-17 20:38:08,871 [WARN] ConditionMgr:1039 - genDependencies : Invalid condition id : LAN8742 Phy interface Condition cause : null
2024-04-17 20:38:08,871 [WARN] ConditionMgr:1039 - genDependencies : Invalid condition id : LAN8742 Phy interface Condition cause : null
2024-04-17 20:38:08,888 [WARN] PackLoader:240 - Cannot read IP mode file for STMicroelectronics.X-CUBE-SFXS2LP1.4.0.0
2024-04-17 20:38:08,900 [WARN] PackLoader:240 - Cannot read IP mode file for STMicroelectronics.X-CUBE-ISPU.1.1.0
2024-04-17 20:38:08,924 [WARN] ConditionMgr:438 - getConditionDescription Invalid condition id : UX DEVICE CLASS RTOS Condition cause : null
2024-04-17 20:38:08,924 [WARN] ConditionMgr:438 - getConditionDescription Invalid condition id : UX DEVICE CLASS RTOS Condition cause : null
2024-04-17 20:38:08,926 [WARN] PackLoader:240 - Cannot read IP mode file for STMicroelectronics.X-CUBE-AZRTOS-WB.2.0.0
2024-04-17 20:38:08,927 [WARN] ConditionMgr:1039 - genDependencies : Invalid condition id : UX DEVICE CLASS RTOS Condition cause : null
2024-04-17 20:38:08,927 [WARN] ConditionMgr:1039 - genDependencies : Invalid condition id : UX DEVICE CLASS RTOS Condition cause : null
2024-04-17 20:38:08,927 [WARN] ConditionMgr:1039 - genDependencies : Invalid condition id : UX DEVICE CLASS RTOS Condition cause : null
2024-04-17 20:38:08,927 [WARN] ConditionMgr:1039 - genDependencies : Invalid condition id : UX DEVICE CLASS RTOS Condition cause : null
2024-04-17 20:38:08,927 [WARN] ConditionMgr:1039 - genDependencies : Invalid condition id : UX DEVICE CLASS RTOS Condition cause : null
2024-04-17 20:38:08,940 [WARN] PackLoader:240 - Cannot read IP mode file for STMicroelectronics.X-CUBE-FREERTOS.1.0.1
2024-04-17 20:38:08,966 [WARN] PackLoader:240 - Cannot read IP mode file for STMicroelectronics.X-CUBE-AZRTOS-L5.1.1.0
2024-04-17 20:38:08,971 [WARN] PackLoader:240 - Cannot read IP mode file for STMicroelectronics.X-CUBE-AI.8.0.1
2024-04-17 20:38:08,996 [WARN] PackLoader:240 - Cannot read IP mode file for STMicroelectronics.X-CUBE-SUBG2.5.0.0
2024-04-17 20:38:09,019 [WARN] PackLoader:240 - Cannot read IP mode file for STMicroelectronics.X-CUBE-TOF1.3.3.1
2024-04-17 20:38:09,051 [WARN] PackLoader:240 - Cannot read IP mode file for STMicroelectronics.X-CUBE-AZRTOS-G4.2.0.0
2024-04-17 20:38:09,069 [WARN] PackLoader:240 - Cannot read IP mode file for STMicroelectronics.X-CUBE-TOF1.3.3.0
2024-04-17 20:38:09,099 [WARN] PackLoader:240 - Cannot read IP mode file for Infineon.AIROC-Wi-Fi-Bluetooth-STM32.1.5.1
2024-04-17 20:38:09,115 [WARN] PackLoader:240 - Cannot read IP mode file for STMicroelectronics.FP-SNS-MOTENVWB1.1.3.0
2024-04-17 20:38:09,121 [WARN] PackLoader:240 - Cannot read IP mode file for STMicroelectronics.FP-SNS-MOTENVWB1.1.3.1
2024-04-17 20:38:09,133 [WARN] PackLoader:240 - Cannot read IP mode file for STMicroelectronics.X-CUBE-ISPU.2.0.0
2024-04-17 20:38:09,172 [WARN] PackLoader:240 - Cannot read IP mode file for STMicroelectronics.X-CUBE-MEMS1.10.0.0
2024-04-17 20:38:09,291 [WARN] PackLoader:240 - Cannot read IP mode file for STMicroelectronics.X-CUBE-FREERTOS.1.1.0
2024-04-17 20:38:09,307 [WARN] PackLoader:240 - Cannot read IP mode file for portGmbH.I-Cube-SoM-uGOAL.1.1.0
2024-04-17 20:38:09,321 [WARN] PackLoader:240 - Cannot read IP mode file for STMicroelectronics.X-CUBE-ALS.1.0.1
2024-04-17 20:38:09,357 [WARN] PackLoader:240 - Cannot read IP mode file for STMicroelectronics.X-CUBE-AZRTOS-WB.1.1.0
2024-04-17 20:38:09,368 [WARN] PackLoader:240 - Cannot read IP mode file for STMicroelectronics.X-CUBE-AZRTOS-H7RS.1.0.0
2024-04-17 20:38:09,384 [WARN] PackLoader:240 - Cannot read IP mode file for STMicroelectronics.FP-ATR-ASTRA1.2.0.0
2024-04-17 20:38:09,407 [WARN] PackLoader:240 - Cannot read IP mode file for STMicroelectronics.X-CUBE-TOF1.3.4.0
2024-04-17 20:38:09,437 [WARN] PackLoader:240 - Cannot read IP mode file for STMicroelectronics.X-CUBE-TOF1.3.4.1
2024-04-17 20:38:09,471 [WARN] PackLoader:240 - Cannot read IP mode file for STMicroelectronics.X-CUBE-AZRTOS-H7.3.2.0
2024-04-17 20:38:09,490 [INFO] ThirdParty:978 - Integrity check success = true
2024-04-17 20:38:09,490 [INFO] IntegrityCheckThread:100 - exiting critical section [integrity check]
2024-04-17 20:38:09,490 [INFO] IntegrityCheckThread:103 - End integrity checks thread
2024-04-17 20:38:09,490 [INFO] ThirdParty:873 - entering critical section [close project]
2024-04-17 20:38:09,492 [INFO] ThirdParty:883 - exiting critical section [close project]
2024-04-17 20:38:09,496 [INFO] PinOutPanel:1499 - setPackage(No Configuration,No Configuration)
2024-04-17 20:38:09,502 [INFO] UtilMem:75 - Begin LoadConfig() Used Memory: 566097784 Bytes (951058432)
2024-04-17 20:38:09,504 [INFO] MicroXplorer:468 - Change Database Path : 
2024-04-17 20:38:09,504 [INFO] MicroXplorer:498 - Change Database Version : DB.6.0.81
2024-04-17 20:38:09,504 [INFO] OpenFileManager:308 - Change cursor
2024-04-17 20:38:09,550 [INFO] Mcu:1937 - Initializing MCU STM32L152RETx STM32L152RETx STM32L152RET6
2024-04-17 20:38:11,386 [INFO] Context:659 - Trying to add GPIOservice into a context  which must be forbidden
2024-04-17 20:38:12,061 [INFO] RtosManager:555 - Registered RTOS mode: class=CMSIS, group=RTOS, mode=CMSIS_V1, owner=FREERTOS
2024-04-17 20:38:12,061 [INFO] RtosManager:555 - Registered RTOS mode: class=CMSIS, group=RTOS2, mode=CMSIS_V2, owner=FREERTOS
2024-04-17 20:38:12,061 [INFO] RtosManager:555 - Registered RTOS mode: class=RTOS, group=Core, mode=CMSIS_V1, owner=FREERTOS
2024-04-17 20:38:12,061 [INFO] RtosManager:555 - Registered RTOS mode: class=RTOS, group=Core, mode=CMSIS_V2, owner=FREERTOS
2024-04-17 20:38:12,062 [WARN] ModelIntegratedComponent:184 - Missing modes for component STMicroelectronics:FreeRTOS:0.0.1:STMicroelectronics:RTOS:FreeRTOS:Core:::10.2.0:
2024-04-17 20:38:12,087 [WARN] ModelIntegratedComponent:63 - No mode defined for component null
2024-04-17 20:38:12,087 [WARN] ModelIntegratedComponent:63 - No mode defined for component null
2024-04-17 20:38:12,087 [WARN] ModelIntegratedComponent:63 - No mode defined for component null
2024-04-17 20:38:12,087 [WARN] ModelIntegratedComponent:63 - No mode defined for component null
2024-04-17 20:38:12,087 [WARN] ModelIntegratedComponent:63 - No mode defined for component null
2024-04-17 20:38:12,088 [WARN] ModelIntegratedComponent:63 - No mode defined for component null
2024-04-17 20:38:12,088 [WARN] ModelIntegratedComponent:63 - No mode defined for component null
2024-04-17 20:38:12,088 [WARN] ModelIntegratedComponent:63 - No mode defined for component null
2024-04-17 20:38:12,088 [WARN] ModelIntegratedComponent:63 - No mode defined for component null
2024-04-17 20:38:12,088 [WARN] ModelIntegratedComponent:63 - No mode defined for component null
2024-04-17 20:38:12,088 [WARN] ModelIntegratedComponent:63 - No mode defined for component null
2024-04-17 20:38:12,088 [WARN] ModelIntegratedComponent:63 - No mode defined for component null
2024-04-17 20:38:12,088 [WARN] ModelIntegratedComponent:63 - No mode defined for component null
2024-04-17 20:38:12,088 [WARN] ModelIntegratedComponent:63 - No mode defined for component null
2024-04-17 20:38:12,089 [WARN] ModelIntegratedComponent:63 - No mode defined for component null
2024-04-17 20:38:12,089 [WARN] ModelIntegratedComponent:63 - No mode defined for component null
2024-04-17 20:38:12,089 [WARN] ModelIntegratedComponent:63 - No mode defined for component null
2024-04-17 20:38:12,089 [WARN] ModelIntegratedComponent:63 - No mode defined for component null
2024-04-17 20:38:12,089 [WARN] ModelIntegratedComponent:63 - No mode defined for component null
2024-04-17 20:38:12,089 [WARN] ModelIntegratedComponent:63 - No mode defined for component null
2024-04-17 20:38:12,089 [WARN] ModelIntegratedComponent:63 - No mode defined for component null
2024-04-17 20:38:12,089 [WARN] ModelIntegratedComponent:63 - No mode defined for component null
2024-04-17 20:38:12,089 [WARN] ModelIntegratedComponent:63 - No mode defined for component null
2024-04-17 20:38:12,089 [WARN] ModelIntegratedComponent:63 - No mode defined for component null
2024-04-17 20:38:12,089 [WARN] ModelIntegratedComponent:63 - No mode defined for component null
2024-04-17 20:38:12,089 [WARN] ModelIntegratedComponent:63 - No mode defined for component null
2024-04-17 20:38:12,089 [WARN] ModelIntegratedComponent:63 - No mode defined for component null
2024-04-17 20:38:12,089 [WARN] ModelIntegratedComponent:63 - No mode defined for component null
2024-04-17 20:38:12,089 [WARN] ModelIntegratedComponent:63 - No mode defined for component null
2024-04-17 20:38:12,090 [WARN] ModelIntegratedComponent:63 - No mode defined for component null
2024-04-17 20:38:12,090 [WARN] ModelIntegratedComponent:63 - No mode defined for component null
2024-04-17 20:38:12,090 [WARN] ModelIntegratedComponent:63 - No mode defined for component null
2024-04-17 20:38:12,090 [WARN] ModelIntegratedComponent:63 - No mode defined for component null
2024-04-17 20:38:12,198 [INFO] ThirdPartyModel:298 - Start build external matchings
2024-04-17 20:38:13,071 [INFO] ThirdPartyModel:316 - End build external matchings
2024-04-17 20:38:13,113 [INFO] ImportTextPane:194 - (OptionalMessage_ERROR) IP (RCC) : Invalid parameter (FamilyName)
2024-04-17 20:38:13,118 [INFO] ImportTextPane:194 - (OptionalMessage_ERROR) IP (RCC) : Parameter (RTCHSEDivFreq_Value) has invalid value (4000000)
2024-04-17 20:38:13,118 [INFO] ImportTextPane:194 - (OptionalMessage_ERROR) IP (RCC) : Invalid parameter (TIMFreq_Value)
2024-04-17 20:38:13,118 [INFO] ImportTextPane:194 - (OptionalMessage_ERROR) IP (RCC) : Invalid parameter (USBOutput)
2024-04-17 20:38:13,401 [INFO] UtilMem:75 - End LoadConfig() Used Memory: 554706088 Bytes (951058432)
2024-04-17 20:38:13,555 [INFO] ApiDb:581 - Connected to CubeFinder SQLite database (C:\Users\marci\.stmcufinder\plugins\mcufinder\mcu\cube-finder-db.db)
2024-04-17 20:38:13,664 [INFO] ApiDb:668 - CubeFinder database Data Model version=2.1
2024-04-17 20:38:13,665 [INFO] ApiDb:669 - CubeFinder database Configuration version=3.0.39
2024-04-17 20:38:13,665 [INFO] ApiDb:670 - CubeFinder database generation date=2024-01-11 (1704964531)
2024-04-17 20:38:13,665 [INFO] ApiDb:671 - CubeFinder database FW Pack versions=[FP-ATR-ASTRA1_V2.0.0, FP-SNS-FLIGHT1_V5.0.1, FP-SNS-FLIGHT1_V5.0.2, FP-SNS-MOTENV1_V4.3.1, FP-SNS-MOTENV1_V4.3.2, FP-SNS-MOTENVWB1_V1.3.1, FP-SNS-SMARTAG2_V1.2.0, STM32Cube_FW_C0_V1.1.0, STM32Cube_FW_F4_V1.28.0, STM32Cube_FW_F7_V1.17.0, STM32Cube_FW_G0_V1.6.2, STM32Cube_FW_G4_V1.5.2, STM32Cube_FW_H5_V0.5.1, STM32Cube_FW_H5_V1.1.1, STM32Cube_FW_H5_V1.2.0RC2, STM32Cube_FW_H7_V1.11.0, STM32Cube_FW_L0_V1.12.2, STM32Cube_FW_L5_V1.5.0, STM32Cube_FW_U5_V1.3.0RC4, STM32Cube_FW_U5_V1.4.0, STM32Cube_FW_WBA_V1.0.0RC1, STM32Cube_FW_WBA_V1.1.0RC1, STM32Cube_FW_WBA_V1.2.0, STM32Cube_FW_WBA_V1.2.0RC2, STM32Cube_FW_WB_V1.15.0RC1, STM32Cube_FW_WB_V1.16.0, STM32Cube_FW_WB_V1.16.0RC2, STM32Cube_FW_WB_V1.18.0, STM32Cube_FW_WL_V1.3.0, X-CUBE-ALGOBUILD_V1.3.0, X-CUBE-ALS_V1.0.1, X-CUBE-AZRTOS-F4_V1.1.0, X-CUBE-AZRTOS-F7_V1.1.0, X-CUBE-AZRTOS-G0_V1.1.0, X-CUBE-AZRTOS-G4_V2.0.0, X-CUBE-AZRTOS-H7_V3.2.0, X-CUBE-AZRTOS-L4_V1.0.0, X-CUBE-AZRTOS-L4_V2.0.0, X-CUBE-AZRTOS-L5_V1.1.0, X-CUBE-AZRTOS-WB_V2.0.0, X-CUBE-AZRTOS-WL_V2.0.0, X-CUBE-BLE1_V7.0.0, X-CUBE-BLE2_V3.3.0, X-CUBE-BLEMGR_V3.0.0, X-CUBE-EEPRMA1_V4.1.0, X-CUBE-EEPRMA1_V4.2.0, X-CUBE-FREERTOS_V1.1.0, X-CUBE-GNSS1_V6.0.0, X-CUBE-MEMS1_V10.0.0, X-CUBE-MEMS1_V9.1.0, X-CUBE-MEMS1_V9.4.0, X-CUBE-MEMS1_V9.6.0, X-CUBE-NFC4_V3.0.0, X-CUBE-NFC7_V1.0.1, X-CUBE-SFXS2LP1_V4.0.0, X-CUBE-SUBG2_V5.0.0, X-CUBE-TOF1_V3.4.0]
2024-04-17 20:38:16,668 [INFO] ApiDb:240 - Found 297 in-development CPN: [B-G473E-ZEST1S, B-WB1M-WPAN1, B-WL5M-SUBG1, NUCLEO-C031C6, NUCLEO-H503RB, NUCLEO-H563ZI, NUCLEO-U545RE-Q, NUCLEO-U5A5ZJ-Q, NUCLEO-WBA52CG, STEVAL-PROTEUS1, STEVAL-STWINBX1, STM320518-EVAL, STM32C0116-DK, STM32C011D6Y3TR, STM32C011D6Y6TR, STM32C011F4P3, STM32C011F4P6, STM32C011F4U3, STM32C011F4U6TR, STM32C011F6P3, STM32C011F6P6, STM32C011F6U3, STM32C011F6U6TR, STM32C011J4M3, STM32C011J4M6, STM32C011J6M3, STM32C011J6M6, STM32C0316-DK, STM32C031C4T3, STM32C031C4T6, STM32C031C4U3, STM32C031C4U6, STM32C031C6T3, STM32C031C6T6, STM32C031C6U3, STM32C031C6U6, STM32C031F4P3, STM32C031F4P6, STM32C031F6P3, STM32C031F6P6, STM32C031G4U3, STM32C031G4U6, STM32C031G6U3, STM32C031G6U6, STM32C031K4T3, STM32C031K4T6, STM32C031K4U3, STM32C031K4U6, STM32C031K6T3, STM32C031K6T6, STM32C031K6U3, STM32C031K6U6, STM32G071K8TXN, STM32G071K8UXN, STM32G081GBU6N, STM32G081KBT6N, STM32G081KBUXN, STM32G0B1CCT6N, STM32G0B1KCT6, STM32G0B1NEY6TR, STM32G0B1RCT6N, STM32G0C1CCT6, STM32G0C1CCT6N, STM32G0C1CCU6N, STM32G0C1CET6N, STM32G0C1CEU6N, STM32G0C1KCT6, STM32G0C1NEY6TR, STM32G0C1RCI6N, STM32G0C1RCT6N, STM32G0C1REI6N, STM32G0C1RET6N, STM32G0C1VCI6, STM32G0C1VEI6, STM32G471CCT6, STM32G471CCU6, STM32G471CET3, STM32G471CET6, STM32G471CEU3, STM32G471CEU6, STM32G471MCT6, STM32G471MET3, STM32G471MET6, STM32G471MEY6TR, STM32G471QCT6, STM32G471QET3, STM32G471RCT6, STM32G471RET3, STM32G471RET6, STM32G471VCH6, STM32G471VCI6, STM32G471VCT6, STM32G471VEH3, STM32G471VEH6, STM32G471VEI3, STM32G471VEI6, STM32G471VET3, STM32G471VET6, STM32G474CCT6, STM32H503CBT6, STM32H503CBU6, STM32H503EBY6TR, STM32H503KBU6, STM32H503RBT6, STM32H562AGI6, STM32H562AII6, STM32H562IGK6, STM32H562IGT6, STM32H562IIK6, STM32H562IIT6, STM32H562RGT6, STM32H562RGV6, STM32H562RIT6, STM32H562RIV6, STM32H562VGT6, STM32H562VIT6, STM32H562ZGT6, STM32H562ZIT6, STM32H563AGI6, STM32H563AII3Q, STM32H563AII6, STM32H563IGK6, STM32H563IGT6, STM32H563IIK3Q, STM32H563IIK6, STM32H563IIT3Q, STM32H563IIT6, STM32H563MIY3QTR, STM32H563RGT6, STM32H563RGV6, STM32H563RIT6, STM32H563RIV6, STM32H563VGT6, STM32H563VIT3Q, STM32H563VIT6, STM32H563ZGT6, STM32H563ZIT3Q, STM32H563ZIT6, STM32H573AII3Q, STM32H573AII6, STM32H573I-DK, STM32H573IIK3Q, STM32H573IIK6, STM32H573IIT3Q, STM32H573IIT6, STM32H573MIY3QTR, STM32H573RIT6, STM32H573RIV6, STM32H573VIT3Q, STM32H573VIT6, STM32H573ZIT3Q, STM32H573ZIT6, STM32L4R5QGI6STR, STM32MP131AAE3, STM32MP131AAF3, STM32MP131AAG3, STM32MP131CAE3, STM32MP131CAF3, STM32MP131CAG3, STM32MP131DAE7, STM32MP131DAF7, STM32MP131DAG7, STM32MP131FAE7, STM32MP131FAF7, STM32MP131FAG7, STM32MP133AAE3, STM32MP133AAF3, STM32MP133AAG3, STM32MP133CAE3, STM32MP133CAF3, STM32MP133CAG3, STM32MP133DAE7, STM32MP133DAF7, STM32MP133DAG7, STM32MP133FAE7, STM32MP133FAF7, STM32MP133FAG7, STM32MP135AAE3, STM32MP135AAF3, STM32MP135AAG3, STM32MP135CAE3, STM32MP135CAF3, STM32MP135CAG3, STM32MP135DAE7, STM32MP135DAF7, STM32MP135DAG7, STM32MP135F-DK, STM32MP135FAE7, STM32MP135FAF7, STM32MP135FAF7T, STM32MP135FAF7U, STM32MP135FAG7, STM32U535CBT6, STM32U535CBT6Q, STM32U535CBU6, STM32U535CBU6Q, STM32U535CCT6, STM32U535CCT6Q, STM32U535CCU6, STM32U535CCU6Q, STM32U535CET6, STM32U535CET6Q, STM32U535CEU6, STM32U535CEU6Q, STM32U535JEY6QTR, STM32U535NCY6QTR, STM32U535NEY6QTR, STM32U535RBI6, STM32U535RBI6Q, STM32U535RBT6, STM32U535RBT6Q, STM32U535RCI6, STM32U535RCI6Q, STM32U535RCT6, STM32U535RCT6Q, STM32U535REI6, STM32U535REI6Q, STM32U535RET6, STM32U535RET6Q, STM32U535VCI6, STM32U535VCI6Q, STM32U535VCT6, STM32U535VCT6Q, STM32U535VEI6, STM32U535VEI6Q, STM32U535VET6, STM32U535VET6Q, STM32U545CET6, STM32U545CET6Q, STM32U545CEU6, STM32U545CEU6Q, STM32U545JEY6QTR, STM32U545NEY6QTR, STM32U545REI6, STM32U545REI6Q, STM32U545RET6, STM32U545RET6Q, STM32U545VEI6, STM32U545VEI6Q, STM32U545VET6, STM32U545VET6Q, STM32U595AIH6, STM32U595AIH6Q, STM32U595AJH6, STM32U595AJH6Q, STM32U595QII6, STM32U595QII6Q, STM32U595QJI6, STM32U595QJI6Q, STM32U595RIT6, STM32U595RIT6Q, STM32U595RJT6, STM32U595RJT6Q, STM32U595VIT6, STM32U595VIT6Q, STM32U595VJT6, STM32U595VJT6Q, STM32U595ZIT6, STM32U595ZIT6Q, STM32U595ZIY6QTR, STM32U595ZJT6, STM32U595ZJT6Q, STM32U595ZJY6QTR, STM32U599BJY6QTR, STM32U599NIH6Q, STM32U599NJH6Q, STM32U599VIT6Q, STM32U599VJT6, STM32U599VJT6Q, STM32U599ZIT6Q, STM32U599ZIY6QTR, STM32U599ZJT6Q, STM32U599ZJY6QTR, STM32U5A5AJH6, STM32U5A5AJH6Q, STM32U5A5QJI6, STM32U5A5QJI6Q, STM32U5A5RJT6, STM32U5A5RJT6Q, STM32U5A5VJT6, STM32U5A5VJT6Q, STM32U5A5ZJT6, STM32U5A5ZJT6Q, STM32U5A5ZJY6QTR, STM32U5A9BJY6QTR, STM32U5A9J-DK, STM32U5A9NJH6Q, STM32U5A9VJT6Q, STM32U5A9ZJT6Q, STM32U5A9ZJY6QTR, STM32WB1MMCH6, STM32WBA52CEU6, STM32WBA52CEU6T, STM32WBA52CGU6, STM32WBA52CGU6T, STM32WL5MOCH6, STM32WL5MOCH6TR]
2024-04-17 20:38:16,671 [INFO] DbMcus:216 - Found 3861 MCUs, 3861 are supported
2024-04-17 20:38:16,671 [INFO] ApiDb:423 - Load user favorites file C:\Users\marci/.stm32cubeide/favorites.mcus.txt: 0 item(s)
2024-04-17 20:38:16,671 [INFO] ApiDb:427 - User favorites MCUs=[]
2024-04-17 20:38:16,671 [INFO] DbMcus:222 - Set 0 / 0 favorites MCUs
2024-04-17 20:38:17,068 [WARN] ThirdParty:833 - waiting for thirdparty lock release [change project]
2024-04-17 20:38:17,068 [INFO] ThirdParty:835 - entering critical section [change project]
2024-04-17 20:38:17,068 [INFO] ThirdParty:1030 - CMSIS Pack Vendor :STMicroelectronics X-CUBE-ISPU 1.1.0
2024-04-17 20:38:17,068 [INFO] ThirdParty:1030 - CMSIS Pack Vendor :STMicroelectronics X-CUBE-GNSS1 6.0.0
2024-04-17 20:38:17,068 [INFO] ThirdParty:1030 - CMSIS Pack Vendor :STMicroelectronics USB_HOST 2.0.0
2024-04-17 20:38:17,068 [INFO] ThirdParty:1030 - CMSIS Pack Vendor :STMicroelectronics FP-SNS-MOTENVWB1 1.4.0
2024-04-17 20:38:17,068 [INFO] ThirdParty:1030 - CMSIS Pack Vendor :STMicroelectronics X-CUBE-AZRTOS-F4 1.1.0
2024-04-17 20:38:17,068 [INFO] ThirdParty:1030 - CMSIS Pack Vendor :STMicroelectronics LIBJPEG 8.0.0
2024-04-17 20:38:17,068 [INFO] ThirdParty:1030 - CMSIS Pack Vendor :STMicroelectronics X-CUBE-SMBUS 2.1.0
2024-04-17 20:38:17,068 [INFO] ThirdParty:1030 - CMSIS Pack Vendor :wolfSSL I-CUBE-wolfSSL 5.6.0
2024-04-17 20:38:17,068 [INFO] ThirdParty:1030 - CMSIS Pack Vendor :STMicroelectronics USB_DEVICE 3.0.0
2024-04-17 20:38:17,068 [INFO] ThirdParty:1030 - CMSIS Pack Vendor :STMicroelectronics X-CUBE-TCPP 4.1.0
2024-04-17 20:38:17,068 [INFO] ThirdParty:1030 - CMSIS Pack Vendor :STMicroelectronics X-CUBE-AZRTOS-WB 2.0.0
2024-04-17 20:38:17,068 [INFO] ThirdParty:1030 - CMSIS Pack Vendor :STMicroelectronics X-CUBE-FREERTOS 1.0.1
2024-04-17 20:38:17,068 [INFO] ThirdParty:1030 - CMSIS Pack Vendor :STMicroelectronics X-CUBE-TOUCHGFX 4.23.0
2024-04-17 20:38:17,068 [INFO] ThirdParty:1030 - CMSIS Pack Vendor :STMicroelectronics X-CUBE-TOUCHGFX 4.23.2
2024-04-17 20:38:17,068 [INFO] ThirdParty:1030 - CMSIS Pack Vendor :STMicroelectronics X-CUBE-AZRTOS-F7 1.1.0
2024-04-17 20:38:17,068 [INFO] ThirdParty:1030 - CMSIS Pack Vendor :STMicroelectronics X-CUBE-TOUCHGFX 4.21.4
2024-04-17 20:38:17,068 [INFO] ThirdParty:1030 - CMSIS Pack Vendor :STMicroelectronics X-CUBE-AZRTOS-L5 2.0.0
2024-04-17 20:38:17,068 [INFO] ThirdParty:1030 - CMSIS Pack Vendor :STMicroelectronics USB_DEVICE 2.0.0
2024-04-17 20:38:17,068 [INFO] ThirdParty:1030 - CMSIS Pack Vendor :STMicroelectronics X-CUBE-MEMS1 9.6.0
2024-04-17 20:38:17,068 [INFO] ThirdParty:1030 - CMSIS Pack Vendor :STMicroelectronics X-CUBE-EEPRMA1 4.2.0
2024-04-17 20:38:17,068 [INFO] ThirdParty:1030 - CMSIS Pack Vendor :STMicroelectronics X-CUBE-NFC6 3.1.0
2024-04-17 20:38:17,068 [INFO] ThirdParty:1030 - CMSIS Pack Vendor :ITTIA_DB I-CUBE-ITTIADB 8.8.0
2024-04-17 20:38:17,068 [INFO] ThirdParty:1030 - CMSIS Pack Vendor :STMicroelectronics FP-SNS-MOTENV1 4.3.2
2024-04-17 20:38:17,068 [INFO] ThirdParty:1030 - CMSIS Pack Vendor :STMicroelectronics FP-SNS-MOTENV1 4.3.1
2024-04-17 20:38:17,068 [INFO] ThirdParty:1030 - CMSIS Pack Vendor :STMicroelectronics FP-SNS-FLIGHT1 5.0.1
2024-04-17 20:38:17,068 [INFO] ThirdParty:1030 - CMSIS Pack Vendor :STMicroelectronics X-CUBE-ALGOBUILD 1.3.0
2024-04-17 20:38:17,068 [INFO] ThirdParty:1030 - CMSIS Pack Vendor :STMicroelectronics X-CUBE-BLE1 6.2.4
2024-04-17 20:38:17,068 [INFO] ThirdParty:1030 - CMSIS Pack Vendor :STMicroelectronics X-CUBE-AZRTOS-L5 1.1.0
2024-04-17 20:38:17,068 [INFO] ThirdParty:1030 - CMSIS Pack Vendor :STMicroelectronics FreeRTOS 0.0.1
2024-04-17 20:38:17,068 [INFO] ThirdParty:1030 - CMSIS Pack Vendor :STMicroelectronics X-CUBE-AZRTOS-G0 1.1.0
2024-04-17 20:38:17,068 [INFO] ThirdParty:1030 - CMSIS Pack Vendor :emotas I-CUBE-CANOPEN 1.1.3
2024-04-17 20:38:17,068 [INFO] ThirdParty:1030 - CMSIS Pack Vendor :STMicroelectronics X-CUBE-BLEMGR 2.0.0
2024-04-17 20:38:17,068 [INFO] ThirdParty:1030 - CMSIS Pack Vendor :STMicroelectronics X-CUBE-AI 8.0.1
2024-04-17 20:38:17,068 [INFO] ThirdParty:1030 - CMSIS Pack Vendor :STMicroelectronics X-CUBE-SAFEA1 1.2.2
2024-04-17 20:38:17,068 [INFO] ThirdParty:1030 - CMSIS Pack Vendor :STMicroelectronics X-CUBE-NFC4 3.0.0
2024-04-17 20:38:17,068 [INFO] ThirdParty:1030 - CMSIS Pack Vendor :STMicroelectronics X-CUBE-SUBG2 5.0.0
2024-04-17 20:38:17,068 [INFO] ThirdParty:1030 - CMSIS Pack Vendor :STMicroelectronics STM32_WPAN 1.0.0
2024-04-17 20:38:17,068 [INFO] ThirdParty:1030 - CMSIS Pack Vendor :STMicroelectronics lwIP 2.0.3
2024-04-17 20:38:17,068 [INFO] ThirdParty:1030 - CMSIS Pack Vendor :STMicroelectronics FP-SNS-FLIGHT1 5.0.2
2024-04-17 20:38:17,068 [INFO] ThirdParty:1030 - CMSIS Pack Vendor :STMicroelectronics USB_HOST 1.0.0
2024-04-17 20:38:17,068 [INFO] ThirdParty:1030 - CMSIS Pack Vendor :STMicroelectronics X-CUBE-TOF1 3.3.1
2024-04-17 20:38:17,068 [INFO] ThirdParty:1030 - CMSIS Pack Vendor :STMicroelectronics X-CUBE-AI 9.0.0
2024-04-17 20:38:17,068 [INFO] ThirdParty:1030 - CMSIS Pack Vendor :STMicroelectronics X-CUBE-AZRTOS-G4 2.0.0
2024-04-17 20:38:17,068 [INFO] ThirdParty:1030 - CMSIS Pack Vendor :STMicroelectronics PDM2PCM 3.1.0
2024-04-17 20:38:17,068 [INFO] ThirdParty:1030 - CMSIS Pack Vendor :STMicroelectronics X-CUBE-AZRTOS-H7 3.1.0
2024-04-17 20:38:17,068 [INFO] ThirdParty:1030 - CMSIS Pack Vendor :STMicroelectronics X-CUBE-TOF1 3.3.0
2024-04-17 20:38:17,068 [INFO] ThirdParty:1030 - CMSIS Pack Vendor :Infineon AIROC-Wi-Fi-Bluetooth-STM32 1.5.1
2024-04-17 20:38:17,068 [INFO] ThirdParty:1030 - CMSIS Pack Vendor :STMicroelectronics X-CUBE-BLEMGR 3.0.0
2024-04-17 20:38:17,068 [INFO] ThirdParty:1030 - CMSIS Pack Vendor :STMicroelectronics PDM2PCM 3.3.0
2024-04-17 20:38:17,068 [INFO] ThirdParty:1030 - CMSIS Pack Vendor :STMicroelectronics X-CUBE-DISPLAY 3.0.0
2024-04-17 20:38:17,068 [INFO] ThirdParty:1030 - CMSIS Pack Vendor :STMicroelectronics FP-SNS-MOTENVWB1 1.3.0
2024-04-17 20:38:17,068 [INFO] ThirdParty:1030 - CMSIS Pack Vendor :STMicroelectronics FP-SNS-MOTENVWB1 1.3.1
2024-04-17 20:38:17,068 [INFO] ThirdParty:1030 - CMSIS Pack Vendor :STMicroelectronics X-CUBE-BLE1 7.0.0
2024-04-17 20:38:17,068 [INFO] ThirdParty:1030 - CMSIS Pack Vendor :STMicroelectronics FP-ATR-SIGFOX1 3.2.0
2024-04-17 20:38:17,068 [INFO] ThirdParty:1030 - CMSIS Pack Vendor :STMicroelectronics X-CUBE-ISPU 2.0.0
2024-04-17 20:38:17,068 [INFO] ThirdParty:1030 - CMSIS Pack Vendor :STMicroelectronics X-CUBE-EEPRMA1 5.1.0
2024-04-17 20:38:17,068 [INFO] ThirdParty:1030 - CMSIS Pack Vendor :STMicroelectronics HAL Drivers 0.0.0
2024-04-17 20:38:17,068 [INFO] ThirdParty:1030 - CMSIS Pack Vendor :STMicroelectronics MBEDTLS 2.16.2
2024-04-17 20:38:17,068 [INFO] ThirdParty:1030 - CMSIS Pack Vendor :STMicroelectronics X-CUBE-MEMS1 10.0.0
2024-04-17 20:38:17,068 [INFO] ThirdParty:1030 - CMSIS Pack Vendor :STMicroelectronics X-CUBE-FREERTOS 1.1.0
2024-04-17 20:38:17,068 [INFO] ThirdParty:1030 - CMSIS Pack Vendor :STMicroelectronics X-CUBE-TOUCHGFX 4.22.0
2024-04-17 20:38:17,068 [INFO] ThirdParty:1030 - CMSIS Pack Vendor :STMicroelectronics X-CUBE-NFC7 1.0.1
2024-04-17 20:38:17,068 [INFO] ThirdParty:1030 - CMSIS Pack Vendor :STMicroelectronics MBEDTLS 2.14.1
2024-04-17 20:38:17,068 [INFO] ThirdParty:1030 - CMSIS Pack Vendor :STMicroelectronics X-CUBE-NFC7 1.0.0
2024-04-17 20:38:17,068 [INFO] ThirdParty:1030 - CMSIS Pack Vendor :STMicroelectronics X-CUBE-TOUCHGFX 4.22.1
2024-04-17 20:38:17,068 [INFO] ThirdParty:1030 - CMSIS Pack Vendor :STMicroelectronics X-CUBE-NFC6 3.0.0
2024-04-17 20:38:17,068 [INFO] ThirdParty:1030 - CMSIS Pack Vendor :STMicroelectronics X-CUBE-EEPRMA1 4.1.0
2024-04-17 20:38:17,068 [INFO] ThirdParty:1030 - CMSIS Pack Vendor :portGmbH I-Cube-SoM-uGOAL 1.1.0
2024-04-17 20:38:17,068 [INFO] ThirdParty:1030 - CMSIS Pack Vendor :STMicroelectronics X-CUBE-ALS 1.0.1
2024-04-17 20:38:17,068 [INFO] ThirdParty:1030 - CMSIS Pack Vendor :STMicroelectronics X-CUBE-BLEMGR 3.1.0
2024-04-17 20:38:17,068 [INFO] ThirdParty:1030 - CMSIS Pack Vendor :STMicroelectronics ThreadX 1.0.0
2024-04-17 20:38:17,068 [INFO] ThirdParty:1030 - CMSIS Pack Vendor :STMicroelectronics FP-SNS-SMARTAG2 1.2.0
2024-04-17 20:38:17,068 [INFO] ThirdParty:1030 - CMSIS Pack Vendor :STMicroelectronics X-CUBE-AZRTOS-WB 1.1.0
2024-04-17 20:38:17,068 [INFO] ThirdParty:1030 - CMSIS Pack Vendor :STMicroelectronics X-CUBE-AZRTOS-WL 2.0.0
2024-04-17 20:38:17,068 [INFO] ThirdParty:1030 - CMSIS Pack Vendor :SEGGER I-CUBE-embOS 1.3.1
2024-04-17 20:38:17,068 [INFO] ThirdParty:1030 - CMSIS Pack Vendor :STMicroelectronics FP-SNS-MOTENV1 5.0.0
2024-04-17 20:38:17,068 [INFO] ThirdParty:1030 - CMSIS Pack Vendor :STMicroelectronics USB_DEVICE 1.0.0
2024-04-17 20:38:17,068 [INFO] ThirdParty:1030 - CMSIS Pack Vendor :STMicroelectronics X-CUBE-AI 8.1.0
2024-04-17 20:38:17,068 [INFO] ThirdParty:1030 - CMSIS Pack Vendor :STMicroelectronics X-CUBE-AZRTOS-H7RS 1.0.0
2024-04-17 20:38:17,068 [INFO] ThirdParty:1030 - CMSIS Pack Vendor :STMicroelectronics X-CUBE-AZRTOS-L4 2.0.0
2024-04-17 20:38:17,068 [INFO] ThirdParty:1030 - CMSIS Pack Vendor :STMicroelectronics ThreadX 0.0.2
2024-04-17 20:38:17,068 [INFO] ThirdParty:1030 - CMSIS Pack Vendor :WES I-CUBE-Cesium 1.3.0
2024-04-17 20:38:17,068 [INFO] ThirdParty:1030 - CMSIS Pack Vendor :STMicroelectronics FP-ATR-ASTRA1 2.0.0
2024-04-17 20:38:17,068 [INFO] ThirdParty:1030 - CMSIS Pack Vendor :STMicroelectronics lwIP 2.1.2
2024-04-17 20:38:17,068 [INFO] ThirdParty:1030 - CMSIS Pack Vendor :STMicroelectronics X-CUBE-SFXS2LP1 4.0.0
2024-04-17 20:38:17,068 [INFO] ThirdParty:1030 - CMSIS Pack Vendor :STMicroelectronics X-CUBE-BLE2 3.3.0
2024-04-17 20:38:17,068 [INFO] ThirdParty:1030 - CMSIS Pack Vendor :STMicroelectronics X-CUBE-TOF1 3.4.0
2024-04-17 20:38:17,068 [INFO] ThirdParty:1030 - CMSIS Pack Vendor :STMicroelectronics X-CUBE-TOF1 3.4.1
2024-04-17 20:38:17,068 [INFO] ThirdParty:1030 - CMSIS Pack Vendor :STMicroelectronics X-CUBE-AZRTOS-H7 3.2.0
2024-04-17 20:38:17,068 [INFO] ThirdParty:1030 - CMSIS Pack Vendor :STMicroelectronics PDM2PCM 3.2.0
2024-04-17 20:38:17,068 [INFO] ThirdParty:841 - exiting critical section [change project]
2024-04-17 20:38:17,561 [INFO] PinOutPanel:1499 - setPackage(No Configuration,No Configuration)
2024-04-17 20:38:17,562 [INFO] PinOutPanel:1499 - setPackage(STM32L152RETx,LQFP64)
2024-04-17 20:38:18,159 [INFO] UtilMem:75 - Before build in PCC Used Memory: 620012032 Bytes (951058432)
2024-04-17 20:38:19,128 [INFO] UtilMem:75 - After build in PCC Used Memory: 576984064 Bytes (951058432)
2024-04-17 20:38:19,160 [INFO] IPUIPlugin:80 - create IPUIPlugin
2024-04-17 20:38:19,160 [INFO] IPUIPlugin:80 - create IPUIPlugin
2024-04-17 20:38:19,160 [INFO] IPUIPlugin:80 - create IPUIPlugin
2024-04-17 20:38:19,160 [INFO] IPUIPlugin:80 - create IPUIPlugin
2024-04-17 20:38:19,161 [INFO] IPUIPlugin:80 - create IPUIPlugin
2024-04-17 20:38:19,161 [INFO] IPUIPlugin:80 - create IPUIPlugin
2024-04-17 20:38:19,161 [INFO] IPUIPlugin:80 - create IPUIPlugin
2024-04-17 20:38:19,161 [INFO] IPUIPlugin:80 - create IPUIPlugin
2024-04-17 20:38:19,161 [INFO] IPUIPlugin:80 - create IPUIPlugin
2024-04-17 20:38:19,161 [INFO] IPUIPlugin:80 - create IPUIPlugin
2024-04-17 20:38:19,161 [INFO] IPUIPlugin:80 - create IPUIPlugin
2024-04-17 20:38:19,161 [INFO] IPUIPlugin:80 - create IPUIPlugin
2024-04-17 20:38:19,162 [INFO] IPUIPlugin:80 - create IPUIPlugin
2024-04-17 20:38:19,162 [INFO] IPUIPlugin:80 - create IPUIPlugin
2024-04-17 20:38:19,162 [INFO] IPUIPlugin:80 - create IPUIPlugin
2024-04-17 20:38:19,162 [INFO] IPUIPlugin:80 - create IPUIPlugin
2024-04-17 20:38:19,162 [INFO] IPUIPlugin:80 - create IPUIPlugin
2024-04-17 20:38:19,163 [INFO] IPUIPlugin:80 - create IPUIPlugin
2024-04-17 20:38:19,163 [INFO] IPUIPlugin:80 - create IPUIPlugin
2024-04-17 20:38:19,163 [INFO] IPUIPlugin:80 - create IPUIPlugin
2024-04-17 20:38:19,163 [INFO] IPUIPlugin:80 - create IPUIPlugin
2024-04-17 20:38:19,164 [INFO] IPUIPlugin:80 - create IPUIPlugin
2024-04-17 20:38:19,164 [INFO] IPUIPlugin:80 - create IPUIPlugin
2024-04-17 20:38:19,164 [INFO] IPUIPlugin:80 - create IPUIPlugin
2024-04-17 20:38:19,165 [INFO] IPUIPlugin:80 - create IPUIPlugin
2024-04-17 20:38:19,165 [INFO] IPUIPlugin:80 - create IPUIPlugin
2024-04-17 20:38:19,165 [INFO] IPUIPlugin:80 - create IPUIPlugin
2024-04-17 20:38:19,165 [INFO] IPUIPlugin:80 - create IPUIPlugin
2024-04-17 20:38:19,166 [INFO] IPUIPlugin:80 - create IPUIPlugin
2024-04-17 20:38:19,166 [INFO] IPUIPlugin:80 - create IPUIPlugin
2024-04-17 20:38:19,166 [INFO] IPUIPlugin:80 - create IPUIPlugin
2024-04-17 20:38:19,166 [INFO] IPUIPlugin:80 - create IPUIPlugin
2024-04-17 20:38:19,167 [INFO] IPUIPlugin:80 - create IPUIPlugin
2024-04-17 20:38:19,167 [INFO] IPUIPlugin:80 - create IPUIPlugin
2024-04-17 20:38:19,167 [INFO] IPUIPlugin:80 - create IPUIPlugin
2024-04-17 20:38:19,168 [INFO] IPUIPlugin:80 - create IPUIPlugin
2024-04-17 20:38:19,168 [INFO] IPUIPlugin:80 - create IPUIPlugin
2024-04-17 20:38:19,168 [INFO] IPUIPlugin:80 - create IPUIPlugin
2024-04-17 20:38:19,168 [INFO] IPUIPlugin:80 - create IPUIPlugin
2024-04-17 20:38:19,168 [INFO] IPUIPlugin:80 - create IPUIPlugin
2024-04-17 20:38:19,168 [INFO] IPUIPlugin:80 - create IPUIPlugin
2024-04-17 20:38:19,168 [INFO] IPUIPlugin:80 - create IPUIPlugin
2024-04-17 20:38:19,168 [INFO] IPUIPlugin:80 - create IPUIPlugin
2024-04-17 20:38:19,404 [INFO] CADModel:165 - CPN selected for project levelSTM32L152RET6
2024-04-17 20:38:19,405 [INFO] CADModel:114 - Register for checkConnection events
2024-04-17 20:38:19,461 [INFO] OpenFileManager:328 - Restore cursor
