2024-01-22 09:50:28,465 [INFO] Activator:176 - 


2024-01-22 09:50:28,473 [INFO] Activator:177 - !SESSION log4j initialized
2024-01-22 09:50:33,086 [INFO] LogOutputStream:77 - [STDOUT_REDIRECT] 
2024-01-22 09:50:56,501 [ERROR] LogOutputStream:75 - [STDERR_REDIRECT] SLF4J: Failed to load class "org.slf4j.impl.StaticLoggerBinder".
2024-01-22 09:50:56,502 [ERROR] LogOutputStream:75 - [STDERR_REDIRECT] SLF4J: Defaulting to no-operation (NOP) logger implementation
2024-01-22 09:50:56,505 [ERROR] LogOutputStream:75 - [STDERR_REDIRECT] SLF4J: See http://www.slf4j.org/codes.html#StaticLoggerBinder for further details.
2024-01-22 09:51:03,664 [INFO] ApplicationProperties:184 - Using Application install path: D:\STM32CubeIDE_1.12.0\STM32CubeIDE\plugins\com.st.stm32cube.common.mx_6.8.1.202304191431
2024-01-22 09:51:03,691 [INFO] DbMcusXml:78 - Set database path to: D:\STM32CubeIDE_1.12.0\STM32CubeIDE\plugins\com.st.stm32cube.common.mx_6.8.1.202304191431\\db\/mcu/
2024-01-22 09:51:03,692 [INFO] ApiDb:274 - Set plugin database path to: D:\STM32CubeIDE_1.12.0\STM32CubeIDE\plugins\com.st.stm32cube.common.mx_6.8.1.202304191431\\db\/plugins/boardmanager/
2024-01-22 09:51:03,695 [WARN] ApiDb:259 - Overriding images path with different value:  => D:\STM32CubeIDE_1.12.0\STM32CubeIDE\plugins\com.st.stm32cube.common.mx_6.8.1.202304191431\\db\/plugins/mcufinder/images/
2024-01-22 09:51:03,720 [INFO] ApiDb:250 - Set database path to: C:\Users\marci\.stmcufinder\plugins\mcufinder//mcu/
2024-01-22 09:51:03,722 [INFO] DbMcusAds:125 - Set database path to: C:\Users\marci\.stmcufinder\plugins\mcufinder//mcu/
2024-01-22 09:51:03,726 [INFO] CrossReferenceDbSqlite:203 - Set database path to: C:\Users\marci\.stmcufinder\plugins\mcufinder//mcu/cs/
2024-01-22 09:51:03,867 [INFO] RulesReader:64 - Compatibility file has been processed (293 Rules)
2024-01-22 09:51:03,988 [INFO] DbMcusXml:78 - Set database path to: D:\STM32CubeIDE_1.12.0\STM32CubeIDE\plugins\com.st.stm32cube.common.mx_6.8.1.202304191431\\db\/mcu/
2024-01-22 09:51:03,988 [INFO] ApiDb:274 - Set plugin database path to: D:\STM32CubeIDE_1.12.0\STM32CubeIDE\plugins\com.st.stm32cube.common.mx_6.8.1.202304191431\\db\/plugins/boardmanager/
2024-01-22 09:51:03,989 [INFO] ApiDb:261 - Set plugin images path to: D:\STM32CubeIDE_1.12.0\STM32CubeIDE\plugins\com.st.stm32cube.common.mx_6.8.1.202304191431\\db\/plugins/mcufinder/images/
2024-01-22 09:51:03,989 [WARN] DbFile:41 - Overriding database path with different value: C:\Users\marci\.stmcufinder\plugins\mcufinder/ => C:\Users\marci\.stmcufinder\plugins\mcufinder
2024-01-22 09:51:03,989 [INFO] ApiDb:250 - Set database path to: C:\Users\marci\.stmcufinder\plugins\mcufinder//mcu/
2024-01-22 09:51:03,989 [WARN] DbFile:41 - Overriding database path with different value: C:\Users\marci\.stmcufinder\plugins\mcufinder/ => C:\Users\marci\.stmcufinder\plugins\mcufinder
2024-01-22 09:51:03,989 [INFO] DbMcusAds:125 - Set database path to: C:\Users\marci\.stmcufinder\plugins\mcufinder//mcu/
2024-01-22 09:51:03,990 [WARN] DbFile:41 - Overriding database path with different value: C:\Users\marci\.stmcufinder\plugins\mcufinder/ => C:\Users\marci\.stmcufinder\plugins\mcufinder
2024-01-22 09:51:03,990 [WARN] DbFile:41 - Overriding database path with different value: C:\Users\marci\.stmcufinder\plugins\mcufinder/ => C:\Users\marci\.stmcufinder\plugins\mcufinder
2024-01-22 09:51:03,990 [INFO] CrossReferenceDbSqlite:203 - Set database path to: C:\Users\marci\.stmcufinder\plugins\mcufinder//mcu/cs/
2024-01-22 09:51:04,095 [INFO] MainPanel:253 - HeapMemory: 268435456
2024-01-22 09:51:04,225 [INFO] DbMcusXml:78 - Set database path to: D:\STM32CubeIDE_1.12.0\STM32CubeIDE\plugins\com.st.stm32cube.common.mx_6.8.1.202304191431\\db\/mcu/
2024-01-22 09:51:04,226 [INFO] ApiDb:274 - Set plugin database path to: D:\STM32CubeIDE_1.12.0\STM32CubeIDE\plugins\com.st.stm32cube.common.mx_6.8.1.202304191431\\db\/plugins/boardmanager/
2024-01-22 09:51:04,226 [INFO] ApiDb:261 - Set plugin images path to: D:\STM32CubeIDE_1.12.0\STM32CubeIDE\plugins\com.st.stm32cube.common.mx_6.8.1.202304191431\\db\/plugins/mcufinder/images/
2024-01-22 09:51:04,227 [WARN] DbFile:41 - Overriding database path with different value: C:\Users\marci\.stmcufinder\plugins\mcufinder/ => C:\Users\marci\.stmcufinder\plugins\mcufinder
2024-01-22 09:51:04,227 [INFO] ApiDb:250 - Set database path to: C:\Users\marci\.stmcufinder\plugins\mcufinder//mcu/
2024-01-22 09:51:04,227 [WARN] DbFile:41 - Overriding database path with different value: C:\Users\marci\.stmcufinder\plugins\mcufinder/ => C:\Users\marci\.stmcufinder\plugins\mcufinder
2024-01-22 09:51:04,227 [INFO] DbMcusAds:125 - Set database path to: C:\Users\marci\.stmcufinder\plugins\mcufinder//mcu/
2024-01-22 09:51:04,227 [WARN] DbFile:41 - Overriding database path with different value: C:\Users\marci\.stmcufinder\plugins\mcufinder/ => C:\Users\marci\.stmcufinder\plugins\mcufinder
2024-01-22 09:51:04,228 [WARN] DbFile:41 - Overriding database path with different value: C:\Users\marci\.stmcufinder\plugins\mcufinder/ => C:\Users\marci\.stmcufinder\plugins\mcufinder
2024-01-22 09:51:04,228 [INFO] CrossReferenceDbSqlite:203 - Set database path to: C:\Users\marci\.stmcufinder\plugins\mcufinder//mcu/cs/
2024-01-22 09:51:04,254 [INFO] ApplicationProperties:184 - Using Application install path: D:\STM32CubeIDE_1.12.0\STM32CubeIDE\plugins\com.st.stm32cube.common.mx_6.8.1.202304191431
2024-01-22 09:51:04,256 [INFO] PluginManage:196 - Search for loadable plugins [exclusion list=, ]
2024-01-22 09:51:04,258 [INFO] PluginManage:310 - Check plugin analytics
2024-01-22 09:51:04,462 [INFO] AnalyticsPlugin:253 - Accepted Software Licenses: 
2024-01-22 09:51:04,463 [INFO] AnalyticsPlugin:255 - Accepted CMSIS Pack Licenses: 
2024-01-22 09:51:04,463 [INFO] AnalyticsPlugin:257 - Accepted Firmware Licenses: 
2024-01-22 09:51:04,473 [INFO] PluginManage:359 - Loaded plugin analytics (category:tool,tabindex:-1)
2024-01-22 09:51:04,474 [INFO] PluginManage:310 - Check plugin cadmodel
2024-01-22 09:51:04,493 [INFO] CADModel:105 - Init CAD model plugin
2024-01-22 09:51:04,493 [INFO] PluginManage:359 - Loaded plugin cadmodel (category:power,tabindex:5)
2024-01-22 09:51:04,494 [INFO] PluginManage:310 - Check plugin clock
2024-01-22 09:51:04,523 [INFO] PluginManage:359 - Loaded plugin clock (category:base,tabindex:2)
2024-01-22 09:51:04,523 [INFO] PluginManage:310 - Check plugin ddr
2024-01-22 09:51:04,528 [INFO] PluginManage:359 - Loaded plugin ddr (category:tool,tabindex:6)
2024-01-22 09:51:04,528 [INFO] PluginManage:310 - Check plugin filemanager
2024-01-22 09:51:04,712 [INFO] PluginManage:359 - Loaded plugin filemanager (category:base,tabindex:10)
2024-01-22 09:51:04,712 [INFO] PluginManage:310 - Check plugin ipmanager
2024-01-22 09:51:04,724 [INFO] PluginManage:359 - Loaded plugin ipmanager (category:base,tabindex:5)
2024-01-22 09:51:04,724 [INFO] PluginManage:310 - Check plugin lpbam
2024-01-22 09:51:04,749 [INFO] PluginManage:359 - Loaded plugin lpbam (category:base,tabindex:0)
2024-01-22 09:51:04,749 [INFO] PluginManage:310 - Check plugin pinoutandconfiguration
2024-01-22 09:51:04,772 [INFO] PluginManage:359 - Loaded plugin pinoutandconfiguration (category:base,tabindex:1)
2024-01-22 09:51:04,772 [INFO] PluginManage:310 - Check plugin pinoutconfig
2024-01-22 09:51:04,887 [WARN] SupportedApi:132 - Cannot load RTOS API schema: s4s-elt-must-match.1: The content of 'definitions' must match (annotation?, (simpleType | complexType)?, (unique | key | keyref)*)). A problem was found starting at: attribute.
2024-01-22 09:51:05,061 [INFO] PluginManage:359 - Loaded plugin pinoutconfig (category:base,tabindex:0)
2024-01-22 09:51:05,061 [INFO] PluginManage:310 - Check plugin power
2024-01-22 09:51:05,089 [INFO] PluginManage:359 - Loaded plugin power (category:power,tabindex:4)
2024-01-22 09:51:05,089 [INFO] PluginManage:310 - Check plugin projectmanager
2024-01-22 09:51:05,109 [INFO] PluginManage:359 - Loaded plugin projectmanager (category:projectmanager,tabindex:3)
2024-01-22 09:51:05,109 [INFO] PluginManage:310 - Check plugin thirdparty
2024-01-22 09:51:05,403 [INFO] PluginManage:359 - Loaded plugin thirdparty (category:base,tabindex:-1)
2024-01-22 09:51:05,403 [WARN] IntegrityCheckThread:84 - waiting for thirdparty lock release [integrity check]
2024-01-22 09:51:05,404 [INFO] PluginManage:310 - Check plugin tools
2024-01-22 09:51:05,404 [INFO] IntegrityCheckThread:86 - entering critical section [integrity check]
2024-01-22 09:51:05,407 [INFO] ThirdPartyUpdaterWithRetryManager:70 - Updater plugin not ready yet. [1/15]
2024-01-22 09:51:05,440 [INFO] PluginManage:359 - Loaded plugin tools (category:base,tabindex:7)
2024-01-22 09:51:05,440 [INFO] PluginManage:310 - Check plugin tutovideos
2024-01-22 09:51:05,741 [INFO] PluginManage:359 - Loaded plugin tutovideos (category:base,tabindex:-1)
2024-01-22 09:51:05,741 [INFO] PluginManage:310 - Check plugin updater
2024-01-22 09:51:05,761 [INFO] PluginManage:359 - Loaded plugin updater (category:base,tabindex:12)
2024-01-22 09:51:05,762 [INFO] PluginManage:283 - PluginManage : Loaded plugins [15]
2024-01-22 09:51:06,106 [INFO] PinOutPanel:1499 - setPackage(No Configuration,No Configuration)
2024-01-22 09:51:06,192 [INFO] CADModel:165 - CPN selected for project level
2024-01-22 09:51:06,193 [INFO] CADModel:114 - Register for checkConnection events
2024-01-22 09:51:06,227 [INFO] IPUIPlugin:80 - create IPUIPlugin
2024-01-22 09:51:06,228 [INFO] PluginManager:220 - loadIPPluginJar : add adc
2024-01-22 09:51:06,273 [INFO] IPUIPlugin:80 - create IPUIPlugin
2024-01-22 09:51:06,273 [INFO] PluginManager:220 - loadIPPluginJar : add aes
2024-01-22 09:51:06,323 [INFO] IPUIPlugin:80 - create IPUIPlugin
2024-01-22 09:51:06,324 [INFO] PluginManager:220 - loadIPPluginJar : add can
2024-01-22 09:51:06,350 [INFO] IPUIPlugin:80 - create IPUIPlugin
2024-01-22 09:51:06,350 [INFO] PluginManager:220 - loadIPPluginJar : add comp
2024-01-22 09:51:06,391 [INFO] IPUIPlugin:80 - create IPUIPlugin
2024-01-22 09:51:06,391 [INFO] PluginManager:220 - loadIPPluginJar : add cryp
2024-01-22 09:51:06,429 [INFO] IPUIPlugin:80 - create IPUIPlugin
2024-01-22 09:51:06,430 [INFO] PluginManager:220 - loadIPPluginJar : add dfsdm
2024-01-22 09:51:06,447 [INFO] IPUIPlugin:80 - create IPUIPlugin
2024-01-22 09:51:06,447 [INFO] PluginManager:220 - loadIPPluginJar : add dma
2024-01-22 09:51:06,506 [INFO] IPUIPlugin:80 - create IPUIPlugin
2024-01-22 09:51:06,506 [INFO] PluginManager:220 - loadIPPluginJar : add dma3
2024-01-22 09:51:06,532 [INFO] IPUIPlugin:80 - create IPUIPlugin
2024-01-22 09:51:06,532 [INFO] PluginManager:220 - loadIPPluginJar : add fatfs
2024-01-22 09:51:06,591 [INFO] IPUIPlugin:80 - create IPUIPlugin
2024-01-22 09:51:06,591 [INFO] PluginManager:220 - loadIPPluginJar : add fmc
2024-01-22 09:51:06,609 [INFO] IPUIPlugin:80 - create IPUIPlugin
2024-01-22 09:51:06,610 [INFO] PluginManager:220 - loadIPPluginJar : add freertos
2024-01-22 09:51:06,636 [INFO] IPUIPlugin:80 - create IPUIPlugin
2024-01-22 09:51:06,636 [INFO] PluginManager:220 - loadIPPluginJar : add genericplugin
2024-01-22 09:51:06,755 [INFO] IPUIPlugin:80 - create IPUIPlugin
2024-01-22 09:51:06,755 [INFO] PluginManager:220 - loadIPPluginJar : add gfxmmu
2024-01-22 09:51:06,918 [INFO] IPUIPlugin:80 - create IPUIPlugin
2024-01-22 09:51:06,918 [INFO] PluginManager:220 - loadIPPluginJar : add gic
2024-01-22 09:51:06,934 [INFO] IPUIPlugin:80 - create IPUIPlugin
2024-01-22 09:51:06,934 [INFO] PluginManager:220 - loadIPPluginJar : add gpio
2024-01-22 09:51:07,044 [INFO] IPUIPlugin:80 - create IPUIPlugin
2024-01-22 09:51:07,044 [INFO] PluginManager:220 - loadIPPluginJar : add gtzc
2024-01-22 09:51:07,082 [INFO] IPUIPlugin:80 - create IPUIPlugin
2024-01-22 09:51:07,083 [INFO] PluginManager:220 - loadIPPluginJar : add hash
2024-01-22 09:51:07,145 [INFO] IPUIPlugin:80 - create IPUIPlugin
2024-01-22 09:51:07,146 [INFO] PluginManager:220 - loadIPPluginJar : add i2c
2024-01-22 09:51:07,193 [INFO] IPUIPlugin:80 - create IPUIPlugin
2024-01-22 09:51:07,193 [INFO] PluginManager:220 - loadIPPluginJar : add i2s
2024-01-22 09:51:07,244 [INFO] IPUIPlugin:80 - create IPUIPlugin
2024-01-22 09:51:07,244 [INFO] PluginManager:220 - loadIPPluginJar : add i3c
2024-01-22 09:51:07,369 [INFO] IPUIPlugin:80 - create IPUIPlugin
2024-01-22 09:51:07,369 [INFO] PluginManager:220 - loadIPPluginJar : add ipddr
2024-01-22 09:51:07,486 [INFO] IPUIPlugin:80 - create IPUIPlugin
2024-01-22 09:51:07,486 [INFO] PluginManager:220 - loadIPPluginJar : add linkedlist
2024-01-22 09:51:07,490 [INFO] IPUIPlugin:80 - create IPUIPlugin
2024-01-22 09:51:07,491 [INFO] PluginManager:220 - loadIPPluginJar : add lorawan
2024-01-22 09:51:07,536 [INFO] IPUIPlugin:80 - create IPUIPlugin
2024-01-22 09:51:07,536 [INFO] PluginManager:220 - loadIPPluginJar : add ltdc
2024-01-22 09:51:07,553 [INFO] IPUIPlugin:80 - create IPUIPlugin
2024-01-22 09:51:07,553 [INFO] PluginManager:220 - loadIPPluginJar : add mdma
2024-01-22 09:51:07,567 [INFO] IPUIPlugin:80 - create IPUIPlugin
2024-01-22 09:51:07,568 [INFO] PluginManager:220 - loadIPPluginJar : add nvic
2024-01-22 09:51:07,612 [INFO] IPUIPlugin:80 - create IPUIPlugin
2024-01-22 09:51:07,612 [INFO] PluginManager:220 - loadIPPluginJar : add opamp
2024-01-22 09:51:07,686 [INFO] IPUIPlugin:80 - create IPUIPlugin
2024-01-22 09:51:07,686 [INFO] PluginManager:220 - loadIPPluginJar : add openamp
2024-01-22 09:51:07,739 [INFO] IPUIPlugin:80 - create IPUIPlugin
2024-01-22 09:51:07,739 [INFO] PluginManager:220 - loadIPPluginJar : add pdm2pcm
2024-01-22 09:51:07,758 [INFO] IPUIPlugin:80 - create IPUIPlugin
2024-01-22 09:51:07,761 [INFO] PluginManager:220 - loadIPPluginJar : add plateformsettings
2024-01-22 09:51:07,790 [INFO] IPUIPlugin:80 - create IPUIPlugin
2024-01-22 09:51:07,790 [INFO] PluginManager:220 - loadIPPluginJar : add quadspi
2024-01-22 09:51:07,809 [INFO] IPUIPlugin:80 - create IPUIPlugin
2024-01-22 09:51:07,809 [INFO] PluginManager:220 - loadIPPluginJar : add resmgrutility
2024-01-22 09:51:07,865 [INFO] IPUIPlugin:80 - create IPUIPlugin
2024-01-22 09:51:07,865 [INFO] PluginManager:220 - loadIPPluginJar : add sai
2024-01-22 09:51:07,911 [INFO] IPUIPlugin:80 - create IPUIPlugin
2024-01-22 09:51:07,911 [INFO] PluginManager:220 - loadIPPluginJar : add spi
2024-01-22 09:51:07,981 [INFO] IPUIPlugin:80 - create IPUIPlugin
2024-01-22 09:51:07,981 [INFO] PluginManager:220 - loadIPPluginJar : add stm32_wpan
2024-01-22 09:51:08,010 [INFO] IPUIPlugin:80 - create IPUIPlugin
2024-01-22 09:51:08,010 [INFO] PluginManager:220 - loadIPPluginJar : add tim
2024-01-22 09:51:08,080 [INFO] IPUIPlugin:80 - create IPUIPlugin
2024-01-22 09:51:08,080 [INFO] PluginManager:220 - loadIPPluginJar : add touchsensing
2024-01-22 09:51:08,109 [INFO] IPUIPlugin:80 - create IPUIPlugin
2024-01-22 09:51:08,109 [INFO] PluginManager:220 - loadIPPluginJar : add tracer_emb
2024-01-22 09:51:08,136 [INFO] IPUIPlugin:80 - create IPUIPlugin
2024-01-22 09:51:08,136 [INFO] PluginManager:220 - loadIPPluginJar : add ts
2024-01-22 09:51:08,163 [INFO] IPUIPlugin:80 - create IPUIPlugin
2024-01-22 09:51:08,163 [INFO] PluginManager:220 - loadIPPluginJar : add tsc
2024-01-22 09:51:08,191 [INFO] IPUIPlugin:80 - create IPUIPlugin
2024-01-22 09:51:08,191 [INFO] PluginManager:220 - loadIPPluginJar : add ucpd
2024-01-22 09:51:08,245 [INFO] IPUIPlugin:80 - create IPUIPlugin
2024-01-22 09:51:08,245 [INFO] PluginManager:220 - loadIPPluginJar : add usart
2024-01-22 09:51:08,295 [INFO] IPUIPlugin:80 - create IPUIPlugin
2024-01-22 09:51:08,296 [INFO] PluginManager:220 - loadIPPluginJar : add usbx
2024-01-22 09:51:08,409 [INFO] ThirdPartyUpdaterWithRetryManager:70 - Updater plugin not ready yet. [2/15]
2024-01-22 09:51:08,443 [INFO] CADModel:165 - CPN selected for project level
2024-01-22 09:51:08,443 [INFO] CADModel:114 - Register for checkConnection events
2024-01-22 09:51:08,443 [FATAL] Updater:308 - Updater called before beeing initialized
2024-01-22 09:51:08,443 [ERROR] CADModel:125 - Updater not yet initialized, retry later 
2024-01-22 09:51:08,619 [INFO] CADModel:165 - CPN selected for project level
2024-01-22 09:51:08,619 [INFO] CADModel:114 - Register for checkConnection events
2024-01-22 09:51:08,619 [FATAL] Updater:308 - Updater called before beeing initialized
2024-01-22 09:51:08,619 [ERROR] CADModel:125 - Updater not yet initialized, retry later 
2024-01-22 09:51:08,624 [FATAL] Updater:308 - Updater called before beeing initialized
2024-01-22 09:51:08,772 [FATAL] Updater:308 - Updater called before beeing initialized
2024-01-22 09:51:08,788 [INFO] DbMcusAds:53 - JSON generation date=Wed Nov 29 11:52:27 CET 2023 (1701255147349)
2024-01-22 09:51:08,788 [FATAL] Updater:308 - Updater called before beeing initialized
2024-01-22 09:51:08,878 [WARN] DetailPanel:346 - Failed to get advertising image, set to default
2024-01-22 09:51:09,015 [FATAL] Updater:308 - Updater called before beeing initialized
2024-01-22 09:51:09,018 [FATAL] Updater:308 - Updater called before beeing initialized
2024-01-22 09:51:09,018 [FATAL] Updater:308 - Updater called before beeing initialized
2024-01-22 09:51:09,018 [WARN] DetailPanel:346 - Failed to get advertising image, set to default
2024-01-22 09:51:09,019 [FATAL] Updater:308 - Updater called before beeing initialized
2024-01-22 09:51:09,094 [ERROR] Updater:1120 - MainUpdater not yet initialized. External WinMGr cannot be set.
2024-01-22 09:51:09,106 [INFO] Updater:1056 - Updater Version found : 6.8.1
2024-01-22 09:51:09,130 [INFO] ApplicationProperties:184 - Using Application install path: D:\STM32CubeIDE_1.12.0\STM32CubeIDE\plugins\com.st.stm32cube.common.mx_6.8.1.202304191431
2024-01-22 09:51:09,277 [ERROR] ServerAccessManage:1146 - Warning during Server Connection :  Unknown host sw-center.st.com
2024-01-22 09:51:09,284 [INFO] MainUpdater:2854 - connection check result : 22
2024-01-22 09:51:09,285 [INFO] MainUpdater:283 - Updater Check For Update Now.
2024-01-22 09:51:09,286 [INFO] MicroXplorer:498 - Change Database Version : DB.6.0.81
2024-01-22 09:51:09,487 [INFO] CheckServerUpdateThread:120 - End of CheckServer Thread
2024-01-22 09:51:09,533 [ERROR] ServerAccessManage:1146 - Warning during Server Connection :  Unknown host sw-center.st.com
2024-01-22 09:51:09,534 [INFO] MainUpdater:2854 - connection check result : 22
2024-01-22 09:51:09,545 [ERROR] ServerAccessManage:1146 - Warning during Server Connection :  Unknown host sw-center.st.com
2024-01-22 09:51:09,546 [INFO] MainUpdater:2854 - connection check result : 22
2024-01-22 09:51:11,632 [WARN] PackLoader:240 - Cannot read IP mode file for STMicroelectronics.X-CUBE-SMBUS.2.1.0
2024-01-22 09:51:11,649 [WARN] PackLoader:240 - Cannot read IP mode file for STMicroelectronics.X-CUBE-TOUCHGFX.4.23.0
2024-01-22 09:51:11,693 [WARN] PackLoader:240 - Cannot read IP mode file for STMicroelectronics.X-CUBE-AZRTOS-F7.1.1.0
2024-01-22 09:51:11,712 [WARN] PackLoader:240 - Cannot read IP mode file for STMicroelectronics.FP-SNS-MOTENV1.4.3.2
2024-01-22 09:51:11,727 [ERROR] RealEvaluatedCondition:428 - Found unsupported composite condition: GROUP='STM32_MetaDataManager' CLASS='Data Exchange'
2024-01-22 09:51:11,727 [ERROR] RealEvaluatedCondition:428 - Found unsupported composite condition: GROUP='STM32_MetaDataManager' CLASS='Data Exchange'
2024-01-22 09:51:11,729 [WARN] PackLoader:240 - Cannot read IP mode file for STMicroelectronics.FP-SNS-MOTENV1.4.3.1
2024-01-22 09:51:11,766 [WARN] PackLoader:240 - Cannot read IP mode file for STMicroelectronics.FP-SNS-FLIGHT1.5.0.1
2024-01-22 09:51:11,786 [WARN] PackLoader:240 - Cannot read IP mode file for STMicroelectronics.X-CUBE-BLE1.6.2.4
2024-01-22 09:51:11,800 [WARN] PackLoader:240 - Cannot read IP mode file for STMicroelectronics.FP-SNS-FLIGHT1.5.0.2
2024-01-22 09:51:11,821 [WARN] PackLoader:240 - Cannot read IP mode file for STMicroelectronics.X-CUBE-DISPLAY.3.0.0
2024-01-22 09:51:11,841 [WARN] PackLoader:240 - Cannot read IP mode file for STMicroelectronics.X-CUBE-BLE1.7.0.0
2024-01-22 09:51:11,855 [WARN] PackLoader:240 - Cannot read IP mode file for STMicroelectronics.X-CUBE-TOUCHGFX.4.22.0
2024-01-22 09:51:11,868 [WARN] PackLoader:240 - Cannot read IP mode file for STMicroelectronics.X-CUBE-TOUCHGFX.4.22.1
2024-01-22 09:51:11,882 [WARN] PackLoader:240 - Cannot read IP mode file for STMicroelectronics.FP-SNS-SMARTAG2.1.2.0
2024-01-22 09:51:11,904 [INFO] LogOutputStream:77 - [STDOUT_REDIRECT] 1 : Invalid condition id : UX_CORESTACK_Condition cause : null
2024-01-22 09:51:11,905 [INFO] LogOutputStream:77 - [STDOUT_REDIRECT] 1 : Invalid condition id : UX_CORESTACK_Condition cause : null
2024-01-22 09:51:11,907 [INFO] LogOutputStream:77 - [STDOUT_REDIRECT] 1 : Invalid condition id : UX_CORESTACK_Condition cause : null
2024-01-22 09:51:11,908 [INFO] LogOutputStream:77 - [STDOUT_REDIRECT] 1 : Invalid condition id : UX_CORESTACK_Condition cause : null
2024-01-22 09:51:11,910 [INFO] LogOutputStream:77 - [STDOUT_REDIRECT] 1 : Invalid condition id : UX_CORESTACK_Condition cause : null
2024-01-22 09:51:11,914 [WARN] PackLoader:240 - Cannot read IP mode file for STMicroelectronics.X-CUBE-AZRTOS-WL.2.0.0
2024-01-22 09:51:11,933 [WARN] PackLoader:240 - Cannot read IP mode file for WES.I-CUBE-Cesium.1.3.0
2024-01-22 09:51:11,949 [WARN] PackLoader:240 - Cannot read IP mode file for STMicroelectronics.X-CUBE-BLE2.3.3.0
2024-01-22 09:51:11,962 [WARN] PackLoader:240 - Cannot read IP mode file for STMicroelectronics.X-CUBE-TOUCHGFX.4.21.4
2024-01-22 09:51:11,976 [WARN] PackLoader:240 - Cannot read IP mode file for STMicroelectronics.X-CUBE-ALGOBUILD.1.3.0
2024-01-22 09:51:12,008 [WARN] PackLoader:240 - Cannot read IP mode file for STMicroelectronics.X-CUBE-AZRTOS-G0.1.1.0
2024-01-22 09:51:12,029 [WARN] PackLoader:240 - Cannot read IP mode file for STMicroelectronics.X-CUBE-NFC4.3.0.0
2024-01-22 09:51:12,051 [WARN] PackLoader:240 - Cannot read IP mode file for STMicroelectronics.X-CUBE-BLEMGR.3.0.0
2024-01-22 09:51:12,068 [WARN] PackLoader:240 - Cannot read IP mode file for STMicroelectronics.FP-ATR-SIGFOX1.3.2.0
2024-01-22 09:51:12,109 [WARN] PackLoader:240 - Cannot read IP mode file for SEGGER.I-CUBE-embOS.1.3.1
2024-01-22 09:51:12,164 [WARN] PackLoader:240 - Cannot read IP mode file for STMicroelectronics.X-CUBE-GNSS1.6.0.0
2024-01-22 09:51:12,196 [WARN] PackLoader:240 - Cannot read IP mode file for STMicroelectronics.X-CUBE-AZRTOS-F4.1.1.0
2024-01-22 09:51:12,214 [WARN] PackLoader:240 - Cannot read IP mode file for wolfSSL.I-CUBE-wolfSSL.5.6.0
2024-01-22 09:51:12,249 [WARN] PackLoader:240 - Cannot read IP mode file for STMicroelectronics.X-CUBE-AZRTOS-L5.2.0.0
2024-01-22 09:51:12,314 [WARN] PackLoader:240 - Cannot read IP mode file for STMicroelectronics.X-CUBE-MEMS1.9.6.0
2024-01-22 09:51:12,476 [WARN] PackLoader:240 - Cannot read IP mode file for STMicroelectronics.X-CUBE-EEPRMA1.4.2.0
2024-01-22 09:51:12,492 [WARN] PackLoader:240 - Cannot read IP mode file for ITTIA_DB.I-CUBE-ITTIADB.8.8.0
2024-01-22 09:51:12,509 [WARN] PackLoader:240 - Cannot read IP mode file for emotas.I-CUBE-CANOPEN.1.1.3
2024-01-22 09:51:12,525 [WARN] PackLoader:240 - Cannot read IP mode file for STMicroelectronics.X-CUBE-BLEMGR.2.0.0
2024-01-22 09:51:12,569 [WARN] ConditionMgr:438 - getConditionDescription Invalid condition id : UX DEVICE CLASS RTOS Condition cause : null
2024-01-22 09:51:12,570 [WARN] ConditionMgr:438 - getConditionDescription Invalid condition id : UX DEVICE CLASS RTOS Condition cause : null
2024-01-22 09:51:12,573 [WARN] PackLoader:240 - Cannot read IP mode file for STMicroelectronics.X-CUBE-AZRTOS-H7.3.1.0
2024-01-22 09:51:12,574 [WARN] ConditionMgr:1039 - genDependencies : Invalid condition id : UX DEVICE CLASS RTOS Condition cause : null
2024-01-22 09:51:12,574 [WARN] ConditionMgr:1039 - genDependencies : Invalid condition id : UX DEVICE CLASS RTOS Condition cause : null
2024-01-22 09:51:12,575 [WARN] ConditionMgr:1039 - genDependencies : Invalid condition id : UX DEVICE CLASS RTOS Condition cause : null
2024-01-22 09:51:12,576 [WARN] ConditionMgr:1039 - genDependencies : Invalid condition id : UX DEVICE CLASS RTOS Condition cause : null
2024-01-22 09:51:12,576 [WARN] ConditionMgr:1039 - genDependencies : Invalid condition id : UX DEVICE CLASS RTOS Condition cause : null
2024-01-22 09:51:12,592 [WARN] PackLoader:240 - Cannot read IP mode file for STMicroelectronics.X-CUBE-NFC7.1.0.1
2024-01-22 09:51:12,607 [WARN] PackLoader:240 - Cannot read IP mode file for STMicroelectronics.X-CUBE-NFC7.1.0.0
2024-01-22 09:51:12,624 [WARN] PackLoader:240 - Cannot read IP mode file for STMicroelectronics.X-CUBE-NFC6.3.0.0
2024-01-22 09:51:12,641 [WARN] PackLoader:240 - Cannot read IP mode file for STMicroelectronics.X-CUBE-EEPRMA1.4.1.0
2024-01-22 09:51:12,655 [WARN] PackLoader:240 - Cannot read IP mode file for STMicroelectronics.X-CUBE-AI.8.1.0
2024-01-22 09:51:12,685 [WARN] ConditionMgr:438 - getConditionDescription Invalid condition id : LAN8742 Phy interface Condition cause : null
2024-01-22 09:51:12,686 [WARN] PackLoader:240 - Cannot read IP mode file for STMicroelectronics.X-CUBE-AZRTOS-L4.2.0.0
2024-01-22 09:51:12,688 [WARN] ConditionMgr:1039 - genDependencies : Invalid condition id : LAN8742 Phy interface Condition cause : null
2024-01-22 09:51:12,689 [WARN] ConditionMgr:1039 - genDependencies : Invalid condition id : LAN8742 Phy interface Condition cause : null
2024-01-22 09:51:12,690 [WARN] ConditionMgr:1039 - genDependencies : Invalid condition id : LAN8742 Phy interface Condition cause : null
2024-01-22 09:51:12,707 [WARN] PackLoader:240 - Cannot read IP mode file for STMicroelectronics.X-CUBE-SFXS2LP1.4.0.0
2024-01-22 09:51:12,721 [WARN] PackLoader:240 - Cannot read IP mode file for STMicroelectronics.X-CUBE-ISPU.1.1.0
2024-01-22 09:51:12,746 [WARN] ConditionMgr:438 - getConditionDescription Invalid condition id : UX DEVICE CLASS RTOS Condition cause : null
2024-01-22 09:51:12,747 [WARN] ConditionMgr:438 - getConditionDescription Invalid condition id : UX DEVICE CLASS RTOS Condition cause : null
2024-01-22 09:51:12,749 [WARN] PackLoader:240 - Cannot read IP mode file for STMicroelectronics.X-CUBE-AZRTOS-WB.2.0.0
2024-01-22 09:51:12,749 [WARN] ConditionMgr:1039 - genDependencies : Invalid condition id : UX DEVICE CLASS RTOS Condition cause : null
2024-01-22 09:51:12,749 [WARN] ConditionMgr:1039 - genDependencies : Invalid condition id : UX DEVICE CLASS RTOS Condition cause : null
2024-01-22 09:51:12,750 [WARN] ConditionMgr:1039 - genDependencies : Invalid condition id : UX DEVICE CLASS RTOS Condition cause : null
2024-01-22 09:51:12,750 [WARN] ConditionMgr:1039 - genDependencies : Invalid condition id : UX DEVICE CLASS RTOS Condition cause : null
2024-01-22 09:51:12,750 [WARN] ConditionMgr:1039 - genDependencies : Invalid condition id : UX DEVICE CLASS RTOS Condition cause : null
2024-01-22 09:51:12,765 [WARN] PackLoader:240 - Cannot read IP mode file for STMicroelectronics.X-CUBE-FREERTOS.1.0.1
2024-01-22 09:51:12,791 [WARN] PackLoader:240 - Cannot read IP mode file for STMicroelectronics.X-CUBE-AZRTOS-L5.1.1.0
2024-01-22 09:51:12,806 [WARN] PackLoader:240 - Cannot read IP mode file for STMicroelectronics.X-CUBE-AI.8.0.1
2024-01-22 09:51:12,825 [WARN] PackLoader:240 - Cannot read IP mode file for STMicroelectronics.X-CUBE-SUBG2.5.0.0
2024-01-22 09:51:12,849 [WARN] PackLoader:240 - Cannot read IP mode file for STMicroelectronics.X-CUBE-TOF1.3.3.1
2024-01-22 09:51:12,883 [WARN] PackLoader:240 - Cannot read IP mode file for STMicroelectronics.X-CUBE-AZRTOS-G4.2.0.0
2024-01-22 09:51:12,905 [WARN] PackLoader:240 - Cannot read IP mode file for STMicroelectronics.X-CUBE-TOF1.3.3.0
2024-01-22 09:51:12,936 [WARN] PackLoader:240 - Cannot read IP mode file for Infineon.AIROC-Wi-Fi-Bluetooth-STM32.1.5.1
2024-01-22 09:51:12,953 [WARN] PackLoader:240 - Cannot read IP mode file for STMicroelectronics.FP-SNS-MOTENVWB1.1.3.0
2024-01-22 09:51:12,966 [WARN] PackLoader:240 - Cannot read IP mode file for STMicroelectronics.FP-SNS-MOTENVWB1.1.3.1
2024-01-22 09:51:12,979 [WARN] PackLoader:240 - Cannot read IP mode file for STMicroelectronics.X-CUBE-ISPU.2.0.0
2024-01-22 09:51:13,033 [WARN] PackLoader:240 - Cannot read IP mode file for STMicroelectronics.X-CUBE-MEMS1.10.0.0
2024-01-22 09:51:13,149 [WARN] PackLoader:240 - Cannot read IP mode file for STMicroelectronics.X-CUBE-FREERTOS.1.1.0
2024-01-22 09:51:13,163 [WARN] PackLoader:240 - Cannot read IP mode file for portGmbH.I-Cube-SoM-uGOAL.1.1.0
2024-01-22 09:51:13,177 [WARN] PackLoader:240 - Cannot read IP mode file for STMicroelectronics.X-CUBE-ALS.1.0.1
2024-01-22 09:51:13,200 [WARN] PackLoader:240 - Cannot read IP mode file for STMicroelectronics.X-CUBE-AZRTOS-WB.1.1.0
2024-01-22 09:51:13,215 [WARN] PackLoader:240 - Cannot read IP mode file for STMicroelectronics.FP-ATR-ASTRA1.2.0.0
2024-01-22 09:51:13,236 [WARN] PackLoader:240 - Cannot read IP mode file for STMicroelectronics.X-CUBE-TOF1.3.4.0
2024-01-22 09:51:13,275 [WARN] PackLoader:240 - Cannot read IP mode file for STMicroelectronics.X-CUBE-AZRTOS-H7.3.2.0
2024-01-22 09:51:13,278 [INFO] ThirdParty:978 - Integrity check success = true
2024-01-22 09:51:13,278 [INFO] IntegrityCheckThread:100 - exiting critical section [integrity check]
2024-01-22 09:51:13,278 [INFO] IntegrityCheckThread:103 - End integrity checks thread
2024-01-22 09:51:26,776 [ERROR] ServerAccessManage:1146 - Warning during Server Connection :  Unknown host sw-center.st.com
2024-01-22 09:51:26,778 [INFO] MainUpdater:2854 - connection check result : 22
2024-01-22 09:51:31,676 [INFO] MicroXplorer:468 - Change Database Path : 
2024-01-22 09:51:31,676 [INFO] MicroXplorer:498 - Change Database Version : DB.6.0.81
2024-01-22 09:51:31,677 [WARN] ThirdParty:871 - waiting for thirdparty lock release [close project]
2024-01-22 09:51:31,677 [INFO] ThirdParty:873 - entering critical section [close project]
2024-01-22 09:51:31,679 [INFO] ThirdParty:883 - exiting critical section [close project]
2024-01-22 09:51:31,683 [INFO] PinOutPanel:1499 - setPackage(No Configuration,No Configuration)
2024-01-22 09:51:31,689 [INFO] UtilMem:75 - Begin LoadConfig() Used Memory: 118043288 Bytes (268435456)
2024-01-22 09:51:31,691 [INFO] MicroXplorer:468 - Change Database Path : 
2024-01-22 09:51:31,691 [INFO] MicroXplorer:498 - Change Database Version : DB.6.0.81
2024-01-22 09:51:31,691 [INFO] OpenFileManager:308 - Change cursor
2024-01-22 09:51:31,738 [INFO] Mcu:1937 - Initializing MCU STM32F103C(4-6)Tx STM32F103C6Tx STM32F103C6T6A
2024-01-22 09:51:32,712 [INFO] Context:659 - Trying to add GPIOservice into a context  which must be forbidden
2024-01-22 09:51:33,202 [INFO] RtosManager:555 - Registered RTOS mode: class=CMSIS, group=RTOS, mode=CMSIS_V1, owner=FREERTOS
2024-01-22 09:51:33,203 [INFO] RtosManager:555 - Registered RTOS mode: class=CMSIS, group=RTOS2, mode=CMSIS_V2, owner=FREERTOS
2024-01-22 09:51:33,203 [INFO] RtosManager:555 - Registered RTOS mode: class=RTOS, group=Core, mode=CMSIS_V1, owner=FREERTOS
2024-01-22 09:51:33,203 [INFO] RtosManager:555 - Registered RTOS mode: class=RTOS, group=Core, mode=CMSIS_V2, owner=FREERTOS
2024-01-22 09:51:33,204 [WARN] ModelIntegratedComponent:184 - Missing modes for component STMicroelectronics:FreeRTOS:0.0.1:STMicroelectronics:RTOS:FreeRTOS:Core:::10.2.0:
2024-01-22 09:51:33,226 [WARN] ModelIntegratedComponent:63 - No mode defined for component null
2024-01-22 09:51:33,226 [WARN] ModelIntegratedComponent:63 - No mode defined for component null
2024-01-22 09:51:33,226 [WARN] ModelIntegratedComponent:63 - No mode defined for component null
2024-01-22 09:51:33,226 [WARN] ModelIntegratedComponent:63 - No mode defined for component null
2024-01-22 09:51:33,226 [WARN] ModelIntegratedComponent:63 - No mode defined for component null
2024-01-22 09:51:33,226 [WARN] ModelIntegratedComponent:63 - No mode defined for component null
2024-01-22 09:51:33,226 [WARN] ModelIntegratedComponent:63 - No mode defined for component null
2024-01-22 09:51:33,226 [WARN] ModelIntegratedComponent:63 - No mode defined for component null
2024-01-22 09:51:33,226 [WARN] ModelIntegratedComponent:63 - No mode defined for component null
2024-01-22 09:51:33,226 [WARN] ModelIntegratedComponent:63 - No mode defined for component null
2024-01-22 09:51:33,226 [WARN] ModelIntegratedComponent:63 - No mode defined for component null
2024-01-22 09:51:33,226 [WARN] ModelIntegratedComponent:63 - No mode defined for component null
2024-01-22 09:51:33,227 [WARN] ModelIntegratedComponent:63 - No mode defined for component null
2024-01-22 09:51:33,227 [WARN] ModelIntegratedComponent:63 - No mode defined for component null
2024-01-22 09:51:33,227 [WARN] ModelIntegratedComponent:63 - No mode defined for component null
2024-01-22 09:51:33,227 [WARN] ModelIntegratedComponent:63 - No mode defined for component null
2024-01-22 09:51:33,227 [WARN] ModelIntegratedComponent:63 - No mode defined for component null
2024-01-22 09:51:33,227 [WARN] ModelIntegratedComponent:63 - No mode defined for component null
2024-01-22 09:51:33,227 [WARN] ModelIntegratedComponent:63 - No mode defined for component null
2024-01-22 09:51:33,227 [WARN] ModelIntegratedComponent:63 - No mode defined for component null
2024-01-22 09:51:33,227 [WARN] ModelIntegratedComponent:63 - No mode defined for component null
2024-01-22 09:51:33,227 [WARN] ModelIntegratedComponent:63 - No mode defined for component null
2024-01-22 09:51:33,227 [WARN] ModelIntegratedComponent:63 - No mode defined for component null
2024-01-22 09:51:33,227 [WARN] ModelIntegratedComponent:63 - No mode defined for component null
2024-01-22 09:51:33,227 [WARN] ModelIntegratedComponent:63 - No mode defined for component null
2024-01-22 09:51:33,227 [WARN] ModelIntegratedComponent:63 - No mode defined for component null
2024-01-22 09:51:33,227 [WARN] ModelIntegratedComponent:63 - No mode defined for component null
2024-01-22 09:51:33,228 [WARN] ModelIntegratedComponent:63 - No mode defined for component null
2024-01-22 09:51:33,228 [WARN] ModelIntegratedComponent:63 - No mode defined for component null
2024-01-22 09:51:33,228 [WARN] ModelIntegratedComponent:63 - No mode defined for component null
2024-01-22 09:51:33,228 [WARN] ModelIntegratedComponent:63 - No mode defined for component null
2024-01-22 09:51:33,228 [WARN] ModelIntegratedComponent:63 - No mode defined for component null
2024-01-22 09:51:33,228 [WARN] ModelIntegratedComponent:63 - No mode defined for component null
2024-01-22 09:51:33,325 [INFO] ThirdPartyModel:298 - Start build external matchings
2024-01-22 09:51:33,945 [INFO] ThirdPartyModel:316 - End build external matchings
2024-01-22 09:51:33,977 [INFO] ImportTextPane:194 - (OptionalMessage_ERROR) IP (RCC) : Parameter (ADCFreqValue) has invalid value (24000000)
2024-01-22 09:51:33,978 [INFO] ImportTextPane:194 - (OptionalMessage_ERROR) IP (RCC) : Invalid parameter (FamilyName)
2024-01-22 09:51:34,211 [INFO] UtilMem:75 - End LoadConfig() Used Memory: 139068600 Bytes (268435456)
2024-01-22 09:51:34,332 [INFO] ApiDb:581 - Connected to CubeFinder SQLite database (C:\Users\marci\.stmcufinder\plugins\mcufinder\mcu\cube-finder-db.db)
2024-01-22 09:51:34,428 [INFO] ApiDb:668 - CubeFinder database Data Model version=2.1
2024-01-22 09:51:34,428 [INFO] ApiDb:669 - CubeFinder database Configuration version=3.0.39
2024-01-22 09:51:34,428 [INFO] ApiDb:670 - CubeFinder database generation date=2023-11-06 (1699269565)
2024-01-22 09:51:34,429 [INFO] ApiDb:671 - CubeFinder database FW Pack versions=[FP-ATR-ASTRA1_V2.0.0, FP-SNS-FLIGHT1_V5.0.1, FP-SNS-FLIGHT1_V5.0.2, FP-SNS-MOTENV1_V4.3.1, FP-SNS-MOTENV1_V4.3.2, FP-SNS-MOTENVWB1_V1.3.0, FP-SNS-SMARTAG2_V1.2.0, STM32Cube_FW_C0_V1.1.0, STM32Cube_FW_F4_V1.28.0, STM32Cube_FW_F7_V1.17.0, STM32Cube_FW_G0_V1.6.1, STM32Cube_FW_G4_V1.5.1, STM32Cube_FW_H5_V0.5.1, STM32Cube_FW_H5_V1.1.1, STM32Cube_FW_H5_V1.2.0RC2, STM32Cube_FW_H7_V1.11.0, STM32Cube_FW_L0_V1.12.2, STM32Cube_FW_L5_V1.5.0, STM32Cube_FW_U5_V1.3.0RC4, STM32Cube_FW_U5_V1.4.0, STM32Cube_FW_WBA_V1.0.0RC1, STM32Cube_FW_WBA_V1.1.0RC1, STM32Cube_FW_WBA_V1.2.0, STM32Cube_FW_WBA_V1.2.0RC2, STM32Cube_FW_WB_V1.15.0RC1, STM32Cube_FW_WB_V1.16.0, STM32Cube_FW_WB_V1.16.0RC2, STM32Cube_FW_WB_V1.18.0, STM32Cube_FW_WL_V1.3.0, X-CUBE-ALGOBUILD_V1.3.0, X-CUBE-ALS_V1.0.1, X-CUBE-AZRTOS-F4_V1.1.0, X-CUBE-AZRTOS-F7_V1.1.0, X-CUBE-AZRTOS-G0_V1.1.0, X-CUBE-AZRTOS-G4_V2.0.0, X-CUBE-AZRTOS-H7_V3.1.0, X-CUBE-AZRTOS-L4_V1.0.0, X-CUBE-AZRTOS-L4_V2.0.0, X-CUBE-AZRTOS-L5_V1.1.0, X-CUBE-AZRTOS-WB_V2.0.0, X-CUBE-AZRTOS-WL_V2.0.0, X-CUBE-BLE1_V7.0.0, X-CUBE-BLE2_V3.3.0, X-CUBE-BLEMGR_V2.0.0, X-CUBE-EEPRMA1_V4.1.0, X-CUBE-EEPRMA1_V4.2.0, X-CUBE-FREERTOS_V1.1.0, X-CUBE-GNSS1_V6.0.0, X-CUBE-MEMS1_V10.0.0, X-CUBE-MEMS1_V9.1.0, X-CUBE-MEMS1_V9.4.0, X-CUBE-MEMS1_V9.6.0, X-CUBE-NFC4_V3.0.0, X-CUBE-NFC7_V1.0.1, X-CUBE-SFXS2LP1_V4.0.0, X-CUBE-SUBG2_V5.0.0, X-CUBE-TOF1_V3.3.1]
2024-01-22 09:51:37,397 [INFO] ApiDb:240 - Found 297 in-development CPN: [B-G473E-ZEST1S, B-WB1M-WPAN1, B-WL5M-SUBG1, NUCLEO-C031C6, NUCLEO-H503RB, NUCLEO-H563ZI, NUCLEO-U545RE-Q, NUCLEO-U5A5ZJ-Q, NUCLEO-WBA52CG, STEVAL-PROTEUS1, STEVAL-STWINBX1, STM320518-EVAL, STM32C0116-DK, STM32C011D6Y3TR, STM32C011D6Y6TR, STM32C011F4P3, STM32C011F4P6, STM32C011F4U3, STM32C011F4U6TR, STM32C011F6P3, STM32C011F6P6, STM32C011F6U3, STM32C011F6U6TR, STM32C011J4M3, STM32C011J4M6, STM32C011J6M3, STM32C011J6M6, STM32C0316-DK, STM32C031C4T3, STM32C031C4T6, STM32C031C4U3, STM32C031C4U6, STM32C031C6T3, STM32C031C6T6, STM32C031C6U3, STM32C031C6U6, STM32C031F4P3, STM32C031F4P6, STM32C031F6P3, STM32C031F6P6, STM32C031G4U3, STM32C031G4U6, STM32C031G6U3, STM32C031G6U6, STM32C031K4T3, STM32C031K4T6, STM32C031K4U3, STM32C031K4U6, STM32C031K6T3, STM32C031K6T6, STM32C031K6U3, STM32C031K6U6, STM32G071K8TXN, STM32G071K8UXN, STM32G081GBU6N, STM32G081KBT6N, STM32G081KBUXN, STM32G0B1CCT6N, STM32G0B1KCT6, STM32G0B1NEY6TR, STM32G0B1RCT6N, STM32G0C1CCT6, STM32G0C1CCT6N, STM32G0C1CCU6N, STM32G0C1CET6N, STM32G0C1CEU6N, STM32G0C1KCT6, STM32G0C1NEY6TR, STM32G0C1RCI6N, STM32G0C1RCT6N, STM32G0C1REI6N, STM32G0C1RET6N, STM32G0C1VCI6, STM32G0C1VEI6, STM32G471CCT6, STM32G471CCU6, STM32G471CET3, STM32G471CET6, STM32G471CEU3, STM32G471CEU6, STM32G471MCT6, STM32G471MET3, STM32G471MET6, STM32G471MEY6TR, STM32G471QCT6, STM32G471QET3, STM32G471RCT6, STM32G471RET3, STM32G471RET6, STM32G471VCH6, STM32G471VCI6, STM32G471VCT6, STM32G471VEH3, STM32G471VEH6, STM32G471VEI3, STM32G471VEI6, STM32G471VET3, STM32G471VET6, STM32G474CCT6, STM32H503CBT6, STM32H503CBU6, STM32H503EBY6TR, STM32H503KBU6, STM32H503RBT6, STM32H562AGI6, STM32H562AII6, STM32H562IGK6, STM32H562IGT6, STM32H562IIK6, STM32H562IIT6, STM32H562RGT6, STM32H562RGV6, STM32H562RIT6, STM32H562RIV6, STM32H562VGT6, STM32H562VIT6, STM32H562ZGT6, STM32H562ZIT6, STM32H563AGI6, STM32H563AII3Q, STM32H563AII6, STM32H563IGK6, STM32H563IGT6, STM32H563IIK3Q, STM32H563IIK6, STM32H563IIT3Q, STM32H563IIT6, STM32H563MIY3QTR, STM32H563RGT6, STM32H563RGV6, STM32H563RIT6, STM32H563RIV6, STM32H563VGT6, STM32H563VIT3Q, STM32H563VIT6, STM32H563ZGT6, STM32H563ZIT3Q, STM32H563ZIT6, STM32H573AII3Q, STM32H573AII6, STM32H573I-DK, STM32H573IIK3Q, STM32H573IIK6, STM32H573IIT3Q, STM32H573IIT6, STM32H573MIY3QTR, STM32H573RIT6, STM32H573RIV6, STM32H573VIT3Q, STM32H573VIT6, STM32H573ZIT3Q, STM32H573ZIT6, STM32L4R5QGI6STR, STM32MP131AAE3, STM32MP131AAF3, STM32MP131AAG3, STM32MP131CAE3, STM32MP131CAF3, STM32MP131CAG3, STM32MP131DAE7, STM32MP131DAF7, STM32MP131DAG7, STM32MP131FAE7, STM32MP131FAF7, STM32MP131FAG7, STM32MP133AAE3, STM32MP133AAF3, STM32MP133AAG3, STM32MP133CAE3, STM32MP133CAF3, STM32MP133CAG3, STM32MP133DAE7, STM32MP133DAF7, STM32MP133DAG7, STM32MP133FAE7, STM32MP133FAF7, STM32MP133FAG7, STM32MP135AAE3, STM32MP135AAF3, STM32MP135AAG3, STM32MP135CAE3, STM32MP135CAF3, STM32MP135CAG3, STM32MP135DAE7, STM32MP135DAF7, STM32MP135DAG7, STM32MP135F-DK, STM32MP135FAE7, STM32MP135FAF7, STM32MP135FAF7T, STM32MP135FAF7U, STM32MP135FAG7, STM32U535CBT6, STM32U535CBT6Q, STM32U535CBU6, STM32U535CBU6Q, STM32U535CCT6, STM32U535CCT6Q, STM32U535CCU6, STM32U535CCU6Q, STM32U535CET6, STM32U535CET6Q, STM32U535CEU6, STM32U535CEU6Q, STM32U535JEY6QTR, STM32U535NCY6QTR, STM32U535NEY6QTR, STM32U535RBI6, STM32U535RBI6Q, STM32U535RBT6, STM32U535RBT6Q, STM32U535RCI6, STM32U535RCI6Q, STM32U535RCT6, STM32U535RCT6Q, STM32U535REI6, STM32U535REI6Q, STM32U535RET6, STM32U535RET6Q, STM32U535VCI6, STM32U535VCI6Q, STM32U535VCT6, STM32U535VCT6Q, STM32U535VEI6, STM32U535VEI6Q, STM32U535VET6, STM32U535VET6Q, STM32U545CET6, STM32U545CET6Q, STM32U545CEU6, STM32U545CEU6Q, STM32U545JEY6QTR, STM32U545NEY6QTR, STM32U545REI6, STM32U545REI6Q, STM32U545RET6, STM32U545RET6Q, STM32U545VEI6, STM32U545VEI6Q, STM32U545VET6, STM32U545VET6Q, STM32U595AIH6, STM32U595AIH6Q, STM32U595AJH6, STM32U595AJH6Q, STM32U595QII6, STM32U595QII6Q, STM32U595QJI6, STM32U595QJI6Q, STM32U595RIT6, STM32U595RIT6Q, STM32U595RJT6, STM32U595RJT6Q, STM32U595VIT6, STM32U595VIT6Q, STM32U595VJT6, STM32U595VJT6Q, STM32U595ZIT6, STM32U595ZIT6Q, STM32U595ZIY6QTR, STM32U595ZJT6, STM32U595ZJT6Q, STM32U595ZJY6QTR, STM32U599BJY6QTR, STM32U599NIH6Q, STM32U599NJH6Q, STM32U599VIT6Q, STM32U599VJT6, STM32U599VJT6Q, STM32U599ZIT6Q, STM32U599ZIY6QTR, STM32U599ZJT6Q, STM32U599ZJY6QTR, STM32U5A5AJH6, STM32U5A5AJH6Q, STM32U5A5QJI6, STM32U5A5QJI6Q, STM32U5A5RJT6, STM32U5A5RJT6Q, STM32U5A5VJT6, STM32U5A5VJT6Q, STM32U5A5ZJT6, STM32U5A5ZJT6Q, STM32U5A5ZJY6QTR, STM32U5A9BJY6QTR, STM32U5A9J-DK, STM32U5A9NJH6Q, STM32U5A9VJT6Q, STM32U5A9ZJT6Q, STM32U5A9ZJY6QTR, STM32WB1MMCH6, STM32WBA52CEU6, STM32WBA52CEU6T, STM32WBA52CGU6, STM32WBA52CGU6T, STM32WL5MOCH6, STM32WL5MOCH6TR]
2024-01-22 09:51:37,402 [INFO] DbMcus:216 - Found 3861 MCUs, 3861 are supported
2024-01-22 09:51:37,405 [INFO] ApiDb:423 - Load user favorites file C:\Users\marci/.stm32cubeide/favorites.mcus.txt: 0 item(s)
2024-01-22 09:51:37,406 [INFO] ApiDb:427 - User favorites MCUs=[]
2024-01-22 09:51:37,406 [INFO] DbMcus:222 - Set 0 / 0 favorites MCUs
2024-01-22 09:51:37,800 [WARN] ThirdParty:833 - waiting for thirdparty lock release [change project]
2024-01-22 09:51:37,800 [INFO] ThirdParty:835 - entering critical section [change project]
2024-01-22 09:51:37,800 [INFO] ThirdParty:1030 - CMSIS Pack Vendor :STMicroelectronics X-CUBE-ISPU 1.1.0
2024-01-22 09:51:37,800 [INFO] ThirdParty:1030 - CMSIS Pack Vendor :STMicroelectronics X-CUBE-GNSS1 6.0.0
2024-01-22 09:51:37,800 [INFO] ThirdParty:1030 - CMSIS Pack Vendor :STMicroelectronics USB_HOST 2.0.0
2024-01-22 09:51:37,800 [INFO] ThirdParty:1030 - CMSIS Pack Vendor :STMicroelectronics X-CUBE-AZRTOS-F4 1.1.0
2024-01-22 09:51:37,800 [INFO] ThirdParty:1030 - CMSIS Pack Vendor :STMicroelectronics LIBJPEG 8.0.0
2024-01-22 09:51:37,801 [INFO] ThirdParty:1030 - CMSIS Pack Vendor :STMicroelectronics X-CUBE-SMBUS 2.1.0
2024-01-22 09:51:37,801 [INFO] ThirdParty:1030 - CMSIS Pack Vendor :wolfSSL I-CUBE-wolfSSL 5.6.0
2024-01-22 09:51:37,801 [INFO] ThirdParty:1030 - CMSIS Pack Vendor :STMicroelectronics USB_DEVICE 3.0.0
2024-01-22 09:51:37,801 [INFO] ThirdParty:1030 - CMSIS Pack Vendor :STMicroelectronics X-CUBE-AZRTOS-WB 2.0.0
2024-01-22 09:51:37,801 [INFO] ThirdParty:1030 - CMSIS Pack Vendor :STMicroelectronics X-CUBE-FREERTOS 1.0.1
2024-01-22 09:51:37,801 [INFO] ThirdParty:1030 - CMSIS Pack Vendor :STMicroelectronics X-CUBE-TOUCHGFX 4.23.0
2024-01-22 09:51:37,801 [INFO] ThirdParty:1030 - CMSIS Pack Vendor :STMicroelectronics X-CUBE-AZRTOS-F7 1.1.0
2024-01-22 09:51:37,801 [INFO] ThirdParty:1030 - CMSIS Pack Vendor :STMicroelectronics X-CUBE-TOUCHGFX 4.21.4
2024-01-22 09:51:37,801 [INFO] ThirdParty:1030 - CMSIS Pack Vendor :STMicroelectronics X-CUBE-AZRTOS-L5 2.0.0
2024-01-22 09:51:37,801 [INFO] ThirdParty:1030 - CMSIS Pack Vendor :STMicroelectronics USB_DEVICE 2.0.0
2024-01-22 09:51:37,801 [INFO] ThirdParty:1030 - CMSIS Pack Vendor :STMicroelectronics X-CUBE-MEMS1 9.6.0
2024-01-22 09:51:37,801 [INFO] ThirdParty:1030 - CMSIS Pack Vendor :STMicroelectronics X-CUBE-EEPRMA1 4.2.0
2024-01-22 09:51:37,801 [INFO] ThirdParty:1030 - CMSIS Pack Vendor :ITTIA_DB I-CUBE-ITTIADB 8.8.0
2024-01-22 09:51:37,801 [INFO] ThirdParty:1030 - CMSIS Pack Vendor :STMicroelectronics FP-SNS-MOTENV1 4.3.2
2024-01-22 09:51:37,801 [INFO] ThirdParty:1030 - CMSIS Pack Vendor :STMicroelectronics FP-SNS-MOTENV1 4.3.1
2024-01-22 09:51:37,801 [INFO] ThirdParty:1030 - CMSIS Pack Vendor :STMicroelectronics FP-SNS-FLIGHT1 5.0.1
2024-01-22 09:51:37,801 [INFO] ThirdParty:1030 - CMSIS Pack Vendor :STMicroelectronics X-CUBE-ALGOBUILD 1.3.0
2024-01-22 09:51:37,802 [INFO] ThirdParty:1030 - CMSIS Pack Vendor :STMicroelectronics X-CUBE-BLE1 6.2.4
2024-01-22 09:51:37,802 [INFO] ThirdParty:1030 - CMSIS Pack Vendor :STMicroelectronics X-CUBE-AZRTOS-L5 1.1.0
2024-01-22 09:51:37,802 [INFO] ThirdParty:1030 - CMSIS Pack Vendor :STMicroelectronics FreeRTOS 0.0.1
2024-01-22 09:51:37,802 [INFO] ThirdParty:1030 - CMSIS Pack Vendor :STMicroelectronics X-CUBE-AZRTOS-G0 1.1.0
2024-01-22 09:51:37,802 [INFO] ThirdParty:1030 - CMSIS Pack Vendor :emotas I-CUBE-CANOPEN 1.1.3
2024-01-22 09:51:37,802 [INFO] ThirdParty:1030 - CMSIS Pack Vendor :STMicroelectronics X-CUBE-BLEMGR 2.0.0
2024-01-22 09:51:37,802 [INFO] ThirdParty:1030 - CMSIS Pack Vendor :STMicroelectronics X-CUBE-AI 8.0.1
2024-01-22 09:51:37,803 [INFO] ThirdParty:1030 - CMSIS Pack Vendor :STMicroelectronics X-CUBE-NFC4 3.0.0
2024-01-22 09:51:37,803 [INFO] ThirdParty:1030 - CMSIS Pack Vendor :STMicroelectronics X-CUBE-SUBG2 5.0.0
2024-01-22 09:51:37,803 [INFO] ThirdParty:1030 - CMSIS Pack Vendor :STMicroelectronics STM32_WPAN 1.0.0
2024-01-22 09:51:37,803 [INFO] ThirdParty:1030 - CMSIS Pack Vendor :STMicroelectronics lwIP 2.0.3
2024-01-22 09:51:37,803 [INFO] ThirdParty:1030 - CMSIS Pack Vendor :STMicroelectronics FP-SNS-FLIGHT1 5.0.2
2024-01-22 09:51:37,803 [INFO] ThirdParty:1030 - CMSIS Pack Vendor :STMicroelectronics USB_HOST 1.0.0
2024-01-22 09:51:37,803 [INFO] ThirdParty:1030 - CMSIS Pack Vendor :STMicroelectronics X-CUBE-TOF1 3.3.1
2024-01-22 09:51:37,803 [INFO] ThirdParty:1030 - CMSIS Pack Vendor :STMicroelectronics X-CUBE-AZRTOS-G4 2.0.0
2024-01-22 09:51:37,803 [INFO] ThirdParty:1030 - CMSIS Pack Vendor :STMicroelectronics PDM2PCM 3.1.0
2024-01-22 09:51:37,803 [INFO] ThirdParty:1030 - CMSIS Pack Vendor :STMicroelectronics X-CUBE-AZRTOS-H7 3.1.0
2024-01-22 09:51:37,803 [INFO] ThirdParty:1030 - CMSIS Pack Vendor :STMicroelectronics X-CUBE-TOF1 3.3.0
2024-01-22 09:51:37,803 [INFO] ThirdParty:1030 - CMSIS Pack Vendor :Infineon AIROC-Wi-Fi-Bluetooth-STM32 1.5.1
2024-01-22 09:51:37,803 [INFO] ThirdParty:1030 - CMSIS Pack Vendor :STMicroelectronics X-CUBE-BLEMGR 3.0.0
2024-01-22 09:51:37,804 [INFO] ThirdParty:1030 - CMSIS Pack Vendor :STMicroelectronics PDM2PCM 3.3.0
2024-01-22 09:51:37,804 [INFO] ThirdParty:1030 - CMSIS Pack Vendor :STMicroelectronics X-CUBE-DISPLAY 3.0.0
2024-01-22 09:51:37,804 [INFO] ThirdParty:1030 - CMSIS Pack Vendor :STMicroelectronics FP-SNS-MOTENVWB1 1.3.0
2024-01-22 09:51:37,804 [INFO] ThirdParty:1030 - CMSIS Pack Vendor :STMicroelectronics FP-SNS-MOTENVWB1 1.3.1
2024-01-22 09:51:37,804 [INFO] ThirdParty:1030 - CMSIS Pack Vendor :STMicroelectronics X-CUBE-BLE1 7.0.0
2024-01-22 09:51:37,804 [INFO] ThirdParty:1030 - CMSIS Pack Vendor :STMicroelectronics FP-ATR-SIGFOX1 3.2.0
2024-01-22 09:51:37,804 [INFO] ThirdParty:1030 - CMSIS Pack Vendor :STMicroelectronics X-CUBE-ISPU 2.0.0
2024-01-22 09:51:37,804 [INFO] ThirdParty:1030 - CMSIS Pack Vendor :STMicroelectronics HAL Drivers 0.0.0
2024-01-22 09:51:37,804 [INFO] ThirdParty:1030 - CMSIS Pack Vendor :STMicroelectronics MBEDTLS 2.16.2
2024-01-22 09:51:37,804 [INFO] ThirdParty:1030 - CMSIS Pack Vendor :STMicroelectronics X-CUBE-MEMS1 10.0.0
2024-01-22 09:51:37,804 [INFO] ThirdParty:1030 - CMSIS Pack Vendor :STMicroelectronics X-CUBE-FREERTOS 1.1.0
2024-01-22 09:51:37,804 [INFO] ThirdParty:1030 - CMSIS Pack Vendor :STMicroelectronics X-CUBE-TOUCHGFX 4.22.0
2024-01-22 09:51:37,804 [INFO] ThirdParty:1030 - CMSIS Pack Vendor :STMicroelectronics X-CUBE-NFC7 1.0.1
2024-01-22 09:51:37,804 [INFO] ThirdParty:1030 - CMSIS Pack Vendor :STMicroelectronics MBEDTLS 2.14.1
2024-01-22 09:51:37,804 [INFO] ThirdParty:1030 - CMSIS Pack Vendor :STMicroelectronics X-CUBE-NFC7 1.0.0
2024-01-22 09:51:37,804 [INFO] ThirdParty:1030 - CMSIS Pack Vendor :STMicroelectronics X-CUBE-TOUCHGFX 4.22.1
2024-01-22 09:51:37,804 [INFO] ThirdParty:1030 - CMSIS Pack Vendor :STMicroelectronics X-CUBE-NFC6 3.0.0
2024-01-22 09:51:37,805 [INFO] ThirdParty:1030 - CMSIS Pack Vendor :STMicroelectronics X-CUBE-EEPRMA1 4.1.0
2024-01-22 09:51:37,805 [INFO] ThirdParty:1030 - CMSIS Pack Vendor :portGmbH I-Cube-SoM-uGOAL 1.1.0
2024-01-22 09:51:37,805 [INFO] ThirdParty:1030 - CMSIS Pack Vendor :STMicroelectronics X-CUBE-ALS 1.0.1
2024-01-22 09:51:37,805 [INFO] ThirdParty:1030 - CMSIS Pack Vendor :STMicroelectronics ThreadX 1.0.0
2024-01-22 09:51:37,805 [INFO] ThirdParty:1030 - CMSIS Pack Vendor :STMicroelectronics FP-SNS-SMARTAG2 1.2.0
2024-01-22 09:51:37,805 [INFO] ThirdParty:1030 - CMSIS Pack Vendor :STMicroelectronics X-CUBE-AZRTOS-WB 1.1.0
2024-01-22 09:51:37,805 [INFO] ThirdParty:1030 - CMSIS Pack Vendor :STMicroelectronics X-CUBE-AZRTOS-WL 2.0.0
2024-01-22 09:51:37,805 [INFO] ThirdParty:1030 - CMSIS Pack Vendor :SEGGER I-CUBE-embOS 1.3.1
2024-01-22 09:51:37,805 [INFO] ThirdParty:1030 - CMSIS Pack Vendor :STMicroelectronics USB_DEVICE 1.0.0
2024-01-22 09:51:37,805 [INFO] ThirdParty:1030 - CMSIS Pack Vendor :STMicroelectronics X-CUBE-AI 8.1.0
2024-01-22 09:51:37,805 [INFO] ThirdParty:1030 - CMSIS Pack Vendor :STMicroelectronics X-CUBE-AZRTOS-L4 2.0.0
2024-01-22 09:51:37,805 [INFO] ThirdParty:1030 - CMSIS Pack Vendor :STMicroelectronics ThreadX 0.0.2
2024-01-22 09:51:37,806 [INFO] ThirdParty:1030 - CMSIS Pack Vendor :WES I-CUBE-Cesium 1.3.0
2024-01-22 09:51:37,806 [INFO] ThirdParty:1030 - CMSIS Pack Vendor :STMicroelectronics FP-ATR-ASTRA1 2.0.0
2024-01-22 09:51:37,806 [INFO] ThirdParty:1030 - CMSIS Pack Vendor :STMicroelectronics lwIP 2.1.2
2024-01-22 09:51:37,806 [INFO] ThirdParty:1030 - CMSIS Pack Vendor :STMicroelectronics X-CUBE-SFXS2LP1 4.0.0
2024-01-22 09:51:37,806 [INFO] ThirdParty:1030 - CMSIS Pack Vendor :STMicroelectronics X-CUBE-BLE2 3.3.0
2024-01-22 09:51:37,806 [INFO] ThirdParty:1030 - CMSIS Pack Vendor :STMicroelectronics X-CUBE-TOF1 3.4.0
2024-01-22 09:51:37,806 [INFO] ThirdParty:1030 - CMSIS Pack Vendor :STMicroelectronics X-CUBE-AZRTOS-H7 3.2.0
2024-01-22 09:51:37,806 [INFO] ThirdParty:1030 - CMSIS Pack Vendor :STMicroelectronics PDM2PCM 3.2.0
2024-01-22 09:51:37,806 [INFO] ThirdParty:841 - exiting critical section [change project]
2024-01-22 09:51:38,155 [INFO] PinOutPanel:1499 - setPackage(No Configuration,No Configuration)
2024-01-22 09:51:38,157 [INFO] PinOutPanel:1499 - setPackage(STM32F103C6Tx,LQFP48)
2024-01-22 09:51:38,916 [INFO] UtilMem:75 - Before build in PCC Used Memory: 206782440 Bytes (268435456)
2024-01-22 09:51:39,874 [INFO] UtilMem:75 - After build in PCC Used Memory: 171869552 Bytes (268435456)
2024-01-22 09:51:39,905 [INFO] IPUIPlugin:80 - create IPUIPlugin
2024-01-22 09:51:39,905 [INFO] IPUIPlugin:80 - create IPUIPlugin
2024-01-22 09:51:39,905 [INFO] IPUIPlugin:80 - create IPUIPlugin
2024-01-22 09:51:39,905 [INFO] IPUIPlugin:80 - create IPUIPlugin
2024-01-22 09:51:39,905 [INFO] IPUIPlugin:80 - create IPUIPlugin
2024-01-22 09:51:39,905 [INFO] IPUIPlugin:80 - create IPUIPlugin
2024-01-22 09:51:39,905 [INFO] IPUIPlugin:80 - create IPUIPlugin
2024-01-22 09:51:39,906 [INFO] IPUIPlugin:80 - create IPUIPlugin
2024-01-22 09:51:39,906 [INFO] IPUIPlugin:80 - create IPUIPlugin
2024-01-22 09:51:39,906 [INFO] IPUIPlugin:80 - create IPUIPlugin
2024-01-22 09:51:39,906 [INFO] IPUIPlugin:80 - create IPUIPlugin
2024-01-22 09:51:39,906 [INFO] IPUIPlugin:80 - create IPUIPlugin
2024-01-22 09:51:39,907 [INFO] IPUIPlugin:80 - create IPUIPlugin
2024-01-22 09:51:39,907 [INFO] IPUIPlugin:80 - create IPUIPlugin
2024-01-22 09:51:39,907 [INFO] IPUIPlugin:80 - create IPUIPlugin
2024-01-22 09:51:39,907 [INFO] IPUIPlugin:80 - create IPUIPlugin
2024-01-22 09:51:39,907 [INFO] IPUIPlugin:80 - create IPUIPlugin
2024-01-22 09:51:39,908 [INFO] IPUIPlugin:80 - create IPUIPlugin
2024-01-22 09:51:39,908 [INFO] IPUIPlugin:80 - create IPUIPlugin
2024-01-22 09:51:39,908 [INFO] IPUIPlugin:80 - create IPUIPlugin
2024-01-22 09:51:39,908 [INFO] IPUIPlugin:80 - create IPUIPlugin
2024-01-22 09:51:39,909 [INFO] IPUIPlugin:80 - create IPUIPlugin
2024-01-22 09:51:39,909 [INFO] IPUIPlugin:80 - create IPUIPlugin
2024-01-22 09:51:40,205 [INFO] CADModel:165 - CPN selected for project levelSTM32F103C6T6A
2024-01-22 09:51:40,205 [INFO] CADModel:114 - Register for checkConnection events
2024-01-22 09:51:40,260 [INFO] OpenFileManager:328 - Restore cursor
