2023-07-30 15:30:21,215 [INFO] Activator:176 - 


2023-07-30 15:30:21,222 [INFO] Activator:177 - !SESSION log4j initialized
2023-07-30 15:30:29,206 [INFO] LogOutputStream:77 - [STDOUT_REDIRECT] 
2023-07-30 15:30:52,158 [ERROR] LogOutputStream:75 - [STDERR_REDIRECT] SLF4J: Failed to load class "org.slf4j.impl.StaticLoggerBinder".
2023-07-30 15:30:52,160 [ERROR] LogOutputStream:75 - [STDERR_REDIRECT] SLF4J: Defaulting to no-operation (NOP) logger implementation
2023-07-30 15:30:52,165 [ERROR] LogOutputStream:75 - [STDERR_REDIRECT] SLF4J: See http://www.slf4j.org/codes.html#StaticLoggerBinder for further details.
2023-07-30 15:46:23,196 [INFO] ApplicationProperties:184 - Using Application install path: D:\STM32CubeIDE_1.12.0\STM32CubeIDE\plugins\com.st.stm32cube.common.mx_6.8.1.202304191431
2023-07-30 15:46:23,237 [INFO] DbMcusXml:78 - Set database path to: D:\STM32CubeIDE_1.12.0\STM32CubeIDE\plugins\com.st.stm32cube.common.mx_6.8.1.202304191431\\db\/mcu/
2023-07-30 15:46:23,238 [INFO] ApiDb:274 - Set plugin database path to: D:\STM32CubeIDE_1.12.0\STM32CubeIDE\plugins\com.st.stm32cube.common.mx_6.8.1.202304191431\\db\/plugins/boardmanager/
2023-07-30 15:46:23,241 [WARN] ApiDb:259 - Overriding images path with different value:  => D:\STM32CubeIDE_1.12.0\STM32CubeIDE\plugins\com.st.stm32cube.common.mx_6.8.1.202304191431\\db\/plugins/mcufinder/images/
2023-07-30 15:46:23,258 [INFO] ApiDb:250 - Set database path to: C:\Users\marci\.stmcufinder\plugins\mcufinder//mcu/
2023-07-30 15:46:23,261 [INFO] DbMcusAds:125 - Set database path to: C:\Users\marci\.stmcufinder\plugins\mcufinder//mcu/
2023-07-30 15:46:23,307 [INFO] CrossReferenceDbSqlite:203 - Set database path to: C:\Users\marci\.stmcufinder\plugins\mcufinder//mcu/cs/
2023-07-30 15:46:23,474 [INFO] RulesReader:64 - Compatibility file has been processed (293 Rules)
2023-07-30 15:46:23,597 [INFO] DbMcusXml:78 - Set database path to: D:\STM32CubeIDE_1.12.0\STM32CubeIDE\plugins\com.st.stm32cube.common.mx_6.8.1.202304191431\\db\/mcu/
2023-07-30 15:46:23,597 [INFO] ApiDb:274 - Set plugin database path to: D:\STM32CubeIDE_1.12.0\STM32CubeIDE\plugins\com.st.stm32cube.common.mx_6.8.1.202304191431\\db\/plugins/boardmanager/
2023-07-30 15:46:23,597 [INFO] ApiDb:261 - Set plugin images path to: D:\STM32CubeIDE_1.12.0\STM32CubeIDE\plugins\com.st.stm32cube.common.mx_6.8.1.202304191431\\db\/plugins/mcufinder/images/
2023-07-30 15:46:23,598 [WARN] DbFile:41 - Overriding database path with different value: C:\Users\marci\.stmcufinder\plugins\mcufinder/ => C:\Users\marci\.stmcufinder\plugins\mcufinder
2023-07-30 15:46:23,598 [INFO] ApiDb:250 - Set database path to: C:\Users\marci\.stmcufinder\plugins\mcufinder//mcu/
2023-07-30 15:46:23,598 [WARN] DbFile:41 - Overriding database path with different value: C:\Users\marci\.stmcufinder\plugins\mcufinder/ => C:\Users\marci\.stmcufinder\plugins\mcufinder
2023-07-30 15:46:23,598 [INFO] DbMcusAds:125 - Set database path to: C:\Users\marci\.stmcufinder\plugins\mcufinder//mcu/
2023-07-30 15:46:23,598 [WARN] DbFile:41 - Overriding database path with different value: C:\Users\marci\.stmcufinder\plugins\mcufinder/ => C:\Users\marci\.stmcufinder\plugins\mcufinder
2023-07-30 15:46:23,598 [WARN] DbFile:41 - Overriding database path with different value: C:\Users\marci\.stmcufinder\plugins\mcufinder/ => C:\Users\marci\.stmcufinder\plugins\mcufinder
2023-07-30 15:46:23,598 [INFO] CrossReferenceDbSqlite:203 - Set database path to: C:\Users\marci\.stmcufinder\plugins\mcufinder//mcu/cs/
2023-07-30 15:46:23,706 [INFO] MainPanel:253 - HeapMemory: 542113792
2023-07-30 15:46:23,859 [INFO] DbMcusXml:78 - Set database path to: D:\STM32CubeIDE_1.12.0\STM32CubeIDE\plugins\com.st.stm32cube.common.mx_6.8.1.202304191431\\db\/mcu/
2023-07-30 15:46:23,859 [INFO] ApiDb:274 - Set plugin database path to: D:\STM32CubeIDE_1.12.0\STM32CubeIDE\plugins\com.st.stm32cube.common.mx_6.8.1.202304191431\\db\/plugins/boardmanager/
2023-07-30 15:46:23,860 [INFO] ApiDb:261 - Set plugin images path to: D:\STM32CubeIDE_1.12.0\STM32CubeIDE\plugins\com.st.stm32cube.common.mx_6.8.1.202304191431\\db\/plugins/mcufinder/images/
2023-07-30 15:46:23,861 [WARN] DbFile:41 - Overriding database path with different value: C:\Users\marci\.stmcufinder\plugins\mcufinder/ => C:\Users\marci\.stmcufinder\plugins\mcufinder
2023-07-30 15:46:23,861 [INFO] ApiDb:250 - Set database path to: C:\Users\marci\.stmcufinder\plugins\mcufinder//mcu/
2023-07-30 15:46:23,861 [WARN] DbFile:41 - Overriding database path with different value: C:\Users\marci\.stmcufinder\plugins\mcufinder/ => C:\Users\marci\.stmcufinder\plugins\mcufinder
2023-07-30 15:46:23,862 [INFO] DbMcusAds:125 - Set database path to: C:\Users\marci\.stmcufinder\plugins\mcufinder//mcu/
2023-07-30 15:46:23,862 [WARN] DbFile:41 - Overriding database path with different value: C:\Users\marci\.stmcufinder\plugins\mcufinder/ => C:\Users\marci\.stmcufinder\plugins\mcufinder
2023-07-30 15:46:23,862 [WARN] DbFile:41 - Overriding database path with different value: C:\Users\marci\.stmcufinder\plugins\mcufinder/ => C:\Users\marci\.stmcufinder\plugins\mcufinder
2023-07-30 15:46:23,863 [INFO] CrossReferenceDbSqlite:203 - Set database path to: C:\Users\marci\.stmcufinder\plugins\mcufinder//mcu/cs/
2023-07-30 15:46:23,906 [INFO] ApplicationProperties:184 - Using Application install path: D:\STM32CubeIDE_1.12.0\STM32CubeIDE\plugins\com.st.stm32cube.common.mx_6.8.1.202304191431
2023-07-30 15:46:23,910 [INFO] PluginManage:196 - Search for loadable plugins [exclusion list=, ]
2023-07-30 15:46:23,914 [INFO] PluginManage:310 - Check plugin analytics
2023-07-30 15:46:24,162 [INFO] AnalyticsPlugin:253 - Accepted Software Licenses: 
2023-07-30 15:46:24,162 [INFO] AnalyticsPlugin:255 - Accepted CMSIS Pack Licenses: 
2023-07-30 15:46:24,163 [INFO] AnalyticsPlugin:257 - Accepted Firmware Licenses: 
2023-07-30 15:46:24,174 [INFO] PluginManage:359 - Loaded plugin analytics (category:tool,tabindex:-1)
2023-07-30 15:46:24,174 [INFO] PluginManage:310 - Check plugin cadmodel
2023-07-30 15:46:24,196 [INFO] CADModel:105 - Init CAD model plugin
2023-07-30 15:46:24,196 [INFO] PluginManage:359 - Loaded plugin cadmodel (category:power,tabindex:5)
2023-07-30 15:46:24,196 [INFO] PluginManage:310 - Check plugin clock
2023-07-30 15:46:24,230 [INFO] PluginManage:359 - Loaded plugin clock (category:base,tabindex:2)
2023-07-30 15:46:24,230 [INFO] PluginManage:310 - Check plugin ddr
2023-07-30 15:46:24,234 [INFO] PluginManage:359 - Loaded plugin ddr (category:tool,tabindex:6)
2023-07-30 15:46:24,234 [INFO] PluginManage:310 - Check plugin filemanager
2023-07-30 15:46:24,437 [INFO] PluginManage:359 - Loaded plugin filemanager (category:base,tabindex:10)
2023-07-30 15:46:24,437 [INFO] PluginManage:310 - Check plugin ipmanager
2023-07-30 15:46:24,451 [INFO] PluginManage:359 - Loaded plugin ipmanager (category:base,tabindex:5)
2023-07-30 15:46:24,451 [INFO] PluginManage:310 - Check plugin lpbam
2023-07-30 15:46:24,505 [INFO] PluginManage:359 - Loaded plugin lpbam (category:base,tabindex:0)
2023-07-30 15:46:24,505 [INFO] PluginManage:310 - Check plugin pinoutandconfiguration
2023-07-30 15:46:24,531 [INFO] PluginManage:359 - Loaded plugin pinoutandconfiguration (category:base,tabindex:1)
2023-07-30 15:46:24,532 [INFO] PluginManage:310 - Check plugin pinoutconfig
2023-07-30 15:46:24,676 [WARN] SupportedApi:132 - Cannot load RTOS API schema: s4s-elt-must-match.1: The content of 'definitions' must match (annotation?, (simpleType | complexType)?, (unique | key | keyref)*)). A problem was found starting at: attribute.
2023-07-30 15:46:24,883 [INFO] PluginManage:359 - Loaded plugin pinoutconfig (category:base,tabindex:0)
2023-07-30 15:46:24,884 [INFO] PluginManage:310 - Check plugin power
2023-07-30 15:46:24,921 [INFO] PluginManage:359 - Loaded plugin power (category:power,tabindex:4)
2023-07-30 15:46:24,921 [INFO] PluginManage:310 - Check plugin projectmanager
2023-07-30 15:46:24,947 [INFO] PluginManage:359 - Loaded plugin projectmanager (category:projectmanager,tabindex:3)
2023-07-30 15:46:24,947 [INFO] PluginManage:310 - Check plugin thirdparty
2023-07-30 15:46:25,300 [INFO] PluginManage:359 - Loaded plugin thirdparty (category:base,tabindex:-1)
2023-07-30 15:46:25,300 [WARN] IntegrityCheckThread:84 - waiting for thirdparty lock release [integrity check]
2023-07-30 15:46:25,301 [INFO] PluginManage:310 - Check plugin tools
2023-07-30 15:46:25,301 [INFO] IntegrityCheckThread:86 - entering critical section [integrity check]
2023-07-30 15:46:25,303 [INFO] ThirdPartyUpdaterWithRetryManager:70 - Updater plugin not ready yet. [1/15]
2023-07-30 15:46:25,370 [INFO] PluginManage:359 - Loaded plugin tools (category:base,tabindex:7)
2023-07-30 15:46:25,370 [INFO] PluginManage:310 - Check plugin tutovideos
2023-07-30 15:46:25,703 [INFO] PluginManage:359 - Loaded plugin tutovideos (category:base,tabindex:-1)
2023-07-30 15:46:25,703 [INFO] PluginManage:310 - Check plugin updater
2023-07-30 15:46:25,724 [INFO] PluginManage:359 - Loaded plugin updater (category:base,tabindex:12)
2023-07-30 15:46:25,725 [INFO] PluginManage:283 - PluginManage : Loaded plugins [15]
2023-07-30 15:46:26,110 [INFO] PinOutPanel:1499 - setPackage(No Configuration,No Configuration)
2023-07-30 15:46:26,217 [INFO] CADModel:165 - CPN selected for project level
2023-07-30 15:46:26,217 [INFO] CADModel:114 - Register for checkConnection events
2023-07-30 15:46:26,262 [INFO] IPUIPlugin:80 - create IPUIPlugin
2023-07-30 15:46:26,262 [INFO] PluginManager:220 - loadIPPluginJar : add adc
2023-07-30 15:46:26,314 [INFO] IPUIPlugin:80 - create IPUIPlugin
2023-07-30 15:46:26,314 [INFO] PluginManager:220 - loadIPPluginJar : add aes
2023-07-30 15:46:26,371 [INFO] IPUIPlugin:80 - create IPUIPlugin
2023-07-30 15:46:26,371 [INFO] PluginManager:220 - loadIPPluginJar : add can
2023-07-30 15:46:26,404 [INFO] IPUIPlugin:80 - create IPUIPlugin
2023-07-30 15:46:26,404 [INFO] PluginManager:220 - loadIPPluginJar : add comp
2023-07-30 15:46:26,452 [INFO] IPUIPlugin:80 - create IPUIPlugin
2023-07-30 15:46:26,452 [INFO] PluginManager:220 - loadIPPluginJar : add cryp
2023-07-30 15:46:26,493 [INFO] IPUIPlugin:80 - create IPUIPlugin
2023-07-30 15:46:26,494 [INFO] PluginManager:220 - loadIPPluginJar : add dfsdm
2023-07-30 15:46:26,514 [INFO] IPUIPlugin:80 - create IPUIPlugin
2023-07-30 15:46:26,515 [INFO] PluginManager:220 - loadIPPluginJar : add dma
2023-07-30 15:46:26,585 [INFO] IPUIPlugin:80 - create IPUIPlugin
2023-07-30 15:46:26,585 [INFO] PluginManager:220 - loadIPPluginJar : add dma3
2023-07-30 15:46:26,624 [INFO] IPUIPlugin:80 - create IPUIPlugin
2023-07-30 15:46:26,624 [INFO] PluginManager:220 - loadIPPluginJar : add fatfs
2023-07-30 15:46:26,695 [INFO] IPUIPlugin:80 - create IPUIPlugin
2023-07-30 15:46:26,695 [INFO] PluginManager:220 - loadIPPluginJar : add fmc
2023-07-30 15:46:26,724 [INFO] IPUIPlugin:80 - create IPUIPlugin
2023-07-30 15:46:26,725 [INFO] PluginManager:220 - loadIPPluginJar : add freertos
2023-07-30 15:46:26,767 [INFO] IPUIPlugin:80 - create IPUIPlugin
2023-07-30 15:46:26,767 [INFO] PluginManager:220 - loadIPPluginJar : add genericplugin
2023-07-30 15:46:26,907 [INFO] IPUIPlugin:80 - create IPUIPlugin
2023-07-30 15:46:26,908 [INFO] PluginManager:220 - loadIPPluginJar : add gfxmmu
2023-07-30 15:46:27,120 [INFO] IPUIPlugin:80 - create IPUIPlugin
2023-07-30 15:46:27,120 [INFO] PluginManager:220 - loadIPPluginJar : add gic
2023-07-30 15:46:27,141 [INFO] IPUIPlugin:80 - create IPUIPlugin
2023-07-30 15:46:27,141 [INFO] PluginManager:220 - loadIPPluginJar : add gpio
2023-07-30 15:46:27,280 [INFO] IPUIPlugin:80 - create IPUIPlugin
2023-07-30 15:46:27,281 [INFO] PluginManager:220 - loadIPPluginJar : add gtzc
2023-07-30 15:46:27,328 [INFO] IPUIPlugin:80 - create IPUIPlugin
2023-07-30 15:46:27,328 [INFO] PluginManager:220 - loadIPPluginJar : add hash
2023-07-30 15:46:27,403 [INFO] IPUIPlugin:80 - create IPUIPlugin
2023-07-30 15:46:27,403 [INFO] PluginManager:220 - loadIPPluginJar : add i2c
2023-07-30 15:46:27,471 [INFO] IPUIPlugin:80 - create IPUIPlugin
2023-07-30 15:46:27,471 [INFO] PluginManager:220 - loadIPPluginJar : add i2s
2023-07-30 15:46:27,554 [INFO] IPUIPlugin:80 - create IPUIPlugin
2023-07-30 15:46:27,554 [INFO] PluginManager:220 - loadIPPluginJar : add i3c
2023-07-30 15:46:27,734 [INFO] IPUIPlugin:80 - create IPUIPlugin
2023-07-30 15:46:27,734 [INFO] PluginManager:220 - loadIPPluginJar : add ipddr
2023-07-30 15:46:27,865 [INFO] IPUIPlugin:80 - create IPUIPlugin
2023-07-30 15:46:27,865 [INFO] PluginManager:220 - loadIPPluginJar : add linkedlist
2023-07-30 15:46:27,916 [INFO] IPUIPlugin:80 - create IPUIPlugin
2023-07-30 15:46:27,916 [INFO] PluginManager:220 - loadIPPluginJar : add lorawan
2023-07-30 15:46:27,967 [INFO] IPUIPlugin:80 - create IPUIPlugin
2023-07-30 15:46:27,967 [INFO] PluginManager:220 - loadIPPluginJar : add ltdc
2023-07-30 15:46:27,990 [INFO] IPUIPlugin:80 - create IPUIPlugin
2023-07-30 15:46:27,990 [INFO] PluginManager:220 - loadIPPluginJar : add mdma
2023-07-30 15:46:28,007 [INFO] IPUIPlugin:80 - create IPUIPlugin
2023-07-30 15:46:28,008 [INFO] PluginManager:220 - loadIPPluginJar : add nvic
2023-07-30 15:46:28,060 [INFO] IPUIPlugin:80 - create IPUIPlugin
2023-07-30 15:46:28,060 [INFO] PluginManager:220 - loadIPPluginJar : add opamp
2023-07-30 15:46:28,164 [INFO] IPUIPlugin:80 - create IPUIPlugin
2023-07-30 15:46:28,165 [INFO] PluginManager:220 - loadIPPluginJar : add openamp
2023-07-30 15:46:28,239 [INFO] IPUIPlugin:80 - create IPUIPlugin
2023-07-30 15:46:28,239 [INFO] PluginManager:220 - loadIPPluginJar : add pdm2pcm
2023-07-30 15:46:28,264 [INFO] IPUIPlugin:80 - create IPUIPlugin
2023-07-30 15:46:28,268 [INFO] PluginManager:220 - loadIPPluginJar : add plateformsettings
2023-07-30 15:46:28,302 [INFO] IPUIPlugin:80 - create IPUIPlugin
2023-07-30 15:46:28,302 [INFO] PluginManager:220 - loadIPPluginJar : add quadspi
2023-07-30 15:46:28,310 [INFO] ThirdPartyUpdaterWithRetryManager:70 - Updater plugin not ready yet. [2/15]
2023-07-30 15:46:28,321 [INFO] IPUIPlugin:80 - create IPUIPlugin
2023-07-30 15:46:28,321 [INFO] PluginManager:220 - loadIPPluginJar : add resmgrutility
2023-07-30 15:46:28,389 [INFO] IPUIPlugin:80 - create IPUIPlugin
2023-07-30 15:46:28,389 [INFO] PluginManager:220 - loadIPPluginJar : add sai
2023-07-30 15:46:28,443 [INFO] IPUIPlugin:80 - create IPUIPlugin
2023-07-30 15:46:28,443 [INFO] PluginManager:220 - loadIPPluginJar : add spi
2023-07-30 15:46:28,523 [INFO] IPUIPlugin:80 - create IPUIPlugin
2023-07-30 15:46:28,523 [INFO] PluginManager:220 - loadIPPluginJar : add stm32_wpan
2023-07-30 15:46:28,528 [INFO] IPUIPlugin:80 - create IPUIPlugin
2023-07-30 15:46:28,528 [INFO] PluginManager:220 - loadIPPluginJar : add tim
2023-07-30 15:46:28,615 [INFO] IPUIPlugin:80 - create IPUIPlugin
2023-07-30 15:46:28,615 [INFO] PluginManager:220 - loadIPPluginJar : add touchsensing
2023-07-30 15:46:28,647 [INFO] IPUIPlugin:80 - create IPUIPlugin
2023-07-30 15:46:28,648 [INFO] PluginManager:220 - loadIPPluginJar : add tracer_emb
2023-07-30 15:46:28,680 [INFO] IPUIPlugin:80 - create IPUIPlugin
2023-07-30 15:46:28,680 [INFO] PluginManager:220 - loadIPPluginJar : add ts
2023-07-30 15:46:28,712 [INFO] IPUIPlugin:80 - create IPUIPlugin
2023-07-30 15:46:28,713 [INFO] PluginManager:220 - loadIPPluginJar : add tsc
2023-07-30 15:46:28,745 [INFO] IPUIPlugin:80 - create IPUIPlugin
2023-07-30 15:46:28,745 [INFO] PluginManager:220 - loadIPPluginJar : add ucpd
2023-07-30 15:46:28,810 [INFO] IPUIPlugin:80 - create IPUIPlugin
2023-07-30 15:46:28,810 [INFO] PluginManager:220 - loadIPPluginJar : add usart
2023-07-30 15:46:28,872 [INFO] IPUIPlugin:80 - create IPUIPlugin
2023-07-30 15:46:28,873 [INFO] PluginManager:220 - loadIPPluginJar : add usbx
2023-07-30 15:46:29,045 [INFO] CADModel:165 - CPN selected for project level
2023-07-30 15:46:29,045 [INFO] CADModel:114 - Register for checkConnection events
2023-07-30 15:46:29,046 [FATAL] Updater:308 - Updater called before beeing initialized
2023-07-30 15:46:29,046 [ERROR] CADModel:125 - Updater not yet initialized, retry later 
2023-07-30 15:46:29,342 [INFO] CADModel:165 - CPN selected for project level
2023-07-30 15:46:29,343 [INFO] CADModel:114 - Register for checkConnection events
2023-07-30 15:46:29,343 [FATAL] Updater:308 - Updater called before beeing initialized
2023-07-30 15:46:29,343 [ERROR] CADModel:125 - Updater not yet initialized, retry later 
2023-07-30 15:46:29,350 [FATAL] Updater:308 - Updater called before beeing initialized
2023-07-30 15:46:29,541 [FATAL] Updater:308 - Updater called before beeing initialized
2023-07-30 15:46:29,561 [INFO] DbMcusAds:53 - JSON generation date=Tue Mar 07 09:50:55 CET 2023 (1678179055114)
2023-07-30 15:46:29,562 [FATAL] Updater:308 - Updater called before beeing initialized
2023-07-30 15:46:29,703 [WARN] DetailPanel:346 - Failed to get advertising image, set to default
2023-07-30 15:46:29,886 [FATAL] Updater:308 - Updater called before beeing initialized
2023-07-30 15:46:29,889 [FATAL] Updater:308 - Updater called before beeing initialized
2023-07-30 15:46:29,889 [FATAL] Updater:308 - Updater called before beeing initialized
2023-07-30 15:46:29,890 [WARN] DetailPanel:346 - Failed to get advertising image, set to default
2023-07-30 15:46:29,891 [FATAL] Updater:308 - Updater called before beeing initialized
2023-07-30 15:46:29,987 [ERROR] Updater:1120 - MainUpdater not yet initialized. External WinMGr cannot be set.
2023-07-30 15:46:30,008 [INFO] Updater:1056 - Updater Version found : 6.8.1
2023-07-30 15:46:30,052 [INFO] ApplicationProperties:184 - Using Application install path: D:\STM32CubeIDE_1.12.0\STM32CubeIDE\plugins\com.st.stm32cube.common.mx_6.8.1.202304191431
2023-07-30 15:46:31,320 [INFO] ThirdPartyUpdaterWithRetryManager:70 - Updater plugin not ready yet. [3/15]
2023-07-30 15:46:31,932 [INFO] MainUpdater:2854 - connection check result : 10
2023-07-30 15:46:31,934 [INFO] MainUpdater:283 - Updater Check For Update Now.
2023-07-30 15:46:31,935 [INFO] MicroXplorer:498 - Change Database Version : DB.6.0.81
2023-07-30 15:46:32,234 [INFO] CheckServerUpdateThread:120 - End of CheckServer Thread
2023-07-30 15:46:32,422 [INFO] MainUpdater:2854 - connection check result : 10
2023-07-30 15:46:32,440 [INFO] MainUpdater:2854 - connection check result : 10
2023-07-30 15:46:32,849 [INFO] MicroXplorer:468 - Change Database Path : 
2023-07-30 15:46:32,850 [INFO] MicroXplorer:498 - Change Database Version : DB.6.0.81
2023-07-30 15:46:32,851 [WARN] ThirdParty:871 - waiting for thirdparty lock release [close project]
2023-07-30 15:46:34,626 [WARN] PackLoader:240 - Cannot read IP mode file for STMicroelectronics.X-CUBE-SMBUS.2.1.0
2023-07-30 15:46:34,711 [WARN] PackLoader:240 - Cannot read IP mode file for STMicroelectronics.X-CUBE-AZRTOS-F7.1.1.0
2023-07-30 15:46:34,740 [WARN] PackLoader:240 - Cannot read IP mode file for STMicroelectronics.FP-SNS-MOTENV1.4.3.2
2023-07-30 15:46:34,764 [ERROR] RealEvaluatedCondition:428 - Found unsupported composite condition: CLASS='Data Exchange' GROUP='STM32_MetaDataManager'
2023-07-30 15:46:34,764 [ERROR] RealEvaluatedCondition:428 - Found unsupported composite condition: GROUP='STM32_MetaDataManager' CLASS='Data Exchange'
2023-07-30 15:46:34,766 [WARN] PackLoader:240 - Cannot read IP mode file for STMicroelectronics.FP-SNS-MOTENV1.4.3.1
2023-07-30 15:46:34,788 [WARN] PackLoader:240 - Cannot read IP mode file for STMicroelectronics.FP-SNS-FLIGHT1.5.0.1
2023-07-30 15:46:34,812 [WARN] PackLoader:240 - Cannot read IP mode file for STMicroelectronics.X-CUBE-BLE1.6.2.4
2023-07-30 15:46:34,830 [WARN] PackLoader:240 - Cannot read IP mode file for STMicroelectronics.FP-SNS-FLIGHT1.5.0.2
2023-07-30 15:46:34,853 [WARN] PackLoader:240 - Cannot read IP mode file for STMicroelectronics.X-CUBE-DISPLAY.3.0.0
2023-07-30 15:46:34,879 [WARN] PackLoader:240 - Cannot read IP mode file for STMicroelectronics.X-CUBE-TOUCHGFX.4.22.0
2023-07-30 15:46:34,909 [INFO] LogOutputStream:77 - [STDOUT_REDIRECT] 1 : Invalid condition id : UX_CORESTACK_Condition cause : null
2023-07-30 15:46:34,909 [INFO] LogOutputStream:77 - [STDOUT_REDIRECT] 1 : Invalid condition id : UX_CORESTACK_Condition cause : null
2023-07-30 15:46:34,911 [INFO] LogOutputStream:77 - [STDOUT_REDIRECT] 1 : Invalid condition id : UX_CORESTACK_Condition cause : null
2023-07-30 15:46:34,912 [INFO] LogOutputStream:77 - [STDOUT_REDIRECT] 1 : Invalid condition id : UX_CORESTACK_Condition cause : null
2023-07-30 15:46:34,914 [INFO] LogOutputStream:77 - [STDOUT_REDIRECT] 1 : Invalid condition id : UX_CORESTACK_Condition cause : null
2023-07-30 15:46:34,919 [WARN] PackLoader:240 - Cannot read IP mode file for STMicroelectronics.X-CUBE-AZRTOS-WL.2.0.0
2023-07-30 15:46:34,961 [WARN] PackLoader:240 - Cannot read IP mode file for WES.I-CUBE-Cesium.1.3.0
2023-07-30 15:46:34,981 [WARN] PackLoader:240 - Cannot read IP mode file for STMicroelectronics.X-CUBE-BLE2.3.3.0
2023-07-30 15:46:34,999 [WARN] PackLoader:240 - Cannot read IP mode file for STMicroelectronics.X-CUBE-TOUCHGFX.4.21.4
2023-07-30 15:46:35,021 [WARN] PackLoader:240 - Cannot read IP mode file for STMicroelectronics.X-CUBE-ALGOBUILD.1.3.0
2023-07-30 15:46:35,077 [WARN] PackLoader:240 - Cannot read IP mode file for STMicroelectronics.X-CUBE-AZRTOS-G0.1.1.0
2023-07-30 15:46:35,108 [WARN] PackLoader:240 - Cannot read IP mode file for STMicroelectronics.X-CUBE-NFC4.3.0.0
2023-07-30 15:46:35,134 [WARN] PackLoader:240 - Cannot read IP mode file for STMicroelectronics.FP-ATR-SIGFOX1.3.2.0
2023-07-30 15:46:35,215 [WARN] PackLoader:240 - Cannot read IP mode file for SEGGER.I-CUBE-embOS.1.3.1
2023-07-30 15:46:35,312 [WARN] PackLoader:240 - Cannot read IP mode file for STMicroelectronics.X-CUBE-GNSS1.6.0.0
2023-07-30 15:46:35,360 [WARN] PackLoader:240 - Cannot read IP mode file for STMicroelectronics.X-CUBE-AZRTOS-F4.1.1.0
2023-07-30 15:46:35,385 [WARN] PackLoader:240 - Cannot read IP mode file for wolfSSL.I-CUBE-wolfSSL.5.6.0
2023-07-30 15:46:35,532 [WARN] PackLoader:240 - Cannot read IP mode file for STMicroelectronics.X-CUBE-MEMS1.9.6.0
2023-07-30 15:46:35,814 [WARN] PackLoader:240 - Cannot read IP mode file for emotas.I-CUBE-CANOPEN.1.1.3
2023-07-30 15:46:35,833 [WARN] PackLoader:240 - Cannot read IP mode file for STMicroelectronics.X-CUBE-BLEMGR.2.0.0
2023-07-30 15:46:35,867 [WARN] ConditionMgr:438 - getConditionDescription Invalid condition id : UX DEVICE CLASS RTOS Condition cause : null
2023-07-30 15:46:35,868 [WARN] ConditionMgr:438 - getConditionDescription Invalid condition id : UX DEVICE CLASS RTOS Condition cause : null
2023-07-30 15:46:35,871 [WARN] PackLoader:240 - Cannot read IP mode file for STMicroelectronics.X-CUBE-AZRTOS-H7.3.1.0
2023-07-30 15:46:35,872 [WARN] ConditionMgr:1039 - genDependencies : Invalid condition id : UX DEVICE CLASS RTOS Condition cause : null
2023-07-30 15:46:35,873 [WARN] ConditionMgr:1039 - genDependencies : Invalid condition id : UX DEVICE CLASS RTOS Condition cause : null
2023-07-30 15:46:35,873 [WARN] ConditionMgr:1039 - genDependencies : Invalid condition id : UX DEVICE CLASS RTOS Condition cause : null
2023-07-30 15:46:35,874 [WARN] ConditionMgr:1039 - genDependencies : Invalid condition id : UX DEVICE CLASS RTOS Condition cause : null
2023-07-30 15:46:35,874 [WARN] ConditionMgr:1039 - genDependencies : Invalid condition id : UX DEVICE CLASS RTOS Condition cause : null
2023-07-30 15:46:35,891 [WARN] PackLoader:240 - Cannot read IP mode file for STMicroelectronics.X-CUBE-NFC7.1.0.1
2023-07-30 15:46:35,906 [WARN] PackLoader:240 - Cannot read IP mode file for STMicroelectronics.X-CUBE-NFC7.1.0.0
2023-07-30 15:46:35,923 [WARN] PackLoader:240 - Cannot read IP mode file for STMicroelectronics.X-CUBE-EEPRMA1.4.1.0
2023-07-30 15:46:35,967 [WARN] ConditionMgr:438 - getConditionDescription Invalid condition id : LAN8742 Phy interface Condition cause : null
2023-07-30 15:46:35,968 [WARN] PackLoader:240 - Cannot read IP mode file for STMicroelectronics.X-CUBE-AZRTOS-L4.2.0.0
2023-07-30 15:46:35,970 [WARN] ConditionMgr:1039 - genDependencies : Invalid condition id : LAN8742 Phy interface Condition cause : null
2023-07-30 15:46:35,970 [WARN] ConditionMgr:1039 - genDependencies : Invalid condition id : LAN8742 Phy interface Condition cause : null
2023-07-30 15:46:35,970 [WARN] ConditionMgr:1039 - genDependencies : Invalid condition id : LAN8742 Phy interface Condition cause : null
2023-07-30 15:46:35,990 [WARN] PackLoader:240 - Cannot read IP mode file for STMicroelectronics.X-CUBE-SFXS2LP1.4.0.0
2023-07-30 15:46:36,008 [WARN] PackLoader:240 - Cannot read IP mode file for STMicroelectronics.X-CUBE-ISPU.1.1.0
2023-07-30 15:46:36,023 [WARN] PackLoader:240 - Cannot read IP mode file for STMicroelectronics.X-CUBE-FREERTOS.1.0.1
2023-07-30 15:46:36,055 [WARN] PackLoader:240 - Cannot read IP mode file for STMicroelectronics.X-CUBE-AZRTOS-L5.1.1.0
2023-07-30 15:46:36,071 [WARN] PackLoader:240 - Cannot read IP mode file for STMicroelectronics.X-CUBE-AI.8.0.1
2023-07-30 15:46:36,095 [WARN] PackLoader:240 - Cannot read IP mode file for STMicroelectronics.X-CUBE-SUBG2.5.0.0
2023-07-30 15:46:36,144 [WARN] PackLoader:240 - Cannot read IP mode file for STMicroelectronics.X-CUBE-TOF1.3.3.1
2023-07-30 15:46:36,198 [WARN] PackLoader:240 - Cannot read IP mode file for STMicroelectronics.X-CUBE-AZRTOS-G4.2.0.0
2023-07-30 15:46:36,231 [WARN] PackLoader:240 - Cannot read IP mode file for STMicroelectronics.X-CUBE-TOF1.3.3.0
2023-07-30 15:46:36,266 [WARN] PackLoader:240 - Cannot read IP mode file for portGmbH.I-Cube-SoM-uGOAL.1.1.0
2023-07-30 15:46:36,285 [WARN] PackLoader:240 - Cannot read IP mode file for STMicroelectronics.X-CUBE-ALS.1.0.1
2023-07-30 15:46:36,333 [WARN] PackLoader:240 - Cannot read IP mode file for STMicroelectronics.X-CUBE-AZRTOS-WB.1.1.0
2023-07-30 15:46:36,353 [WARN] PackLoader:240 - Cannot read IP mode file for STMicroelectronics.FP-ATR-ASTRA1.2.0.0
2023-07-30 15:46:36,354 [INFO] ThirdParty:978 - Integrity check success = true
2023-07-30 15:46:36,354 [INFO] IntegrityCheckThread:100 - exiting critical section [integrity check]
2023-07-30 15:46:36,354 [INFO] IntegrityCheckThread:103 - End integrity checks thread
2023-07-30 15:46:36,354 [INFO] ThirdParty:873 - entering critical section [close project]
2023-07-30 15:46:36,356 [INFO] ThirdParty:883 - exiting critical section [close project]
2023-07-30 15:46:36,361 [INFO] PinOutPanel:1499 - setPackage(No Configuration,No Configuration)
2023-07-30 15:46:36,369 [INFO] UtilMem:75 - Begin LoadConfig() Used Memory: 492496480 Bytes (542113792)
2023-07-30 15:46:36,371 [INFO] MicroXplorer:468 - Change Database Path : 
2023-07-30 15:46:36,371 [INFO] MicroXplorer:498 - Change Database Version : DB.6.0.81
2023-07-30 15:46:36,371 [INFO] OpenFileManager:308 - Change cursor
2023-07-30 15:46:36,438 [INFO] Mcu:1937 - Initializing MCU STM32L152RETx STM32L152RETx STM32L152RET6
2023-07-30 15:46:38,781 [INFO] Context:659 - Trying to add GPIOservice into a context  which must be forbidden
2023-07-30 15:46:39,817 [INFO] RtosManager:555 - Registered RTOS mode: class=CMSIS, group=RTOS, mode=CMSIS_V1, owner=FREERTOS
2023-07-30 15:46:39,817 [INFO] RtosManager:555 - Registered RTOS mode: class=CMSIS, group=RTOS2, mode=CMSIS_V2, owner=FREERTOS
2023-07-30 15:46:39,817 [INFO] RtosManager:555 - Registered RTOS mode: class=RTOS, group=Core, mode=CMSIS_V1, owner=FREERTOS
2023-07-30 15:46:39,817 [INFO] RtosManager:555 - Registered RTOS mode: class=RTOS, group=Core, mode=CMSIS_V2, owner=FREERTOS
2023-07-30 15:46:39,817 [WARN] ModelIntegratedComponent:184 - Missing modes for component STMicroelectronics:FreeRTOS:0.0.1:STMicroelectronics:RTOS:FreeRTOS:Core:::10.2.0:
2023-07-30 15:46:39,838 [WARN] ModelIntegratedComponent:63 - No mode defined for component null
2023-07-30 15:46:39,839 [WARN] ModelIntegratedComponent:63 - No mode defined for component null
2023-07-30 15:46:39,839 [WARN] ModelIntegratedComponent:63 - No mode defined for component null
2023-07-30 15:46:39,839 [WARN] ModelIntegratedComponent:63 - No mode defined for component null
2023-07-30 15:46:39,839 [WARN] ModelIntegratedComponent:63 - No mode defined for component null
2023-07-30 15:46:39,839 [WARN] ModelIntegratedComponent:63 - No mode defined for component null
2023-07-30 15:46:39,839 [WARN] ModelIntegratedComponent:63 - No mode defined for component null
2023-07-30 15:46:39,840 [WARN] ModelIntegratedComponent:63 - No mode defined for component null
2023-07-30 15:46:39,840 [WARN] ModelIntegratedComponent:63 - No mode defined for component null
2023-07-30 15:46:39,840 [WARN] ModelIntegratedComponent:63 - No mode defined for component null
2023-07-30 15:46:39,840 [WARN] ModelIntegratedComponent:63 - No mode defined for component null
2023-07-30 15:46:39,840 [WARN] ModelIntegratedComponent:63 - No mode defined for component null
2023-07-30 15:46:39,840 [WARN] ModelIntegratedComponent:63 - No mode defined for component null
2023-07-30 15:46:39,840 [WARN] ModelIntegratedComponent:63 - No mode defined for component null
2023-07-30 15:46:39,840 [WARN] ModelIntegratedComponent:63 - No mode defined for component null
2023-07-30 15:46:39,840 [WARN] ModelIntegratedComponent:63 - No mode defined for component null
2023-07-30 15:46:39,840 [WARN] ModelIntegratedComponent:63 - No mode defined for component null
2023-07-30 15:46:39,840 [WARN] ModelIntegratedComponent:63 - No mode defined for component null
2023-07-30 15:46:39,841 [WARN] ModelIntegratedComponent:63 - No mode defined for component null
2023-07-30 15:46:39,841 [WARN] ModelIntegratedComponent:63 - No mode defined for component null
2023-07-30 15:46:39,841 [WARN] ModelIntegratedComponent:63 - No mode defined for component null
2023-07-30 15:46:39,841 [WARN] ModelIntegratedComponent:63 - No mode defined for component null
2023-07-30 15:46:39,841 [WARN] ModelIntegratedComponent:63 - No mode defined for component null
2023-07-30 15:46:39,841 [WARN] ModelIntegratedComponent:63 - No mode defined for component null
2023-07-30 15:46:39,841 [WARN] ModelIntegratedComponent:63 - No mode defined for component null
2023-07-30 15:46:39,841 [WARN] ModelIntegratedComponent:63 - No mode defined for component null
2023-07-30 15:46:39,841 [WARN] ModelIntegratedComponent:63 - No mode defined for component null
2023-07-30 15:46:39,842 [WARN] ModelIntegratedComponent:63 - No mode defined for component null
2023-07-30 15:46:39,842 [WARN] ModelIntegratedComponent:63 - No mode defined for component null
2023-07-30 15:46:39,842 [WARN] ModelIntegratedComponent:63 - No mode defined for component null
2023-07-30 15:46:39,842 [WARN] ModelIntegratedComponent:63 - No mode defined for component null
2023-07-30 15:46:39,842 [WARN] ModelIntegratedComponent:63 - No mode defined for component null
2023-07-30 15:46:39,842 [WARN] ModelIntegratedComponent:63 - No mode defined for component null
2023-07-30 15:46:39,874 [INFO] ThirdPartyModel:298 - Start build external matchings
2023-07-30 15:46:40,172 [INFO] ThirdPartyModel:316 - End build external matchings
2023-07-30 15:46:40,210 [INFO] ImportTextPane:194 - (OptionalMessage_ERROR) IP (RCC) : Invalid parameter (FamilyName)
2023-07-30 15:46:40,217 [INFO] ImportTextPane:194 - (OptionalMessage_ERROR) IP (RCC) : Parameter (RTCHSEDivFreq_Value) has invalid value (4000000)
2023-07-30 15:46:40,218 [INFO] ImportTextPane:194 - (OptionalMessage_ERROR) IP (RCC) : Invalid parameter (TIMFreq_Value)
2023-07-30 15:46:40,218 [INFO] ImportTextPane:194 - (OptionalMessage_ERROR) IP (RCC) : Invalid parameter (USBOutput)
2023-07-30 15:46:40,585 [INFO] UtilMem:75 - End LoadConfig() Used Memory: 520504008 Bytes (625999872)
2023-07-30 15:46:40,722 [INFO] ApiDb:581 - Connected to CubeFinder SQLite database (C:\Users\marci\.stmcufinder\plugins\mcufinder\mcu\cube-finder-db.db)
2023-07-30 15:46:40,859 [INFO] ApiDb:668 - CubeFinder database Data Model version=2.1
2023-07-30 15:46:40,859 [INFO] ApiDb:669 - CubeFinder database Configuration version=3.0.37
2023-07-30 15:46:40,860 [INFO] ApiDb:670 - CubeFinder database generation date=2023-06-26 (1687786131)
2023-07-30 15:46:40,860 [INFO] ApiDb:671 - CubeFinder database FW Pack versions=[FP-ATR-ASTRA1_V2.0.0, FP-SNS-FLIGHT1_V5.0.1, FP-SNS-MOTENV1_V4.3.1, STM32Cube_FW_C0_V1.1.0, STM32Cube_FW_F4_V1.27.1, STM32Cube_FW_F7_V1.17.0, STM32Cube_FW_G0_V1.6.1, STM32Cube_FW_G4_V1.5.1, STM32Cube_FW_H5_V0.5.1, STM32Cube_FW_H5_V1.1.0, STM32Cube_FW_H7_V1.11.0, STM32Cube_FW_L0_V1.12.2, STM32Cube_FW_L5_V1.5.0, STM32Cube_FW_U5_V1.3.0, STM32Cube_FW_U5_V1.3.0RC4, STM32Cube_FW_WBA_V1.0.0RC1, STM32Cube_FW_WBA_V1.1.0, STM32Cube_FW_WBA_V1.1.0RC1, STM32Cube_FW_WB_V1.15.0RC1, STM32Cube_FW_WB_V1.16.0, STM32Cube_FW_WB_V1.16.0RC2, STM32Cube_FW_WB_V1.17.0, STM32Cube_FW_WL_V1.3.0, X-CUBE-ALGOBUILD_V1.3.0, X-CUBE-ALS_V1.0.1, X-CUBE-AZRTOS-F4_V1.1.0, X-CUBE-AZRTOS-F7_V1.1.0, X-CUBE-AZRTOS-G0_V1.1.0, X-CUBE-AZRTOS-G4_V2.0.0, X-CUBE-AZRTOS-H7_V3.1.0, X-CUBE-AZRTOS-L4_V1.0.0, X-CUBE-AZRTOS-L4_V2.0.0, X-CUBE-AZRTOS-L5_V1.1.0, X-CUBE-AZRTOS-WB_V1.1.0, X-CUBE-AZRTOS-WL_V2.0.0, X-CUBE-BLE1_V6.2.4, X-CUBE-BLE2_V3.3.0, X-CUBE-BLEMGR_V2.0.0, X-CUBE-EEPRMA1_V4.1.0, X-CUBE-FREERTOS_V1.0.1, X-CUBE-GNSS1_V6.0.0, X-CUBE-MEMS1_V9.1.0, X-CUBE-MEMS1_V9.4.0, X-CUBE-MEMS1_V9.6.0, X-CUBE-NFC4_V3.0.0, X-CUBE-NFC7_V1.0.0, X-CUBE-SFXS2LP1_V4.0.0, X-CUBE-SUBG2_V5.0.0]
2023-07-30 15:46:44,109 [INFO] ApiDb:240 - Found 297 in-development CPN: [B-G473E-ZEST1S, B-WB1M-WPAN1, B-WL5M-SUBG1, NUCLEO-C031C6, NUCLEO-H503RB, NUCLEO-H563ZI, NUCLEO-U545RE-Q, NUCLEO-U5A5ZJ-Q, NUCLEO-WBA52CG, STEVAL-PROTEUS1, STEVAL-STWINBX1, STM320518-EVAL, STM32C0116-DK, STM32C011D6Y3TR, STM32C011D6Y6TR, STM32C011F4P3, STM32C011F4P6, STM32C011F4U3, STM32C011F4U6TR, STM32C011F6P3, STM32C011F6P6, STM32C011F6U3, STM32C011F6U6TR, STM32C011J4M3, STM32C011J4M6, STM32C011J6M3, STM32C011J6M6, STM32C0316-DK, STM32C031C4T3, STM32C031C4T6, STM32C031C4U3, STM32C031C4U6, STM32C031C6T3, STM32C031C6T6, STM32C031C6U3, STM32C031C6U6, STM32C031F4P3, STM32C031F4P6, STM32C031F6P3, STM32C031F6P6, STM32C031G4U3, STM32C031G4U6, STM32C031G6U3, STM32C031G6U6, STM32C031K4T3, STM32C031K4T6, STM32C031K4U3, STM32C031K4U6, STM32C031K6T3, STM32C031K6T6, STM32C031K6U3, STM32C031K6U6, STM32G071K8TXN, STM32G071K8UXN, STM32G081GBU6N, STM32G081KBT6N, STM32G081KBUXN, STM32G0B1CCT6N, STM32G0B1KCT6, STM32G0B1NEY6TR, STM32G0B1RCT6N, STM32G0C1CCT6, STM32G0C1CCT6N, STM32G0C1CCU6N, STM32G0C1CET6N, STM32G0C1CEU6N, STM32G0C1KCT6, STM32G0C1NEY6TR, STM32G0C1RCI6N, STM32G0C1RCT6N, STM32G0C1REI6N, STM32G0C1RET6N, STM32G0C1VCI6, STM32G0C1VEI6, STM32G471CCT6, STM32G471CCU6, STM32G471CET3, STM32G471CET6, STM32G471CEU3, STM32G471CEU6, STM32G471MCT6, STM32G471MET3, STM32G471MET6, STM32G471MEY6TR, STM32G471QCT6, STM32G471QET3, STM32G471RCT6, STM32G471RET3, STM32G471RET6, STM32G471VCH6, STM32G471VCI6, STM32G471VCT6, STM32G471VEH3, STM32G471VEH6, STM32G471VEI3, STM32G471VEI6, STM32G471VET3, STM32G471VET6, STM32G474CCT6, STM32H503CBT6, STM32H503CBU6, STM32H503EBY6TR, STM32H503KBU6, STM32H503RBT6, STM32H562AGI6, STM32H562AII6, STM32H562IGK6, STM32H562IGT6, STM32H562IIK6, STM32H562IIT6, STM32H562RGT6, STM32H562RGV6, STM32H562RIT6, STM32H562RIV6, STM32H562VGT6, STM32H562VIT6, STM32H562ZGT6, STM32H562ZIT6, STM32H563AGI6, STM32H563AII3Q, STM32H563AII6, STM32H563IGK6, STM32H563IGT6, STM32H563IIK3Q, STM32H563IIK6, STM32H563IIT3Q, STM32H563IIT6, STM32H563MIY3QTR, STM32H563RGT6, STM32H563RGV6, STM32H563RIT6, STM32H563RIV6, STM32H563VGT6, STM32H563VIT3Q, STM32H563VIT6, STM32H563ZGT6, STM32H563ZIT3Q, STM32H563ZIT6, STM32H573AII3Q, STM32H573AII6, STM32H573I-DK, STM32H573IIK3Q, STM32H573IIK6, STM32H573IIT3Q, STM32H573IIT6, STM32H573MIY3QTR, STM32H573RIT6, STM32H573RIV6, STM32H573VIT3Q, STM32H573VIT6, STM32H573ZIT3Q, STM32H573ZIT6, STM32L4R5QGI6STR, STM32MP131AAE3, STM32MP131AAF3, STM32MP131AAG3, STM32MP131CAE3, STM32MP131CAF3, STM32MP131CAG3, STM32MP131DAE7, STM32MP131DAF7, STM32MP131DAG7, STM32MP131FAE7, STM32MP131FAF7, STM32MP131FAG7, STM32MP133AAE3, STM32MP133AAF3, STM32MP133AAG3, STM32MP133CAE3, STM32MP133CAF3, STM32MP133CAG3, STM32MP133DAE7, STM32MP133DAF7, STM32MP133DAG7, STM32MP133FAE7, STM32MP133FAF7, STM32MP133FAG7, STM32MP135AAE3, STM32MP135AAF3, STM32MP135AAG3, STM32MP135CAE3, STM32MP135CAF3, STM32MP135CAG3, STM32MP135DAE7, STM32MP135DAF7, STM32MP135DAG7, STM32MP135F-DK, STM32MP135FAE7, STM32MP135FAF7, STM32MP135FAF7T, STM32MP135FAF7U, STM32MP135FAG7, STM32U535CBT6, STM32U535CBT6Q, STM32U535CBU6, STM32U535CBU6Q, STM32U535CCT6, STM32U535CCT6Q, STM32U535CCU6, STM32U535CCU6Q, STM32U535CET6, STM32U535CET6Q, STM32U535CEU6, STM32U535CEU6Q, STM32U535JEY6QTR, STM32U535NCY6QTR, STM32U535NEY6QTR, STM32U535RBI6, STM32U535RBI6Q, STM32U535RBT6, STM32U535RBT6Q, STM32U535RCI6, STM32U535RCI6Q, STM32U535RCT6, STM32U535RCT6Q, STM32U535REI6, STM32U535REI6Q, STM32U535RET6, STM32U535RET6Q, STM32U535VCI6, STM32U535VCI6Q, STM32U535VCT6, STM32U535VCT6Q, STM32U535VEI6, STM32U535VEI6Q, STM32U535VET6, STM32U535VET6Q, STM32U545CET6, STM32U545CET6Q, STM32U545CEU6, STM32U545CEU6Q, STM32U545JEY6QTR, STM32U545NEY6QTR, STM32U545REI6, STM32U545REI6Q, STM32U545RET6, STM32U545RET6Q, STM32U545VEI6, STM32U545VEI6Q, STM32U545VET6, STM32U545VET6Q, STM32U595AIH6, STM32U595AIH6Q, STM32U595AJH6, STM32U595AJH6Q, STM32U595QII6, STM32U595QII6Q, STM32U595QJI6, STM32U595QJI6Q, STM32U595RIT6, STM32U595RIT6Q, STM32U595RJT6, STM32U595RJT6Q, STM32U595VIT6, STM32U595VIT6Q, STM32U595VJT6, STM32U595VJT6Q, STM32U595ZIT6, STM32U595ZIT6Q, STM32U595ZIY6QTR, STM32U595ZJT6, STM32U595ZJT6Q, STM32U595ZJY6QTR, STM32U599BJY6QTR, STM32U599NIH6Q, STM32U599NJH6Q, STM32U599VIT6Q, STM32U599VJT6, STM32U599VJT6Q, STM32U599ZIT6Q, STM32U599ZIY6QTR, STM32U599ZJT6Q, STM32U599ZJY6QTR, STM32U5A5AJH6, STM32U5A5AJH6Q, STM32U5A5QJI6, STM32U5A5QJI6Q, STM32U5A5RJT6, STM32U5A5RJT6Q, STM32U5A5VJT6, STM32U5A5VJT6Q, STM32U5A5ZJT6, STM32U5A5ZJT6Q, STM32U5A5ZJY6QTR, STM32U5A9BJY6QTR, STM32U5A9J-DK, STM32U5A9NJH6Q, STM32U5A9VJT6Q, STM32U5A9ZJT6Q, STM32U5A9ZJY6QTR, STM32WB1MMCH6, STM32WBA52CEU6, STM32WBA52CEU6T, STM32WBA52CGU6, STM32WBA52CGU6T, STM32WL5MOCH6, STM32WL5MOCH6TR]
2023-07-30 15:46:44,113 [INFO] DbMcus:216 - Found 3825 MCUs, 3825 are supported
2023-07-30 15:46:44,116 [INFO] ApiDb:423 - Load user favorites file C:\Users\marci/.stm32cubeide/favorites.mcus.txt: 0 item(s)
2023-07-30 15:46:44,117 [INFO] ApiDb:427 - User favorites MCUs=[]
2023-07-30 15:46:44,117 [INFO] DbMcus:222 - Set 0 / 0 favorites MCUs
2023-07-30 15:46:44,686 [WARN] ThirdParty:833 - waiting for thirdparty lock release [change project]
2023-07-30 15:46:44,686 [INFO] ThirdParty:835 - entering critical section [change project]
2023-07-30 15:46:44,687 [INFO] ThirdParty:1030 - CMSIS Pack Vendor :STMicroelectronics X-CUBE-ISPU 1.1.0
2023-07-30 15:46:44,687 [INFO] ThirdParty:1030 - CMSIS Pack Vendor :STMicroelectronics X-CUBE-GNSS1 6.0.0
2023-07-30 15:46:44,687 [INFO] ThirdParty:1030 - CMSIS Pack Vendor :STMicroelectronics USB_HOST 2.0.0
2023-07-30 15:46:44,687 [INFO] ThirdParty:1030 - CMSIS Pack Vendor :STMicroelectronics X-CUBE-AZRTOS-F4 1.1.0
2023-07-30 15:46:44,687 [INFO] ThirdParty:1030 - CMSIS Pack Vendor :STMicroelectronics LIBJPEG 8.0.0
2023-07-30 15:46:44,687 [INFO] ThirdParty:1030 - CMSIS Pack Vendor :STMicroelectronics X-CUBE-SMBUS 2.1.0
2023-07-30 15:46:44,687 [INFO] ThirdParty:1030 - CMSIS Pack Vendor :wolfSSL I-CUBE-wolfSSL 5.6.0
2023-07-30 15:46:44,687 [INFO] ThirdParty:1030 - CMSIS Pack Vendor :STMicroelectronics USB_DEVICE 3.0.0
2023-07-30 15:46:44,687 [INFO] ThirdParty:1030 - CMSIS Pack Vendor :STMicroelectronics X-CUBE-FREERTOS 1.0.1
2023-07-30 15:46:44,687 [INFO] ThirdParty:1030 - CMSIS Pack Vendor :STMicroelectronics X-CUBE-AZRTOS-F7 1.1.0
2023-07-30 15:46:44,687 [INFO] ThirdParty:1030 - CMSIS Pack Vendor :STMicroelectronics X-CUBE-TOUCHGFX 4.21.4
2023-07-30 15:46:44,688 [INFO] ThirdParty:1030 - CMSIS Pack Vendor :STMicroelectronics USB_DEVICE 2.0.0
2023-07-30 15:46:44,688 [INFO] ThirdParty:1030 - CMSIS Pack Vendor :STMicroelectronics X-CUBE-MEMS1 9.6.0
2023-07-30 15:46:44,688 [INFO] ThirdParty:1030 - CMSIS Pack Vendor :STMicroelectronics FP-SNS-MOTENV1 4.3.2
2023-07-30 15:46:44,688 [INFO] ThirdParty:1030 - CMSIS Pack Vendor :STMicroelectronics FP-SNS-MOTENV1 4.3.1
2023-07-30 15:46:44,688 [INFO] ThirdParty:1030 - CMSIS Pack Vendor :STMicroelectronics FP-SNS-FLIGHT1 5.0.1
2023-07-30 15:46:44,688 [INFO] ThirdParty:1030 - CMSIS Pack Vendor :STMicroelectronics X-CUBE-ALGOBUILD 1.3.0
2023-07-30 15:46:44,688 [INFO] ThirdParty:1030 - CMSIS Pack Vendor :STMicroelectronics X-CUBE-BLE1 6.2.4
2023-07-30 15:46:44,688 [INFO] ThirdParty:1030 - CMSIS Pack Vendor :STMicroelectronics X-CUBE-AZRTOS-L5 1.1.0
2023-07-30 15:46:44,688 [INFO] ThirdParty:1030 - CMSIS Pack Vendor :STMicroelectronics FreeRTOS 0.0.1
2023-07-30 15:46:44,688 [INFO] ThirdParty:1030 - CMSIS Pack Vendor :STMicroelectronics X-CUBE-AZRTOS-G0 1.1.0
2023-07-30 15:46:44,688 [INFO] ThirdParty:1030 - CMSIS Pack Vendor :emotas I-CUBE-CANOPEN 1.1.3
2023-07-30 15:46:44,688 [INFO] ThirdParty:1030 - CMSIS Pack Vendor :STMicroelectronics X-CUBE-BLEMGR 2.0.0
2023-07-30 15:46:44,688 [INFO] ThirdParty:1030 - CMSIS Pack Vendor :STMicroelectronics X-CUBE-AI 8.0.1
2023-07-30 15:46:44,689 [INFO] ThirdParty:1030 - CMSIS Pack Vendor :STMicroelectronics X-CUBE-NFC4 3.0.0
2023-07-30 15:46:44,689 [INFO] ThirdParty:1030 - CMSIS Pack Vendor :STMicroelectronics X-CUBE-SUBG2 5.0.0
2023-07-30 15:46:44,689 [INFO] ThirdParty:1030 - CMSIS Pack Vendor :STMicroelectronics STM32_WPAN 1.0.0
2023-07-30 15:46:44,689 [INFO] ThirdParty:1030 - CMSIS Pack Vendor :STMicroelectronics lwIP 2.0.3
2023-07-30 15:46:44,689 [INFO] ThirdParty:1030 - CMSIS Pack Vendor :STMicroelectronics FP-SNS-FLIGHT1 5.0.2
2023-07-30 15:46:44,689 [INFO] ThirdParty:1030 - CMSIS Pack Vendor :STMicroelectronics USB_HOST 1.0.0
2023-07-30 15:46:44,689 [INFO] ThirdParty:1030 - CMSIS Pack Vendor :STMicroelectronics X-CUBE-TOF1 3.3.1
2023-07-30 15:46:44,689 [INFO] ThirdParty:1030 - CMSIS Pack Vendor :STMicroelectronics X-CUBE-AZRTOS-G4 2.0.0
2023-07-30 15:46:44,689 [INFO] ThirdParty:1030 - CMSIS Pack Vendor :STMicroelectronics PDM2PCM 3.1.0
2023-07-30 15:46:44,689 [INFO] ThirdParty:1030 - CMSIS Pack Vendor :STMicroelectronics X-CUBE-AZRTOS-H7 3.1.0
2023-07-30 15:46:44,689 [INFO] ThirdParty:1030 - CMSIS Pack Vendor :STMicroelectronics X-CUBE-TOF1 3.3.0
2023-07-30 15:46:44,689 [INFO] ThirdParty:1030 - CMSIS Pack Vendor :STMicroelectronics PDM2PCM 3.3.0
2023-07-30 15:46:44,689 [INFO] ThirdParty:1030 - CMSIS Pack Vendor :STMicroelectronics X-CUBE-DISPLAY 3.0.0
2023-07-30 15:46:44,689 [INFO] ThirdParty:1030 - CMSIS Pack Vendor :STMicroelectronics FP-ATR-SIGFOX1 3.2.0
2023-07-30 15:46:44,690 [INFO] ThirdParty:1030 - CMSIS Pack Vendor :STMicroelectronics HAL Drivers 0.0.0
2023-07-30 15:46:44,690 [INFO] ThirdParty:1030 - CMSIS Pack Vendor :STMicroelectronics MBEDTLS 2.16.2
2023-07-30 15:46:44,690 [INFO] ThirdParty:1030 - CMSIS Pack Vendor :STMicroelectronics X-CUBE-TOUCHGFX 4.22.0
2023-07-30 15:46:44,690 [INFO] ThirdParty:1030 - CMSIS Pack Vendor :STMicroelectronics X-CUBE-NFC7 1.0.1
2023-07-30 15:46:44,690 [INFO] ThirdParty:1030 - CMSIS Pack Vendor :STMicroelectronics MBEDTLS 2.14.1
2023-07-30 15:46:44,690 [INFO] ThirdParty:1030 - CMSIS Pack Vendor :STMicroelectronics X-CUBE-NFC7 1.0.0
2023-07-30 15:46:44,690 [INFO] ThirdParty:1030 - CMSIS Pack Vendor :STMicroelectronics X-CUBE-EEPRMA1 4.1.0
2023-07-30 15:46:44,690 [INFO] ThirdParty:1030 - CMSIS Pack Vendor :portGmbH I-Cube-SoM-uGOAL 1.1.0
2023-07-30 15:46:44,690 [INFO] ThirdParty:1030 - CMSIS Pack Vendor :STMicroelectronics X-CUBE-ALS 1.0.1
2023-07-30 15:46:44,690 [INFO] ThirdParty:1030 - CMSIS Pack Vendor :STMicroelectronics ThreadX 1.0.0
2023-07-30 15:46:44,690 [INFO] ThirdParty:1030 - CMSIS Pack Vendor :STMicroelectronics X-CUBE-AZRTOS-WB 1.1.0
2023-07-30 15:46:44,690 [INFO] ThirdParty:1030 - CMSIS Pack Vendor :STMicroelectronics X-CUBE-AZRTOS-WL 2.0.0
2023-07-30 15:46:44,690 [INFO] ThirdParty:1030 - CMSIS Pack Vendor :SEGGER I-CUBE-embOS 1.3.1
2023-07-30 15:46:44,690 [INFO] ThirdParty:1030 - CMSIS Pack Vendor :STMicroelectronics USB_DEVICE 1.0.0
2023-07-30 15:46:44,691 [INFO] ThirdParty:1030 - CMSIS Pack Vendor :STMicroelectronics X-CUBE-AZRTOS-L4 2.0.0
2023-07-30 15:46:44,691 [INFO] ThirdParty:1030 - CMSIS Pack Vendor :STMicroelectronics ThreadX 0.0.2
2023-07-30 15:46:44,691 [INFO] ThirdParty:1030 - CMSIS Pack Vendor :WES I-CUBE-Cesium 1.3.0
2023-07-30 15:46:44,691 [INFO] ThirdParty:1030 - CMSIS Pack Vendor :STMicroelectronics FP-ATR-ASTRA1 2.0.0
2023-07-30 15:46:44,691 [INFO] ThirdParty:1030 - CMSIS Pack Vendor :STMicroelectronics lwIP 2.1.2
2023-07-30 15:46:44,692 [INFO] ThirdParty:1030 - CMSIS Pack Vendor :STMicroelectronics X-CUBE-SFXS2LP1 4.0.0
2023-07-30 15:46:44,692 [INFO] ThirdParty:1030 - CMSIS Pack Vendor :STMicroelectronics X-CUBE-BLE2 3.3.0
2023-07-30 15:46:44,692 [INFO] ThirdParty:1030 - CMSIS Pack Vendor :STMicroelectronics PDM2PCM 3.2.0
2023-07-30 15:46:44,692 [INFO] ThirdParty:841 - exiting critical section [change project]
2023-07-30 15:46:45,310 [INFO] PinOutPanel:1499 - setPackage(No Configuration,No Configuration)
2023-07-30 15:46:45,312 [INFO] PinOutPanel:1499 - setPackage(STM32L152RETx,LQFP64)
2023-07-30 15:46:46,174 [INFO] UtilMem:75 - Before build in PCC Used Memory: 515138288 Bytes (625999872)
2023-07-30 15:46:47,466 [INFO] UtilMem:75 - After build in PCC Used Memory: 530045968 Bytes (625999872)
2023-07-30 15:46:47,505 [INFO] IPUIPlugin:80 - create IPUIPlugin
2023-07-30 15:46:47,505 [INFO] IPUIPlugin:80 - create IPUIPlugin
2023-07-30 15:46:47,506 [INFO] IPUIPlugin:80 - create IPUIPlugin
2023-07-30 15:46:47,506 [INFO] IPUIPlugin:80 - create IPUIPlugin
2023-07-30 15:46:47,506 [INFO] IPUIPlugin:80 - create IPUIPlugin
2023-07-30 15:46:47,507 [INFO] IPUIPlugin:80 - create IPUIPlugin
2023-07-30 15:46:47,507 [INFO] IPUIPlugin:80 - create IPUIPlugin
2023-07-30 15:46:47,507 [INFO] IPUIPlugin:80 - create IPUIPlugin
2023-07-30 15:46:47,507 [INFO] IPUIPlugin:80 - create IPUIPlugin
2023-07-30 15:46:47,507 [INFO] IPUIPlugin:80 - create IPUIPlugin
2023-07-30 15:46:47,508 [INFO] IPUIPlugin:80 - create IPUIPlugin
2023-07-30 15:46:47,508 [INFO] IPUIPlugin:80 - create IPUIPlugin
2023-07-30 15:46:47,508 [INFO] IPUIPlugin:80 - create IPUIPlugin
2023-07-30 15:46:47,508 [INFO] IPUIPlugin:80 - create IPUIPlugin
2023-07-30 15:46:47,509 [INFO] IPUIPlugin:80 - create IPUIPlugin
2023-07-30 15:46:47,509 [INFO] IPUIPlugin:80 - create IPUIPlugin
2023-07-30 15:46:47,509 [INFO] IPUIPlugin:80 - create IPUIPlugin
2023-07-30 15:46:47,510 [INFO] IPUIPlugin:80 - create IPUIPlugin
2023-07-30 15:46:47,510 [INFO] IPUIPlugin:80 - create IPUIPlugin
2023-07-30 15:46:47,510 [INFO] IPUIPlugin:80 - create IPUIPlugin
2023-07-30 15:46:47,511 [INFO] IPUIPlugin:80 - create IPUIPlugin
2023-07-30 15:46:47,511 [INFO] IPUIPlugin:80 - create IPUIPlugin
2023-07-30 15:46:47,511 [INFO] IPUIPlugin:80 - create IPUIPlugin
2023-07-30 15:46:47,512 [INFO] IPUIPlugin:80 - create IPUIPlugin
2023-07-30 15:46:47,512 [INFO] IPUIPlugin:80 - create IPUIPlugin
2023-07-30 15:46:47,512 [INFO] IPUIPlugin:80 - create IPUIPlugin
2023-07-30 15:46:47,513 [INFO] IPUIPlugin:80 - create IPUIPlugin
2023-07-30 15:46:47,513 [INFO] IPUIPlugin:80 - create IPUIPlugin
2023-07-30 15:46:47,513 [INFO] IPUIPlugin:80 - create IPUIPlugin
2023-07-30 15:46:47,514 [INFO] IPUIPlugin:80 - create IPUIPlugin
2023-07-30 15:46:47,514 [INFO] IPUIPlugin:80 - create IPUIPlugin
2023-07-30 15:46:47,514 [INFO] IPUIPlugin:80 - create IPUIPlugin
2023-07-30 15:46:47,515 [INFO] IPUIPlugin:80 - create IPUIPlugin
2023-07-30 15:46:47,515 [INFO] IPUIPlugin:80 - create IPUIPlugin
2023-07-30 15:46:47,515 [INFO] IPUIPlugin:80 - create IPUIPlugin
2023-07-30 15:46:47,516 [INFO] IPUIPlugin:80 - create IPUIPlugin
2023-07-30 15:46:47,516 [INFO] IPUIPlugin:80 - create IPUIPlugin
2023-07-30 15:46:47,517 [INFO] IPUIPlugin:80 - create IPUIPlugin
2023-07-30 15:46:47,517 [INFO] IPUIPlugin:80 - create IPUIPlugin
2023-07-30 15:46:47,530 [INFO] IPUIPlugin:80 - create IPUIPlugin
2023-07-30 15:46:47,530 [INFO] IPUIPlugin:80 - create IPUIPlugin
2023-07-30 15:46:47,531 [INFO] IPUIPlugin:80 - create IPUIPlugin
2023-07-30 15:46:47,531 [INFO] IPUIPlugin:80 - create IPUIPlugin
2023-07-30 15:46:47,814 [INFO] CADModel:165 - CPN selected for project levelSTM32L152RET6
2023-07-30 15:46:47,814 [INFO] CADModel:114 - Register for checkConnection events
2023-07-30 15:46:47,878 [INFO] OpenFileManager:328 - Restore cursor
2023-07-30 16:23:22,032 [INFO] Gpio:273 - dependency for GPIO [RCC, SPI2, SYS, USART2]
2023-07-30 16:23:52,898 [INFO] UtilMem:75 - End SaveConfig() Used Memory: 579291736 Bytes (674234368)
2023-07-30 16:23:53,943 [INFO] UtilMem:75 - End SaveConfig() Used Memory: 532944928 Bytes (674234368)
2023-07-30 16:23:55,454 [INFO] UtilMem:75 - End SaveConfig() Used Memory: 597430304 Bytes (674234368)
2023-07-30 16:23:56,171 [INFO] BlockDiagram:2759 - set Specific Code input for plugin: SPI
2023-07-30 16:23:56,171 [INFO] BlockDiagram:2759 - set Specific Code input for plugin: NVIC
2023-07-30 16:23:56,171 [INFO] BlockDiagram:2759 - set Specific Code input for plugin: USART
2023-07-30 16:23:56,171 [INFO] BlockDiagram:2759 - set Specific Code input for plugin: SYS
2023-07-30 16:23:56,172 [INFO] BlockDiagram:2759 - set Specific Code input for plugin: GPIO
2023-07-30 16:23:56,173 [INFO] BlockDiagram:2759 - set Specific Code input for plugin: RCC
2023-07-30 16:23:56,175 [INFO] CodeGenerator:793 - code generatio: config db path: D:\STM32CubeIDE_1.12.0\STM32CubeIDE\plugins\com.st.stm32cube.common.mx_6.8.1.202304191431\\db\
2023-07-30 16:23:56,734 [INFO] CodeEngine:255 - oldGeneratedFile, C:\Users\marci\STM32CubeIDE\workspace_1.12.0\nrfsalamonduzy\MXTmpFiles\license.tmp_save
2023-07-30 16:23:57,270 [INFO] CodeEngine:279 - Generated code: C:\Users\marci\STM32CubeIDE\workspace_1.12.0\nrfsalamonduzy\MXTmpFiles\license.tmp
2023-07-30 16:23:57,434 [INFO] CodeEngine:255 - oldGeneratedFile, C:\Users\marci\STM32CubeIDE\workspace_1.12.0\nrfsalamonduzy\Core\Src\gpio.c_save
2023-07-30 16:23:57,682 [INFO] CodeEngine:279 - Generated code: C:\Users\marci\STM32CubeIDE\workspace_1.12.0\nrfsalamonduzy\Core\Src\gpio.c
2023-07-30 16:23:57,701 [INFO] CodeEngine:255 - oldGeneratedFile, C:\Users\marci\STM32CubeIDE\workspace_1.12.0\nrfsalamonduzy\Core\Inc\gpio.h_save
2023-07-30 16:23:57,841 [INFO] CodeEngine:279 - Generated code: C:\Users\marci\STM32CubeIDE\workspace_1.12.0\nrfsalamonduzy\Core\Inc\gpio.h
2023-07-30 16:23:58,110 [INFO] CodeEngine:255 - oldGeneratedFile, C:\Users\marci\STM32CubeIDE\workspace_1.12.0\nrfsalamonduzy\Core\Src\spi.c_save
2023-07-30 16:23:58,315 [INFO] CodeEngine:279 - Generated code: C:\Users\marci\STM32CubeIDE\workspace_1.12.0\nrfsalamonduzy\Core\Src\spi.c
2023-07-30 16:23:58,365 [INFO] CodeEngine:255 - oldGeneratedFile, C:\Users\marci\STM32CubeIDE\workspace_1.12.0\nrfsalamonduzy\Core\Inc\spi.h_save
2023-07-30 16:23:58,521 [INFO] CodeEngine:279 - Generated code: C:\Users\marci\STM32CubeIDE\workspace_1.12.0\nrfsalamonduzy\Core\Inc\spi.h
2023-07-30 16:23:58,548 [INFO] CodeEngine:255 - oldGeneratedFile, C:\Users\marci\STM32CubeIDE\workspace_1.12.0\nrfsalamonduzy\Core\Src\usart.c_save
2023-07-30 16:23:58,706 [INFO] CodeEngine:279 - Generated code: C:\Users\marci\STM32CubeIDE\workspace_1.12.0\nrfsalamonduzy\Core\Src\usart.c
2023-07-30 16:23:58,714 [INFO] CodeEngine:255 - oldGeneratedFile, C:\Users\marci\STM32CubeIDE\workspace_1.12.0\nrfsalamonduzy\Core\Inc\usart.h_save
2023-07-30 16:23:58,831 [INFO] CodeEngine:279 - Generated code: C:\Users\marci\STM32CubeIDE\workspace_1.12.0\nrfsalamonduzy\Core\Inc\usart.h
2023-07-30 16:23:58,871 [INFO] CodeEngine:255 - oldGeneratedFile, C:\Users\marci\STM32CubeIDE\workspace_1.12.0\nrfsalamonduzy\Core\Src\stm32l1xx_it.c_save
2023-07-30 16:23:59,033 [INFO] CodeEngine:279 - Generated code: C:\Users\marci\STM32CubeIDE\workspace_1.12.0\nrfsalamonduzy\Core\Src\stm32l1xx_it.c
2023-07-30 16:23:59,050 [INFO] CodeEngine:255 - oldGeneratedFile, C:\Users\marci\STM32CubeIDE\workspace_1.12.0\nrfsalamonduzy\Core\Inc\stm32l1xx_it.h_save
2023-07-30 16:23:59,155 [INFO] CodeEngine:279 - Generated code: C:\Users\marci\STM32CubeIDE\workspace_1.12.0\nrfsalamonduzy\Core\Inc\stm32l1xx_it.h
2023-07-30 16:23:59,191 [INFO] CodeEngine:255 - oldGeneratedFile, C:\Users\marci\STM32CubeIDE\workspace_1.12.0\nrfsalamonduzy\Core\Src\stm32l1xx_hal_msp.c_save
2023-07-30 16:23:59,337 [INFO] CodeEngine:279 - Generated code: C:\Users\marci\STM32CubeIDE\workspace_1.12.0\nrfsalamonduzy\Core\Src\stm32l1xx_hal_msp.c
2023-07-30 16:23:59,350 [INFO] CodeEngine:255 - oldGeneratedFile, C:\Users\marci\STM32CubeIDE\workspace_1.12.0\nrfsalamonduzy\MXTmpFiles\system.tmp_save
2023-07-30 16:23:59,464 [INFO] CodeEngine:279 - Generated code: C:\Users\marci\STM32CubeIDE\workspace_1.12.0\nrfsalamonduzy\MXTmpFiles\system.tmp
2023-07-30 16:23:59,495 [INFO] CodeEngine:311 - oldGeneratedFile, C:\Users\marci\STM32CubeIDE\workspace_1.12.0\nrfsalamonduzy\Core\Inc\stm32l1xx_hal_conf.h_save
2023-07-30 16:23:59,617 [INFO] CodeEngine:335 - Generated code: C:\Users\marci\STM32CubeIDE\workspace_1.12.0\nrfsalamonduzy\Core\Inc\stm32l1xx_hal_conf.h
2023-07-30 16:23:59,695 [INFO] CodeEngine:255 - oldGeneratedFile, C:\Users\marci\STM32CubeIDE\workspace_1.12.0\nrfsalamonduzy\Core\Inc\main.h_save
2023-07-30 16:23:59,843 [INFO] CodeEngine:279 - Generated code: C:\Users\marci\STM32CubeIDE\workspace_1.12.0\nrfsalamonduzy\Core\Inc\main.h
2023-07-30 16:23:59,872 [INFO] CodeEngine:255 - oldGeneratedFile, C:\Users\marci\STM32CubeIDE\workspace_1.12.0\nrfsalamonduzy\Core\Src\main.c_save
2023-07-30 16:24:00,088 [INFO] CodeEngine:279 - Generated code: C:\Users\marci\STM32CubeIDE\workspace_1.12.0\nrfsalamonduzy\Core\Src\main.c
2023-07-30 16:24:01,016 [INFO] ProjectBuilder:2996 - Time for Copy HAL[1] : 237mS.
2023-07-30 16:24:01,034 [INFO] ProjectBuilder:4304 - Project Generator version: 3.19.2
2023-07-30 16:24:01,429 [INFO] ConfigFileManager:1483 - The Die is : DIE437
2023-07-30 16:24:01,452 [INFO] ApiDbMcu:507 - Load IP Config File for FATFS
2023-07-30 16:24:01,496 [INFO] ApiDbMcu:507 - Load IP Config File for FREERTOS
2023-07-30 16:24:01,752 [INFO] ApiDbMcu:507 - Load IP Config File for TOUCHSENSING
2023-07-30 16:24:01,794 [INFO] ApiDbMcu:507 - Load IP Config File for USB_DEVICE
2023-07-30 16:24:03,240 [INFO] LogOutputStream:77 - [STDOUT_REDIRECT] 
2023-07-30 16:24:04,961 [INFO] ProjectBuilder:4505 - Time for Generating toolchain IDE Files: 3926mS.
2023-07-30 16:24:04,963 [INFO] ProjectBuilder:2867 - Time for Copy CMSIS : 1mS.
2023-07-30 16:24:04,966 [INFO] ProjectBuilder:2867 - Time for Copy CMSIS : 0mS.
2023-07-30 16:48:11,684 [INFO] Gpio:273 - dependency for GPIO [RCC, SPI2, SYS, USART2]
2023-07-30 16:48:11,762 [INFO] NvicIntPanel:101 - NVIC parent = com.st.microxplorer.plugins.ip.nvic.MultiNvicIntPanel[,0,0,0x0,invalid,layout=javax.swing.BoxLayout,alignmentX=0.0,alignmentY=0.0,border=,flags=9,maximumSize=,minimumSize=,preferredSize=]
2023-07-30 16:48:28,693 [INFO] Gpio:273 - dependency for GPIO [RCC, SPI2, SYS, USART2]
2023-07-30 16:48:35,686 [INFO] UtilMem:75 - End SaveConfig() Used Memory: 743420400 Bytes (899678208)
2023-07-30 16:48:36,781 [INFO] UtilMem:75 - End SaveConfig() Used Memory: 763591832 Bytes (899678208)
2023-07-30 16:48:38,947 [INFO] UtilMem:75 - End SaveConfig() Used Memory: 576666960 Bytes (899678208)
2023-07-30 16:48:39,219 [INFO] BlockDiagram:2759 - set Specific Code input for plugin: SPI
2023-07-30 16:48:39,219 [INFO] BlockDiagram:2759 - set Specific Code input for plugin: NVIC
2023-07-30 16:48:39,219 [INFO] BlockDiagram:2759 - set Specific Code input for plugin: USART
2023-07-30 16:48:39,219 [INFO] BlockDiagram:2759 - set Specific Code input for plugin: SYS
2023-07-30 16:48:39,220 [INFO] BlockDiagram:2759 - set Specific Code input for plugin: GPIO
2023-07-30 16:48:39,220 [INFO] BlockDiagram:2759 - set Specific Code input for plugin: RCC
2023-07-30 16:48:39,221 [INFO] CodeGenerator:793 - code generatio: config db path: D:\STM32CubeIDE_1.12.0\STM32CubeIDE\plugins\com.st.stm32cube.common.mx_6.8.1.202304191431\\db\
2023-07-30 16:48:39,375 [INFO] CodeEngine:255 - oldGeneratedFile, C:\Users\marci\STM32CubeIDE\workspace_1.12.0\nrfsalamonduzy\MXTmpFiles\license.tmp_save
2023-07-30 16:48:39,532 [INFO] CodeEngine:279 - Generated code: C:\Users\marci\STM32CubeIDE\workspace_1.12.0\nrfsalamonduzy\MXTmpFiles\license.tmp
2023-07-30 16:48:39,576 [INFO] CodeEngine:255 - oldGeneratedFile, C:\Users\marci\STM32CubeIDE\workspace_1.12.0\nrfsalamonduzy\Core\Src\gpio.c_save
2023-07-30 16:48:39,743 [INFO] CodeEngine:279 - Generated code: C:\Users\marci\STM32CubeIDE\workspace_1.12.0\nrfsalamonduzy\Core\Src\gpio.c
2023-07-30 16:48:39,751 [INFO] CodeEngine:255 - oldGeneratedFile, C:\Users\marci\STM32CubeIDE\workspace_1.12.0\nrfsalamonduzy\Core\Inc\gpio.h_save
2023-07-30 16:48:39,831 [INFO] CodeEngine:279 - Generated code: C:\Users\marci\STM32CubeIDE\workspace_1.12.0\nrfsalamonduzy\Core\Inc\gpio.h
2023-07-30 16:48:39,911 [INFO] CodeEngine:255 - oldGeneratedFile, C:\Users\marci\STM32CubeIDE\workspace_1.12.0\nrfsalamonduzy\Core\Src\spi.c_save
2023-07-30 16:48:40,101 [INFO] CodeEngine:279 - Generated code: C:\Users\marci\STM32CubeIDE\workspace_1.12.0\nrfsalamonduzy\Core\Src\spi.c
2023-07-30 16:48:40,108 [INFO] CodeEngine:255 - oldGeneratedFile, C:\Users\marci\STM32CubeIDE\workspace_1.12.0\nrfsalamonduzy\Core\Inc\spi.h_save
2023-07-30 16:48:40,220 [INFO] CodeEngine:279 - Generated code: C:\Users\marci\STM32CubeIDE\workspace_1.12.0\nrfsalamonduzy\Core\Inc\spi.h
2023-07-30 16:48:40,251 [INFO] CodeEngine:255 - oldGeneratedFile, C:\Users\marci\STM32CubeIDE\workspace_1.12.0\nrfsalamonduzy\Core\Src\usart.c_save
2023-07-30 16:48:40,376 [INFO] CodeEngine:279 - Generated code: C:\Users\marci\STM32CubeIDE\workspace_1.12.0\nrfsalamonduzy\Core\Src\usart.c
2023-07-30 16:48:40,382 [INFO] CodeEngine:255 - oldGeneratedFile, C:\Users\marci\STM32CubeIDE\workspace_1.12.0\nrfsalamonduzy\Core\Inc\usart.h_save
2023-07-30 16:48:40,469 [INFO] CodeEngine:279 - Generated code: C:\Users\marci\STM32CubeIDE\workspace_1.12.0\nrfsalamonduzy\Core\Inc\usart.h
2023-07-30 16:48:40,500 [INFO] CodeEngine:255 - oldGeneratedFile, C:\Users\marci\STM32CubeIDE\workspace_1.12.0\nrfsalamonduzy\Core\Src\stm32l1xx_it.c_save
2023-07-30 16:48:40,791 [INFO] CodeEngine:279 - Generated code: C:\Users\marci\STM32CubeIDE\workspace_1.12.0\nrfsalamonduzy\Core\Src\stm32l1xx_it.c
2023-07-30 16:48:40,798 [INFO] CodeEngine:255 - oldGeneratedFile, C:\Users\marci\STM32CubeIDE\workspace_1.12.0\nrfsalamonduzy\Core\Inc\stm32l1xx_it.h_save
2023-07-30 16:48:40,918 [INFO] CodeEngine:279 - Generated code: C:\Users\marci\STM32CubeIDE\workspace_1.12.0\nrfsalamonduzy\Core\Inc\stm32l1xx_it.h
2023-07-30 16:48:40,945 [INFO] CodeEngine:255 - oldGeneratedFile, C:\Users\marci\STM32CubeIDE\workspace_1.12.0\nrfsalamonduzy\Core\Src\stm32l1xx_hal_msp.c_save
2023-07-30 16:48:41,068 [INFO] CodeEngine:279 - Generated code: C:\Users\marci\STM32CubeIDE\workspace_1.12.0\nrfsalamonduzy\Core\Src\stm32l1xx_hal_msp.c
2023-07-30 16:48:41,075 [INFO] CodeEngine:255 - oldGeneratedFile, C:\Users\marci\STM32CubeIDE\workspace_1.12.0\nrfsalamonduzy\MXTmpFiles\system.tmp_save
2023-07-30 16:48:41,158 [INFO] CodeEngine:279 - Generated code: C:\Users\marci\STM32CubeIDE\workspace_1.12.0\nrfsalamonduzy\MXTmpFiles\system.tmp
2023-07-30 16:48:41,186 [INFO] CodeEngine:311 - oldGeneratedFile, C:\Users\marci\STM32CubeIDE\workspace_1.12.0\nrfsalamonduzy\Core\Inc\stm32l1xx_hal_conf.h_save
2023-07-30 16:48:41,309 [INFO] CodeEngine:335 - Generated code: C:\Users\marci\STM32CubeIDE\workspace_1.12.0\nrfsalamonduzy\Core\Inc\stm32l1xx_hal_conf.h
2023-07-30 16:48:41,358 [INFO] CodeEngine:255 - oldGeneratedFile, C:\Users\marci\STM32CubeIDE\workspace_1.12.0\nrfsalamonduzy\Core\Inc\main.h_save
2023-07-30 16:48:41,497 [INFO] CodeEngine:279 - Generated code: C:\Users\marci\STM32CubeIDE\workspace_1.12.0\nrfsalamonduzy\Core\Inc\main.h
2023-07-30 16:48:41,517 [INFO] CodeEngine:255 - oldGeneratedFile, C:\Users\marci\STM32CubeIDE\workspace_1.12.0\nrfsalamonduzy\Core\Src\main.c_save
2023-07-30 16:48:41,667 [INFO] CodeEngine:279 - Generated code: C:\Users\marci\STM32CubeIDE\workspace_1.12.0\nrfsalamonduzy\Core\Src\main.c
2023-07-30 16:48:42,522 [INFO] ProjectBuilder:2996 - Time for Copy HAL[1] : 204mS.
2023-07-30 16:48:42,526 [INFO] ProjectBuilder:4304 - Project Generator version: 3.19.2
2023-07-30 16:48:42,941 [INFO] ConfigFileManager:1483 - The Die is : DIE437
2023-07-30 16:48:44,389 [INFO] ProjectBuilder:4505 - Time for Generating toolchain IDE Files: 1863mS.
2023-07-30 16:48:44,390 [INFO] ProjectBuilder:2867 - Time for Copy CMSIS : 1mS.
2023-07-30 16:48:44,399 [INFO] ProjectBuilder:2867 - Time for Copy CMSIS : 0mS.
