2024-03-15 01:42:29,390 [INFO] ApplicationProperties:184 - Using Application install path: D:\STM32CubeIDE_1.12.0\STM32CubeIDE\plugins\com.st.stm32cube.common.mx_6.8.1.202304191431
2024-03-15 01:42:29,445 [INFO] DbMcusXml:78 - Set database path to: D:\STM32CubeIDE_1.12.0\STM32CubeIDE\plugins\com.st.stm32cube.common.mx_6.8.1.202304191431\\db\/mcu/
2024-03-15 01:42:29,446 [INFO] ApiDb:274 - Set plugin database path to: D:\STM32CubeIDE_1.12.0\STM32CubeIDE\plugins\com.st.stm32cube.common.mx_6.8.1.202304191431\\db\/plugins/boardmanager/
2024-03-15 01:42:29,449 [WARN] ApiDb:259 - Overriding images path with different value:  => D:\STM32CubeIDE_1.12.0\STM32CubeIDE\plugins\com.st.stm32cube.common.mx_6.8.1.202304191431\\db\/plugins/mcufinder/images/
2024-03-15 01:42:29,483 [INFO] ApiDb:250 - Set database path to: C:\Users\marci\.stmcufinder\plugins\mcufinder//mcu/
2024-03-15 01:42:29,486 [INFO] DbMcusAds:125 - Set database path to: C:\Users\marci\.stmcufinder\plugins\mcufinder//mcu/
2024-03-15 01:42:29,773 [INFO] CrossReferenceDbSqlite:203 - Set database path to: C:\Users\marci\.stmcufinder\plugins\mcufinder//mcu/cs/
2024-03-15 01:42:30,035 [INFO] RulesReader:64 - Compatibility file has been processed (293 Rules)
2024-03-15 01:42:30,247 [INFO] DbMcusXml:78 - Set database path to: D:\STM32CubeIDE_1.12.0\STM32CubeIDE\plugins\com.st.stm32cube.common.mx_6.8.1.202304191431\\db\/mcu/
2024-03-15 01:42:30,247 [INFO] ApiDb:274 - Set plugin database path to: D:\STM32CubeIDE_1.12.0\STM32CubeIDE\plugins\com.st.stm32cube.common.mx_6.8.1.202304191431\\db\/plugins/boardmanager/
2024-03-15 01:42:30,248 [INFO] ApiDb:261 - Set plugin images path to: D:\STM32CubeIDE_1.12.0\STM32CubeIDE\plugins\com.st.stm32cube.common.mx_6.8.1.202304191431\\db\/plugins/mcufinder/images/
2024-03-15 01:42:30,248 [WARN] DbFile:41 - Overriding database path with different value: C:\Users\marci\.stmcufinder\plugins\mcufinder/ => C:\Users\marci\.stmcufinder\plugins\mcufinder
2024-03-15 01:42:30,248 [INFO] ApiDb:250 - Set database path to: C:\Users\marci\.stmcufinder\plugins\mcufinder//mcu/
2024-03-15 01:42:30,249 [WARN] DbFile:41 - Overriding database path with different value: C:\Users\marci\.stmcufinder\plugins\mcufinder/ => C:\Users\marci\.stmcufinder\plugins\mcufinder
2024-03-15 01:42:30,249 [INFO] DbMcusAds:125 - Set database path to: C:\Users\marci\.stmcufinder\plugins\mcufinder//mcu/
2024-03-15 01:42:30,249 [WARN] DbFile:41 - Overriding database path with different value: C:\Users\marci\.stmcufinder\plugins\mcufinder/ => C:\Users\marci\.stmcufinder\plugins\mcufinder
2024-03-15 01:42:30,250 [WARN] DbFile:41 - Overriding database path with different value: C:\Users\marci\.stmcufinder\plugins\mcufinder/ => C:\Users\marci\.stmcufinder\plugins\mcufinder
2024-03-15 01:42:30,250 [INFO] CrossReferenceDbSqlite:203 - Set database path to: C:\Users\marci\.stmcufinder\plugins\mcufinder//mcu/cs/
2024-03-15 01:42:30,429 [INFO] MainPanel:253 - HeapMemory: 725614592
2024-03-15 01:42:30,651 [INFO] DbMcusXml:78 - Set database path to: D:\STM32CubeIDE_1.12.0\STM32CubeIDE\plugins\com.st.stm32cube.common.mx_6.8.1.202304191431\\db\/mcu/
2024-03-15 01:42:30,651 [INFO] ApiDb:274 - Set plugin database path to: D:\STM32CubeIDE_1.12.0\STM32CubeIDE\plugins\com.st.stm32cube.common.mx_6.8.1.202304191431\\db\/plugins/boardmanager/
2024-03-15 01:42:30,652 [INFO] ApiDb:261 - Set plugin images path to: D:\STM32CubeIDE_1.12.0\STM32CubeIDE\plugins\com.st.stm32cube.common.mx_6.8.1.202304191431\\db\/plugins/mcufinder/images/
2024-03-15 01:42:30,653 [WARN] DbFile:41 - Overriding database path with different value: C:\Users\marci\.stmcufinder\plugins\mcufinder/ => C:\Users\marci\.stmcufinder\plugins\mcufinder
2024-03-15 01:42:30,653 [INFO] ApiDb:250 - Set database path to: C:\Users\marci\.stmcufinder\plugins\mcufinder//mcu/
2024-03-15 01:42:30,653 [WARN] DbFile:41 - Overriding database path with different value: C:\Users\marci\.stmcufinder\plugins\mcufinder/ => C:\Users\marci\.stmcufinder\plugins\mcufinder
2024-03-15 01:42:30,654 [INFO] DbMcusAds:125 - Set database path to: C:\Users\marci\.stmcufinder\plugins\mcufinder//mcu/
2024-03-15 01:42:30,654 [WARN] DbFile:41 - Overriding database path with different value: C:\Users\marci\.stmcufinder\plugins\mcufinder/ => C:\Users\marci\.stmcufinder\plugins\mcufinder
2024-03-15 01:42:30,655 [WARN] DbFile:41 - Overriding database path with different value: C:\Users\marci\.stmcufinder\plugins\mcufinder/ => C:\Users\marci\.stmcufinder\plugins\mcufinder
2024-03-15 01:42:30,655 [INFO] CrossReferenceDbSqlite:203 - Set database path to: C:\Users\marci\.stmcufinder\plugins\mcufinder//mcu/cs/
2024-03-15 01:42:30,704 [INFO] ApplicationProperties:184 - Using Application install path: D:\STM32CubeIDE_1.12.0\STM32CubeIDE\plugins\com.st.stm32cube.common.mx_6.8.1.202304191431
2024-03-15 01:42:30,708 [INFO] PluginManage:196 - Search for loadable plugins [exclusion list=, ]
2024-03-15 01:42:30,712 [INFO] PluginManage:310 - Check plugin analytics
2024-03-15 01:42:35,634 [INFO] AnalyticsPlugin:253 - Accepted Software Licenses: 
2024-03-15 01:42:35,635 [INFO] AnalyticsPlugin:255 - Accepted CMSIS Pack Licenses: 
2024-03-15 01:42:35,636 [INFO] AnalyticsPlugin:257 - Accepted Firmware Licenses: 
2024-03-15 01:42:35,652 [INFO] PluginManage:359 - Loaded plugin analytics (category:tool,tabindex:-1)
2024-03-15 01:42:35,652 [INFO] PluginManage:310 - Check plugin cadmodel
2024-03-15 01:42:35,684 [INFO] CADModel:105 - Init CAD model plugin
2024-03-15 01:42:35,684 [INFO] PluginManage:359 - Loaded plugin cadmodel (category:power,tabindex:5)
2024-03-15 01:42:35,685 [INFO] PluginManage:310 - Check plugin clock
2024-03-15 01:42:35,724 [INFO] PluginManage:359 - Loaded plugin clock (category:base,tabindex:2)
2024-03-15 01:42:35,724 [INFO] PluginManage:310 - Check plugin ddr
2024-03-15 01:42:35,729 [INFO] PluginManage:359 - Loaded plugin ddr (category:tool,tabindex:6)
2024-03-15 01:42:35,729 [INFO] PluginManage:310 - Check plugin filemanager
2024-03-15 01:42:36,038 [INFO] PluginManage:359 - Loaded plugin filemanager (category:base,tabindex:10)
2024-03-15 01:42:36,038 [INFO] PluginManage:310 - Check plugin ipmanager
2024-03-15 01:42:36,057 [INFO] PluginManage:359 - Loaded plugin ipmanager (category:base,tabindex:5)
2024-03-15 01:42:36,057 [INFO] PluginManage:310 - Check plugin lpbam
2024-03-15 01:42:36,095 [INFO] PluginManage:359 - Loaded plugin lpbam (category:base,tabindex:0)
2024-03-15 01:42:36,096 [INFO] PluginManage:310 - Check plugin pinoutandconfiguration
2024-03-15 01:42:36,131 [INFO] PluginManage:359 - Loaded plugin pinoutandconfiguration (category:base,tabindex:1)
2024-03-15 01:42:36,132 [INFO] PluginManage:310 - Check plugin pinoutconfig
2024-03-15 01:42:36,353 [WARN] SupportedApi:132 - Cannot load RTOS API schema: s4s-elt-must-match.1: The content of 'definitions' must match (annotation?, (simpleType | complexType)?, (unique | key | keyref)*)). A problem was found starting at: attribute.
2024-03-15 01:42:36,669 [INFO] PluginManage:359 - Loaded plugin pinoutconfig (category:base,tabindex:0)
2024-03-15 01:42:36,669 [INFO] PluginManage:310 - Check plugin power
2024-03-15 01:42:36,711 [INFO] PluginManage:359 - Loaded plugin power (category:power,tabindex:4)
2024-03-15 01:42:36,712 [INFO] PluginManage:310 - Check plugin projectmanager
2024-03-15 01:42:36,748 [INFO] PluginManage:359 - Loaded plugin projectmanager (category:projectmanager,tabindex:3)
2024-03-15 01:42:36,749 [INFO] PluginManage:310 - Check plugin thirdparty
2024-03-15 01:42:37,253 [INFO] PluginManage:359 - Loaded plugin thirdparty (category:base,tabindex:-1)
2024-03-15 01:42:37,253 [WARN] IntegrityCheckThread:84 - waiting for thirdparty lock release [integrity check]
2024-03-15 01:42:37,254 [INFO] PluginManage:310 - Check plugin tools
2024-03-15 01:42:37,254 [INFO] IntegrityCheckThread:86 - entering critical section [integrity check]
2024-03-15 01:42:37,259 [INFO] ThirdPartyUpdaterWithRetryManager:70 - Updater plugin not ready yet. [1/15]
2024-03-15 01:42:37,322 [INFO] PluginManage:359 - Loaded plugin tools (category:base,tabindex:7)
2024-03-15 01:42:37,323 [INFO] PluginManage:310 - Check plugin tutovideos
2024-03-15 01:42:37,798 [INFO] PluginManage:359 - Loaded plugin tutovideos (category:base,tabindex:-1)
2024-03-15 01:42:37,799 [INFO] PluginManage:310 - Check plugin updater
2024-03-15 01:42:37,829 [INFO] PluginManage:359 - Loaded plugin updater (category:base,tabindex:12)
2024-03-15 01:42:37,830 [INFO] PluginManage:283 - PluginManage : Loaded plugins [15]
2024-03-15 01:42:38,381 [INFO] PinOutPanel:1499 - setPackage(No Configuration,No Configuration)
2024-03-15 01:42:38,521 [INFO] CADModel:165 - CPN selected for project level
2024-03-15 01:42:38,522 [INFO] CADModel:114 - Register for checkConnection events
2024-03-15 01:42:38,581 [INFO] IPUIPlugin:80 - create IPUIPlugin
2024-03-15 01:42:38,581 [INFO] PluginManager:220 - loadIPPluginJar : add adc
2024-03-15 01:42:38,652 [INFO] IPUIPlugin:80 - create IPUIPlugin
2024-03-15 01:42:38,652 [INFO] PluginManager:220 - loadIPPluginJar : add aes
2024-03-15 01:42:38,739 [INFO] IPUIPlugin:80 - create IPUIPlugin
2024-03-15 01:42:38,740 [INFO] PluginManager:220 - loadIPPluginJar : add can
2024-03-15 01:42:38,785 [INFO] IPUIPlugin:80 - create IPUIPlugin
2024-03-15 01:42:38,786 [INFO] PluginManager:220 - loadIPPluginJar : add comp
2024-03-15 01:42:38,860 [INFO] IPUIPlugin:80 - create IPUIPlugin
2024-03-15 01:42:38,860 [INFO] PluginManager:220 - loadIPPluginJar : add cryp
2024-03-15 01:42:38,923 [INFO] IPUIPlugin:80 - create IPUIPlugin
2024-03-15 01:42:38,924 [INFO] PluginManager:220 - loadIPPluginJar : add dfsdm
2024-03-15 01:42:38,954 [INFO] IPUIPlugin:80 - create IPUIPlugin
2024-03-15 01:42:38,956 [INFO] PluginManager:220 - loadIPPluginJar : add dma
2024-03-15 01:42:39,047 [INFO] IPUIPlugin:80 - create IPUIPlugin
2024-03-15 01:42:39,047 [INFO] PluginManager:220 - loadIPPluginJar : add dma3
2024-03-15 01:42:39,095 [INFO] IPUIPlugin:80 - create IPUIPlugin
2024-03-15 01:42:39,095 [INFO] PluginManager:220 - loadIPPluginJar : add fatfs
2024-03-15 01:42:39,193 [INFO] IPUIPlugin:80 - create IPUIPlugin
2024-03-15 01:42:39,193 [INFO] PluginManager:220 - loadIPPluginJar : add fmc
2024-03-15 01:42:39,226 [INFO] IPUIPlugin:80 - create IPUIPlugin
2024-03-15 01:42:39,227 [INFO] PluginManager:220 - loadIPPluginJar : add freertos
2024-03-15 01:42:39,276 [INFO] IPUIPlugin:80 - create IPUIPlugin
2024-03-15 01:42:39,276 [INFO] PluginManager:220 - loadIPPluginJar : add genericplugin
2024-03-15 01:42:39,504 [INFO] IPUIPlugin:80 - create IPUIPlugin
2024-03-15 01:42:39,505 [INFO] PluginManager:220 - loadIPPluginJar : add gfxmmu
2024-03-15 01:42:39,829 [INFO] IPUIPlugin:80 - create IPUIPlugin
2024-03-15 01:42:39,830 [INFO] PluginManager:220 - loadIPPluginJar : add gic
2024-03-15 01:42:39,855 [INFO] IPUIPlugin:80 - create IPUIPlugin
2024-03-15 01:42:39,856 [INFO] PluginManager:220 - loadIPPluginJar : add gpio
2024-03-15 01:42:40,093 [INFO] IPUIPlugin:80 - create IPUIPlugin
2024-03-15 01:42:40,093 [INFO] PluginManager:220 - loadIPPluginJar : add gtzc
2024-03-15 01:42:40,164 [INFO] IPUIPlugin:80 - create IPUIPlugin
2024-03-15 01:42:40,165 [INFO] PluginManager:220 - loadIPPluginJar : add hash
2024-03-15 01:42:40,265 [INFO] IPUIPlugin:80 - create IPUIPlugin
2024-03-15 01:42:40,266 [INFO] PluginManager:220 - loadIPPluginJar : add i2c
2024-03-15 01:42:40,273 [INFO] ThirdPartyUpdaterWithRetryManager:70 - Updater plugin not ready yet. [2/15]
2024-03-15 01:42:40,344 [INFO] IPUIPlugin:80 - create IPUIPlugin
2024-03-15 01:42:40,345 [INFO] PluginManager:220 - loadIPPluginJar : add i2s
2024-03-15 01:42:40,430 [INFO] IPUIPlugin:80 - create IPUIPlugin
2024-03-15 01:42:40,431 [INFO] PluginManager:220 - loadIPPluginJar : add i3c
2024-03-15 01:42:40,670 [INFO] IPUIPlugin:80 - create IPUIPlugin
2024-03-15 01:42:40,671 [INFO] PluginManager:220 - loadIPPluginJar : add ipddr
2024-03-15 01:42:40,871 [INFO] IPUIPlugin:80 - create IPUIPlugin
2024-03-15 01:42:40,871 [INFO] PluginManager:220 - loadIPPluginJar : add linkedlist
2024-03-15 01:42:40,947 [INFO] IPUIPlugin:80 - create IPUIPlugin
2024-03-15 01:42:40,947 [INFO] PluginManager:220 - loadIPPluginJar : add lorawan
2024-03-15 01:42:41,031 [INFO] IPUIPlugin:80 - create IPUIPlugin
2024-03-15 01:42:41,031 [INFO] PluginManager:220 - loadIPPluginJar : add ltdc
2024-03-15 01:42:41,063 [INFO] IPUIPlugin:80 - create IPUIPlugin
2024-03-15 01:42:41,063 [INFO] PluginManager:220 - loadIPPluginJar : add mdma
2024-03-15 01:42:41,089 [INFO] IPUIPlugin:80 - create IPUIPlugin
2024-03-15 01:42:41,089 [INFO] PluginManager:220 - loadIPPluginJar : add nvic
2024-03-15 01:42:41,165 [INFO] IPUIPlugin:80 - create IPUIPlugin
2024-03-15 01:42:41,165 [INFO] PluginManager:220 - loadIPPluginJar : add opamp
2024-03-15 01:42:41,294 [INFO] IPUIPlugin:80 - create IPUIPlugin
2024-03-15 01:42:41,295 [INFO] PluginManager:220 - loadIPPluginJar : add openamp
2024-03-15 01:42:41,397 [INFO] IPUIPlugin:80 - create IPUIPlugin
2024-03-15 01:42:41,397 [INFO] PluginManager:220 - loadIPPluginJar : add pdm2pcm
2024-03-15 01:42:41,431 [INFO] IPUIPlugin:80 - create IPUIPlugin
2024-03-15 01:42:41,440 [INFO] PluginManager:220 - loadIPPluginJar : add plateformsettings
2024-03-15 01:42:41,484 [INFO] IPUIPlugin:80 - create IPUIPlugin
2024-03-15 01:42:41,484 [INFO] PluginManager:220 - loadIPPluginJar : add quadspi
2024-03-15 01:42:41,508 [INFO] IPUIPlugin:80 - create IPUIPlugin
2024-03-15 01:42:41,508 [INFO] PluginManager:220 - loadIPPluginJar : add resmgrutility
2024-03-15 01:42:41,610 [INFO] IPUIPlugin:80 - create IPUIPlugin
2024-03-15 01:42:41,610 [INFO] PluginManager:220 - loadIPPluginJar : add sai
2024-03-15 01:42:41,681 [INFO] IPUIPlugin:80 - create IPUIPlugin
2024-03-15 01:42:41,681 [INFO] PluginManager:220 - loadIPPluginJar : add spi
2024-03-15 01:42:41,802 [INFO] IPUIPlugin:80 - create IPUIPlugin
2024-03-15 01:42:41,802 [INFO] PluginManager:220 - loadIPPluginJar : add stm32_wpan
2024-03-15 01:42:41,851 [INFO] IPUIPlugin:80 - create IPUIPlugin
2024-03-15 01:42:41,851 [INFO] PluginManager:220 - loadIPPluginJar : add tim
2024-03-15 01:42:41,976 [INFO] IPUIPlugin:80 - create IPUIPlugin
2024-03-15 01:42:41,976 [INFO] PluginManager:220 - loadIPPluginJar : add touchsensing
2024-03-15 01:42:42,033 [INFO] IPUIPlugin:80 - create IPUIPlugin
2024-03-15 01:42:42,033 [INFO] PluginManager:220 - loadIPPluginJar : add tracer_emb
2024-03-15 01:42:42,085 [INFO] IPUIPlugin:80 - create IPUIPlugin
2024-03-15 01:42:42,085 [INFO] PluginManager:220 - loadIPPluginJar : add ts
2024-03-15 01:42:42,135 [INFO] IPUIPlugin:80 - create IPUIPlugin
2024-03-15 01:42:42,135 [INFO] PluginManager:220 - loadIPPluginJar : add tsc
2024-03-15 01:42:42,186 [INFO] IPUIPlugin:80 - create IPUIPlugin
2024-03-15 01:42:42,187 [INFO] PluginManager:220 - loadIPPluginJar : add ucpd
2024-03-15 01:42:42,293 [INFO] IPUIPlugin:80 - create IPUIPlugin
2024-03-15 01:42:42,294 [INFO] PluginManager:220 - loadIPPluginJar : add usart
2024-03-15 01:42:42,393 [INFO] IPUIPlugin:80 - create IPUIPlugin
2024-03-15 01:42:42,393 [INFO] PluginManager:220 - loadIPPluginJar : add usbx
2024-03-15 01:42:42,618 [INFO] CADModel:165 - CPN selected for project level
2024-03-15 01:42:42,618 [INFO] CADModel:114 - Register for checkConnection events
2024-03-15 01:42:42,619 [FATAL] Updater:308 - Updater called before beeing initialized
2024-03-15 01:42:42,619 [ERROR] CADModel:125 - Updater not yet initialized, retry later 
2024-03-15 01:42:42,999 [INFO] CADModel:165 - CPN selected for project level
2024-03-15 01:42:42,999 [INFO] CADModel:114 - Register for checkConnection events
2024-03-15 01:42:43,000 [FATAL] Updater:308 - Updater called before beeing initialized
2024-03-15 01:42:43,000 [ERROR] CADModel:125 - Updater not yet initialized, retry later 
2024-03-15 01:42:43,007 [FATAL] Updater:308 - Updater called before beeing initialized
2024-03-15 01:42:43,278 [INFO] ThirdPartyUpdaterWithRetryManager:70 - Updater plugin not ready yet. [3/15]
2024-03-15 01:42:43,293 [FATAL] Updater:308 - Updater called before beeing initialized
2024-03-15 01:42:43,327 [INFO] DbMcusAds:53 - JSON generation date=Wed Nov 29 11:52:27 CET 2023 (1701255147200)
2024-03-15 01:42:43,328 [FATAL] Updater:308 - Updater called before beeing initialized
2024-03-15 01:42:43,521 [WARN] DetailPanel:346 - Failed to get advertising image, set to default
2024-03-15 01:42:43,882 [FATAL] Updater:308 - Updater called before beeing initialized
2024-03-15 01:42:43,886 [FATAL] Updater:308 - Updater called before beeing initialized
2024-03-15 01:42:43,886 [FATAL] Updater:308 - Updater called before beeing initialized
2024-03-15 01:42:43,887 [WARN] DetailPanel:346 - Failed to get advertising image, set to default
2024-03-15 01:42:43,889 [FATAL] Updater:308 - Updater called before beeing initialized
2024-03-15 01:42:44,031 [ERROR] Updater:1120 - MainUpdater not yet initialized. External WinMGr cannot be set.
2024-03-15 01:42:44,049 [INFO] Updater:1056 - Updater Version found : 6.8.1
2024-03-15 01:42:44,084 [INFO] ApplicationProperties:184 - Using Application install path: D:\STM32CubeIDE_1.12.0\STM32CubeIDE\plugins\com.st.stm32cube.common.mx_6.8.1.202304191431
2024-03-15 01:42:45,148 [INFO] MainUpdater:2854 - connection check result : 10
2024-03-15 01:42:45,150 [INFO] MainUpdater:283 - Updater Check For Update Now.
2024-03-15 01:42:45,151 [INFO] MicroXplorer:498 - Change Database Version : DB.6.0.81
2024-03-15 01:42:45,474 [INFO] CheckServerUpdateThread:120 - End of CheckServer Thread
2024-03-15 01:42:45,618 [INFO] MainUpdater:2854 - connection check result : 10
2024-03-15 01:42:45,636 [INFO] MainUpdater:2854 - connection check result : 10
2024-03-15 01:42:46,037 [INFO] MicroXplorer:468 - Change Database Path : 
2024-03-15 01:42:46,037 [INFO] MicroXplorer:498 - Change Database Version : DB.6.0.81
2024-03-15 01:42:46,039 [WARN] ThirdParty:871 - waiting for thirdparty lock release [close project]
2024-03-15 01:42:46,735 [WARN] PackLoader:240 - Cannot read IP mode file for STMicroelectronics.X-CUBE-SMBUS.2.1.0
2024-03-15 01:42:46,761 [WARN] PackLoader:240 - Cannot read IP mode file for STMicroelectronics.X-CUBE-TOUCHGFX.4.23.0
2024-03-15 01:42:46,841 [WARN] PackLoader:240 - Cannot read IP mode file for STMicroelectronics.X-CUBE-AZRTOS-F7.1.1.0
2024-03-15 01:42:46,877 [WARN] PackLoader:240 - Cannot read IP mode file for STMicroelectronics.FP-SNS-MOTENV1.4.3.2
2024-03-15 01:42:46,907 [ERROR] RealEvaluatedCondition:428 - Found unsupported composite condition: GROUP='STM32_MetaDataManager' CLASS='Data Exchange'
2024-03-15 01:42:46,908 [ERROR] RealEvaluatedCondition:428 - Found unsupported composite condition: CLASS='Data Exchange' GROUP='STM32_MetaDataManager'
2024-03-15 01:42:46,911 [WARN] PackLoader:240 - Cannot read IP mode file for STMicroelectronics.FP-SNS-MOTENV1.4.3.1
2024-03-15 01:42:46,939 [WARN] PackLoader:240 - Cannot read IP mode file for STMicroelectronics.FP-SNS-FLIGHT1.5.0.1
2024-03-15 01:42:46,967 [WARN] PackLoader:240 - Cannot read IP mode file for STMicroelectronics.X-CUBE-BLE1.6.2.4
2024-03-15 01:42:46,991 [WARN] PackLoader:240 - Cannot read IP mode file for STMicroelectronics.FP-SNS-FLIGHT1.5.0.2
2024-03-15 01:42:47,027 [WARN] PackLoader:240 - Cannot read IP mode file for STMicroelectronics.X-CUBE-DISPLAY.3.0.0
2024-03-15 01:42:47,055 [WARN] PackLoader:240 - Cannot read IP mode file for STMicroelectronics.X-CUBE-BLE1.7.0.0
2024-03-15 01:42:47,075 [WARN] PackLoader:240 - Cannot read IP mode file for STMicroelectronics.X-CUBE-TOUCHGFX.4.22.0
2024-03-15 01:42:47,093 [WARN] PackLoader:240 - Cannot read IP mode file for STMicroelectronics.X-CUBE-TOUCHGFX.4.22.1
2024-03-15 01:42:47,123 [WARN] PackLoader:240 - Cannot read IP mode file for STMicroelectronics.X-CUBE-BLEMGR.3.1.0
2024-03-15 01:42:47,149 [WARN] PackLoader:240 - Cannot read IP mode file for STMicroelectronics.FP-SNS-SMARTAG2.1.2.0
