2024-04-10 00:54:53,869 [INFO] ApplicationProperties:184 - Using Application install path: D:\STM32CubeIDE_1.12.0\STM32CubeIDE\plugins\com.st.stm32cube.common.mx_6.8.1.202304191431
2024-04-10 00:54:53,902 [INFO] DbMcusXml:78 - Set database path to: D:\STM32CubeIDE_1.12.0\STM32CubeIDE\plugins\com.st.stm32cube.common.mx_6.8.1.202304191431\\db\/mcu/
2024-04-10 00:54:53,903 [INFO] ApiDb:274 - Set plugin database path to: D:\STM32CubeIDE_1.12.0\STM32CubeIDE\plugins\com.st.stm32cube.common.mx_6.8.1.202304191431\\db\/plugins/boardmanager/
2024-04-10 00:54:53,905 [WARN] ApiDb:259 - Overriding images path with different value:  => D:\STM32CubeIDE_1.12.0\STM32CubeIDE\plugins\com.st.stm32cube.common.mx_6.8.1.202304191431\\db\/plugins/mcufinder/images/
2024-04-10 00:54:53,921 [INFO] ApiDb:250 - Set database path to: C:\Users\marci\.stmcufinder\plugins\mcufinder//mcu/
2024-04-10 00:54:53,923 [INFO] DbMcusAds:125 - Set database path to: C:\Users\marci\.stmcufinder\plugins\mcufinder//mcu/
2024-04-10 00:54:53,929 [INFO] CrossReferenceDbSqlite:203 - Set database path to: C:\Users\marci\.stmcufinder\plugins\mcufinder//mcu/cs/
2024-04-10 00:54:54,068 [INFO] RulesReader:64 - Compatibility file has been processed (293 Rules)
2024-04-10 00:54:54,168 [INFO] DbMcusXml:78 - Set database path to: D:\STM32CubeIDE_1.12.0\STM32CubeIDE\plugins\com.st.stm32cube.common.mx_6.8.1.202304191431\\db\/mcu/
2024-04-10 00:54:54,168 [INFO] ApiDb:274 - Set plugin database path to: D:\STM32CubeIDE_1.12.0\STM32CubeIDE\plugins\com.st.stm32cube.common.mx_6.8.1.202304191431\\db\/plugins/boardmanager/
2024-04-10 00:54:54,169 [INFO] ApiDb:261 - Set plugin images path to: D:\STM32CubeIDE_1.12.0\STM32CubeIDE\plugins\com.st.stm32cube.common.mx_6.8.1.202304191431\\db\/plugins/mcufinder/images/
2024-04-10 00:54:54,169 [WARN] DbFile:41 - Overriding database path with different value: C:\Users\marci\.stmcufinder\plugins\mcufinder/ => C:\Users\marci\.stmcufinder\plugins\mcufinder
2024-04-10 00:54:54,169 [INFO] ApiDb:250 - Set database path to: C:\Users\marci\.stmcufinder\plugins\mcufinder//mcu/
2024-04-10 00:54:54,170 [WARN] DbFile:41 - Overriding database path with different value: C:\Users\marci\.stmcufinder\plugins\mcufinder/ => C:\Users\marci\.stmcufinder\plugins\mcufinder
2024-04-10 00:54:54,170 [INFO] DbMcusAds:125 - Set database path to: C:\Users\marci\.stmcufinder\plugins\mcufinder//mcu/
2024-04-10 00:54:54,170 [WARN] DbFile:41 - Overriding database path with different value: C:\Users\marci\.stmcufinder\plugins\mcufinder/ => C:\Users\marci\.stmcufinder\plugins\mcufinder
2024-04-10 00:54:54,170 [WARN] DbFile:41 - Overriding database path with different value: C:\Users\marci\.stmcufinder\plugins\mcufinder/ => C:\Users\marci\.stmcufinder\plugins\mcufinder
2024-04-10 00:54:54,170 [INFO] CrossReferenceDbSqlite:203 - Set database path to: C:\Users\marci\.stmcufinder\plugins\mcufinder//mcu/cs/
2024-04-10 00:54:54,266 [INFO] MainPanel:253 - HeapMemory: 643825664
2024-04-10 00:54:54,391 [INFO] DbMcusXml:78 - Set database path to: D:\STM32CubeIDE_1.12.0\STM32CubeIDE\plugins\com.st.stm32cube.common.mx_6.8.1.202304191431\\db\/mcu/
2024-04-10 00:54:54,391 [INFO] ApiDb:274 - Set plugin database path to: D:\STM32CubeIDE_1.12.0\STM32CubeIDE\plugins\com.st.stm32cube.common.mx_6.8.1.202304191431\\db\/plugins/boardmanager/
2024-04-10 00:54:54,391 [INFO] ApiDb:261 - Set plugin images path to: D:\STM32CubeIDE_1.12.0\STM32CubeIDE\plugins\com.st.stm32cube.common.mx_6.8.1.202304191431\\db\/plugins/mcufinder/images/
2024-04-10 00:54:54,392 [WARN] DbFile:41 - Overriding database path with different value: C:\Users\marci\.stmcufinder\plugins\mcufinder/ => C:\Users\marci\.stmcufinder\plugins\mcufinder
2024-04-10 00:54:54,392 [INFO] ApiDb:250 - Set database path to: C:\Users\marci\.stmcufinder\plugins\mcufinder//mcu/
2024-04-10 00:54:54,392 [WARN] DbFile:41 - Overriding database path with different value: C:\Users\marci\.stmcufinder\plugins\mcufinder/ => C:\Users\marci\.stmcufinder\plugins\mcufinder
2024-04-10 00:54:54,392 [INFO] DbMcusAds:125 - Set database path to: C:\Users\marci\.stmcufinder\plugins\mcufinder//mcu/
2024-04-10 00:54:54,392 [WARN] DbFile:41 - Overriding database path with different value: C:\Users\marci\.stmcufinder\plugins\mcufinder/ => C:\Users\marci\.stmcufinder\plugins\mcufinder
2024-04-10 00:54:54,393 [WARN] DbFile:41 - Overriding database path with different value: C:\Users\marci\.stmcufinder\plugins\mcufinder/ => C:\Users\marci\.stmcufinder\plugins\mcufinder
2024-04-10 00:54:54,393 [INFO] CrossReferenceDbSqlite:203 - Set database path to: C:\Users\marci\.stmcufinder\plugins\mcufinder//mcu/cs/
2024-04-10 00:54:54,416 [INFO] ApplicationProperties:184 - Using Application install path: D:\STM32CubeIDE_1.12.0\STM32CubeIDE\plugins\com.st.stm32cube.common.mx_6.8.1.202304191431
2024-04-10 00:54:54,418 [INFO] PluginManage:196 - Search for loadable plugins [exclusion list=, ]
2024-04-10 00:54:54,421 [INFO] PluginManage:310 - Check plugin analytics
2024-04-10 00:54:59,142 [INFO] AnalyticsPlugin:253 - Accepted Software Licenses: 
2024-04-10 00:54:59,142 [INFO] AnalyticsPlugin:255 - Accepted CMSIS Pack Licenses: 
2024-04-10 00:54:59,142 [INFO] AnalyticsPlugin:257 - Accepted Firmware Licenses: 
2024-04-10 00:54:59,152 [INFO] PluginManage:359 - Loaded plugin analytics (category:tool,tabindex:-1)
2024-04-10 00:54:59,152 [INFO] PluginManage:310 - Check plugin cadmodel
2024-04-10 00:54:59,168 [INFO] CADModel:105 - Init CAD model plugin
2024-04-10 00:54:59,168 [INFO] PluginManage:359 - Loaded plugin cadmodel (category:power,tabindex:5)
2024-04-10 00:54:59,168 [INFO] PluginManage:310 - Check plugin clock
2024-04-10 00:54:59,190 [INFO] PluginManage:359 - Loaded plugin clock (category:base,tabindex:2)
2024-04-10 00:54:59,191 [INFO] PluginManage:310 - Check plugin ddr
2024-04-10 00:54:59,194 [INFO] PluginManage:359 - Loaded plugin ddr (category:tool,tabindex:6)
2024-04-10 00:54:59,194 [INFO] PluginManage:310 - Check plugin filemanager
2024-04-10 00:54:59,355 [INFO] PluginManage:359 - Loaded plugin filemanager (category:base,tabindex:10)
2024-04-10 00:54:59,355 [INFO] PluginManage:310 - Check plugin ipmanager
2024-04-10 00:54:59,365 [INFO] PluginManage:359 - Loaded plugin ipmanager (category:base,tabindex:5)
2024-04-10 00:54:59,365 [INFO] PluginManage:310 - Check plugin lpbam
2024-04-10 00:54:59,385 [INFO] PluginManage:359 - Loaded plugin lpbam (category:base,tabindex:0)
2024-04-10 00:54:59,386 [INFO] PluginManage:310 - Check plugin pinoutandconfiguration
2024-04-10 00:54:59,405 [INFO] PluginManage:359 - Loaded plugin pinoutandconfiguration (category:base,tabindex:1)
2024-04-10 00:54:59,405 [INFO] PluginManage:310 - Check plugin pinoutconfig
2024-04-10 00:54:59,536 [WARN] SupportedApi:132 - Cannot load RTOS API schema: s4s-elt-must-match.1: The content of 'definitions' must match (annotation?, (simpleType | complexType)?, (unique | key | keyref)*)). A problem was found starting at: attribute.
2024-04-10 00:54:59,707 [INFO] PluginManage:359 - Loaded plugin pinoutconfig (category:base,tabindex:0)
2024-04-10 00:54:59,707 [INFO] PluginManage:310 - Check plugin power
2024-04-10 00:54:59,733 [INFO] PluginManage:359 - Loaded plugin power (category:power,tabindex:4)
2024-04-10 00:54:59,733 [INFO] PluginManage:310 - Check plugin projectmanager
2024-04-10 00:54:59,753 [INFO] PluginManage:359 - Loaded plugin projectmanager (category:projectmanager,tabindex:3)
2024-04-10 00:54:59,753 [INFO] PluginManage:310 - Check plugin thirdparty
2024-04-10 00:55:00,070 [INFO] PluginManage:359 - Loaded plugin thirdparty (category:base,tabindex:-1)
2024-04-10 00:55:00,071 [INFO] PluginManage:310 - Check plugin tools
2024-04-10 00:55:00,070 [WARN] IntegrityCheckThread:84 - waiting for thirdparty lock release [integrity check]
2024-04-10 00:55:00,071 [INFO] IntegrityCheckThread:86 - entering critical section [integrity check]
2024-04-10 00:55:00,073 [INFO] ThirdPartyUpdaterWithRetryManager:70 - Updater plugin not ready yet. [1/15]
2024-04-10 00:55:00,106 [INFO] PluginManage:359 - Loaded plugin tools (category:base,tabindex:7)
2024-04-10 00:55:00,106 [INFO] PluginManage:310 - Check plugin tutovideos
2024-04-10 00:55:00,366 [INFO] PluginManage:359 - Loaded plugin tutovideos (category:base,tabindex:-1)
2024-04-10 00:55:00,366 [INFO] PluginManage:310 - Check plugin updater
2024-04-10 00:55:00,385 [INFO] PluginManage:359 - Loaded plugin updater (category:base,tabindex:12)
2024-04-10 00:55:00,385 [INFO] PluginManage:283 - PluginManage : Loaded plugins [15]
2024-04-10 00:55:00,695 [INFO] PinOutPanel:1499 - setPackage(No Configuration,No Configuration)
2024-04-10 00:55:00,789 [INFO] CADModel:165 - CPN selected for project level
2024-04-10 00:55:00,789 [INFO] CADModel:114 - Register for checkConnection events
2024-04-10 00:55:00,820 [INFO] IPUIPlugin:80 - create IPUIPlugin
2024-04-10 00:55:00,821 [INFO] PluginManager:220 - loadIPPluginJar : add adc
2024-04-10 00:55:00,862 [INFO] IPUIPlugin:80 - create IPUIPlugin
2024-04-10 00:55:00,862 [INFO] PluginManager:220 - loadIPPluginJar : add aes
2024-04-10 00:55:00,908 [INFO] IPUIPlugin:80 - create IPUIPlugin
2024-04-10 00:55:00,908 [INFO] PluginManager:220 - loadIPPluginJar : add can
2024-04-10 00:55:00,934 [INFO] IPUIPlugin:80 - create IPUIPlugin
2024-04-10 00:55:00,935 [INFO] PluginManager:220 - loadIPPluginJar : add comp
2024-04-10 00:55:00,973 [INFO] IPUIPlugin:80 - create IPUIPlugin
2024-04-10 00:55:00,973 [INFO] PluginManager:220 - loadIPPluginJar : add cryp
2024-04-10 00:55:01,008 [INFO] IPUIPlugin:80 - create IPUIPlugin
2024-04-10 00:55:01,008 [INFO] PluginManager:220 - loadIPPluginJar : add dfsdm
2024-04-10 00:55:01,025 [INFO] IPUIPlugin:80 - create IPUIPlugin
2024-04-10 00:55:01,025 [INFO] PluginManager:220 - loadIPPluginJar : add dma
2024-04-10 00:55:01,075 [INFO] IPUIPlugin:80 - create IPUIPlugin
2024-04-10 00:55:01,075 [INFO] PluginManager:220 - loadIPPluginJar : add dma3
2024-04-10 00:55:01,099 [INFO] IPUIPlugin:80 - create IPUIPlugin
2024-04-10 00:55:01,099 [INFO] PluginManager:220 - loadIPPluginJar : add fatfs
2024-04-10 00:55:01,152 [INFO] IPUIPlugin:80 - create IPUIPlugin
2024-04-10 00:55:01,152 [INFO] PluginManager:220 - loadIPPluginJar : add fmc
2024-04-10 00:55:01,170 [INFO] IPUIPlugin:80 - create IPUIPlugin
2024-04-10 00:55:01,170 [INFO] PluginManager:220 - loadIPPluginJar : add freertos
2024-04-10 00:55:01,195 [INFO] IPUIPlugin:80 - create IPUIPlugin
2024-04-10 00:55:01,195 [INFO] PluginManager:220 - loadIPPluginJar : add genericplugin
2024-04-10 00:55:01,301 [INFO] IPUIPlugin:80 - create IPUIPlugin
2024-04-10 00:55:01,301 [INFO] PluginManager:220 - loadIPPluginJar : add gfxmmu
2024-04-10 00:55:01,457 [INFO] IPUIPlugin:80 - create IPUIPlugin
2024-04-10 00:55:01,457 [INFO] PluginManager:220 - loadIPPluginJar : add gic
2024-04-10 00:55:01,472 [INFO] IPUIPlugin:80 - create IPUIPlugin
2024-04-10 00:55:01,472 [INFO] PluginManager:220 - loadIPPluginJar : add gpio
2024-04-10 00:55:01,578 [INFO] IPUIPlugin:80 - create IPUIPlugin
2024-04-10 00:55:01,578 [INFO] PluginManager:220 - loadIPPluginJar : add gtzc
2024-04-10 00:55:01,617 [INFO] IPUIPlugin:80 - create IPUIPlugin
2024-04-10 00:55:01,617 [INFO] PluginManager:220 - loadIPPluginJar : add hash
2024-04-10 00:55:01,678 [INFO] IPUIPlugin:80 - create IPUIPlugin
2024-04-10 00:55:01,678 [INFO] PluginManager:220 - loadIPPluginJar : add i2c
2024-04-10 00:55:01,723 [INFO] IPUIPlugin:80 - create IPUIPlugin
2024-04-10 00:55:01,723 [INFO] PluginManager:220 - loadIPPluginJar : add i2s
2024-04-10 00:55:01,771 [INFO] IPUIPlugin:80 - create IPUIPlugin
2024-04-10 00:55:01,771 [INFO] PluginManager:220 - loadIPPluginJar : add i3c
2024-04-10 00:55:01,895 [INFO] IPUIPlugin:80 - create IPUIPlugin
2024-04-10 00:55:01,895 [INFO] PluginManager:220 - loadIPPluginJar : add ipddr
2024-04-10 00:55:02,007 [INFO] IPUIPlugin:80 - create IPUIPlugin
2024-04-10 00:55:02,007 [INFO] PluginManager:220 - loadIPPluginJar : add linkedlist
2024-04-10 00:55:02,048 [INFO] IPUIPlugin:80 - create IPUIPlugin
2024-04-10 00:55:02,048 [INFO] PluginManager:220 - loadIPPluginJar : add lorawan
2024-04-10 00:55:02,091 [INFO] IPUIPlugin:80 - create IPUIPlugin
2024-04-10 00:55:02,091 [INFO] PluginManager:220 - loadIPPluginJar : add ltdc
2024-04-10 00:55:02,108 [INFO] IPUIPlugin:80 - create IPUIPlugin
2024-04-10 00:55:02,108 [INFO] PluginManager:220 - loadIPPluginJar : add mdma
2024-04-10 00:55:02,123 [INFO] IPUIPlugin:80 - create IPUIPlugin
2024-04-10 00:55:02,123 [INFO] PluginManager:220 - loadIPPluginJar : add nvic
2024-04-10 00:55:02,163 [INFO] IPUIPlugin:80 - create IPUIPlugin
2024-04-10 00:55:02,163 [INFO] PluginManager:220 - loadIPPluginJar : add opamp
2024-04-10 00:55:02,232 [INFO] IPUIPlugin:80 - create IPUIPlugin
2024-04-10 00:55:02,233 [INFO] PluginManager:220 - loadIPPluginJar : add openamp
2024-04-10 00:55:02,283 [INFO] IPUIPlugin:80 - create IPUIPlugin
2024-04-10 00:55:02,284 [INFO] PluginManager:220 - loadIPPluginJar : add pdm2pcm
2024-04-10 00:55:02,301 [INFO] IPUIPlugin:80 - create IPUIPlugin
2024-04-10 00:55:02,305 [INFO] PluginManager:220 - loadIPPluginJar : add plateformsettings
2024-04-10 00:55:02,331 [INFO] IPUIPlugin:80 - create IPUIPlugin
2024-04-10 00:55:02,331 [INFO] PluginManager:220 - loadIPPluginJar : add quadspi
2024-04-10 00:55:02,347 [INFO] IPUIPlugin:80 - create IPUIPlugin
2024-04-10 00:55:02,347 [INFO] PluginManager:220 - loadIPPluginJar : add resmgrutility
2024-04-10 00:55:02,401 [INFO] IPUIPlugin:80 - create IPUIPlugin
2024-04-10 00:55:02,401 [INFO] PluginManager:220 - loadIPPluginJar : add sai
2024-04-10 00:55:02,445 [INFO] IPUIPlugin:80 - create IPUIPlugin
2024-04-10 00:55:02,445 [INFO] PluginManager:220 - loadIPPluginJar : add spi
2024-04-10 00:55:02,513 [INFO] IPUIPlugin:80 - create IPUIPlugin
2024-04-10 00:55:02,513 [INFO] PluginManager:220 - loadIPPluginJar : add stm32_wpan
2024-04-10 00:55:02,540 [INFO] IPUIPlugin:80 - create IPUIPlugin
2024-04-10 00:55:02,540 [INFO] PluginManager:220 - loadIPPluginJar : add tim
2024-04-10 00:55:02,605 [INFO] IPUIPlugin:80 - create IPUIPlugin
2024-04-10 00:55:02,605 [INFO] PluginManager:220 - loadIPPluginJar : add touchsensing
2024-04-10 00:55:02,631 [INFO] IPUIPlugin:80 - create IPUIPlugin
2024-04-10 00:55:02,632 [INFO] PluginManager:220 - loadIPPluginJar : add tracer_emb
2024-04-10 00:55:02,658 [INFO] IPUIPlugin:80 - create IPUIPlugin
2024-04-10 00:55:02,658 [INFO] PluginManager:220 - loadIPPluginJar : add ts
2024-04-10 00:55:02,684 [INFO] IPUIPlugin:80 - create IPUIPlugin
2024-04-10 00:55:02,684 [INFO] PluginManager:220 - loadIPPluginJar : add tsc
2024-04-10 00:55:02,710 [INFO] IPUIPlugin:80 - create IPUIPlugin
2024-04-10 00:55:02,710 [INFO] PluginManager:220 - loadIPPluginJar : add ucpd
2024-04-10 00:55:02,760 [INFO] IPUIPlugin:80 - create IPUIPlugin
2024-04-10 00:55:02,760 [INFO] PluginManager:220 - loadIPPluginJar : add usart
2024-04-10 00:55:02,811 [INFO] IPUIPlugin:80 - create IPUIPlugin
2024-04-10 00:55:02,811 [INFO] PluginManager:220 - loadIPPluginJar : add usbx
2024-04-10 00:55:02,955 [INFO] CADModel:165 - CPN selected for project level
2024-04-10 00:55:02,955 [INFO] CADModel:114 - Register for checkConnection events
2024-04-10 00:55:02,955 [FATAL] Updater:308 - Updater called before beeing initialized
2024-04-10 00:55:02,955 [ERROR] CADModel:125 - Updater not yet initialized, retry later 
2024-04-10 00:55:03,088 [INFO] ThirdPartyUpdaterWithRetryManager:70 - Updater plugin not ready yet. [2/15]
2024-04-10 00:55:03,145 [INFO] CADModel:165 - CPN selected for project level
2024-04-10 00:55:03,145 [INFO] CADModel:114 - Register for checkConnection events
2024-04-10 00:55:03,145 [FATAL] Updater:308 - Updater called before beeing initialized
2024-04-10 00:55:03,145 [ERROR] CADModel:125 - Updater not yet initialized, retry later 
2024-04-10 00:55:03,150 [FATAL] Updater:308 - Updater called before beeing initialized
2024-04-10 00:55:03,315 [FATAL] Updater:308 - Updater called before beeing initialized
2024-04-10 00:55:03,331 [INFO] DbMcusAds:53 - JSON generation date=Wed Nov 29 11:52:27 CET 2023 (1701255147200)
2024-04-10 00:55:03,331 [FATAL] Updater:308 - Updater called before beeing initialized
2024-04-10 00:55:03,418 [WARN] DetailPanel:346 - Failed to get advertising image, set to default
2024-04-10 00:55:03,588 [FATAL] Updater:308 - Updater called before beeing initialized
2024-04-10 00:55:03,591 [FATAL] Updater:308 - Updater called before beeing initialized
2024-04-10 00:55:03,591 [FATAL] Updater:308 - Updater called before beeing initialized
2024-04-10 00:55:03,591 [WARN] DetailPanel:346 - Failed to get advertising image, set to default
2024-04-10 00:55:03,592 [FATAL] Updater:308 - Updater called before beeing initialized
2024-04-10 00:55:03,670 [ERROR] Updater:1120 - MainUpdater not yet initialized. External WinMGr cannot be set.
2024-04-10 00:55:03,682 [INFO] Updater:1056 - Updater Version found : 6.8.1
2024-04-10 00:55:03,704 [INFO] ApplicationProperties:184 - Using Application install path: D:\STM32CubeIDE_1.12.0\STM32CubeIDE\plugins\com.st.stm32cube.common.mx_6.8.1.202304191431
2024-04-10 00:55:04,236 [INFO] MainUpdater:2854 - connection check result : 10
2024-04-10 00:55:04,236 [INFO] MainUpdater:3548 - Updater definition file requires update
2024-04-10 00:55:04,238 [INFO] MainUpdater:283 - Updater Check For Update Now.
2024-04-10 00:55:04,239 [INFO] MicroXplorer:498 - Change Database Version : DB.6.0.81
2024-04-10 00:55:04,413 [INFO] ServerAccessManage:473 - Download File updaters.zip
2024-04-10 00:55:04,500 [INFO] FileExtend:240 - Unzip File : updaters.zip
2024-04-10 00:55:04,500 [INFO] FileExtend:255 - Standard Zip Deflate
2024-04-10 00:55:05,264 [INFO] ServerAccessManage:473 - Download File PacksControlFlags.xml
2024-04-10 00:55:05,456 [INFO] ServerAccessManage:473 - Download File cubemx.pidx
2024-04-10 00:55:06,105 [WARN] MainUpdater:1187 - Updater busy. Cannot search thirdparties
2024-04-10 00:55:06,105 [INFO] ThirdPartyUpdaterWithRetryManager:96 - Updater plugin is busy. [1/15]
2024-04-10 00:55:06,719 [INFO] ServerAccessManage:473 - Download File STMicroelectronics.X-CUBE-TCPP.pdsc
2024-04-10 00:55:07,533 [WARN] PackLoader:240 - Cannot read IP mode file for STMicroelectronics.X-CUBE-TCPP.4.1.0
2024-04-10 00:55:07,538 [INFO] PopulateThirdPartyThread:66 - Ending populate Thread
2024-04-10 00:55:07,542 [INFO] ThirdParty:1030 - CMSIS Pack Vendor :STMicroelectronics X-CUBE-TCPP 4.1.0
2024-04-10 00:55:07,542 [INFO] LoadServerUpdatesThread:373 - End of LoadServerUpdate Thread
2024-04-10 00:55:07,667 [INFO] CheckServerUpdateThread:120 - End of CheckServer Thread
2024-04-10 00:55:07,757 [INFO] MainUpdater:2854 - connection check result : 10
2024-04-10 00:55:07,766 [INFO] MainUpdater:2854 - connection check result : 10
2024-04-10 00:55:07,988 [INFO] MicroXplorer:468 - Change Database Path : 
2024-04-10 00:55:07,988 [INFO] MicroXplorer:498 - Change Database Version : DB.6.0.81
2024-04-10 00:55:07,989 [WARN] ThirdParty:871 - waiting for thirdparty lock release [close project]
2024-04-10 00:55:09,322 [WARN] PackLoader:240 - Cannot read IP mode file for STMicroelectronics.X-CUBE-SMBUS.2.1.0
2024-04-10 00:55:09,338 [WARN] PackLoader:240 - Cannot read IP mode file for STMicroelectronics.X-CUBE-TOUCHGFX.4.23.0
2024-04-10 00:55:09,350 [WARN] PackLoader:240 - Cannot read IP mode file for STMicroelectronics.X-CUBE-TOUCHGFX.4.23.2
2024-04-10 00:55:09,396 [WARN] PackLoader:240 - Cannot read IP mode file for STMicroelectronics.X-CUBE-AZRTOS-F7.1.1.0
2024-04-10 00:55:09,419 [WARN] PackLoader:240 - Cannot read IP mode file for STMicroelectronics.FP-SNS-MOTENV1.4.3.2
2024-04-10 00:55:09,437 [ERROR] RealEvaluatedCondition:428 - Found unsupported composite condition: CLASS='Data Exchange' GROUP='STM32_MetaDataManager'
2024-04-10 00:55:09,437 [ERROR] RealEvaluatedCondition:428 - Found unsupported composite condition: CLASS='Data Exchange' GROUP='STM32_MetaDataManager'
2024-04-10 00:55:09,439 [WARN] PackLoader:240 - Cannot read IP mode file for STMicroelectronics.FP-SNS-MOTENV1.4.3.1
2024-04-10 00:55:09,454 [WARN] PackLoader:240 - Cannot read IP mode file for STMicroelectronics.FP-SNS-FLIGHT1.5.0.1
2024-04-10 00:55:09,470 [WARN] PackLoader:240 - Cannot read IP mode file for STMicroelectronics.X-CUBE-BLE1.6.2.4
2024-04-10 00:55:09,476 [WARN] PackLoader:240 - Cannot read IP mode file for STMicroelectronics.FP-SNS-FLIGHT1.5.0.2
2024-04-10 00:55:09,494 [WARN] PackLoader:240 - Cannot read IP mode file for STMicroelectronics.X-CUBE-DISPLAY.3.0.0
2024-04-10 00:55:09,512 [WARN] PackLoader:240 - Cannot read IP mode file for STMicroelectronics.X-CUBE-BLE1.7.0.0
2024-04-10 00:55:09,525 [WARN] PackLoader:240 - Cannot read IP mode file for STMicroelectronics.X-CUBE-TOUCHGFX.4.22.0
2024-04-10 00:55:09,537 [WARN] PackLoader:240 - Cannot read IP mode file for STMicroelectronics.X-CUBE-TOUCHGFX.4.22.1
2024-04-10 00:55:09,555 [WARN] PackLoader:240 - Cannot read IP mode file for STMicroelectronics.X-CUBE-BLEMGR.3.1.0
2024-04-10 00:55:09,569 [WARN] PackLoader:240 - Cannot read IP mode file for STMicroelectronics.FP-SNS-SMARTAG2.1.2.0
